[0.473s] Invoking command in '/root/tiago_ws/build/pal_gripper_controller_configuration': CMAKE_PREFIX_PATH=${CMAKE_PREFIX_PATH}:/root/yolo_ws/install/yolo_ros:/root/tiago_ws/install/launch_pal:/opt/ros/jazzy /usr/bin/cmake /root/tiago_ws/src/pal_gripper/pal_gripper_controller_configuration -DCMAKE_INSTALL_PREFIX=/root/tiago_ws/install/pal_gripper_controller_configuration
[2.084s] -- The C compiler identification is GNU 13.3.0
[2.282s] -- The CXX compiler identification is GNU 13.3.0
[2.341s] -- Detecting C compiler ABI info
[2.754s] -- Detecting C compiler ABI info - done
[2.779s] -- Check for working C compiler: /usr/bin/cc - skipped
[2.780s] -- Detecting C compile features
[2.785s] -- Detecting C compile features - done
[2.811s] -- Detecting CXX compiler ABI info
[3.135s] -- Detecting CXX compiler ABI info - done
[3.162s] -- Check for working CXX compiler: /usr/bin/c++ - skipped
[3.162s] -- Detecting CXX compile features
[3.163s] -- Detecting CXX compile features - done
[3.473s] -- Found ament_cmake_auto: 2.5.4 (/opt/ros/jazzy/share/ament_cmake_auto/cmake)
[4.170s] -- Found Python3: /usr/bin/python3 (found version "3.12.3") found components: Interpreter 
[5.055s] -- Found ament_lint_auto: 0.17.2 (/opt/ros/jazzy/share/ament_lint_auto/cmake)
[5.435s] -- Added test 'copyright' to check source files copyright and LICENSE
[5.444s] -- Added test 'flake8' to check Python code syntax and style conventions
[5.445s] -- Configured 'flake8' exclude dirs and/or files: 
[5.450s] -- Added test 'lint_cmake' to check CMake code style
[5.465s] -- Added test 'pep257' to check Python code against some of the docstring style conventions in PEP 257
[5.465s] -- Added test 'xmllint' to check XML markup files
[5.478s] -- Configuring done (4.8s)
[5.479s] -- Generating done (0.0s)
[5.490s] -- Build files have been written to: /root/tiago_ws/build/pal_gripper_controller_configuration
[5.527s] Invoked command in '/root/tiago_ws/build/pal_gripper_controller_configuration' returned '0': CMAKE_PREFIX_PATH=${CMAKE_PREFIX_PATH}:/root/yolo_ws/install/yolo_ros:/root/tiago_ws/install/launch_pal:/opt/ros/jazzy /usr/bin/cmake /root/tiago_ws/src/pal_gripper/pal_gripper_controller_configuration -DCMAKE_INSTALL_PREFIX=/root/tiago_ws/install/pal_gripper_controller_configuration
[5.530s] Invoking command in '/root/tiago_ws/build/pal_gripper_controller_configuration': CMAKE_PREFIX_PATH=${CMAKE_PREFIX_PATH}:/root/yolo_ws/install/yolo_ros:/root/tiago_ws/install/launch_pal:/opt/ros/jazzy /usr/bin/cmake --build /root/tiago_ws/build/pal_gripper_controller_configuration -- -j12 -l12
[5.616s] Invoked command in '/root/tiago_ws/build/pal_gripper_controller_configuration' returned '0': CMAKE_PREFIX_PATH=${CMAKE_PREFIX_PATH}:/root/yolo_ws/install/yolo_ros:/root/tiago_ws/install/launch_pal:/opt/ros/jazzy /usr/bin/cmake --build /root/tiago_ws/build/pal_gripper_controller_configuration -- -j12 -l12
[5.618s] Invoking command in '/root/tiago_ws/build/pal_gripper_controller_configuration': CMAKE_PREFIX_PATH=${CMAKE_PREFIX_PATH}:/root/yolo_ws/install/yolo_ros:/root/tiago_ws/install/launch_pal:/opt/ros/jazzy /usr/bin/cmake --install /root/tiago_ws/build/pal_gripper_controller_configuration
[5.672s] -- Install configuration: ""
[5.673s] -- Installing: /root/tiago_ws/install/pal_gripper_controller_configuration/share/pal_gripper_controller_configuration/config
[5.673s] -- Installing: /root/tiago_ws/install/pal_gripper_controller_configuration/share/pal_gripper_controller_configuration/config/current_limit_controllers_left.yaml
[5.675s] -- Installing: /root/tiago_ws/install/pal_gripper_controller_configuration/share/pal_gripper_controller_configuration/config/current_limit_controllers_right.yaml
[5.676s] -- Installing: /root/tiago_ws/install/pal_gripper_controller_configuration/share/pal_gripper_controller_configuration/config/gripper_controller.yaml
[5.676s] -- Installing: /root/tiago_ws/install/pal_gripper_controller_configuration/share/pal_gripper_controller_configuration/config/joint_trajectory_controllers.yaml
[5.676s] -- Installing: /root/tiago_ws/install/pal_gripper_controller_configuration/share/pal_gripper_controller_configuration/config/joint_state_broadcaster.yaml
[5.676s] -- Installing: /root/tiago_ws/install/pal_gripper_controller_configuration/share/pal_gripper_controller_configuration/config/pids.yaml
[5.676s] -- Installing: /root/tiago_ws/install/pal_gripper_controller_configuration/share/pal_gripper_controller_configuration/config/current_limit_controllers.yaml
[5.679s] -- Installing: /root/tiago_ws/install/pal_gripper_controller_configuration/share/pal_gripper_controller_configuration/config/gazebo_controller_manager_cfg.yaml
[5.680s] -- Installing: /root/tiago_ws/install/pal_gripper_controller_configuration/share/pal_gripper_controller_configuration/launch
[5.680s] -- Installing: /root/tiago_ws/install/pal_gripper_controller_configuration/share/pal_gripper_controller_configuration/launch/joint_state_broadcaster.launch.py
[5.680s] -- Installing: /root/tiago_ws/install/pal_gripper_controller_configuration/share/pal_gripper_controller_configuration/launch/pal_gripper_controller.launch.py
[5.680s] -- Installing: /root/tiago_ws/install/pal_gripper_controller_configuration/share/pal_gripper_controller_configuration/launch/gripper_controller.launch
[5.680s] -- Installing: /root/tiago_ws/install/pal_gripper_controller_configuration/share/pal_gripper_controller_configuration/launch/current_limit_controllers.launch
[5.681s] -- Installing: /root/tiago_ws/install/pal_gripper_controller_configuration/share/ament_index/resource_index/package_run_dependencies/pal_gripper_controller_configuration
[5.681s] -- Installing: /root/tiago_ws/install/pal_gripper_controller_configuration/share/ament_index/resource_index/parent_prefix_path/pal_gripper_controller_configuration
[5.681s] -- Installing: /root/tiago_ws/install/pal_gripper_controller_configuration/share/pal_gripper_controller_configuration/environment/ament_prefix_path.sh
[5.681s] -- Installing: /root/tiago_ws/install/pal_gripper_controller_configuration/share/pal_gripper_controller_configuration/environment/ament_prefix_path.dsv
[5.681s] -- Installing: /root/tiago_ws/install/pal_gripper_controller_configuration/share/pal_gripper_controller_configuration/environment/path.sh
[5.681s] -- Installing: /root/tiago_ws/install/pal_gripper_controller_configuration/share/pal_gripper_controller_configuration/environment/path.dsv
[5.681s] -- Installing: /root/tiago_ws/install/pal_gripper_controller_configuration/share/pal_gripper_controller_configuration/local_setup.bash
[5.684s] -- Installing: /root/tiago_ws/install/pal_gripper_controller_configuration/share/pal_gripper_controller_configuration/local_setup.sh
[5.684s] -- Installing: /root/tiago_ws/install/pal_gripper_controller_configuration/share/pal_gripper_controller_configuration/local_setup.zsh
[5.685s] -- Installing: /root/tiago_ws/install/pal_gripper_controller_configuration/share/pal_gripper_controller_configuration/local_setup.dsv
[5.685s] -- Installing: /root/tiago_ws/install/pal_gripper_controller_configuration/share/pal_gripper_controller_configuration/package.dsv
[5.690s] -- Installing: /root/tiago_ws/install/pal_gripper_controller_configuration/share/ament_index/resource_index/packages/pal_gripper_controller_configuration
[5.690s] -- Installing: /root/tiago_ws/install/pal_gripper_controller_configuration/share/pal_gripper_controller_configuration/cmake/pal_gripper_controller_configurationConfig.cmake
[5.701s] -- Installing: /root/tiago_ws/install/pal_gripper_controller_configuration/share/pal_gripper_controller_configuration/cmake/pal_gripper_controller_configurationConfig-version.cmake
[5.701s] -- Installing: /root/tiago_ws/install/pal_gripper_controller_configuration/share/pal_gripper_controller_configuration/package.xml
[5.721s] Invoked command in '/root/tiago_ws/build/pal_gripper_controller_configuration' returned '0': CMAKE_PREFIX_PATH=${CMAKE_PREFIX_PATH}:/root/yolo_ws/install/yolo_ros:/root/tiago_ws/install/launch_pal:/opt/ros/jazzy /usr/bin/cmake --install /root/tiago_ws/build/pal_gripper_controller_configuration
