[0.150s] Invoking command in '/root/tiago_ws/build/pal_urdf_utils': CMAKE_PREFIX_PATH=${CMAKE_PREFIX_PATH}:/root/yolo_ws/install/yolo_ros:/root/tiago_ws/install/launch_pal:/opt/ros/jazzy /usr/bin/cmake /root/tiago_ws/src/pal_urdf_utils -DCMAKE_INSTALL_PREFIX=/root/tiago_ws/install/pal_urdf_utils
[2.139s] -- The C compiler identification is GNU 13.3.0
[2.359s] -- The CXX compiler identification is GNU 13.3.0
[2.401s] -- Detecting C compiler ABI info
[2.805s] -- Detecting C compiler ABI info - done
[2.832s] -- Check for working C compiler: /usr/bin/cc - skipped
[2.832s] -- Detecting C compile features
[2.846s] -- Detecting C compile features - done
[2.872s] -- Detecting CXX compiler ABI info
[3.176s] -- Detecting CXX compiler ABI info - done
[3.206s] -- Check for working CXX compiler: /usr/bin/c++ - skipped
[3.206s] -- Detecting CXX compile features
[3.206s] -- Detecting CXX compile features - done
[3.534s] -- Found ament_cmake_auto: 2.5.4 (/opt/ros/jazzy/share/ament_cmake_auto/cmake)
[4.221s] -- Found Python3: /usr/bin/python3 (found version "3.12.3") found components: Interpreter 
[5.312s] -- Found ament_lint_auto: 0.17.2 (/opt/ros/jazzy/share/ament_lint_auto/cmake)
[5.496s] -- Added test 'copyright' to check source files copyright and LICENSE
[5.610s] -- Added test 'lint_cmake' to check CMake code style
[5.624s] -- Added test 'xmllint' to check XML markup files
[5.639s] -- Configuring done (4.9s)
[5.643s] -- Generating done (0.0s)
[5.649s] -- Build files have been written to: /root/tiago_ws/build/pal_urdf_utils
[5.684s] Invoked command in '/root/tiago_ws/build/pal_urdf_utils' returned '0': CMAKE_PREFIX_PATH=${CMAKE_PREFIX_PATH}:/root/yolo_ws/install/yolo_ros:/root/tiago_ws/install/launch_pal:/opt/ros/jazzy /usr/bin/cmake /root/tiago_ws/src/pal_urdf_utils -DCMAKE_INSTALL_PREFIX=/root/tiago_ws/install/pal_urdf_utils
[5.685s] Invoking command in '/root/tiago_ws/build/pal_urdf_utils': CMAKE_PREFIX_PATH=${CMAKE_PREFIX_PATH}:/root/yolo_ws/install/yolo_ros:/root/tiago_ws/install/launch_pal:/opt/ros/jazzy /usr/bin/cmake --build /root/tiago_ws/build/pal_urdf_utils -- -j12 -l12
[5.846s] Invoked command in '/root/tiago_ws/build/pal_urdf_utils' returned '0': CMAKE_PREFIX_PATH=${CMAKE_PREFIX_PATH}:/root/yolo_ws/install/yolo_ros:/root/tiago_ws/install/launch_pal:/opt/ros/jazzy /usr/bin/cmake --build /root/tiago_ws/build/pal_urdf_utils -- -j12 -l12
[5.848s] Invoking command in '/root/tiago_ws/build/pal_urdf_utils': CMAKE_PREFIX_PATH=${CMAKE_PREFIX_PATH}:/root/yolo_ws/install/yolo_ros:/root/tiago_ws/install/launch_pal:/opt/ros/jazzy /usr/bin/cmake --install /root/tiago_ws/build/pal_urdf_utils
[5.884s] -- Install configuration: ""
[5.885s] -- Installing: /root/tiago_ws/install/pal_urdf_utils/share/pal_urdf_utils/urdf
[5.886s] -- Installing: /root/tiago_ws/install/pal_urdf_utils/share/pal_urdf_utils/urdf/deg_to_rad.urdf.xacro
[5.887s] -- Installing: /root/tiago_ws/install/pal_urdf_utils/share/pal_urdf_utils/urdf/materials.urdf.xacro
[5.888s] -- Installing: /root/tiago_ws/install/pal_urdf_utils/share/pal_urdf_utils/urdf/pi.urdf.xacro
[5.888s] -- Installing: /root/tiago_ws/install/pal_urdf_utils/share/ament_index/resource_index/package_run_dependencies/pal_urdf_utils
[5.894s] -- Installing: /root/tiago_ws/install/pal_urdf_utils/share/ament_index/resource_index/parent_prefix_path/pal_urdf_utils
[5.896s] -- Installing: /root/tiago_ws/install/pal_urdf_utils/share/pal_urdf_utils/environment/ament_prefix_path.sh
[5.896s] -- Installing: /root/tiago_ws/install/pal_urdf_utils/share/pal_urdf_utils/environment/ament_prefix_path.dsv
[5.897s] -- Installing: /root/tiago_ws/install/pal_urdf_utils/share/pal_urdf_utils/environment/path.sh
[5.897s] -- Installing: /root/tiago_ws/install/pal_urdf_utils/share/pal_urdf_utils/environment/path.dsv
[5.897s] -- Installing: /root/tiago_ws/install/pal_urdf_utils/share/pal_urdf_utils/local_setup.bash
[5.898s] -- Installing: /root/tiago_ws/install/pal_urdf_utils/share/pal_urdf_utils/local_setup.sh
[5.898s] -- Installing: /root/tiago_ws/install/pal_urdf_utils/share/pal_urdf_utils/local_setup.zsh
[5.898s] -- Installing: /root/tiago_ws/install/pal_urdf_utils/share/pal_urdf_utils/local_setup.dsv
[5.899s] -- Installing: /root/tiago_ws/install/pal_urdf_utils/share/pal_urdf_utils/package.dsv
[5.899s] -- Installing: /root/tiago_ws/install/pal_urdf_utils/share/ament_index/resource_index/packages/pal_urdf_utils
[5.899s] -- Installing: /root/tiago_ws/install/pal_urdf_utils/share/pal_urdf_utils/cmake/pal_urdf_utilsConfig.cmake
[5.900s] -- Installing: /root/tiago_ws/install/pal_urdf_utils/share/pal_urdf_utils/cmake/pal_urdf_utilsConfig-version.cmake
[5.900s] -- Installing: /root/tiago_ws/install/pal_urdf_utils/share/pal_urdf_utils/package.xml
[5.901s] Invoked command in '/root/tiago_ws/build/pal_urdf_utils' returned '0': CMAKE_PREFIX_PATH=${CMAKE_PREFIX_PATH}:/root/yolo_ws/install/yolo_ros:/root/tiago_ws/install/launch_pal:/opt/ros/jazzy /usr/bin/cmake --install /root/tiago_ws/build/pal_urdf_utils
