[0.023s] Invoking command in '/root/tiago_ws/build/play_motion2': CMAKE_PREFIX_PATH=/root/tiago_ws/install/play_motion2_msgs:/root/tfm_ws/install/arm_movement:/root/yolo_ws/install/yolo_bringup:/root/yolo_ws/install/yolo_msgs:/root/tiago_ws/install/tiago_simulation:/root/tiago_ws/install/tiago_robot:/root/tiago_ws/install/tiago_navigation:/root/tiago_ws/install/tiago_gazebo:/root/tiago_ws/install/tiago_moveit_config:/root/tiago_ws/install/tiago_2dnav:/root/tiago_ws/install/tiago_laser_sensors:/root/tiago_ws/install/tiago_harmonic:/root/tiago_ws/install/tiago_bringup:/root/tiago_ws/install/tiago_description:/root/tiago_ws/install/tiago_controller_configuration:/root/tiago_ws/install/pmb2_robot:/root/tiago_ws/install/pmb2_navigation:/root/tiago_ws/install/pmb2_2dnav:/root/tiago_ws/install/pmb2_laser_sensors:/root/tiago_ws/install/pmb2_bringup:/root/tiago_ws/install/pmb2_description:/root/tiago_ws/install/pmb2_controller_configuration:/root/tiago_ws/install/play_motion2:/root/tiago_ws/install/pal_hey5:/root/tiago_ws/install/pal_hey5_description:/root/tiago_ws/install/pal_gripper_simulation:/root/tiago_ws/install/pal_gripper:/root/tiago_ws/install/pal_gripper_description:/root/tiago_ws/install/omni_base_robot:/root/tiago_ws/install/omni_base_bringup:/root/tiago_ws/install/omni_base_description:/root/tiago_ws/install/pal_urdf_utils:/root/tiago_ws/install/pal_robotiq_gripper:/root/tiago_ws/install/pal_robotiq_description:/root/tiago_ws/install/pal_robotiq_controller_configuration:/root/tiago_ws/install/pal_maps:/root/tiago_ws/install/pal_hey5_controller_configuration:/root/tiago_ws/install/pal_gripper_controller_configuration:/root/tiago_ws/install/omni_base_controller_configuration:/root/tiago_ws/install/br2_gazebo_worlds:/root/mtc_ws/install/moveit_task_constructor_visualization:/root/mtc_ws/install/moveit_task_constructor_demo:/root/mtc_ws/install/moveit_task_constructor_capabilities:/root/mtc_ws/install/moveit_task_constructor_core:/root/mtc_ws/install/rviz_marker_tools:/root/mtc_ws/install/moveit_task_constructor_msgs:/opt/ros/jazzy/opt/gz_sim_vendor:/opt/ros/jazzy/opt/gz_sensors_vendor:/opt/ros/jazzy/opt/gz_physics_vendor:/opt/ros/jazzy/opt/sdformat_vendor:/opt/ros/jazzy/opt/gz_gui_vendor:/opt/ros/jazzy/opt/gz_transport_vendor:/opt/ros/jazzy/opt/gz_rendering_vendor:/opt/ros/jazzy/opt/gz_plugin_vendor:/opt/ros/jazzy/opt/gz_fuel_tools_vendor:/opt/ros/jazzy/opt/gz_msgs_vendor:/opt/ros/jazzy/opt/gz_common_vendor:/opt/ros/jazzy/opt/gz_math_vendor:/opt/ros/jazzy/opt/gz_utils_vendor:/opt/ros/jazzy/opt/gz_tools_vendor:/opt/ros/jazzy/opt/gz_ogre_next_vendor:/opt/ros/jazzy/opt/gz_dartsim_vendor:/opt/ros/jazzy/opt/gz_cmake_vendor:/root/yolo_ws/install/yolo_ros:/root/tiago_ws/install/launch_pal:/opt/ros/jazzy LD_LIBRARY_PATH=/root/tiago_ws/install/play_motion2_msgs/lib:/root/yolo_ws/install/yolo_msgs/lib:/root/tiago_ws/install/play_motion2/lib:/root/mtc_ws/install/moveit_task_constructor_visualization/lib:/root/mtc_ws/install/moveit_task_constructor_demo/lib:/root/mtc_ws/install/moveit_task_constructor_capabilities/lib:/root/mtc_ws/install/moveit_task_constructor_core/lib:/root/mtc_ws/install/rviz_marker_tools/lib:/root/mtc_ws/install/moveit_task_constructor_msgs/lib:/opt/ros/jazzy/opt/gz_sim_vendor/lib:/opt/ros/jazzy/opt/gz_sensors_vendor/lib:/opt/ros/jazzy/opt/gz_physics_vendor/lib:/opt/ros/jazzy/opt/sdformat_vendor/lib:/opt/ros/jazzy/opt/rviz_ogre_vendor/lib:/opt/ros/jazzy/lib/x86_64-linux-gnu:/opt/ros/jazzy/opt/gz_gui_vendor/lib:/opt/ros/jazzy/opt/gz_transport_vendor/lib:/opt/ros/jazzy/opt/gz_rendering_vendor/lib:/opt/ros/jazzy/opt/gz_plugin_vendor/lib:/opt/ros/jazzy/opt/gz_fuel_tools_vendor/lib:/opt/ros/jazzy/opt/gz_msgs_vendor/lib:/opt/ros/jazzy/opt/gz_common_vendor/lib:/opt/ros/jazzy/opt/gz_math_vendor/lib:/opt/ros/jazzy/opt/gz_utils_vendor/lib:/opt/ros/jazzy/opt/gz_tools_vendor/lib:/opt/ros/jazzy/opt/gz_ogre_next_vendor/lib:/opt/ros/jazzy/opt/gz_dartsim_vendor/lib:/opt/ros/jazzy/opt/gz_cmake_vendor/lib:/opt/ros/jazzy/lib PYTHONPATH=/root/tiago_ws/install/play_motion2_msgs/lib/python3.12/site-packages:/root/yolo_ws/install/yolo_ros/lib/python3.12/site-packages:/root/yolo_ws/install/yolo_msgs/lib/python3.12/site-packages:/root/tiago_ws/install/tiago_description/lib/python3.12/site-packages:/root/tiago_ws/install/pmb2_description/lib/python3.12/site-packages:/root/tiago_ws/install/omni_base_description/lib/python3.12/site-packages:/root/tiago_ws/install/launch_pal/lib/python3.12/site-packages:/root/mtc_ws/install/moveit_task_constructor_core/lib/python3.12/site-packages:/root/mtc_ws/install/moveit_task_constructor_msgs/lib/python3.12/site-packages:/opt/ros/jazzy/lib/python3.12/site-packages /usr/bin/cmake /root/tiago_ws/src/play_motion2/play_motion2 -DCMAKE_INSTALL_PREFIX=/root/tiago_ws/install/play_motion2
[0.138s] -- The C compiler identification is GNU 13.3.0
[0.226s] -- The CXX compiler identification is GNU 13.3.0
[0.250s] -- Detecting C compiler ABI info
[0.390s] -- Detecting C compiler ABI info - done
[0.411s] -- Check for working C compiler: /usr/bin/cc - skipped
[0.411s] -- Detecting C compile features
[0.411s] -- Detecting C compile features - done
[0.427s] -- Detecting CXX compiler ABI info
[0.588s] -- Detecting CXX compiler ABI info - done
[0.601s] -- Check for working CXX compiler: /usr/bin/c++ - skipped
[0.601s] -- Detecting CXX compile features
[0.602s] -- Detecting CXX compile features - done
[0.619s] -- Found ament_cmake_auto: 2.5.4 (/opt/ros/jazzy/share/ament_cmake_auto/cmake)
[0.982s] -- Found Python3: /usr/bin/python3 (found version "3.12.3") found components: Interpreter 
[1.837s] -- Found rosidl_generator_c: 4.6.5 (/opt/ros/jazzy/share/rosidl_generator_c/cmake)
[1.892s] -- Found rosidl_generator_cpp: 4.6.5 (/opt/ros/jazzy/share/rosidl_generator_cpp/cmake)
[1.953s] -- Using all available rosidl_typesupport_c: rosidl_typesupport_fastrtps_c;rosidl_typesupport_introspection_c
[2.020s] -- Using all available rosidl_typesupport_cpp: rosidl_typesupport_fastrtps_cpp;rosidl_typesupport_introspection_cpp
[4.254s] -- Found Boost: /usr/lib/x86_64-linux-gnu/cmake/Boost-1.83.0/BoostConfig.cmake (found version "1.83.0") found components: date_time filesystem program_options system thread 
[4.817s] -- Found Boost: /usr/lib/x86_64-linux-gnu/cmake/Boost-1.83.0/BoostConfig.cmake (found version "1.83.0") found components: chrono date_time filesystem iostreams program_options regex serialization system thread 
[5.277s] -- Found parameter_traits: 0.4.0 (/opt/ros/jazzy/share/parameter_traits/cmake)
[5.455s] -- Found rmw_implementation_cmake: 7.3.2 (/opt/ros/jazzy/share/rmw_implementation_cmake/cmake)
[5.475s] -- Found rmw_fastrtps_cpp: 8.4.2 (/opt/ros/jazzy/share/rmw_fastrtps_cpp/cmake)
[5.684s] -- Found OpenSSL: /usr/lib/x86_64-linux-gnu/libcrypto.so (found version "3.0.13")  
[5.716s] -- Found FastRTPS: /opt/ros/jazzy/include (Required is at least version "2.13") 
[5.756s] -- Using RMW implementation 'rmw_fastrtps_cpp' as default
[6.736s] -- Found rclcpp_lifecycle: 28.1.9 (/opt/ros/jazzy/share/rclcpp_lifecycle/cmake)
[6.816s] -- Found Boost: /usr/lib/x86_64-linux-gnu/cmake/Boost-1.83.0/BoostConfig.cmake (found version "1.83.0") found components: filesystem 
[7.122s] -- Found Eigen3: TRUE (found version "3.4.0") 
[7.123s] -- Ensuring Eigen3 include directory is part of orocos-kdl CMake target
[7.932s] -- Found Boost: /usr/lib/x86_64-linux-gnu/cmake/Boost-1.83.0/BoostConfig.cmake (found version "1.83.0") found components: system filesystem date_time program_options thread chrono 
[8.088s] -- Found Boost: /usr/lib/x86_64-linux-gnu/cmake/Boost-1.83.0/BoostConfig.cmake (found version "1.83.0") found components: thread system filesystem regex date_time program_options 
[8.192s] -- Found Boost: /usr/lib/x86_64-linux-gnu/cmake/Boost-1.83.0/BoostConfig.cmake (found version "1.83.0") found components: system filesystem date_time program_options thread 
[9.468s] -- Found python_cmake_module: 0.11.1 (/opt/ros/jazzy/share/python_cmake_module/cmake)
[9.682s] -- Found PythonExtra: /usr/bin/python3  
[9.847s] -- Found gtest sources under '/opt/ros/jazzy/src/gtest_vendor': C++ tests using 'Google Test' will be built
[9.857s] -- Found Threads: TRUE  
[9.999s] [0mIn this package, headers install destination is set to `include` by ament_auto_package. It is recommended to install `include/play_motion2` instead and will be the default behavior of ament_auto_package from ROS 2 Kilted Kaiju. On distributions before Kilted, ament_auto_package behaves the same way when you use USE_SCOPED_HEADER_INSTALL_DIR option.[0m
[10.141s] -- Added test 'copyright' to check source files copyright and LICENSE
[10.147s] -- Added test 'cppcheck' to perform static code analysis on C / C++ code
[10.148s] -- Configured cppcheck include dirs: /root/tiago_ws/src/play_motion2/play_motion2/include
[10.148s] -- Configured cppcheck exclude dirs and/or files: 
[10.157s] -- Added test 'cpplint' to check C / C++ code against the Google style
[10.157s] -- Configured cpplint exclude dirs and/or files: 
[10.159s] -- Added test 'flake8' to check Python code syntax and style conventions
[10.160s] -- Configured 'flake8' exclude dirs and/or files: 
[10.164s] -- Added test 'lint_cmake' to check CMake code style
[10.168s] -- Added test 'pep257' to check Python code against some of the docstring style conventions in PEP 257
[10.175s] -- Added test 'uncrustify' to check C / C++ code style
[10.175s] -- Configured uncrustify additional arguments: 
[10.179s] -- Added test 'xmllint' to check XML markup files
[10.185s] -- Configuring done (10.1s)
[10.649s] -- Generating done (0.4s)
[10.712s] -- Build files have been written to: /root/tiago_ws/build/play_motion2
[10.738s] Invoked command in '/root/tiago_ws/build/play_motion2' returned '0': CMAKE_PREFIX_PATH=/root/tiago_ws/install/play_motion2_msgs:/root/tfm_ws/install/arm_movement:/root/yolo_ws/install/yolo_bringup:/root/yolo_ws/install/yolo_msgs:/root/tiago_ws/install/tiago_simulation:/root/tiago_ws/install/tiago_robot:/root/tiago_ws/install/tiago_navigation:/root/tiago_ws/install/tiago_gazebo:/root/tiago_ws/install/tiago_moveit_config:/root/tiago_ws/install/tiago_2dnav:/root/tiago_ws/install/tiago_laser_sensors:/root/tiago_ws/install/tiago_harmonic:/root/tiago_ws/install/tiago_bringup:/root/tiago_ws/install/tiago_description:/root/tiago_ws/install/tiago_controller_configuration:/root/tiago_ws/install/pmb2_robot:/root/tiago_ws/install/pmb2_navigation:/root/tiago_ws/install/pmb2_2dnav:/root/tiago_ws/install/pmb2_laser_sensors:/root/tiago_ws/install/pmb2_bringup:/root/tiago_ws/install/pmb2_description:/root/tiago_ws/install/pmb2_controller_configuration:/root/tiago_ws/install/play_motion2:/root/tiago_ws/install/pal_hey5:/root/tiago_ws/install/pal_hey5_description:/root/tiago_ws/install/pal_gripper_simulation:/root/tiago_ws/install/pal_gripper:/root/tiago_ws/install/pal_gripper_description:/root/tiago_ws/install/omni_base_robot:/root/tiago_ws/install/omni_base_bringup:/root/tiago_ws/install/omni_base_description:/root/tiago_ws/install/pal_urdf_utils:/root/tiago_ws/install/pal_robotiq_gripper:/root/tiago_ws/install/pal_robotiq_description:/root/tiago_ws/install/pal_robotiq_controller_configuration:/root/tiago_ws/install/pal_maps:/root/tiago_ws/install/pal_hey5_controller_configuration:/root/tiago_ws/install/pal_gripper_controller_configuration:/root/tiago_ws/install/omni_base_controller_configuration:/root/tiago_ws/install/br2_gazebo_worlds:/root/mtc_ws/install/moveit_task_constructor_visualization:/root/mtc_ws/install/moveit_task_constructor_demo:/root/mtc_ws/install/moveit_task_constructor_capabilities:/root/mtc_ws/install/moveit_task_constructor_core:/root/mtc_ws/install/rviz_marker_tools:/root/mtc_ws/install/moveit_task_constructor_msgs:/opt/ros/jazzy/opt/gz_sim_vendor:/opt/ros/jazzy/opt/gz_sensors_vendor:/opt/ros/jazzy/opt/gz_physics_vendor:/opt/ros/jazzy/opt/sdformat_vendor:/opt/ros/jazzy/opt/gz_gui_vendor:/opt/ros/jazzy/opt/gz_transport_vendor:/opt/ros/jazzy/opt/gz_rendering_vendor:/opt/ros/jazzy/opt/gz_plugin_vendor:/opt/ros/jazzy/opt/gz_fuel_tools_vendor:/opt/ros/jazzy/opt/gz_msgs_vendor:/opt/ros/jazzy/opt/gz_common_vendor:/opt/ros/jazzy/opt/gz_math_vendor:/opt/ros/jazzy/opt/gz_utils_vendor:/opt/ros/jazzy/opt/gz_tools_vendor:/opt/ros/jazzy/opt/gz_ogre_next_vendor:/opt/ros/jazzy/opt/gz_dartsim_vendor:/opt/ros/jazzy/opt/gz_cmake_vendor:/root/yolo_ws/install/yolo_ros:/root/tiago_ws/install/launch_pal:/opt/ros/jazzy LD_LIBRARY_PATH=/root/tiago_ws/install/play_motion2_msgs/lib:/root/yolo_ws/install/yolo_msgs/lib:/root/tiago_ws/install/play_motion2/lib:/root/mtc_ws/install/moveit_task_constructor_visualization/lib:/root/mtc_ws/install/moveit_task_constructor_demo/lib:/root/mtc_ws/install/moveit_task_constructor_capabilities/lib:/root/mtc_ws/install/moveit_task_constructor_core/lib:/root/mtc_ws/install/rviz_marker_tools/lib:/root/mtc_ws/install/moveit_task_constructor_msgs/lib:/opt/ros/jazzy/opt/gz_sim_vendor/lib:/opt/ros/jazzy/opt/gz_sensors_vendor/lib:/opt/ros/jazzy/opt/gz_physics_vendor/lib:/opt/ros/jazzy/opt/sdformat_vendor/lib:/opt/ros/jazzy/opt/rviz_ogre_vendor/lib:/opt/ros/jazzy/lib/x86_64-linux-gnu:/opt/ros/jazzy/opt/gz_gui_vendor/lib:/opt/ros/jazzy/opt/gz_transport_vendor/lib:/opt/ros/jazzy/opt/gz_rendering_vendor/lib:/opt/ros/jazzy/opt/gz_plugin_vendor/lib:/opt/ros/jazzy/opt/gz_fuel_tools_vendor/lib:/opt/ros/jazzy/opt/gz_msgs_vendor/lib:/opt/ros/jazzy/opt/gz_common_vendor/lib:/opt/ros/jazzy/opt/gz_math_vendor/lib:/opt/ros/jazzy/opt/gz_utils_vendor/lib:/opt/ros/jazzy/opt/gz_tools_vendor/lib:/opt/ros/jazzy/opt/gz_ogre_next_vendor/lib:/opt/ros/jazzy/opt/gz_dartsim_vendor/lib:/opt/ros/jazzy/opt/gz_cmake_vendor/lib:/opt/ros/jazzy/lib PYTHONPATH=/root/tiago_ws/install/play_motion2_msgs/lib/python3.12/site-packages:/root/yolo_ws/install/yolo_ros/lib/python3.12/site-packages:/root/yolo_ws/install/yolo_msgs/lib/python3.12/site-packages:/root/tiago_ws/install/tiago_description/lib/python3.12/site-packages:/root/tiago_ws/install/pmb2_description/lib/python3.12/site-packages:/root/tiago_ws/install/omni_base_description/lib/python3.12/site-packages:/root/tiago_ws/install/launch_pal/lib/python3.12/site-packages:/root/mtc_ws/install/moveit_task_constructor_core/lib/python3.12/site-packages:/root/mtc_ws/install/moveit_task_constructor_msgs/lib/python3.12/site-packages:/opt/ros/jazzy/lib/python3.12/site-packages /usr/bin/cmake /root/tiago_ws/src/play_motion2/play_motion2 -DCMAKE_INSTALL_PREFIX=/root/tiago_ws/install/play_motion2
[10.740s] Invoking command in '/root/tiago_ws/build/play_motion2': CMAKE_PREFIX_PATH=/root/tiago_ws/install/play_motion2_msgs:/root/tfm_ws/install/arm_movement:/root/yolo_ws/install/yolo_bringup:/root/yolo_ws/install/yolo_msgs:/root/tiago_ws/install/tiago_simulation:/root/tiago_ws/install/tiago_robot:/root/tiago_ws/install/tiago_navigation:/root/tiago_ws/install/tiago_gazebo:/root/tiago_ws/install/tiago_moveit_config:/root/tiago_ws/install/tiago_2dnav:/root/tiago_ws/install/tiago_laser_sensors:/root/tiago_ws/install/tiago_harmonic:/root/tiago_ws/install/tiago_bringup:/root/tiago_ws/install/tiago_description:/root/tiago_ws/install/tiago_controller_configuration:/root/tiago_ws/install/pmb2_robot:/root/tiago_ws/install/pmb2_navigation:/root/tiago_ws/install/pmb2_2dnav:/root/tiago_ws/install/pmb2_laser_sensors:/root/tiago_ws/install/pmb2_bringup:/root/tiago_ws/install/pmb2_description:/root/tiago_ws/install/pmb2_controller_configuration:/root/tiago_ws/install/play_motion2:/root/tiago_ws/install/pal_hey5:/root/tiago_ws/install/pal_hey5_description:/root/tiago_ws/install/pal_gripper_simulation:/root/tiago_ws/install/pal_gripper:/root/tiago_ws/install/pal_gripper_description:/root/tiago_ws/install/omni_base_robot:/root/tiago_ws/install/omni_base_bringup:/root/tiago_ws/install/omni_base_description:/root/tiago_ws/install/pal_urdf_utils:/root/tiago_ws/install/pal_robotiq_gripper:/root/tiago_ws/install/pal_robotiq_description:/root/tiago_ws/install/pal_robotiq_controller_configuration:/root/tiago_ws/install/pal_maps:/root/tiago_ws/install/pal_hey5_controller_configuration:/root/tiago_ws/install/pal_gripper_controller_configuration:/root/tiago_ws/install/omni_base_controller_configuration:/root/tiago_ws/install/br2_gazebo_worlds:/root/mtc_ws/install/moveit_task_constructor_visualization:/root/mtc_ws/install/moveit_task_constructor_demo:/root/mtc_ws/install/moveit_task_constructor_capabilities:/root/mtc_ws/install/moveit_task_constructor_core:/root/mtc_ws/install/rviz_marker_tools:/root/mtc_ws/install/moveit_task_constructor_msgs:/opt/ros/jazzy/opt/gz_sim_vendor:/opt/ros/jazzy/opt/gz_sensors_vendor:/opt/ros/jazzy/opt/gz_physics_vendor:/opt/ros/jazzy/opt/sdformat_vendor:/opt/ros/jazzy/opt/gz_gui_vendor:/opt/ros/jazzy/opt/gz_transport_vendor:/opt/ros/jazzy/opt/gz_rendering_vendor:/opt/ros/jazzy/opt/gz_plugin_vendor:/opt/ros/jazzy/opt/gz_fuel_tools_vendor:/opt/ros/jazzy/opt/gz_msgs_vendor:/opt/ros/jazzy/opt/gz_common_vendor:/opt/ros/jazzy/opt/gz_math_vendor:/opt/ros/jazzy/opt/gz_utils_vendor:/opt/ros/jazzy/opt/gz_tools_vendor:/opt/ros/jazzy/opt/gz_ogre_next_vendor:/opt/ros/jazzy/opt/gz_dartsim_vendor:/opt/ros/jazzy/opt/gz_cmake_vendor:/root/yolo_ws/install/yolo_ros:/root/tiago_ws/install/launch_pal:/opt/ros/jazzy LD_LIBRARY_PATH=/root/tiago_ws/install/play_motion2_msgs/lib:/root/yolo_ws/install/yolo_msgs/lib:/root/tiago_ws/install/play_motion2/lib:/root/mtc_ws/install/moveit_task_constructor_visualization/lib:/root/mtc_ws/install/moveit_task_constructor_demo/lib:/root/mtc_ws/install/moveit_task_constructor_capabilities/lib:/root/mtc_ws/install/moveit_task_constructor_core/lib:/root/mtc_ws/install/rviz_marker_tools/lib:/root/mtc_ws/install/moveit_task_constructor_msgs/lib:/opt/ros/jazzy/opt/gz_sim_vendor/lib:/opt/ros/jazzy/opt/gz_sensors_vendor/lib:/opt/ros/jazzy/opt/gz_physics_vendor/lib:/opt/ros/jazzy/opt/sdformat_vendor/lib:/opt/ros/jazzy/opt/rviz_ogre_vendor/lib:/opt/ros/jazzy/lib/x86_64-linux-gnu:/opt/ros/jazzy/opt/gz_gui_vendor/lib:/opt/ros/jazzy/opt/gz_transport_vendor/lib:/opt/ros/jazzy/opt/gz_rendering_vendor/lib:/opt/ros/jazzy/opt/gz_plugin_vendor/lib:/opt/ros/jazzy/opt/gz_fuel_tools_vendor/lib:/opt/ros/jazzy/opt/gz_msgs_vendor/lib:/opt/ros/jazzy/opt/gz_common_vendor/lib:/opt/ros/jazzy/opt/gz_math_vendor/lib:/opt/ros/jazzy/opt/gz_utils_vendor/lib:/opt/ros/jazzy/opt/gz_tools_vendor/lib:/opt/ros/jazzy/opt/gz_ogre_next_vendor/lib:/opt/ros/jazzy/opt/gz_dartsim_vendor/lib:/opt/ros/jazzy/opt/gz_cmake_vendor/lib:/opt/ros/jazzy/lib PYTHONPATH=/root/tiago_ws/install/play_motion2_msgs/lib/python3.12/site-packages:/root/yolo_ws/install/yolo_ros/lib/python3.12/site-packages:/root/yolo_ws/install/yolo_msgs/lib/python3.12/site-packages:/root/tiago_ws/install/tiago_description/lib/python3.12/site-packages:/root/tiago_ws/install/pmb2_description/lib/python3.12/site-packages:/root/tiago_ws/install/omni_base_description/lib/python3.12/site-packages:/root/tiago_ws/install/launch_pal/lib/python3.12/site-packages:/root/mtc_ws/install/moveit_task_constructor_core/lib/python3.12/site-packages:/root/mtc_ws/install/moveit_task_constructor_msgs/lib/python3.12/site-packages:/opt/ros/jazzy/lib/python3.12/site-packages /usr/bin/cmake --build /root/tiago_ws/build/play_motion2 -- -j12 -l12
[10.840s] [  7%] [32mBuilding CXX object CMakeFiles/play_motion2.dir/src/play_motion2/play_motion2.cpp.o[0m
[10.840s] [  7%] [32mBuilding CXX object CMakeFiles/play_motion2.dir/src/play_motion2/motion_loader.cpp.o[0m
[10.840s] [ 11%] [32mBuilding CXX object CMakeFiles/play_motion2.dir/src/play_motion2/motion_planner.cpp.o[0m
[10.841s] [ 15%] [34m[1mRunning `/opt/ros/jazzy/bin/generate_parameter_library_cpp /root/tiago_ws/build/play_motion2/include/play_motion2/passthrough_controller_parameters.hpp /root/tiago_ws/src/play_motion2/play_motion2/test/controllers/src/passthrough_controller_parameters.yaml `[0m
[10.841s] [ 19%] [32mBuilding CXX object gtest/CMakeFiles/gtest_main.dir/src/gtest_main.cc.o[0m
[10.844s] [ 23%] [32mBuilding CXX object gtest/CMakeFiles/gtest.dir/src/gtest-all.cc.o[0m
[12.494s] [ 26%] [34m[1mCreating deprecated header file /root/tiago_ws/build/play_motion2/include/passthrough_controller_parameters.hpp[0m
[12.587s] [ 26%] Built target passthrough_controller_parameters
[12.633s] [ 30%] [32mBuilding CXX object CMakeFiles/passthrough_controller.dir/test/controllers/src/passthrough_controller.cpp.o[0m
[12.797s] [ 34%] [32m[1mLinking CXX static library libgtest_main.a[0m
[13.239s] [ 34%] Built target gtest_main
[14.282s] In file included from [01m[K/root/tiago_ws/src/play_motion2/play_motion2/include/play_motion2/motion_planner.hpp:25[m[K,
[14.282s]                  from [01m[K/root/tiago_ws/src/play_motion2/play_motion2/src/play_motion2/motion_planner.cpp:18[m[K:
[14.283s] [01m[K/opt/ros/jazzy/include/moveit_ros_planning_interface/moveit/move_group_interface/move_group_interface.h:51:77:[m[K [01;36m[Knote: [m[K‘[01m[K#pragma message: .h header is obsolete. Please use the .hpp header instead.[m[K’
[14.283s]    51 | #pragma message(".h header is obsolete. Please use the .hpp header instead."[01;36m[K)[m[K
[14.283s]       |                                                                             [01;36m[K^[m[K
[14.511s] In file included from [01m[K/root/tiago_ws/src/play_motion2/play_motion2/include/play_motion2/motion_planner.hpp:25[m[K,
[14.511s]                  from [01m[K/root/tiago_ws/src/play_motion2/play_motion2/src/play_motion2/play_motion2.cpp:18[m[K:
[14.511s] [01m[K/opt/ros/jazzy/include/moveit_ros_planning_interface/moveit/move_group_interface/move_group_interface.h:51:77:[m[K [01;36m[Knote: [m[K‘[01m[K#pragma message: .h header is obsolete. Please use the .hpp header instead.[m[K’
[14.512s]    51 | #pragma message(".h header is obsolete. Please use the .hpp header instead."[01;36m[K)[m[K
[14.512s]       |                                                                             [01;36m[K^[m[K
[17.941s] [ 38%] [32m[1mLinking CXX static library libgtest.a[0m
[18.046s] [ 38%] Built target gtest
[18.086s] [ 42%] [32mBuilding CXX object CMakeFiles/play_motion2_node_test.dir/test/play_motion2_node_test.cpp.o[0m
[21.877s] [01m[K/root/tiago_ws/src/play_motion2/play_motion2/src/play_motion2/motion_planner.cpp:[m[K In constructor ‘[01m[Kplay_motion2::MotionPlanner::[01;32m[KMotionPlanner[m[K(rclcpp_lifecycle::LifecycleNode::SharedPtr)[m[K’:
[21.877s] [01m[K/root/tiago_ws/src/play_motion2/play_motion2/src/play_motion2/motion_planner.cpp:78:67:[m[K [01;35m[Kwarning: [m[K‘[01m[Ktypename rclcpp::Client<ServiceT>::SharedPtr rclcpp_lifecycle::LifecycleNode::[01;32m[Kcreate_client[m[K(const std::string&, const rmw_qos_profile_t&, rclcpp::CallbackGroup::SharedPtr) [35m[K[with ServiceT = controller_manager_msgs::srv::ListControllers; typename rclcpp::Client<ServiceT>::SharedPtr = std::shared_ptr<rclcpp::Client<controller_manager_msgs::srv::ListControllers> >; std::string = std::__cxx11::basic_string<char>; rmw_qos_profile_t = rmw_qos_profile_s; rclcpp::CallbackGroup::SharedPtr = std::shared_ptr<rclcpp::CallbackGroup>][m[K[m[K’ is deprecated: use rclcpp::QoS instead of rmw_qos_profile_t [[01;35m[K-Wdeprecated-declarations[m[K]
[21.877s]    78 |   list_controllers_client_ = [01;35m[Knode_->create_client<ListControllers>([m[K
[21.877s]       |                              [01;35m[K~~~~~~~~~~~~~~~~~~~~~~~~~~~~~~~~~~~~~^[m[K
[21.878s]    79 | [01;35m[K    "/controller_manager/list_controllers", rmw_qos_profile_default, motion_planner_cb_group_)[m[K;
[21.878s]       |     [01;35m[K~~~~~~~~~~~~~~~~~~~~~~~~~~~~~~~~~~~~~~~~~~~~~~~~~~~~~~~~~~~~~~~~~~~~~~~~~~~~~~~~~~~~~~~~~~[m[K
[21.878s] In file included from [01m[K/opt/ros/jazzy/include/rclcpp_lifecycle/rclcpp_lifecycle/lifecycle_node.hpp:1126[m[K,
[21.878s]                  from [01m[K/root/tiago_ws/src/play_motion2/play_motion2/include/play_motion2/motion_planner.hpp:29[m[K:
[21.878s] [01m[K/opt/ros/jazzy/include/rclcpp_lifecycle/rclcpp_lifecycle/lifecycle_node_impl.hpp:125:1:[m[K [01;36m[Knote: [m[Kdeclared here
[21.878s]   125 | [01;36m[KLifecycleNode[m[K::create_client(
[21.878s]       | [01;36m[K^~~~~~~~~~~~~[m[K
[28.933s] [ 46%] [32m[1mLinking CXX shared library libpassthrough_controller.so[0m
[30.733s] [ 46%] Built target passthrough_controller
[41.198s] [ 50%] [32m[1mLinking CXX executable play_motion2_node_test[0m
[42.666s] [ 50%] Built target play_motion2_node_test
[43.985s] [ 53%] [32m[1mLinking CXX shared library libplay_motion2.so[0m
[45.755s] [ 53%] Built target play_motion2
[45.792s] [ 57%] [32mBuilding CXX object CMakeFiles/client.dir/src/play_motion2/client.cpp.o[0m
[56.119s] [ 61%] [32m[1mLinking CXX static library libclient.a[0m
[56.303s] [ 61%] Built target client
[56.339s] [ 65%] [32mBuilding CXX object CMakeFiles/rrbot_system.dir/test/rrbot/rrbot_system.cpp.o[0m
[56.339s] [ 69%] [32mBuilding CXX object CMakeFiles/play_motion2_node.dir/src/play_motion2_main.cpp.o[0m
[56.339s] [ 73%] [32mBuilding CXX object CMakeFiles/run_motion.dir/src/run_motion.cpp.o[0m
[58.659s] In file included from [01m[K/root/tiago_ws/src/play_motion2/play_motion2/include/play_motion2/motion_planner.hpp:25[m[K,
[58.659s]                  from [01m[K/root/tiago_ws/src/play_motion2/play_motion2/include/play_motion2/play_motion2.hpp:24[m[K,
[58.659s]                  from [01m[K/root/tiago_ws/src/play_motion2/play_motion2/src/play_motion2_main.cpp:16[m[K:
[58.659s] [01m[K/opt/ros/jazzy/include/moveit_ros_planning_interface/moveit/move_group_interface/move_group_interface.h:51:77:[m[K [01;36m[Knote: [m[K‘[01m[K#pragma message: .h header is obsolete. Please use the .hpp header instead.[m[K’
[58.659s]    51 | e(".h header is obsolete. Please use the .hpp header instead."[01;36m[K)[m[K
[58.660s]       |                                                               [01;36m[K^[m[K
[58.660s] 
[60.252s] [ 76%] [32m[1mLinking CXX executable run_motion[0m
[62.197s] [ 76%] Built target run_motion
[65.290s] [ 80%] [32m[1mLinking CXX shared library librrbot_system.so[0m
[66.154s] [ 80%] Built target rrbot_system
[66.189s] [ 88%] [32mBuilding CXX object CMakeFiles/motion_loader_test.dir/test/motion_loader_test.cpp.o[0m
[66.189s] [ 88%] [32mBuilding CXX object CMakeFiles/play_motion2_test.dir/test/play_motion2_test.cpp.o[0m
[67.214s] [ 92%] [32m[1mLinking CXX executable play_motion2_node[0m
[68.774s] [ 92%] Built target play_motion2_node
[70.107s] In file included from [01m[K/root/tiago_ws/src/play_motion2/play_motion2/include/play_motion2/motion_planner.hpp:25[m[K,
[70.107s]                  from [01m[K/root/tiago_ws/src/play_motion2/play_motion2/include/play_motion2/play_motion2.hpp:24[m[K,
[70.107s]                  from [01m[K/root/tiago_ws/src/play_motion2/play_motion2/test/play_motion2_test.cpp:22[m[K:
[70.107s] [01m[K/opt/ros/jazzy/include/moveit_ros_planning_interface/moveit/move_group_interface/move_group_interface.h:51:77:[m[K [01;36m[Knote: [m[K‘[01m[K#pragma message: .h header is obsolete. Please use the .hpp header instead.[m[K’
[70.107s]    51 | #pragma message(".h header is obsolete. Please use the .hpp header instead."[01;36m[K)[m[K
[70.107s]       |                                                                             [01;36m[K^[m[K
[73.791s] [ 96%] [32m[1mLinking CXX executable motion_loader_test[0m
[76.748s] [ 96%] Built target motion_loader_test
[80.465s] [100%] [32m[1mLinking CXX executable play_motion2_test[0m
[82.397s] [100%] Built target play_motion2_test
[82.425s] Invoked command in '/root/tiago_ws/build/play_motion2' returned '0': CMAKE_PREFIX_PATH=/root/tiago_ws/install/play_motion2_msgs:/root/tfm_ws/install/arm_movement:/root/yolo_ws/install/yolo_bringup:/root/yolo_ws/install/yolo_msgs:/root/tiago_ws/install/tiago_simulation:/root/tiago_ws/install/tiago_robot:/root/tiago_ws/install/tiago_navigation:/root/tiago_ws/install/tiago_gazebo:/root/tiago_ws/install/tiago_moveit_config:/root/tiago_ws/install/tiago_2dnav:/root/tiago_ws/install/tiago_laser_sensors:/root/tiago_ws/install/tiago_harmonic:/root/tiago_ws/install/tiago_bringup:/root/tiago_ws/install/tiago_description:/root/tiago_ws/install/tiago_controller_configuration:/root/tiago_ws/install/pmb2_robot:/root/tiago_ws/install/pmb2_navigation:/root/tiago_ws/install/pmb2_2dnav:/root/tiago_ws/install/pmb2_laser_sensors:/root/tiago_ws/install/pmb2_bringup:/root/tiago_ws/install/pmb2_description:/root/tiago_ws/install/pmb2_controller_configuration:/root/tiago_ws/install/play_motion2:/root/tiago_ws/install/pal_hey5:/root/tiago_ws/install/pal_hey5_description:/root/tiago_ws/install/pal_gripper_simulation:/root/tiago_ws/install/pal_gripper:/root/tiago_ws/install/pal_gripper_description:/root/tiago_ws/install/omni_base_robot:/root/tiago_ws/install/omni_base_bringup:/root/tiago_ws/install/omni_base_description:/root/tiago_ws/install/pal_urdf_utils:/root/tiago_ws/install/pal_robotiq_gripper:/root/tiago_ws/install/pal_robotiq_description:/root/tiago_ws/install/pal_robotiq_controller_configuration:/root/tiago_ws/install/pal_maps:/root/tiago_ws/install/pal_hey5_controller_configuration:/root/tiago_ws/install/pal_gripper_controller_configuration:/root/tiago_ws/install/omni_base_controller_configuration:/root/tiago_ws/install/br2_gazebo_worlds:/root/mtc_ws/install/moveit_task_constructor_visualization:/root/mtc_ws/install/moveit_task_constructor_demo:/root/mtc_ws/install/moveit_task_constructor_capabilities:/root/mtc_ws/install/moveit_task_constructor_core:/root/mtc_ws/install/rviz_marker_tools:/root/mtc_ws/install/moveit_task_constructor_msgs:/opt/ros/jazzy/opt/gz_sim_vendor:/opt/ros/jazzy/opt/gz_sensors_vendor:/opt/ros/jazzy/opt/gz_physics_vendor:/opt/ros/jazzy/opt/sdformat_vendor:/opt/ros/jazzy/opt/gz_gui_vendor:/opt/ros/jazzy/opt/gz_transport_vendor:/opt/ros/jazzy/opt/gz_rendering_vendor:/opt/ros/jazzy/opt/gz_plugin_vendor:/opt/ros/jazzy/opt/gz_fuel_tools_vendor:/opt/ros/jazzy/opt/gz_msgs_vendor:/opt/ros/jazzy/opt/gz_common_vendor:/opt/ros/jazzy/opt/gz_math_vendor:/opt/ros/jazzy/opt/gz_utils_vendor:/opt/ros/jazzy/opt/gz_tools_vendor:/opt/ros/jazzy/opt/gz_ogre_next_vendor:/opt/ros/jazzy/opt/gz_dartsim_vendor:/opt/ros/jazzy/opt/gz_cmake_vendor:/root/yolo_ws/install/yolo_ros:/root/tiago_ws/install/launch_pal:/opt/ros/jazzy LD_LIBRARY_PATH=/root/tiago_ws/install/play_motion2_msgs/lib:/root/yolo_ws/install/yolo_msgs/lib:/root/tiago_ws/install/play_motion2/lib:/root/mtc_ws/install/moveit_task_constructor_visualization/lib:/root/mtc_ws/install/moveit_task_constructor_demo/lib:/root/mtc_ws/install/moveit_task_constructor_capabilities/lib:/root/mtc_ws/install/moveit_task_constructor_core/lib:/root/mtc_ws/install/rviz_marker_tools/lib:/root/mtc_ws/install/moveit_task_constructor_msgs/lib:/opt/ros/jazzy/opt/gz_sim_vendor/lib:/opt/ros/jazzy/opt/gz_sensors_vendor/lib:/opt/ros/jazzy/opt/gz_physics_vendor/lib:/opt/ros/jazzy/opt/sdformat_vendor/lib:/opt/ros/jazzy/opt/rviz_ogre_vendor/lib:/opt/ros/jazzy/lib/x86_64-linux-gnu:/opt/ros/jazzy/opt/gz_gui_vendor/lib:/opt/ros/jazzy/opt/gz_transport_vendor/lib:/opt/ros/jazzy/opt/gz_rendering_vendor/lib:/opt/ros/jazzy/opt/gz_plugin_vendor/lib:/opt/ros/jazzy/opt/gz_fuel_tools_vendor/lib:/opt/ros/jazzy/opt/gz_msgs_vendor/lib:/opt/ros/jazzy/opt/gz_common_vendor/lib:/opt/ros/jazzy/opt/gz_math_vendor/lib:/opt/ros/jazzy/opt/gz_utils_vendor/lib:/opt/ros/jazzy/opt/gz_tools_vendor/lib:/opt/ros/jazzy/opt/gz_ogre_next_vendor/lib:/opt/ros/jazzy/opt/gz_dartsim_vendor/lib:/opt/ros/jazzy/opt/gz_cmake_vendor/lib:/opt/ros/jazzy/lib PYTHONPATH=/root/tiago_ws/install/play_motion2_msgs/lib/python3.12/site-packages:/root/yolo_ws/install/yolo_ros/lib/python3.12/site-packages:/root/yolo_ws/install/yolo_msgs/lib/python3.12/site-packages:/root/tiago_ws/install/tiago_description/lib/python3.12/site-packages:/root/tiago_ws/install/pmb2_description/lib/python3.12/site-packages:/root/tiago_ws/install/omni_base_description/lib/python3.12/site-packages:/root/tiago_ws/install/launch_pal/lib/python3.12/site-packages:/root/mtc_ws/install/moveit_task_constructor_core/lib/python3.12/site-packages:/root/mtc_ws/install/moveit_task_constructor_msgs/lib/python3.12/site-packages:/opt/ros/jazzy/lib/python3.12/site-packages /usr/bin/cmake --build /root/tiago_ws/build/play_motion2 -- -j12 -l12
[82.434s] Invoking command in '/root/tiago_ws/build/play_motion2': CMAKE_PREFIX_PATH=/root/tiago_ws/install/play_motion2_msgs:/root/tfm_ws/install/arm_movement:/root/yolo_ws/install/yolo_bringup:/root/yolo_ws/install/yolo_msgs:/root/tiago_ws/install/tiago_simulation:/root/tiago_ws/install/tiago_robot:/root/tiago_ws/install/tiago_navigation:/root/tiago_ws/install/tiago_gazebo:/root/tiago_ws/install/tiago_moveit_config:/root/tiago_ws/install/tiago_2dnav:/root/tiago_ws/install/tiago_laser_sensors:/root/tiago_ws/install/tiago_harmonic:/root/tiago_ws/install/tiago_bringup:/root/tiago_ws/install/tiago_description:/root/tiago_ws/install/tiago_controller_configuration:/root/tiago_ws/install/pmb2_robot:/root/tiago_ws/install/pmb2_navigation:/root/tiago_ws/install/pmb2_2dnav:/root/tiago_ws/install/pmb2_laser_sensors:/root/tiago_ws/install/pmb2_bringup:/root/tiago_ws/install/pmb2_description:/root/tiago_ws/install/pmb2_controller_configuration:/root/tiago_ws/install/play_motion2:/root/tiago_ws/install/pal_hey5:/root/tiago_ws/install/pal_hey5_description:/root/tiago_ws/install/pal_gripper_simulation:/root/tiago_ws/install/pal_gripper:/root/tiago_ws/install/pal_gripper_description:/root/tiago_ws/install/omni_base_robot:/root/tiago_ws/install/omni_base_bringup:/root/tiago_ws/install/omni_base_description:/root/tiago_ws/install/pal_urdf_utils:/root/tiago_ws/install/pal_robotiq_gripper:/root/tiago_ws/install/pal_robotiq_description:/root/tiago_ws/install/pal_robotiq_controller_configuration:/root/tiago_ws/install/pal_maps:/root/tiago_ws/install/pal_hey5_controller_configuration:/root/tiago_ws/install/pal_gripper_controller_configuration:/root/tiago_ws/install/omni_base_controller_configuration:/root/tiago_ws/install/br2_gazebo_worlds:/root/mtc_ws/install/moveit_task_constructor_visualization:/root/mtc_ws/install/moveit_task_constructor_demo:/root/mtc_ws/install/moveit_task_constructor_capabilities:/root/mtc_ws/install/moveit_task_constructor_core:/root/mtc_ws/install/rviz_marker_tools:/root/mtc_ws/install/moveit_task_constructor_msgs:/opt/ros/jazzy/opt/gz_sim_vendor:/opt/ros/jazzy/opt/gz_sensors_vendor:/opt/ros/jazzy/opt/gz_physics_vendor:/opt/ros/jazzy/opt/sdformat_vendor:/opt/ros/jazzy/opt/gz_gui_vendor:/opt/ros/jazzy/opt/gz_transport_vendor:/opt/ros/jazzy/opt/gz_rendering_vendor:/opt/ros/jazzy/opt/gz_plugin_vendor:/opt/ros/jazzy/opt/gz_fuel_tools_vendor:/opt/ros/jazzy/opt/gz_msgs_vendor:/opt/ros/jazzy/opt/gz_common_vendor:/opt/ros/jazzy/opt/gz_math_vendor:/opt/ros/jazzy/opt/gz_utils_vendor:/opt/ros/jazzy/opt/gz_tools_vendor:/opt/ros/jazzy/opt/gz_ogre_next_vendor:/opt/ros/jazzy/opt/gz_dartsim_vendor:/opt/ros/jazzy/opt/gz_cmake_vendor:/root/yolo_ws/install/yolo_ros:/root/tiago_ws/install/launch_pal:/opt/ros/jazzy LD_LIBRARY_PATH=/root/tiago_ws/install/play_motion2_msgs/lib:/root/yolo_ws/install/yolo_msgs/lib:/root/tiago_ws/install/play_motion2/lib:/root/mtc_ws/install/moveit_task_constructor_visualization/lib:/root/mtc_ws/install/moveit_task_constructor_demo/lib:/root/mtc_ws/install/moveit_task_constructor_capabilities/lib:/root/mtc_ws/install/moveit_task_constructor_core/lib:/root/mtc_ws/install/rviz_marker_tools/lib:/root/mtc_ws/install/moveit_task_constructor_msgs/lib:/opt/ros/jazzy/opt/gz_sim_vendor/lib:/opt/ros/jazzy/opt/gz_sensors_vendor/lib:/opt/ros/jazzy/opt/gz_physics_vendor/lib:/opt/ros/jazzy/opt/sdformat_vendor/lib:/opt/ros/jazzy/opt/rviz_ogre_vendor/lib:/opt/ros/jazzy/lib/x86_64-linux-gnu:/opt/ros/jazzy/opt/gz_gui_vendor/lib:/opt/ros/jazzy/opt/gz_transport_vendor/lib:/opt/ros/jazzy/opt/gz_rendering_vendor/lib:/opt/ros/jazzy/opt/gz_plugin_vendor/lib:/opt/ros/jazzy/opt/gz_fuel_tools_vendor/lib:/opt/ros/jazzy/opt/gz_msgs_vendor/lib:/opt/ros/jazzy/opt/gz_common_vendor/lib:/opt/ros/jazzy/opt/gz_math_vendor/lib:/opt/ros/jazzy/opt/gz_utils_vendor/lib:/opt/ros/jazzy/opt/gz_tools_vendor/lib:/opt/ros/jazzy/opt/gz_ogre_next_vendor/lib:/opt/ros/jazzy/opt/gz_dartsim_vendor/lib:/opt/ros/jazzy/opt/gz_cmake_vendor/lib:/opt/ros/jazzy/lib PYTHONPATH=/root/tiago_ws/install/play_motion2_msgs/lib/python3.12/site-packages:/root/yolo_ws/install/yolo_ros/lib/python3.12/site-packages:/root/yolo_ws/install/yolo_msgs/lib/python3.12/site-packages:/root/tiago_ws/install/tiago_description/lib/python3.12/site-packages:/root/tiago_ws/install/pmb2_description/lib/python3.12/site-packages:/root/tiago_ws/install/omni_base_description/lib/python3.12/site-packages:/root/tiago_ws/install/launch_pal/lib/python3.12/site-packages:/root/mtc_ws/install/moveit_task_constructor_core/lib/python3.12/site-packages:/root/mtc_ws/install/moveit_task_constructor_msgs/lib/python3.12/site-packages:/opt/ros/jazzy/lib/python3.12/site-packages /usr/bin/cmake --install /root/tiago_ws/build/play_motion2
[82.450s] -- Install configuration: ""
[82.450s] -- Installing: /root/tiago_ws/install/play_motion2/share/play_motion2/test/rrbot/rrbot_system.xml
[82.451s] -- Installing: /root/tiago_ws/install/play_motion2/include/play_motion2
[82.451s] -- Installing: /root/tiago_ws/install/play_motion2/include/play_motion2/passthrough_controller_parameters.hpp
[82.451s] -- Installing: /root/tiago_ws/install/play_motion2/share/play_motion2/test/controllers/passthrough_controller.xml
[82.451s] -- Installing: /root/tiago_ws/install/play_motion2/lib/libpassthrough_controller.so
[82.459s] -- Set non-toolchain portion of runtime path of "/root/tiago_ws/install/play_motion2/lib/libpassthrough_controller.so" to ""
[82.459s] -- Installing: /root/tiago_ws/install/play_motion2/lib/play_motion2/play_motion2_node_test
[82.477s] -- Set non-toolchain portion of runtime path of "/root/tiago_ws/install/play_motion2/lib/play_motion2/play_motion2_node_test" to ""
[82.478s] -- Up-to-date: /root/tiago_ws/install/play_motion2/include
[82.478s] -- Up-to-date: /root/tiago_ws/install/play_motion2/include/play_motion2
[82.478s] -- Installing: /root/tiago_ws/install/play_motion2/include/play_motion2/types.hpp
[82.478s] -- Installing: /root/tiago_ws/install/play_motion2/include/play_motion2/motion_loader.hpp
[82.478s] -- Installing: /root/tiago_ws/install/play_motion2/include/play_motion2/motion_planner.hpp
[82.478s] -- Installing: /root/tiago_ws/install/play_motion2/include/play_motion2/play_motion2.hpp
[82.478s] -- Installing: /root/tiago_ws/install/play_motion2/include/play_motion2/client.hpp
[82.479s] -- Installing: /root/tiago_ws/install/play_motion2/share/play_motion2/environment/library_path.sh
[82.479s] -- Installing: /root/tiago_ws/install/play_motion2/share/play_motion2/environment/library_path.dsv
[82.479s] -- Installing: /root/tiago_ws/install/play_motion2/lib/libplay_motion2.so
[82.494s] -- Set non-toolchain portion of runtime path of "/root/tiago_ws/install/play_motion2/lib/libplay_motion2.so" to ""
[82.495s] -- Installing: /root/tiago_ws/install/play_motion2/lib/libclient.a
[82.501s] -- Installing: /root/tiago_ws/install/play_motion2/lib/librrbot_system.so
[82.503s] -- Set non-toolchain portion of runtime path of "/root/tiago_ws/install/play_motion2/lib/librrbot_system.so" to ""
[82.503s] -- Installing: /root/tiago_ws/install/play_motion2/lib/play_motion2/play_motion2_node
[82.504s] -- Set non-toolchain portion of runtime path of "/root/tiago_ws/install/play_motion2/lib/play_motion2/play_motion2_node" to ""
[82.504s] -- Installing: /root/tiago_ws/install/play_motion2/lib/play_motion2/run_motion
[82.510s] -- Set non-toolchain portion of runtime path of "/root/tiago_ws/install/play_motion2/lib/play_motion2/run_motion" to ""
[82.513s] -- Installing: /root/tiago_ws/install/play_motion2/share/play_motion2/config
[82.513s] -- Installing: /root/tiago_ws/install/play_motion2/share/play_motion2/config/motion_planner_config.yaml
[82.529s] -- Installing: /root/tiago_ws/install/play_motion2/share/play_motion2/launch
[82.529s] -- Installing: /root/tiago_ws/install/play_motion2/share/play_motion2/launch/play_motion2.launch.py
[82.529s] -- Installing: /root/tiago_ws/install/play_motion2/share/ament_index/resource_index/package_run_dependencies/play_motion2
[82.530s] -- Installing: /root/tiago_ws/install/play_motion2/share/ament_index/resource_index/parent_prefix_path/play_motion2
[82.530s] -- Installing: /root/tiago_ws/install/play_motion2/share/play_motion2/environment/ament_prefix_path.sh
[82.530s] -- Installing: /root/tiago_ws/install/play_motion2/share/play_motion2/environment/ament_prefix_path.dsv
[82.530s] -- Installing: /root/tiago_ws/install/play_motion2/share/play_motion2/environment/path.sh
[82.530s] -- Installing: /root/tiago_ws/install/play_motion2/share/play_motion2/environment/path.dsv
[82.531s] -- Installing: /root/tiago_ws/install/play_motion2/share/play_motion2/local_setup.bash
[82.531s] -- Installing: /root/tiago_ws/install/play_motion2/share/play_motion2/local_setup.sh
[82.531s] -- Installing: /root/tiago_ws/install/play_motion2/share/play_motion2/local_setup.zsh
[82.531s] -- Installing: /root/tiago_ws/install/play_motion2/share/play_motion2/local_setup.dsv
[82.531s] -- Installing: /root/tiago_ws/install/play_motion2/share/play_motion2/package.dsv
[82.531s] -- Installing: /root/tiago_ws/install/play_motion2/share/ament_index/resource_index/packages/play_motion2
[82.531s] -- Installing: /root/tiago_ws/install/play_motion2/share/ament_index/resource_index/hardware_interface__pluginlib__plugin/play_motion2
[82.532s] -- Installing: /root/tiago_ws/install/play_motion2/share/ament_index/resource_index/controller_interface__pluginlib__plugin/play_motion2
[82.532s] -- Installing: /root/tiago_ws/install/play_motion2/share/play_motion2/cmake/ament_cmake_export_dependencies-extras.cmake
[82.532s] -- Installing: /root/tiago_ws/install/play_motion2/share/play_motion2/cmake/ament_cmake_export_include_directories-extras.cmake
[82.532s] -- Installing: /root/tiago_ws/install/play_motion2/share/play_motion2/cmake/ament_cmake_export_libraries-extras.cmake
[82.532s] -- Installing: /root/tiago_ws/install/play_motion2/share/play_motion2/cmake/play_motion2Config.cmake
[82.533s] -- Installing: /root/tiago_ws/install/play_motion2/share/play_motion2/cmake/play_motion2Config-version.cmake
[82.533s] -- Installing: /root/tiago_ws/install/play_motion2/share/play_motion2/package.xml
[82.536s] Invoked command in '/root/tiago_ws/build/play_motion2' returned '0': CMAKE_PREFIX_PATH=/root/tiago_ws/install/play_motion2_msgs:/root/tfm_ws/install/arm_movement:/root/yolo_ws/install/yolo_bringup:/root/yolo_ws/install/yolo_msgs:/root/tiago_ws/install/tiago_simulation:/root/tiago_ws/install/tiago_robot:/root/tiago_ws/install/tiago_navigation:/root/tiago_ws/install/tiago_gazebo:/root/tiago_ws/install/tiago_moveit_config:/root/tiago_ws/install/tiago_2dnav:/root/tiago_ws/install/tiago_laser_sensors:/root/tiago_ws/install/tiago_harmonic:/root/tiago_ws/install/tiago_bringup:/root/tiago_ws/install/tiago_description:/root/tiago_ws/install/tiago_controller_configuration:/root/tiago_ws/install/pmb2_robot:/root/tiago_ws/install/pmb2_navigation:/root/tiago_ws/install/pmb2_2dnav:/root/tiago_ws/install/pmb2_laser_sensors:/root/tiago_ws/install/pmb2_bringup:/root/tiago_ws/install/pmb2_description:/root/tiago_ws/install/pmb2_controller_configuration:/root/tiago_ws/install/play_motion2:/root/tiago_ws/install/pal_hey5:/root/tiago_ws/install/pal_hey5_description:/root/tiago_ws/install/pal_gripper_simulation:/root/tiago_ws/install/pal_gripper:/root/tiago_ws/install/pal_gripper_description:/root/tiago_ws/install/omni_base_robot:/root/tiago_ws/install/omni_base_bringup:/root/tiago_ws/install/omni_base_description:/root/tiago_ws/install/pal_urdf_utils:/root/tiago_ws/install/pal_robotiq_gripper:/root/tiago_ws/install/pal_robotiq_description:/root/tiago_ws/install/pal_robotiq_controller_configuration:/root/tiago_ws/install/pal_maps:/root/tiago_ws/install/pal_hey5_controller_configuration:/root/tiago_ws/install/pal_gripper_controller_configuration:/root/tiago_ws/install/omni_base_controller_configuration:/root/tiago_ws/install/br2_gazebo_worlds:/root/mtc_ws/install/moveit_task_constructor_visualization:/root/mtc_ws/install/moveit_task_constructor_demo:/root/mtc_ws/install/moveit_task_constructor_capabilities:/root/mtc_ws/install/moveit_task_constructor_core:/root/mtc_ws/install/rviz_marker_tools:/root/mtc_ws/install/moveit_task_constructor_msgs:/opt/ros/jazzy/opt/gz_sim_vendor:/opt/ros/jazzy/opt/gz_sensors_vendor:/opt/ros/jazzy/opt/gz_physics_vendor:/opt/ros/jazzy/opt/sdformat_vendor:/opt/ros/jazzy/opt/gz_gui_vendor:/opt/ros/jazzy/opt/gz_transport_vendor:/opt/ros/jazzy/opt/gz_rendering_vendor:/opt/ros/jazzy/opt/gz_plugin_vendor:/opt/ros/jazzy/opt/gz_fuel_tools_vendor:/opt/ros/jazzy/opt/gz_msgs_vendor:/opt/ros/jazzy/opt/gz_common_vendor:/opt/ros/jazzy/opt/gz_math_vendor:/opt/ros/jazzy/opt/gz_utils_vendor:/opt/ros/jazzy/opt/gz_tools_vendor:/opt/ros/jazzy/opt/gz_ogre_next_vendor:/opt/ros/jazzy/opt/gz_dartsim_vendor:/opt/ros/jazzy/opt/gz_cmake_vendor:/root/yolo_ws/install/yolo_ros:/root/tiago_ws/install/launch_pal:/opt/ros/jazzy LD_LIBRARY_PATH=/root/tiago_ws/install/play_motion2_msgs/lib:/root/yolo_ws/install/yolo_msgs/lib:/root/tiago_ws/install/play_motion2/lib:/root/mtc_ws/install/moveit_task_constructor_visualization/lib:/root/mtc_ws/install/moveit_task_constructor_demo/lib:/root/mtc_ws/install/moveit_task_constructor_capabilities/lib:/root/mtc_ws/install/moveit_task_constructor_core/lib:/root/mtc_ws/install/rviz_marker_tools/lib:/root/mtc_ws/install/moveit_task_constructor_msgs/lib:/opt/ros/jazzy/opt/gz_sim_vendor/lib:/opt/ros/jazzy/opt/gz_sensors_vendor/lib:/opt/ros/jazzy/opt/gz_physics_vendor/lib:/opt/ros/jazzy/opt/sdformat_vendor/lib:/opt/ros/jazzy/opt/rviz_ogre_vendor/lib:/opt/ros/jazzy/lib/x86_64-linux-gnu:/opt/ros/jazzy/opt/gz_gui_vendor/lib:/opt/ros/jazzy/opt/gz_transport_vendor/lib:/opt/ros/jazzy/opt/gz_rendering_vendor/lib:/opt/ros/jazzy/opt/gz_plugin_vendor/lib:/opt/ros/jazzy/opt/gz_fuel_tools_vendor/lib:/opt/ros/jazzy/opt/gz_msgs_vendor/lib:/opt/ros/jazzy/opt/gz_common_vendor/lib:/opt/ros/jazzy/opt/gz_math_vendor/lib:/opt/ros/jazzy/opt/gz_utils_vendor/lib:/opt/ros/jazzy/opt/gz_tools_vendor/lib:/opt/ros/jazzy/opt/gz_ogre_next_vendor/lib:/opt/ros/jazzy/opt/gz_dartsim_vendor/lib:/opt/ros/jazzy/opt/gz_cmake_vendor/lib:/opt/ros/jazzy/lib PYTHONPATH=/root/tiago_ws/install/play_motion2_msgs/lib/python3.12/site-packages:/root/yolo_ws/install/yolo_ros/lib/python3.12/site-packages:/root/yolo_ws/install/yolo_msgs/lib/python3.12/site-packages:/root/tiago_ws/install/tiago_description/lib/python3.12/site-packages:/root/tiago_ws/install/pmb2_description/lib/python3.12/site-packages:/root/tiago_ws/install/omni_base_description/lib/python3.12/site-packages:/root/tiago_ws/install/launch_pal/lib/python3.12/site-packages:/root/mtc_ws/install/moveit_task_constructor_core/lib/python3.12/site-packages:/root/mtc_ws/install/moveit_task_constructor_msgs/lib/python3.12/site-packages:/opt/ros/jazzy/lib/python3.12/site-packages /usr/bin/cmake --install /root/tiago_ws/build/play_motion2
