[0.466s] Invoking command in '/root/tiago_ws/build/pal_hey5_controller_configuration': CMAKE_PREFIX_PATH=${CMAKE_PREFIX_PATH}:/root/yolo_ws/install/yolo_ros:/root/tiago_ws/install/launch_pal:/opt/ros/jazzy /usr/bin/cmake /root/tiago_ws/src/pal_hey5/pal_hey5_controller_configuration -DCMAKE_INSTALL_PREFIX=/root/tiago_ws/install/pal_hey5_controller_configuration
[2.079s] -- The C compiler identification is GNU 13.3.0
[2.263s] -- The CXX compiler identification is GNU 13.3.0
[2.329s] -- Detecting C compiler ABI info
[2.715s] -- Detecting C compiler ABI info - done
[2.747s] -- Check for working C compiler: /usr/bin/cc - skipped
[2.747s] -- Detecting C compile features
[2.774s] -- Detecting C compile features - done
[2.800s] -- Detecting CXX compiler ABI info
[3.134s] -- Detecting CXX compiler ABI info - done
[3.157s] -- Check for working CXX compiler: /usr/bin/c++ - skipped
[3.158s] -- Detecting CXX compile features
[3.159s] -- Detecting CXX compile features - done
[3.462s] -- Found ament_cmake_auto: 2.5.4 (/opt/ros/jazzy/share/ament_cmake_auto/cmake)
[4.159s] -- Found Python3: /usr/bin/python3 (found version "3.12.3") found components: Interpreter 
[5.053s] -- Found ament_lint_auto: 0.17.2 (/opt/ros/jazzy/share/ament_lint_auto/cmake)
[5.434s] -- Added test 'copyright' to check source files copyright and LICENSE
[5.446s] -- Added test 'flake8' to check Python code syntax and style conventions
[5.446s] -- Configured 'flake8' exclude dirs and/or files: 
[5.446s] -- Added test 'lint_cmake' to check CMake code style
[5.455s] -- Added test 'pep257' to check Python code against some of the docstring style conventions in PEP 257
[5.467s] -- Added test 'xmllint' to check XML markup files
[5.488s] -- Configuring done (4.9s)
[5.491s] -- Generating done (0.0s)
[5.492s] -- Build files have been written to: /root/tiago_ws/build/pal_hey5_controller_configuration
[5.592s] Invoked command in '/root/tiago_ws/build/pal_hey5_controller_configuration' returned '0': CMAKE_PREFIX_PATH=${CMAKE_PREFIX_PATH}:/root/yolo_ws/install/yolo_ros:/root/tiago_ws/install/launch_pal:/opt/ros/jazzy /usr/bin/cmake /root/tiago_ws/src/pal_hey5/pal_hey5_controller_configuration -DCMAKE_INSTALL_PREFIX=/root/tiago_ws/install/pal_hey5_controller_configuration
[5.596s] Invoking command in '/root/tiago_ws/build/pal_hey5_controller_configuration': CMAKE_PREFIX_PATH=${CMAKE_PREFIX_PATH}:/root/yolo_ws/install/yolo_ros:/root/tiago_ws/install/launch_pal:/opt/ros/jazzy /usr/bin/cmake --build /root/tiago_ws/build/pal_hey5_controller_configuration -- -j12 -l12
[5.768s] Invoked command in '/root/tiago_ws/build/pal_hey5_controller_configuration' returned '0': CMAKE_PREFIX_PATH=${CMAKE_PREFIX_PATH}:/root/yolo_ws/install/yolo_ros:/root/tiago_ws/install/launch_pal:/opt/ros/jazzy /usr/bin/cmake --build /root/tiago_ws/build/pal_hey5_controller_configuration -- -j12 -l12
[5.770s] Invoking command in '/root/tiago_ws/build/pal_hey5_controller_configuration': CMAKE_PREFIX_PATH=${CMAKE_PREFIX_PATH}:/root/yolo_ws/install/yolo_ros:/root/tiago_ws/install/launch_pal:/opt/ros/jazzy /usr/bin/cmake --install /root/tiago_ws/build/pal_hey5_controller_configuration
[5.788s] -- Install configuration: ""
[5.788s] -- Installing: /root/tiago_ws/install/pal_hey5_controller_configuration/share/pal_hey5_controller_configuration/config
[5.788s] -- Installing: /root/tiago_ws/install/pal_hey5_controller_configuration/share/pal_hey5_controller_configuration/config/pal_hey5_controller.yaml
[5.805s] -- Installing: /root/tiago_ws/install/pal_hey5_controller_configuration/share/pal_hey5_controller_configuration/launch
[5.805s] -- Installing: /root/tiago_ws/install/pal_hey5_controller_configuration/share/pal_hey5_controller_configuration/launch/pal_hey5_controller.launch.py
[5.805s] -- Installing: /root/tiago_ws/install/pal_hey5_controller_configuration/share/ament_index/resource_index/package_run_dependencies/pal_hey5_controller_configuration
[5.805s] -- Installing: /root/tiago_ws/install/pal_hey5_controller_configuration/share/ament_index/resource_index/parent_prefix_path/pal_hey5_controller_configuration
[5.806s] -- Installing: /root/tiago_ws/install/pal_hey5_controller_configuration/share/pal_hey5_controller_configuration/environment/ament_prefix_path.sh
[5.806s] -- Installing: /root/tiago_ws/install/pal_hey5_controller_configuration/share/pal_hey5_controller_configuration/environment/ament_prefix_path.dsv
[5.806s] -- Installing: /root/tiago_ws/install/pal_hey5_controller_configuration/share/pal_hey5_controller_configuration/environment/path.sh
[5.806s] -- Installing: /root/tiago_ws/install/pal_hey5_controller_configuration/share/pal_hey5_controller_configuration/environment/path.dsv
[5.806s] -- Installing: /root/tiago_ws/install/pal_hey5_controller_configuration/share/pal_hey5_controller_configuration/local_setup.bash
[5.806s] -- Installing: /root/tiago_ws/install/pal_hey5_controller_configuration/share/pal_hey5_controller_configuration/local_setup.sh
[5.807s] -- Installing: /root/tiago_ws/install/pal_hey5_controller_configuration/share/pal_hey5_controller_configuration/local_setup.zsh
[5.807s] -- Installing: /root/tiago_ws/install/pal_hey5_controller_configuration/share/pal_hey5_controller_configuration/local_setup.dsv
[5.807s] -- Installing: /root/tiago_ws/install/pal_hey5_controller_configuration/share/pal_hey5_controller_configuration/package.dsv
[5.807s] -- Installing: /root/tiago_ws/install/pal_hey5_controller_configuration/share/ament_index/resource_index/packages/pal_hey5_controller_configuration
[5.808s] -- Installing: /root/tiago_ws/install/pal_hey5_controller_configuration/share/pal_hey5_controller_configuration/cmake/pal_hey5_controller_configurationConfig.cmake
[5.808s] -- Installing: /root/tiago_ws/install/pal_hey5_controller_configuration/share/pal_hey5_controller_configuration/cmake/pal_hey5_controller_configurationConfig-version.cmake
[5.829s] -- Installing: /root/tiago_ws/install/pal_hey5_controller_configuration/share/pal_hey5_controller_configuration/package.xml
[5.913s] Invoked command in '/root/tiago_ws/build/pal_hey5_controller_configuration' returned '0': CMAKE_PREFIX_PATH=${CMAKE_PREFIX_PATH}:/root/yolo_ws/install/yolo_ros:/root/tiago_ws/install/launch_pal:/opt/ros/jazzy /usr/bin/cmake --install /root/tiago_ws/build/pal_hey5_controller_configuration
