[2.708s] Invoking command in '/root/yolo_ws/src/yolo_ros/yolo_ros': CMAKE_PREFIX_PATH=/root/yolo_ws/install/yolo_msgs:/root/yolo_ws/install/yolo_bringup:/root/tiago_ws/install/tiago_simulation:/root/tiago_ws/install/tiago_robot:/root/tiago_ws/install/tiago_navigation:/root/tiago_ws/install/tiago_gazebo:/root/tiago_ws/install/tiago_moveit_config:/root/tiago_ws/install/tiago_2dnav:/root/tiago_ws/install/tiago_laser_sensors:/root/tiago_ws/install/tiago_harmonic:/root/tiago_ws/install/tiago_bringup:/root/tiago_ws/install/tiago_description:/root/tiago_ws/install/tiago_controller_configuration:/root/tiago_ws/install/pmb2_robot:/root/tiago_ws/install/pmb2_navigation:/root/tiago_ws/install/pmb2_2dnav:/root/tiago_ws/install/pmb2_laser_sensors:/root/tiago_ws/install/pmb2_bringup:/root/tiago_ws/install/pmb2_description:/root/tiago_ws/install/pmb2_controller_configuration:/root/tiago_ws/install/play_motion2:/root/tiago_ws/install/play_motion2_msgs:/root/tiago_ws/install/pal_hey5:/root/tiago_ws/install/pal_hey5_description:/root/tiago_ws/install/pal_gripper_simulation:/root/tiago_ws/install/pal_gripper:/root/tiago_ws/install/pal_gripper_description:/root/tiago_ws/install/omni_base_robot:/root/tiago_ws/install/omni_base_bringup:/root/tiago_ws/install/omni_base_description:/root/tiago_ws/install/pal_urdf_utils:/root/tiago_ws/install/pal_robotiq_gripper:/root/tiago_ws/install/pal_robotiq_description:/root/tiago_ws/install/pal_robotiq_controller_configuration:/root/tiago_ws/install/pal_maps:/root/tiago_ws/install/pal_hey5_controller_configuration:/root/tiago_ws/install/pal_gripper_controller_configuration:/root/tiago_ws/install/omni_base_controller_configuration:/root/tiago_ws/install/br2_gazebo_worlds:/root/tfm_ws/install/arm_movement:/opt/ros/jazzy/opt/gz_sim_vendor:/opt/ros/jazzy/opt/gz_sensors_vendor:/opt/ros/jazzy/opt/gz_physics_vendor:/opt/ros/jazzy/opt/sdformat_vendor:/opt/ros/jazzy/opt/gz_gui_vendor:/opt/ros/jazzy/opt/gz_transport_vendor:/opt/ros/jazzy/opt/gz_rendering_vendor:/opt/ros/jazzy/opt/gz_plugin_vendor:/opt/ros/jazzy/opt/gz_fuel_tools_vendor:/opt/ros/jazzy/opt/gz_msgs_vendor:/opt/ros/jazzy/opt/gz_common_vendor:/opt/ros/jazzy/opt/gz_math_vendor:/opt/ros/jazzy/opt/gz_utils_vendor:/opt/ros/jazzy/opt/gz_tools_vendor:/opt/ros/jazzy/opt/gz_ogre_next_vendor:/opt/ros/jazzy/opt/gz_dartsim_vendor:/opt/ros/jazzy/opt/gz_cmake_vendor PS1=\[\e]0;\u@\h: \w\a\]${debian_chroot:+($debian_chroot)}\u@\h:\w\$ PYTHONPATH=/root/yolo_ws/build/yolo_ros/prefix_override:/usr/lib/python3/dist-packages/colcon_core/task/python/colcon_distutils_commands:/root/yolo_ws/install/yolo_ros/lib/python3.12/site-packages:/root/yolo_ws/install/yolo_msgs/lib/python3.12/site-packages:/root/yolo_ws/build/yolo_ros:/root/yolo_ws/install/yolo_ros/lib/python3.12/site-packages:/root/tiago_ws/install/tiago_description/lib/python3.12/site-packages:/root/tiago_ws/install/pmb2_description/lib/python3.12/site-packages:/root/tiago_ws/install/play_motion2_msgs/lib/python3.12/site-packages:/root/tiago_ws/install/omni_base_description/lib/python3.12/site-packages:/root/tiago_ws/build/launch_pal:/root/tiago_ws/install/launch_pal/lib/python3.12/site-packages:/opt/ros/jazzy/lib/python3.12/site-packages /usr/bin/python3 -W ignore:setup.py install is deprecated -W ignore:easy_install command is deprecated setup.py egg_info --egg-base ../../../build/yolo_ros build --build-base /root/yolo_ws/build/yolo_ros/build install --record /root/yolo_ws/build/yolo_ros/install.log --single-version-externally-managed install_data
[2.998s] running egg_info
[2.998s] creating ../../../build/yolo_ros/yolo_ros.egg-info
[3.020s] writing ../../../build/yolo_ros/yolo_ros.egg-info/PKG-INFO
[3.020s] writing dependency_links to ../../../build/yolo_ros/yolo_ros.egg-info/dependency_links.txt
[3.021s] writing entry points to ../../../build/yolo_ros/yolo_ros.egg-info/entry_points.txt
[3.021s] writing requirements to ../../../build/yolo_ros/yolo_ros.egg-info/requires.txt
[3.021s] writing top-level names to ../../../build/yolo_ros/yolo_ros.egg-info/top_level.txt
[3.021s] writing manifest file '../../../build/yolo_ros/yolo_ros.egg-info/SOURCES.txt'
[3.067s] reading manifest file '../../../build/yolo_ros/yolo_ros.egg-info/SOURCES.txt'
[3.068s] writing manifest file '../../../build/yolo_ros/yolo_ros.egg-info/SOURCES.txt'
[3.068s] running build
[3.068s] running build_py
[3.068s] creating /root/yolo_ws/build/yolo_ros/build
[3.068s] creating /root/yolo_ws/build/yolo_ros/build/lib
[3.069s] creating /root/yolo_ws/build/yolo_ros/build/lib/yolo_ros
[3.069s] copying yolo_ros/tracking_node.py -> /root/yolo_ws/build/yolo_ros/build/lib/yolo_ros
[3.069s] copying yolo_ros/debug_node.py -> /root/yolo_ws/build/yolo_ros/build/lib/yolo_ros
[3.069s] copying yolo_ros/detect_3d_node.py -> /root/yolo_ws/build/yolo_ros/build/lib/yolo_ros
[3.069s] copying yolo_ros/__init__.py -> /root/yolo_ws/build/yolo_ros/build/lib/yolo_ros
[3.069s] copying yolo_ros/yolo_node.py -> /root/yolo_ws/build/yolo_ros/build/lib/yolo_ros
[3.069s] running install
[3.076s] running install_lib
[3.099s] creating /root/yolo_ws/install/yolo_ros/lib/python3.12/site-packages/yolo_ros
[3.099s] copying /root/yolo_ws/build/yolo_ros/build/lib/yolo_ros/tracking_node.py -> /root/yolo_ws/install/yolo_ros/lib/python3.12/site-packages/yolo_ros
[3.100s] copying /root/yolo_ws/build/yolo_ros/build/lib/yolo_ros/debug_node.py -> /root/yolo_ws/install/yolo_ros/lib/python3.12/site-packages/yolo_ros
[3.100s] copying /root/yolo_ws/build/yolo_ros/build/lib/yolo_ros/detect_3d_node.py -> /root/yolo_ws/install/yolo_ros/lib/python3.12/site-packages/yolo_ros
[3.100s] copying /root/yolo_ws/build/yolo_ros/build/lib/yolo_ros/__init__.py -> /root/yolo_ws/install/yolo_ros/lib/python3.12/site-packages/yolo_ros
[3.100s] copying /root/yolo_ws/build/yolo_ros/build/lib/yolo_ros/yolo_node.py -> /root/yolo_ws/install/yolo_ros/lib/python3.12/site-packages/yolo_ros
[3.100s] byte-compiling /root/yolo_ws/install/yolo_ros/lib/python3.12/site-packages/yolo_ros/tracking_node.py to tracking_node.cpython-312.pyc
[3.102s] byte-compiling /root/yolo_ws/install/yolo_ros/lib/python3.12/site-packages/yolo_ros/debug_node.py to debug_node.cpython-312.pyc
[3.105s] byte-compiling /root/yolo_ws/install/yolo_ros/lib/python3.12/site-packages/yolo_ros/detect_3d_node.py to detect_3d_node.cpython-312.pyc
[3.107s] byte-compiling /root/yolo_ws/install/yolo_ros/lib/python3.12/site-packages/yolo_ros/__init__.py to __init__.cpython-312.pyc
[3.108s] byte-compiling /root/yolo_ws/install/yolo_ros/lib/python3.12/site-packages/yolo_ros/yolo_node.py to yolo_node.cpython-312.pyc
[3.110s] running install_data
[3.110s] creating /root/yolo_ws/install/yolo_ros/share/ament_index
[3.110s] creating /root/yolo_ws/install/yolo_ros/share/ament_index/resource_index
[3.110s] creating /root/yolo_ws/install/yolo_ros/share/ament_index/resource_index/packages
[3.110s] copying resource/yolo_ros -> /root/yolo_ws/install/yolo_ros/share/ament_index/resource_index/packages
[3.111s] copying package.xml -> /root/yolo_ws/install/yolo_ros/share/yolo_ros
[3.111s] running install_egg_info
[3.135s] Copying ../../../build/yolo_ros/yolo_ros.egg-info to /root/yolo_ws/install/yolo_ros/lib/python3.12/site-packages/yolo_ros-0.0.0-py3.12.egg-info
[3.136s] running install_scripts
[3.291s] Installing debug_node script to /root/yolo_ws/install/yolo_ros/lib/yolo_ros
[3.291s] Installing detect_3d_node script to /root/yolo_ws/install/yolo_ros/lib/yolo_ros
[3.291s] Installing tracking_node script to /root/yolo_ws/install/yolo_ros/lib/yolo_ros
[3.292s] Installing yolo_node script to /root/yolo_ws/install/yolo_ros/lib/yolo_ros
[3.292s] writing list of installed files to '/root/yolo_ws/build/yolo_ros/install.log'
[3.315s] Invoked command in '/root/yolo_ws/src/yolo_ros/yolo_ros' returned '0': CMAKE_PREFIX_PATH=/root/yolo_ws/install/yolo_msgs:/root/yolo_ws/install/yolo_bringup:/root/tiago_ws/install/tiago_simulation:/root/tiago_ws/install/tiago_robot:/root/tiago_ws/install/tiago_navigation:/root/tiago_ws/install/tiago_gazebo:/root/tiago_ws/install/tiago_moveit_config:/root/tiago_ws/install/tiago_2dnav:/root/tiago_ws/install/tiago_laser_sensors:/root/tiago_ws/install/tiago_harmonic:/root/tiago_ws/install/tiago_bringup:/root/tiago_ws/install/tiago_description:/root/tiago_ws/install/tiago_controller_configuration:/root/tiago_ws/install/pmb2_robot:/root/tiago_ws/install/pmb2_navigation:/root/tiago_ws/install/pmb2_2dnav:/root/tiago_ws/install/pmb2_laser_sensors:/root/tiago_ws/install/pmb2_bringup:/root/tiago_ws/install/pmb2_description:/root/tiago_ws/install/pmb2_controller_configuration:/root/tiago_ws/install/play_motion2:/root/tiago_ws/install/play_motion2_msgs:/root/tiago_ws/install/pal_hey5:/root/tiago_ws/install/pal_hey5_description:/root/tiago_ws/install/pal_gripper_simulation:/root/tiago_ws/install/pal_gripper:/root/tiago_ws/install/pal_gripper_description:/root/tiago_ws/install/omni_base_robot:/root/tiago_ws/install/omni_base_bringup:/root/tiago_ws/install/omni_base_description:/root/tiago_ws/install/pal_urdf_utils:/root/tiago_ws/install/pal_robotiq_gripper:/root/tiago_ws/install/pal_robotiq_description:/root/tiago_ws/install/pal_robotiq_controller_configuration:/root/tiago_ws/install/pal_maps:/root/tiago_ws/install/pal_hey5_controller_configuration:/root/tiago_ws/install/pal_gripper_controller_configuration:/root/tiago_ws/install/omni_base_controller_configuration:/root/tiago_ws/install/br2_gazebo_worlds:/root/tfm_ws/install/arm_movement:/opt/ros/jazzy/opt/gz_sim_vendor:/opt/ros/jazzy/opt/gz_sensors_vendor:/opt/ros/jazzy/opt/gz_physics_vendor:/opt/ros/jazzy/opt/sdformat_vendor:/opt/ros/jazzy/opt/gz_gui_vendor:/opt/ros/jazzy/opt/gz_transport_vendor:/opt/ros/jazzy/opt/gz_rendering_vendor:/opt/ros/jazzy/opt/gz_plugin_vendor:/opt/ros/jazzy/opt/gz_fuel_tools_vendor:/opt/ros/jazzy/opt/gz_msgs_vendor:/opt/ros/jazzy/opt/gz_common_vendor:/opt/ros/jazzy/opt/gz_math_vendor:/opt/ros/jazzy/opt/gz_utils_vendor:/opt/ros/jazzy/opt/gz_tools_vendor:/opt/ros/jazzy/opt/gz_ogre_next_vendor:/opt/ros/jazzy/opt/gz_dartsim_vendor:/opt/ros/jazzy/opt/gz_cmake_vendor PS1=\[\e]0;\u@\h: \w\a\]${debian_chroot:+($debian_chroot)}\u@\h:\w\$ PYTHONPATH=/root/yolo_ws/build/yolo_ros/prefix_override:/usr/lib/python3/dist-packages/colcon_core/task/python/colcon_distutils_commands:/root/yolo_ws/install/yolo_ros/lib/python3.12/site-packages:/root/yolo_ws/install/yolo_msgs/lib/python3.12/site-packages:/root/yolo_ws/build/yolo_ros:/root/yolo_ws/install/yolo_ros/lib/python3.12/site-packages:/root/tiago_ws/install/tiago_description/lib/python3.12/site-packages:/root/tiago_ws/install/pmb2_description/lib/python3.12/site-packages:/root/tiago_ws/install/play_motion2_msgs/lib/python3.12/site-packages:/root/tiago_ws/install/omni_base_description/lib/python3.12/site-packages:/root/tiago_ws/build/launch_pal:/root/tiago_ws/install/launch_pal/lib/python3.12/site-packages:/opt/ros/jazzy/lib/python3.12/site-packages /usr/bin/python3 -W ignore:setup.py install is deprecated -W ignore:easy_install command is deprecated setup.py egg_info --egg-base ../../../build/yolo_ros build --build-base /root/yolo_ws/build/yolo_ros/build install --record /root/yolo_ws/build/yolo_ros/install.log --single-version-externally-managed install_data
