[0.071s] Invoking command in '/root/yolo_ws/build/yolo_msgs': CMAKE_PREFIX_PATH=${CMAKE_PREFIX_PATH}:/root/yolo_ws/install/yolo_ros:/root/tiago_ws/install/launch_pal:/opt/ros/jazzy PS1=\[\e]0;\u@\h: \w\a\]${debian_chroot:+($debian_chroot)}\u@\h:\w\$ /usr/bin/cmake --build /root/yolo_ws/build/yolo_msgs -- -j12 -l12
[0.138s] [  0%] Built target yolo_msgs__rosidl_generator_type_description
[0.153s] [  0%] Built target ament_cmake_python_copy_yolo_msgs
[0.165s] [  0%] Built target yolo_msgs__cpp
[0.185s] [ 26%] Built target yolo_msgs__rosidl_generator_c
[0.222s] [ 36%] Built target yolo_msgs__rosidl_typesupport_c
[0.224s] [ 46%] Built target yolo_msgs__rosidl_typesupport_introspection_c
[0.230s] [ 66%] Built target yolo_msgs__rosidl_typesupport_cpp
[0.231s] [ 66%] Built target yolo_msgs__rosidl_typesupport_introspection_cpp
[0.234s] [ 75%] Built target yolo_msgs__rosidl_typesupport_fastrtps_c
[0.250s] [ 85%] Built target yolo_msgs__rosidl_typesupport_fastrtps_cpp
[0.276s] [ 85%] Built target yolo_msgs
[0.304s] [ 86%] Built target yolo_msgs__py
[0.348s] [ 96%] Built target yolo_msgs__rosidl_generator_py
[0.380s] [100%] Built target yolo_msgs_s__rosidl_typesupport_c
[0.380s] [100%] Built target yolo_msgs_s__rosidl_typesupport_introspection_c
[0.380s] [100%] Built target yolo_msgs_s__rosidl_typesupport_fastrtps_c
[0.426s] running egg_info
[0.451s] writing yolo_msgs.egg-info/PKG-INFO
[0.451s] writing dependency_links to yolo_msgs.egg-info/dependency_links.txt
[0.451s] writing top-level names to yolo_msgs.egg-info/top_level.txt
[0.523s] reading manifest file 'yolo_msgs.egg-info/SOURCES.txt'
[0.524s] writing manifest file 'yolo_msgs.egg-info/SOURCES.txt'
[0.550s] [100%] Built target ament_cmake_python_build_yolo_msgs_egg
[0.564s] Invoked command in '/root/yolo_ws/build/yolo_msgs' returned '0': CMAKE_PREFIX_PATH=${CMAKE_PREFIX_PATH}:/root/yolo_ws/install/yolo_ros:/root/tiago_ws/install/launch_pal:/opt/ros/jazzy PS1=\[\e]0;\u@\h: \w\a\]${debian_chroot:+($debian_chroot)}\u@\h:\w\$ /usr/bin/cmake --build /root/yolo_ws/build/yolo_msgs -- -j12 -l12
[0.576s] Invoking command in '/root/yolo_ws/build/yolo_msgs': CMAKE_PREFIX_PATH=${CMAKE_PREFIX_PATH}:/root/yolo_ws/install/yolo_ros:/root/tiago_ws/install/launch_pal:/opt/ros/jazzy PS1=\[\e]0;\u@\h: \w\a\]${debian_chroot:+($debian_chroot)}\u@\h:\w\$ /usr/bin/cmake --install /root/yolo_ws/build/yolo_msgs
[0.586s] -- Install configuration: ""
[0.586s] -- Up-to-date: /root/yolo_ws/install/yolo_msgs/share/ament_index/resource_index/rosidl_interfaces/yolo_msgs
[0.586s] -- Up-to-date: /root/yolo_ws/install/yolo_msgs/share/yolo_msgs/msg/Point2D.json
[0.586s] -- Up-to-date: /root/yolo_ws/install/yolo_msgs/share/yolo_msgs/msg/Vector2.json
[0.586s] -- Up-to-date: /root/yolo_ws/install/yolo_msgs/share/yolo_msgs/msg/Pose2D.json
[0.586s] -- Up-to-date: /root/yolo_ws/install/yolo_msgs/share/yolo_msgs/msg/BoundingBox2D.json
[0.586s] -- Up-to-date: /root/yolo_ws/install/yolo_msgs/share/yolo_msgs/msg/BoundingBox3D.json
[0.586s] -- Up-to-date: /root/yolo_ws/install/yolo_msgs/share/yolo_msgs/msg/Mask.json
[0.587s] -- Up-to-date: /root/yolo_ws/install/yolo_msgs/share/yolo_msgs/msg/KeyPoint2D.json
[0.587s] -- Up-to-date: /root/yolo_ws/install/yolo_msgs/share/yolo_msgs/msg/KeyPoint2DArray.json
[0.587s] -- Up-to-date: /root/yolo_ws/install/yolo_msgs/share/yolo_msgs/msg/KeyPoint3D.json
[0.587s] -- Up-to-date: /root/yolo_ws/install/yolo_msgs/share/yolo_msgs/msg/KeyPoint3DArray.json
[0.587s] -- Up-to-date: /root/yolo_ws/install/yolo_msgs/share/yolo_msgs/msg/Detection.json
[0.587s] -- Up-to-date: /root/yolo_ws/install/yolo_msgs/share/yolo_msgs/msg/DetectionArray.json
[0.587s] -- Up-to-date: /root/yolo_ws/install/yolo_msgs/share/yolo_msgs/srv/SetClasses.json
[0.587s] -- Up-to-date: /root/yolo_ws/install/yolo_msgs/include/yolo_msgs/yolo_msgs
[0.587s] -- Up-to-date: /root/yolo_ws/install/yolo_msgs/include/yolo_msgs/yolo_msgs/msg
[0.587s] -- Up-to-date: /root/yolo_ws/install/yolo_msgs/include/yolo_msgs/yolo_msgs/msg/bounding_box2_d.h
[0.587s] -- Up-to-date: /root/yolo_ws/install/yolo_msgs/include/yolo_msgs/yolo_msgs/msg/bounding_box3_d.h
[0.587s] -- Up-to-date: /root/yolo_ws/install/yolo_msgs/include/yolo_msgs/yolo_msgs/msg/key_point2_d.h
[0.588s] -- Up-to-date: /root/yolo_ws/install/yolo_msgs/include/yolo_msgs/yolo_msgs/msg/detail
[0.588s] -- Up-to-date: /root/yolo_ws/install/yolo_msgs/include/yolo_msgs/yolo_msgs/msg/detail/key_point2_d_array__type_support.h
[0.588s] -- Up-to-date: /root/yolo_ws/install/yolo_msgs/include/yolo_msgs/yolo_msgs/msg/detail/detection__type_support.h
[0.588s] -- Up-to-date: /root/yolo_ws/install/yolo_msgs/include/yolo_msgs/yolo_msgs/msg/detail/bounding_box2_d__functions.c
[0.588s] -- Up-to-date: /root/yolo_ws/install/yolo_msgs/include/yolo_msgs/yolo_msgs/msg/detail/bounding_box2_d__struct.h
[0.588s] -- Up-to-date: /root/yolo_ws/install/yolo_msgs/include/yolo_msgs/yolo_msgs/msg/detail/detection__functions.c
[0.588s] -- Up-to-date: /root/yolo_ws/install/yolo_msgs/include/yolo_msgs/yolo_msgs/msg/detail/bounding_box3_d__struct.h
[0.588s] -- Up-to-date: /root/yolo_ws/install/yolo_msgs/include/yolo_msgs/yolo_msgs/msg/detail/detection__description.c
[0.588s] -- Up-to-date: /root/yolo_ws/install/yolo_msgs/include/yolo_msgs/yolo_msgs/msg/detail/key_point2_d_array__struct.h
[0.588s] -- Up-to-date: /root/yolo_ws/install/yolo_msgs/include/yolo_msgs/yolo_msgs/msg/detail/pose2_d__struct.h
[0.588s] -- Up-to-date: /root/yolo_ws/install/yolo_msgs/include/yolo_msgs/yolo_msgs/msg/detail/key_point2_d_array__description.c
[0.588s] -- Up-to-date: /root/yolo_ws/install/yolo_msgs/include/yolo_msgs/yolo_msgs/msg/detail/point2_d__struct.h
[0.588s] -- Installing: /root/yolo_ws/install/yolo_msgs/include/yolo_msgs/yolo_msgs/msg/detail/pose2_d__type_support.c
[0.589s] -- Up-to-date: /root/yolo_ws/install/yolo_msgs/include/yolo_msgs/yolo_msgs/msg/detail/point2_d__type_support.h
[0.589s] -- Up-to-date: /root/yolo_ws/install/yolo_msgs/include/yolo_msgs/yolo_msgs/msg/detail/mask__functions.c
[0.589s] -- Up-to-date: /root/yolo_ws/install/yolo_msgs/include/yolo_msgs/yolo_msgs/msg/detail/bounding_box3_d__description.c
[0.589s] -- Up-to-date: /root/yolo_ws/install/yolo_msgs/include/yolo_msgs/yolo_msgs/msg/detail/vector2__type_support.h
[0.589s] -- Up-to-date: /root/yolo_ws/install/yolo_msgs/include/yolo_msgs/yolo_msgs/msg/detail/bounding_box3_d__type_support.h
[0.589s] -- Up-to-date: /root/yolo_ws/install/yolo_msgs/include/yolo_msgs/yolo_msgs/msg/detail/point2_d__functions.h
[0.589s] -- Up-to-date: /root/yolo_ws/install/yolo_msgs/include/yolo_msgs/yolo_msgs/msg/detail/pose2_d__type_support.h
[0.589s] -- Up-to-date: /root/yolo_ws/install/yolo_msgs/include/yolo_msgs/yolo_msgs/msg/detail/bounding_box2_d__type_support.h
[0.589s] -- Up-to-date: /root/yolo_ws/install/yolo_msgs/include/yolo_msgs/yolo_msgs/msg/detail/key_point3_d__struct.h
[0.589s] -- Up-to-date: /root/yolo_ws/install/yolo_msgs/include/yolo_msgs/yolo_msgs/msg/detail/key_point3_d__functions.h
[0.589s] -- Installing: /root/yolo_ws/install/yolo_msgs/include/yolo_msgs/yolo_msgs/msg/detail/bounding_box2_d__type_support.c
[0.589s] -- Up-to-date: /root/yolo_ws/install/yolo_msgs/include/yolo_msgs/yolo_msgs/msg/detail/bounding_box3_d__functions.c
[0.589s] -- Installing: /root/yolo_ws/install/yolo_msgs/include/yolo_msgs/yolo_msgs/msg/detail/bounding_box3_d__type_support.c
[0.590s] -- Up-to-date: /root/yolo_ws/install/yolo_msgs/include/yolo_msgs/yolo_msgs/msg/detail/mask__type_support.h
[0.590s] -- Up-to-date: /root/yolo_ws/install/yolo_msgs/include/yolo_msgs/yolo_msgs/msg/detail/key_point3_d_array__functions.c
[0.590s] -- Up-to-date: /root/yolo_ws/install/yolo_msgs/include/yolo_msgs/yolo_msgs/msg/detail/vector2__struct.h
[0.590s] -- Up-to-date: /root/yolo_ws/install/yolo_msgs/include/yolo_msgs/yolo_msgs/msg/detail/detection__functions.h
[0.590s] -- Up-to-date: /root/yolo_ws/install/yolo_msgs/include/yolo_msgs/yolo_msgs/msg/detail/key_point3_d_array__functions.h
[0.590s] -- Installing: /root/yolo_ws/install/yolo_msgs/include/yolo_msgs/yolo_msgs/msg/detail/mask__type_support.c
[0.590s] -- Up-to-date: /root/yolo_ws/install/yolo_msgs/include/yolo_msgs/yolo_msgs/msg/detail/bounding_box3_d__functions.h
[0.590s] -- Installing: /root/yolo_ws/install/yolo_msgs/include/yolo_msgs/yolo_msgs/msg/detail/key_point3_d_array__type_support.c
[0.590s] -- Up-to-date: /root/yolo_ws/install/yolo_msgs/include/yolo_msgs/yolo_msgs/msg/detail/key_point2_d_array__functions.c
[0.590s] -- Up-to-date: /root/yolo_ws/install/yolo_msgs/include/yolo_msgs/yolo_msgs/msg/detail/detection_array__struct.h
[0.590s] -- Up-to-date: /root/yolo_ws/install/yolo_msgs/include/yolo_msgs/yolo_msgs/msg/detail/key_point3_d__type_support.h
[0.590s] -- Up-to-date: /root/yolo_ws/install/yolo_msgs/include/yolo_msgs/yolo_msgs/msg/detail/key_point3_d_array__description.c
[0.590s] -- Up-to-date: /root/yolo_ws/install/yolo_msgs/include/yolo_msgs/yolo_msgs/msg/detail/mask__description.c
[0.590s] -- Installing: /root/yolo_ws/install/yolo_msgs/include/yolo_msgs/yolo_msgs/msg/detail/key_point2_d__type_support.c
[0.591s] -- Installing: /root/yolo_ws/install/yolo_msgs/include/yolo_msgs/yolo_msgs/msg/detail/detection_array__type_support.c
[0.591s] -- Up-to-date: /root/yolo_ws/install/yolo_msgs/include/yolo_msgs/yolo_msgs/msg/detail/key_point2_d__type_support.h
[0.591s] -- Up-to-date: /root/yolo_ws/install/yolo_msgs/include/yolo_msgs/yolo_msgs/msg/detail/detection__struct.h
[0.591s] -- Installing: /root/yolo_ws/install/yolo_msgs/include/yolo_msgs/yolo_msgs/msg/detail/vector2__type_support.c
[0.591s] -- Up-to-date: /root/yolo_ws/install/yolo_msgs/include/yolo_msgs/yolo_msgs/msg/detail/key_point2_d__functions.h
[0.591s] -- Up-to-date: /root/yolo_ws/install/yolo_msgs/include/yolo_msgs/yolo_msgs/msg/detail/bounding_box2_d__description.c
[0.591s] -- Installing: /root/yolo_ws/install/yolo_msgs/include/yolo_msgs/yolo_msgs/msg/detail/detection__type_support.c
[0.591s] -- Installing: /root/yolo_ws/install/yolo_msgs/include/yolo_msgs/yolo_msgs/msg/detail/key_point2_d_array__type_support.c
[0.591s] -- Installing: /root/yolo_ws/install/yolo_msgs/include/yolo_msgs/yolo_msgs/msg/detail/key_point3_d__type_support.c
[0.591s] -- Up-to-date: /root/yolo_ws/install/yolo_msgs/include/yolo_msgs/yolo_msgs/msg/detail/key_point3_d__functions.c
[0.591s] -- Up-to-date: /root/yolo_ws/install/yolo_msgs/include/yolo_msgs/yolo_msgs/msg/detail/key_point3_d_array__struct.h
[0.592s] -- Up-to-date: /root/yolo_ws/install/yolo_msgs/include/yolo_msgs/yolo_msgs/msg/detail/key_point2_d__functions.c
[0.592s] -- Up-to-date: /root/yolo_ws/install/yolo_msgs/include/yolo_msgs/yolo_msgs/msg/detail/vector2__functions.h
[0.592s] -- Up-to-date: /root/yolo_ws/install/yolo_msgs/include/yolo_msgs/yolo_msgs/msg/detail/key_point2_d__description.c
[0.592s] -- Up-to-date: /root/yolo_ws/install/yolo_msgs/include/yolo_msgs/yolo_msgs/msg/detail/detection_array__functions.h
[0.592s] -- Up-to-date: /root/yolo_ws/install/yolo_msgs/include/yolo_msgs/yolo_msgs/msg/detail/detection_array__type_support.h
[0.592s] -- Up-to-date: /root/yolo_ws/install/yolo_msgs/include/yolo_msgs/yolo_msgs/msg/detail/key_point3_d_array__type_support.h
[0.592s] -- Up-to-date: /root/yolo_ws/install/yolo_msgs/include/yolo_msgs/yolo_msgs/msg/detail/bounding_box2_d__functions.h
[0.592s] -- Up-to-date: /root/yolo_ws/install/yolo_msgs/include/yolo_msgs/yolo_msgs/msg/detail/detection_array__functions.c
[0.592s] -- Up-to-date: /root/yolo_ws/install/yolo_msgs/include/yolo_msgs/yolo_msgs/msg/detail/pose2_d__functions.h
[0.592s] -- Up-to-date: /root/yolo_ws/install/yolo_msgs/include/yolo_msgs/yolo_msgs/msg/detail/key_point2_d_array__functions.h
[0.592s] -- Up-to-date: /root/yolo_ws/install/yolo_msgs/include/yolo_msgs/yolo_msgs/msg/detail/pose2_d__functions.c
[0.592s] -- Up-to-date: /root/yolo_ws/install/yolo_msgs/include/yolo_msgs/yolo_msgs/msg/detail/mask__struct.h
[0.592s] -- Up-to-date: /root/yolo_ws/install/yolo_msgs/include/yolo_msgs/yolo_msgs/msg/detail/vector2__functions.c
[0.592s] -- Up-to-date: /root/yolo_ws/install/yolo_msgs/include/yolo_msgs/yolo_msgs/msg/detail/point2_d__functions.c
[0.593s] -- Up-to-date: /root/yolo_ws/install/yolo_msgs/include/yolo_msgs/yolo_msgs/msg/detail/detection_array__description.c
[0.593s] -- Up-to-date: /root/yolo_ws/install/yolo_msgs/include/yolo_msgs/yolo_msgs/msg/detail/point2_d__description.c
[0.593s] -- Up-to-date: /root/yolo_ws/install/yolo_msgs/include/yolo_msgs/yolo_msgs/msg/detail/pose2_d__description.c
[0.593s] -- Up-to-date: /root/yolo_ws/install/yolo_msgs/include/yolo_msgs/yolo_msgs/msg/detail/vector2__description.c
[0.593s] -- Installing: /root/yolo_ws/install/yolo_msgs/include/yolo_msgs/yolo_msgs/msg/detail/point2_d__type_support.c
[0.593s] -- Up-to-date: /root/yolo_ws/install/yolo_msgs/include/yolo_msgs/yolo_msgs/msg/detail/mask__functions.h
[0.593s] -- Up-to-date: /root/yolo_ws/install/yolo_msgs/include/yolo_msgs/yolo_msgs/msg/detail/key_point2_d__struct.h
[0.593s] -- Up-to-date: /root/yolo_ws/install/yolo_msgs/include/yolo_msgs/yolo_msgs/msg/detail/key_point3_d__description.c
[0.593s] -- Up-to-date: /root/yolo_ws/install/yolo_msgs/include/yolo_msgs/yolo_msgs/msg/detection_array.h
[0.593s] -- Up-to-date: /root/yolo_ws/install/yolo_msgs/include/yolo_msgs/yolo_msgs/msg/key_point2_d_array.h
[0.593s] -- Up-to-date: /root/yolo_ws/install/yolo_msgs/include/yolo_msgs/yolo_msgs/msg/point2_d.h
[0.593s] -- Up-to-date: /root/yolo_ws/install/yolo_msgs/include/yolo_msgs/yolo_msgs/msg/key_point3_d_array.h
[0.593s] -- Up-to-date: /root/yolo_ws/install/yolo_msgs/include/yolo_msgs/yolo_msgs/msg/key_point3_d.h
[0.594s] -- Up-to-date: /root/yolo_ws/install/yolo_msgs/include/yolo_msgs/yolo_msgs/msg/pose2_d.h
[0.594s] -- Up-to-date: /root/yolo_ws/install/yolo_msgs/include/yolo_msgs/yolo_msgs/msg/vector2.h
[0.594s] -- Up-to-date: /root/yolo_ws/install/yolo_msgs/include/yolo_msgs/yolo_msgs/msg/detection.h
[0.594s] -- Up-to-date: /root/yolo_ws/install/yolo_msgs/include/yolo_msgs/yolo_msgs/msg/mask.h
[0.594s] -- Up-to-date: /root/yolo_ws/install/yolo_msgs/include/yolo_msgs/yolo_msgs/msg/rosidl_generator_c__visibility_control.h
[0.594s] -- Up-to-date: /root/yolo_ws/install/yolo_msgs/include/yolo_msgs/yolo_msgs/srv
[0.594s] -- Up-to-date: /root/yolo_ws/install/yolo_msgs/include/yolo_msgs/yolo_msgs/srv/detail
[0.594s] -- Installing: /root/yolo_ws/install/yolo_msgs/include/yolo_msgs/yolo_msgs/srv/detail/set_classes__type_support.c
[0.594s] -- Up-to-date: /root/yolo_ws/install/yolo_msgs/include/yolo_msgs/yolo_msgs/srv/detail/set_classes__struct.h
[0.594s] -- Up-to-date: /root/yolo_ws/install/yolo_msgs/include/yolo_msgs/yolo_msgs/srv/detail/set_classes__type_support.h
[0.594s] -- Up-to-date: /root/yolo_ws/install/yolo_msgs/include/yolo_msgs/yolo_msgs/srv/detail/set_classes__description.c
[0.594s] -- Up-to-date: /root/yolo_ws/install/yolo_msgs/include/yolo_msgs/yolo_msgs/srv/detail/set_classes__functions.c
[0.594s] -- Up-to-date: /root/yolo_ws/install/yolo_msgs/include/yolo_msgs/yolo_msgs/srv/detail/set_classes__functions.h
[0.595s] -- Up-to-date: /root/yolo_ws/install/yolo_msgs/include/yolo_msgs/yolo_msgs/srv/set_classes.h
[0.595s] -- Up-to-date: /root/yolo_ws/install/yolo_msgs/share/yolo_msgs/environment/library_path.sh
[0.595s] -- Up-to-date: /root/yolo_ws/install/yolo_msgs/share/yolo_msgs/environment/library_path.dsv
[0.595s] -- Up-to-date: /root/yolo_ws/install/yolo_msgs/lib/libyolo_msgs__rosidl_generator_c.so
[0.595s] -- Up-to-date: /root/yolo_ws/install/yolo_msgs/include/yolo_msgs/yolo_msgs
[0.595s] -- Up-to-date: /root/yolo_ws/install/yolo_msgs/include/yolo_msgs/yolo_msgs/msg
[0.595s] -- Up-to-date: /root/yolo_ws/install/yolo_msgs/include/yolo_msgs/yolo_msgs/msg/rosidl_typesupport_fastrtps_c__visibility_control.h
[0.595s] -- Up-to-date: /root/yolo_ws/install/yolo_msgs/include/yolo_msgs/yolo_msgs/msg/detail
[0.595s] -- Up-to-date: /root/yolo_ws/install/yolo_msgs/include/yolo_msgs/yolo_msgs/msg/detail/mask__rosidl_typesupport_fastrtps_c.h
[0.595s] -- Up-to-date: /root/yolo_ws/install/yolo_msgs/include/yolo_msgs/yolo_msgs/msg/detail/bounding_box3_d__rosidl_typesupport_fastrtps_c.h
[0.595s] -- Up-to-date: /root/yolo_ws/install/yolo_msgs/include/yolo_msgs/yolo_msgs/msg/detail/detection__rosidl_typesupport_fastrtps_c.h
[0.595s] -- Up-to-date: /root/yolo_ws/install/yolo_msgs/include/yolo_msgs/yolo_msgs/msg/detail/key_point3_d_array__rosidl_typesupport_fastrtps_c.h
[0.595s] -- Up-to-date: /root/yolo_ws/install/yolo_msgs/include/yolo_msgs/yolo_msgs/msg/detail/pose2_d__rosidl_typesupport_fastrtps_c.h
[0.595s] -- Up-to-date: /root/yolo_ws/install/yolo_msgs/include/yolo_msgs/yolo_msgs/msg/detail/detection_array__rosidl_typesupport_fastrtps_c.h
[0.596s] -- Up-to-date: /root/yolo_ws/install/yolo_msgs/include/yolo_msgs/yolo_msgs/msg/detail/vector2__rosidl_typesupport_fastrtps_c.h
[0.596s] -- Up-to-date: /root/yolo_ws/install/yolo_msgs/include/yolo_msgs/yolo_msgs/msg/detail/key_point3_d__rosidl_typesupport_fastrtps_c.h
[0.596s] -- Up-to-date: /root/yolo_ws/install/yolo_msgs/include/yolo_msgs/yolo_msgs/msg/detail/key_point2_d_array__rosidl_typesupport_fastrtps_c.h
[0.596s] -- Up-to-date: /root/yolo_ws/install/yolo_msgs/include/yolo_msgs/yolo_msgs/msg/detail/key_point2_d__rosidl_typesupport_fastrtps_c.h
[0.596s] -- Up-to-date: /root/yolo_ws/install/yolo_msgs/include/yolo_msgs/yolo_msgs/msg/detail/point2_d__rosidl_typesupport_fastrtps_c.h
[0.596s] -- Up-to-date: /root/yolo_ws/install/yolo_msgs/include/yolo_msgs/yolo_msgs/msg/detail/bounding_box2_d__rosidl_typesupport_fastrtps_c.h
[0.596s] -- Up-to-date: /root/yolo_ws/install/yolo_msgs/include/yolo_msgs/yolo_msgs/srv
[0.596s] -- Up-to-date: /root/yolo_ws/install/yolo_msgs/include/yolo_msgs/yolo_msgs/srv/detail
[0.596s] -- Up-to-date: /root/yolo_ws/install/yolo_msgs/include/yolo_msgs/yolo_msgs/srv/detail/set_classes__rosidl_typesupport_fastrtps_c.h
[0.596s] -- Up-to-date: /root/yolo_ws/install/yolo_msgs/lib/libyolo_msgs__rosidl_typesupport_fastrtps_c.so
[0.596s] -- Up-to-date: /root/yolo_ws/install/yolo_msgs/include/yolo_msgs/yolo_msgs
[0.596s] -- Up-to-date: /root/yolo_ws/install/yolo_msgs/include/yolo_msgs/yolo_msgs/msg
[0.596s] -- Up-to-date: /root/yolo_ws/install/yolo_msgs/include/yolo_msgs/yolo_msgs/msg/detail
[0.596s] -- Up-to-date: /root/yolo_ws/install/yolo_msgs/include/yolo_msgs/yolo_msgs/msg/detail/point2_d__rosidl_typesupport_introspection_c.h
[0.596s] -- Installing: /root/yolo_ws/install/yolo_msgs/include/yolo_msgs/yolo_msgs/msg/detail/pose2_d__type_support.c
[0.597s] -- Up-to-date: /root/yolo_ws/install/yolo_msgs/include/yolo_msgs/yolo_msgs/msg/detail/pose2_d__rosidl_typesupport_introspection_c.h
[0.597s] -- Up-to-date: /root/yolo_ws/install/yolo_msgs/include/yolo_msgs/yolo_msgs/msg/detail/bounding_box2_d__rosidl_typesupport_introspection_c.h
[0.597s] -- Up-to-date: /root/yolo_ws/install/yolo_msgs/include/yolo_msgs/yolo_msgs/msg/detail/key_point2_d_array__rosidl_typesupport_introspection_c.h
[0.597s] -- Up-to-date: /root/yolo_ws/install/yolo_msgs/include/yolo_msgs/yolo_msgs/msg/detail/key_point2_d__rosidl_typesupport_introspection_c.h
[0.597s] -- Installing: /root/yolo_ws/install/yolo_msgs/include/yolo_msgs/yolo_msgs/msg/detail/bounding_box2_d__type_support.c
[0.597s] -- Installing: /root/yolo_ws/install/yolo_msgs/include/yolo_msgs/yolo_msgs/msg/detail/bounding_box3_d__type_support.c
[0.597s] -- Up-to-date: /root/yolo_ws/install/yolo_msgs/include/yolo_msgs/yolo_msgs/msg/detail/mask__rosidl_typesupport_introspection_c.h
[0.597s] -- Installing: /root/yolo_ws/install/yolo_msgs/include/yolo_msgs/yolo_msgs/msg/detail/mask__type_support.c
[0.597s] -- Installing: /root/yolo_ws/install/yolo_msgs/include/yolo_msgs/yolo_msgs/msg/detail/key_point3_d_array__type_support.c
[0.597s] -- Installing: /root/yolo_ws/install/yolo_msgs/include/yolo_msgs/yolo_msgs/msg/detail/key_point2_d__type_support.c
[0.597s] -- Installing: /root/yolo_ws/install/yolo_msgs/include/yolo_msgs/yolo_msgs/msg/detail/detection_array__type_support.c
[0.597s] -- Installing: /root/yolo_ws/install/yolo_msgs/include/yolo_msgs/yolo_msgs/msg/detail/vector2__type_support.c
[0.597s] -- Installing: /root/yolo_ws/install/yolo_msgs/include/yolo_msgs/yolo_msgs/msg/detail/detection__type_support.c
[0.598s] -- Installing: /root/yolo_ws/install/yolo_msgs/include/yolo_msgs/yolo_msgs/msg/detail/key_point2_d_array__type_support.c
[0.598s] -- Installing: /root/yolo_ws/install/yolo_msgs/include/yolo_msgs/yolo_msgs/msg/detail/key_point3_d__type_support.c
[0.598s] -- Up-to-date: /root/yolo_ws/install/yolo_msgs/include/yolo_msgs/yolo_msgs/msg/detail/key_point3_d__rosidl_typesupport_introspection_c.h
[0.598s] -- Up-to-date: /root/yolo_ws/install/yolo_msgs/include/yolo_msgs/yolo_msgs/msg/detail/detection__rosidl_typesupport_introspection_c.h
[0.598s] -- Up-to-date: /root/yolo_ws/install/yolo_msgs/include/yolo_msgs/yolo_msgs/msg/detail/vector2__rosidl_typesupport_introspection_c.h
[0.598s] -- Up-to-date: /root/yolo_ws/install/yolo_msgs/include/yolo_msgs/yolo_msgs/msg/detail/bounding_box3_d__rosidl_typesupport_introspection_c.h
[0.598s] -- Up-to-date: /root/yolo_ws/install/yolo_msgs/include/yolo_msgs/yolo_msgs/msg/detail/key_point3_d_array__rosidl_typesupport_introspection_c.h
[0.598s] -- Installing: /root/yolo_ws/install/yolo_msgs/include/yolo_msgs/yolo_msgs/msg/detail/point2_d__type_support.c
[0.598s] -- Up-to-date: /root/yolo_ws/install/yolo_msgs/include/yolo_msgs/yolo_msgs/msg/detail/detection_array__rosidl_typesupport_introspection_c.h
[0.598s] -- Up-to-date: /root/yolo_ws/install/yolo_msgs/include/yolo_msgs/yolo_msgs/msg/rosidl_typesupport_introspection_c__visibility_control.h
[0.598s] -- Up-to-date: /root/yolo_ws/install/yolo_msgs/include/yolo_msgs/yolo_msgs/srv
[0.598s] -- Up-to-date: /root/yolo_ws/install/yolo_msgs/include/yolo_msgs/yolo_msgs/srv/detail
[0.598s] -- Installing: /root/yolo_ws/install/yolo_msgs/include/yolo_msgs/yolo_msgs/srv/detail/set_classes__type_support.c
[0.598s] -- Up-to-date: /root/yolo_ws/install/yolo_msgs/include/yolo_msgs/yolo_msgs/srv/detail/set_classes__rosidl_typesupport_introspection_c.h
[0.598s] -- Up-to-date: /root/yolo_ws/install/yolo_msgs/lib/libyolo_msgs__rosidl_typesupport_introspection_c.so
[0.599s] -- Up-to-date: /root/yolo_ws/install/yolo_msgs/lib/libyolo_msgs__rosidl_typesupport_c.so
[0.599s] -- Up-to-date: /root/yolo_ws/install/yolo_msgs/include/yolo_msgs/yolo_msgs
[0.599s] -- Up-to-date: /root/yolo_ws/install/yolo_msgs/include/yolo_msgs/yolo_msgs/msg
[0.599s] -- Up-to-date: /root/yolo_ws/install/yolo_msgs/include/yolo_msgs/yolo_msgs/msg/key_point2_d.hpp
[0.599s] -- Up-to-date: /root/yolo_ws/install/yolo_msgs/include/yolo_msgs/yolo_msgs/msg/detection_array.hpp
[0.599s] -- Up-to-date: /root/yolo_ws/install/yolo_msgs/include/yolo_msgs/yolo_msgs/msg/bounding_box2_d.hpp
[0.599s] -- Up-to-date: /root/yolo_ws/install/yolo_msgs/include/yolo_msgs/yolo_msgs/msg/rosidl_generator_cpp__visibility_control.hpp
[0.599s] -- Up-to-date: /root/yolo_ws/install/yolo_msgs/include/yolo_msgs/yolo_msgs/msg/key_point2_d_array.hpp
[0.599s] -- Up-to-date: /root/yolo_ws/install/yolo_msgs/include/yolo_msgs/yolo_msgs/msg/vector2.hpp
[0.599s] -- Up-to-date: /root/yolo_ws/install/yolo_msgs/include/yolo_msgs/yolo_msgs/msg/point2_d.hpp
[0.599s] -- Up-to-date: /root/yolo_ws/install/yolo_msgs/include/yolo_msgs/yolo_msgs/msg/key_point3_d_array.hpp
[0.599s] -- Up-to-date: /root/yolo_ws/install/yolo_msgs/include/yolo_msgs/yolo_msgs/msg/pose2_d.hpp
[0.600s] -- Up-to-date: /root/yolo_ws/install/yolo_msgs/include/yolo_msgs/yolo_msgs/msg/detail
[0.600s] -- Up-to-date: /root/yolo_ws/install/yolo_msgs/include/yolo_msgs/yolo_msgs/msg/detail/vector2__traits.hpp
[0.600s] -- Up-to-date: /root/yolo_ws/install/yolo_msgs/include/yolo_msgs/yolo_msgs/msg/detail/key_point2_d_array__traits.hpp
[0.600s] -- Up-to-date: /root/yolo_ws/install/yolo_msgs/include/yolo_msgs/yolo_msgs/msg/detail/key_point3_d_array__traits.hpp
[0.600s] -- Up-to-date: /root/yolo_ws/install/yolo_msgs/include/yolo_msgs/yolo_msgs/msg/detail/key_point2_d__type_support.hpp
[0.601s] -- Up-to-date: /root/yolo_ws/install/yolo_msgs/include/yolo_msgs/yolo_msgs/msg/detail/bounding_box2_d__traits.hpp
[0.601s] -- Up-to-date: /root/yolo_ws/install/yolo_msgs/include/yolo_msgs/yolo_msgs/msg/detail/key_point3_d__builder.hpp
[0.601s] -- Up-to-date: /root/yolo_ws/install/yolo_msgs/include/yolo_msgs/yolo_msgs/msg/detail/bounding_box2_d__builder.hpp
[0.601s] -- Up-to-date: /root/yolo_ws/install/yolo_msgs/include/yolo_msgs/yolo_msgs/msg/detail/key_point2_d__traits.hpp
[0.601s] -- Up-to-date: /root/yolo_ws/install/yolo_msgs/include/yolo_msgs/yolo_msgs/msg/detail/bounding_box3_d__traits.hpp
[0.601s] -- Up-to-date: /root/yolo_ws/install/yolo_msgs/include/yolo_msgs/yolo_msgs/msg/detail/pose2_d__struct.hpp
[0.602s] -- Up-to-date: /root/yolo_ws/install/yolo_msgs/include/yolo_msgs/yolo_msgs/msg/detail/bounding_box3_d__builder.hpp
[0.602s] -- Up-to-date: /root/yolo_ws/install/yolo_msgs/include/yolo_msgs/yolo_msgs/msg/detail/key_point3_d_array__builder.hpp
[0.602s] -- Up-to-date: /root/yolo_ws/install/yolo_msgs/include/yolo_msgs/yolo_msgs/msg/detail/bounding_box3_d__type_support.hpp
[0.602s] -- Up-to-date: /root/yolo_ws/install/yolo_msgs/include/yolo_msgs/yolo_msgs/msg/detail/point2_d__type_support.hpp
[0.602s] -- Up-to-date: /root/yolo_ws/install/yolo_msgs/include/yolo_msgs/yolo_msgs/msg/detail/pose2_d__traits.hpp
[0.602s] -- Up-to-date: /root/yolo_ws/install/yolo_msgs/include/yolo_msgs/yolo_msgs/msg/detail/detection__builder.hpp
[0.602s] -- Up-to-date: /root/yolo_ws/install/yolo_msgs/include/yolo_msgs/yolo_msgs/msg/detail/key_point3_d__traits.hpp
[0.602s] -- Up-to-date: /root/yolo_ws/install/yolo_msgs/include/yolo_msgs/yolo_msgs/msg/detail/vector2__builder.hpp
[0.603s] -- Up-to-date: /root/yolo_ws/install/yolo_msgs/include/yolo_msgs/yolo_msgs/msg/detail/bounding_box2_d__struct.hpp
[0.603s] -- Up-to-date: /root/yolo_ws/install/yolo_msgs/include/yolo_msgs/yolo_msgs/msg/detail/mask__builder.hpp
[0.603s] -- Up-to-date: /root/yolo_ws/install/yolo_msgs/include/yolo_msgs/yolo_msgs/msg/detail/key_point2_d__struct.hpp
[0.603s] -- Up-to-date: /root/yolo_ws/install/yolo_msgs/include/yolo_msgs/yolo_msgs/msg/detail/bounding_box2_d__type_support.hpp
[0.603s] -- Up-to-date: /root/yolo_ws/install/yolo_msgs/include/yolo_msgs/yolo_msgs/msg/detail/point2_d__traits.hpp
[0.603s] -- Up-to-date: /root/yolo_ws/install/yolo_msgs/include/yolo_msgs/yolo_msgs/msg/detail/key_point2_d_array__builder.hpp
[0.604s] -- Up-to-date: /root/yolo_ws/install/yolo_msgs/include/yolo_msgs/yolo_msgs/msg/detail/detection_array__struct.hpp
[0.604s] -- Up-to-date: /root/yolo_ws/install/yolo_msgs/include/yolo_msgs/yolo_msgs/msg/detail/vector2__struct.hpp
[0.604s] -- Up-to-date: /root/yolo_ws/install/yolo_msgs/include/yolo_msgs/yolo_msgs/msg/detail/key_point3_d_array__type_support.hpp
[0.604s] -- Up-to-date: /root/yolo_ws/install/yolo_msgs/include/yolo_msgs/yolo_msgs/msg/detail/detection__traits.hpp
[0.604s] -- Up-to-date: /root/yolo_ws/install/yolo_msgs/include/yolo_msgs/yolo_msgs/msg/detail/key_point2_d_array__type_support.hpp
[0.604s] -- Up-to-date: /root/yolo_ws/install/yolo_msgs/include/yolo_msgs/yolo_msgs/msg/detail/point2_d__builder.hpp
[0.604s] -- Up-to-date: /root/yolo_ws/install/yolo_msgs/include/yolo_msgs/yolo_msgs/msg/detail/key_point3_d_array__struct.hpp
[0.604s] -- Up-to-date: /root/yolo_ws/install/yolo_msgs/include/yolo_msgs/yolo_msgs/msg/detail/detection__struct.hpp
[0.604s] -- Up-to-date: /root/yolo_ws/install/yolo_msgs/include/yolo_msgs/yolo_msgs/msg/detail/pose2_d__type_support.hpp
[0.605s] -- Up-to-date: /root/yolo_ws/install/yolo_msgs/include/yolo_msgs/yolo_msgs/msg/detail/detection_array__type_support.hpp
[0.605s] -- Up-to-date: /root/yolo_ws/install/yolo_msgs/include/yolo_msgs/yolo_msgs/msg/detail/detection_array__traits.hpp
[0.605s] -- Up-to-date: /root/yolo_ws/install/yolo_msgs/include/yolo_msgs/yolo_msgs/msg/detail/detection__type_support.hpp
[0.605s] -- Up-to-date: /root/yolo_ws/install/yolo_msgs/include/yolo_msgs/yolo_msgs/msg/detail/detection_array__builder.hpp
[0.605s] -- Up-to-date: /root/yolo_ws/install/yolo_msgs/include/yolo_msgs/yolo_msgs/msg/detail/vector2__type_support.hpp
[0.605s] -- Up-to-date: /root/yolo_ws/install/yolo_msgs/include/yolo_msgs/yolo_msgs/msg/detail/mask__traits.hpp
[0.605s] -- Up-to-date: /root/yolo_ws/install/yolo_msgs/include/yolo_msgs/yolo_msgs/msg/detail/bounding_box3_d__struct.hpp
[0.605s] -- Up-to-date: /root/yolo_ws/install/yolo_msgs/include/yolo_msgs/yolo_msgs/msg/detail/key_point2_d_array__struct.hpp
[0.605s] -- Up-to-date: /root/yolo_ws/install/yolo_msgs/include/yolo_msgs/yolo_msgs/msg/detail/key_point2_d__builder.hpp
[0.605s] -- Up-to-date: /root/yolo_ws/install/yolo_msgs/include/yolo_msgs/yolo_msgs/msg/detail/mask__struct.hpp
[0.606s] -- Up-to-date: /root/yolo_ws/install/yolo_msgs/include/yolo_msgs/yolo_msgs/msg/detail/point2_d__struct.hpp
[0.606s] -- Up-to-date: /root/yolo_ws/install/yolo_msgs/include/yolo_msgs/yolo_msgs/msg/detail/key_point3_d__struct.hpp
[0.606s] -- Up-to-date: /root/yolo_ws/install/yolo_msgs/include/yolo_msgs/yolo_msgs/msg/detail/pose2_d__builder.hpp
[0.606s] -- Up-to-date: /root/yolo_ws/install/yolo_msgs/include/yolo_msgs/yolo_msgs/msg/detail/mask__type_support.hpp
[0.606s] -- Up-to-date: /root/yolo_ws/install/yolo_msgs/include/yolo_msgs/yolo_msgs/msg/detail/key_point3_d__type_support.hpp
[0.606s] -- Up-to-date: /root/yolo_ws/install/yolo_msgs/include/yolo_msgs/yolo_msgs/msg/key_point3_d.hpp
[0.606s] -- Up-to-date: /root/yolo_ws/install/yolo_msgs/include/yolo_msgs/yolo_msgs/msg/bounding_box3_d.hpp
[0.606s] -- Up-to-date: /root/yolo_ws/install/yolo_msgs/include/yolo_msgs/yolo_msgs/msg/mask.hpp
[0.606s] -- Up-to-date: /root/yolo_ws/install/yolo_msgs/include/yolo_msgs/yolo_msgs/msg/detection.hpp
[0.606s] -- Up-to-date: /root/yolo_ws/install/yolo_msgs/include/yolo_msgs/yolo_msgs/srv
[0.607s] -- Up-to-date: /root/yolo_ws/install/yolo_msgs/include/yolo_msgs/yolo_msgs/srv/detail
[0.607s] -- Up-to-date: /root/yolo_ws/install/yolo_msgs/include/yolo_msgs/yolo_msgs/srv/detail/set_classes__type_support.hpp
[0.607s] -- Up-to-date: /root/yolo_ws/install/yolo_msgs/include/yolo_msgs/yolo_msgs/srv/detail/set_classes__traits.hpp
[0.607s] -- Up-to-date: /root/yolo_ws/install/yolo_msgs/include/yolo_msgs/yolo_msgs/srv/detail/set_classes__builder.hpp
[0.607s] -- Up-to-date: /root/yolo_ws/install/yolo_msgs/include/yolo_msgs/yolo_msgs/srv/detail/set_classes__struct.hpp
[0.607s] -- Up-to-date: /root/yolo_ws/install/yolo_msgs/include/yolo_msgs/yolo_msgs/srv/set_classes.hpp
[0.607s] -- Up-to-date: /root/yolo_ws/install/yolo_msgs/include/yolo_msgs/yolo_msgs
[0.607s] -- Up-to-date: /root/yolo_ws/install/yolo_msgs/include/yolo_msgs/yolo_msgs/msg
[0.607s] -- Up-to-date: /root/yolo_ws/install/yolo_msgs/include/yolo_msgs/yolo_msgs/msg/rosidl_typesupport_fastrtps_cpp__visibility_control.h
[0.607s] -- Up-to-date: /root/yolo_ws/install/yolo_msgs/include/yolo_msgs/yolo_msgs/msg/detail
[0.607s] -- Up-to-date: /root/yolo_ws/install/yolo_msgs/include/yolo_msgs/yolo_msgs/msg/detail/dds_fastrtps
[0.607s] -- Up-to-date: /root/yolo_ws/install/yolo_msgs/include/yolo_msgs/yolo_msgs/msg/detail/pose2_d__rosidl_typesupport_fastrtps_cpp.hpp
[0.607s] -- Up-to-date: /root/yolo_ws/install/yolo_msgs/include/yolo_msgs/yolo_msgs/msg/detail/detection__rosidl_typesupport_fastrtps_cpp.hpp
[0.608s] -- Up-to-date: /root/yolo_ws/install/yolo_msgs/include/yolo_msgs/yolo_msgs/msg/detail/point2_d__rosidl_typesupport_fastrtps_cpp.hpp
[0.608s] -- Up-to-date: /root/yolo_ws/install/yolo_msgs/include/yolo_msgs/yolo_msgs/msg/detail/bounding_box3_d__rosidl_typesupport_fastrtps_cpp.hpp
[0.608s] -- Up-to-date: /root/yolo_ws/install/yolo_msgs/include/yolo_msgs/yolo_msgs/msg/detail/key_point2_d_array__rosidl_typesupport_fastrtps_cpp.hpp
[0.608s] -- Up-to-date: /root/yolo_ws/install/yolo_msgs/include/yolo_msgs/yolo_msgs/msg/detail/bounding_box2_d__rosidl_typesupport_fastrtps_cpp.hpp
[0.608s] -- Up-to-date: /root/yolo_ws/install/yolo_msgs/include/yolo_msgs/yolo_msgs/msg/detail/key_point3_d__rosidl_typesupport_fastrtps_cpp.hpp
[0.608s] -- Up-to-date: /root/yolo_ws/install/yolo_msgs/include/yolo_msgs/yolo_msgs/msg/detail/detection_array__rosidl_typesupport_fastrtps_cpp.hpp
[0.608s] -- Up-to-date: /root/yolo_ws/install/yolo_msgs/include/yolo_msgs/yolo_msgs/msg/detail/key_point2_d__rosidl_typesupport_fastrtps_cpp.hpp
[0.608s] -- Up-to-date: /root/yolo_ws/install/yolo_msgs/include/yolo_msgs/yolo_msgs/msg/detail/vector2__rosidl_typesupport_fastrtps_cpp.hpp
[0.608s] -- Up-to-date: /root/yolo_ws/install/yolo_msgs/include/yolo_msgs/yolo_msgs/msg/detail/key_point3_d_array__rosidl_typesupport_fastrtps_cpp.hpp
[0.608s] -- Up-to-date: /root/yolo_ws/install/yolo_msgs/include/yolo_msgs/yolo_msgs/msg/detail/mask__rosidl_typesupport_fastrtps_cpp.hpp
[0.608s] -- Up-to-date: /root/yolo_ws/install/yolo_msgs/include/yolo_msgs/yolo_msgs/srv
[0.608s] -- Up-to-date: /root/yolo_ws/install/yolo_msgs/include/yolo_msgs/yolo_msgs/srv/detail
[0.608s] -- Up-to-date: /root/yolo_ws/install/yolo_msgs/include/yolo_msgs/yolo_msgs/srv/detail/dds_fastrtps
[0.608s] -- Up-to-date: /root/yolo_ws/install/yolo_msgs/include/yolo_msgs/yolo_msgs/srv/detail/set_classes__rosidl_typesupport_fastrtps_cpp.hpp
[0.608s] -- Up-to-date: /root/yolo_ws/install/yolo_msgs/lib/libyolo_msgs__rosidl_typesupport_fastrtps_cpp.so
[0.608s] -- Up-to-date: /root/yolo_ws/install/yolo_msgs/include/yolo_msgs/yolo_msgs
[0.609s] -- Up-to-date: /root/yolo_ws/install/yolo_msgs/include/yolo_msgs/yolo_msgs/msg
[0.609s] -- Up-to-date: /root/yolo_ws/install/yolo_msgs/include/yolo_msgs/yolo_msgs/msg/detail
[0.609s] -- Up-to-date: /root/yolo_ws/install/yolo_msgs/include/yolo_msgs/yolo_msgs/msg/detail/mask__type_support.cpp
[0.609s] -- Up-to-date: /root/yolo_ws/install/yolo_msgs/include/yolo_msgs/yolo_msgs/msg/detail/detection_array__rosidl_typesupport_introspection_cpp.hpp
[0.609s] -- Up-to-date: /root/yolo_ws/install/yolo_msgs/include/yolo_msgs/yolo_msgs/msg/detail/detection__rosidl_typesupport_introspection_cpp.hpp
[0.609s] -- Up-to-date: /root/yolo_ws/install/yolo_msgs/include/yolo_msgs/yolo_msgs/msg/detail/vector2__rosidl_typesupport_introspection_cpp.hpp
[0.609s] -- Up-to-date: /root/yolo_ws/install/yolo_msgs/include/yolo_msgs/yolo_msgs/msg/detail/key_point2_d_array__type_support.cpp
[0.609s] -- Up-to-date: /root/yolo_ws/install/yolo_msgs/include/yolo_msgs/yolo_msgs/msg/detail/detection__type_support.cpp
[0.609s] -- Up-to-date: /root/yolo_ws/install/yolo_msgs/include/yolo_msgs/yolo_msgs/msg/detail/pose2_d__rosidl_typesupport_introspection_cpp.hpp
[0.609s] -- Up-to-date: /root/yolo_ws/install/yolo_msgs/include/yolo_msgs/yolo_msgs/msg/detail/point2_d__type_support.cpp
[0.609s] -- Up-to-date: /root/yolo_ws/install/yolo_msgs/include/yolo_msgs/yolo_msgs/msg/detail/vector2__type_support.cpp
[0.609s] -- Up-to-date: /root/yolo_ws/install/yolo_msgs/include/yolo_msgs/yolo_msgs/msg/detail/key_point3_d_array__type_support.cpp
[0.609s] -- Up-to-date: /root/yolo_ws/install/yolo_msgs/include/yolo_msgs/yolo_msgs/msg/detail/pose2_d__type_support.cpp
[0.609s] -- Up-to-date: /root/yolo_ws/install/yolo_msgs/include/yolo_msgs/yolo_msgs/msg/detail/key_point2_d_array__rosidl_typesupport_introspection_cpp.hpp
[0.609s] -- Up-to-date: /root/yolo_ws/install/yolo_msgs/include/yolo_msgs/yolo_msgs/msg/detail/key_point3_d__rosidl_typesupport_introspection_cpp.hpp
[0.609s] -- Up-to-date: /root/yolo_ws/install/yolo_msgs/include/yolo_msgs/yolo_msgs/msg/detail/key_point2_d__type_support.cpp
[0.610s] -- Up-to-date: /root/yolo_ws/install/yolo_msgs/include/yolo_msgs/yolo_msgs/msg/detail/bounding_box2_d__rosidl_typesupport_introspection_cpp.hpp
[0.610s] -- Up-to-date: /root/yolo_ws/install/yolo_msgs/include/yolo_msgs/yolo_msgs/msg/detail/mask__rosidl_typesupport_introspection_cpp.hpp
[0.610s] -- Up-to-date: /root/yolo_ws/install/yolo_msgs/include/yolo_msgs/yolo_msgs/msg/detail/key_point2_d__rosidl_typesupport_introspection_cpp.hpp
[0.610s] -- Up-to-date: /root/yolo_ws/install/yolo_msgs/include/yolo_msgs/yolo_msgs/msg/detail/bounding_box2_d__type_support.cpp
[0.610s] -- Up-to-date: /root/yolo_ws/install/yolo_msgs/include/yolo_msgs/yolo_msgs/msg/detail/key_point3_d_array__rosidl_typesupport_introspection_cpp.hpp
[0.610s] -- Up-to-date: /root/yolo_ws/install/yolo_msgs/include/yolo_msgs/yolo_msgs/msg/detail/detection_array__type_support.cpp
[0.610s] -- Up-to-date: /root/yolo_ws/install/yolo_msgs/include/yolo_msgs/yolo_msgs/msg/detail/bounding_box3_d__type_support.cpp
[0.610s] -- Up-to-date: /root/yolo_ws/install/yolo_msgs/include/yolo_msgs/yolo_msgs/msg/detail/point2_d__rosidl_typesupport_introspection_cpp.hpp
[0.610s] -- Up-to-date: /root/yolo_ws/install/yolo_msgs/include/yolo_msgs/yolo_msgs/msg/detail/bounding_box3_d__rosidl_typesupport_introspection_cpp.hpp
[0.610s] -- Up-to-date: /root/yolo_ws/install/yolo_msgs/include/yolo_msgs/yolo_msgs/msg/detail/key_point3_d__type_support.cpp
[0.610s] -- Up-to-date: /root/yolo_ws/install/yolo_msgs/include/yolo_msgs/yolo_msgs/srv
[0.610s] -- Up-to-date: /root/yolo_ws/install/yolo_msgs/include/yolo_msgs/yolo_msgs/srv/detail
[0.610s] -- Up-to-date: /root/yolo_ws/install/yolo_msgs/include/yolo_msgs/yolo_msgs/srv/detail/set_classes__rosidl_typesupport_introspection_cpp.hpp
[0.610s] -- Up-to-date: /root/yolo_ws/install/yolo_msgs/include/yolo_msgs/yolo_msgs/srv/detail/set_classes__type_support.cpp
[0.610s] -- Up-to-date: /root/yolo_ws/install/yolo_msgs/lib/libyolo_msgs__rosidl_typesupport_introspection_cpp.so
[0.611s] -- Up-to-date: /root/yolo_ws/install/yolo_msgs/lib/libyolo_msgs__rosidl_typesupport_cpp.so
[0.611s] -- Up-to-date: /root/yolo_ws/install/yolo_msgs/share/yolo_msgs/environment/pythonpath.sh
[0.611s] -- Up-to-date: /root/yolo_ws/install/yolo_msgs/share/yolo_msgs/environment/pythonpath.dsv
[0.611s] -- Up-to-date: /root/yolo_ws/install/yolo_msgs/lib/python3.12/site-packages/yolo_msgs-4.2.0-py3.12.egg-info
[0.611s] -- Installing: /root/yolo_ws/install/yolo_msgs/lib/python3.12/site-packages/yolo_msgs-4.2.0-py3.12.egg-info/PKG-INFO
[0.611s] -- Installing: /root/yolo_ws/install/yolo_msgs/lib/python3.12/site-packages/yolo_msgs-4.2.0-py3.12.egg-info/SOURCES.txt
[0.611s] -- Installing: /root/yolo_ws/install/yolo_msgs/lib/python3.12/site-packages/yolo_msgs-4.2.0-py3.12.egg-info/dependency_links.txt
[0.611s] -- Installing: /root/yolo_ws/install/yolo_msgs/lib/python3.12/site-packages/yolo_msgs-4.2.0-py3.12.egg-info/top_level.txt
[0.611s] -- Up-to-date: /root/yolo_ws/install/yolo_msgs/lib/python3.12/site-packages/yolo_msgs
[0.611s] -- Up-to-date: /root/yolo_ws/install/yolo_msgs/lib/python3.12/site-packages/yolo_msgs/msg
[0.611s] -- Up-to-date: /root/yolo_ws/install/yolo_msgs/lib/python3.12/site-packages/yolo_msgs/msg/_vector2_s.c
[0.611s] -- Up-to-date: /root/yolo_ws/install/yolo_msgs/lib/python3.12/site-packages/yolo_msgs/msg/_key_point2_d.py
[0.611s] -- Up-to-date: /root/yolo_ws/install/yolo_msgs/lib/python3.12/site-packages/yolo_msgs/msg/_vector2.py
[0.611s] -- Up-to-date: /root/yolo_ws/install/yolo_msgs/lib/python3.12/site-packages/yolo_msgs/msg/_point2_d.py
[0.611s] -- Up-to-date: /root/yolo_ws/install/yolo_msgs/lib/python3.12/site-packages/yolo_msgs/msg/_key_point2_d_array_s.c
[0.611s] -- Up-to-date: /root/yolo_ws/install/yolo_msgs/lib/python3.12/site-packages/yolo_msgs/msg/_key_point2_d_array.py
[0.612s] -- Up-to-date: /root/yolo_ws/install/yolo_msgs/lib/python3.12/site-packages/yolo_msgs/msg/_key_point3_d_s.c
[0.612s] -- Up-to-date: /root/yolo_ws/install/yolo_msgs/lib/python3.12/site-packages/yolo_msgs/msg/_detection.py
[0.612s] -- Up-to-date: /root/yolo_ws/install/yolo_msgs/lib/python3.12/site-packages/yolo_msgs/msg/_key_point3_d_array_s.c
[0.612s] -- Up-to-date: /root/yolo_ws/install/yolo_msgs/lib/python3.12/site-packages/yolo_msgs/msg/_point2_d_s.c
[0.612s] -- Up-to-date: /root/yolo_ws/install/yolo_msgs/lib/python3.12/site-packages/yolo_msgs/msg/_detection_array_s.c
[0.612s] -- Up-to-date: /root/yolo_ws/install/yolo_msgs/lib/python3.12/site-packages/yolo_msgs/msg/_pose2_d.py
[0.612s] -- Up-to-date: /root/yolo_ws/install/yolo_msgs/lib/python3.12/site-packages/yolo_msgs/msg/_bounding_box2_d.py
[0.612s] -- Up-to-date: /root/yolo_ws/install/yolo_msgs/lib/python3.12/site-packages/yolo_msgs/msg/_detection_array.py
[0.612s] -- Up-to-date: /root/yolo_ws/install/yolo_msgs/lib/python3.12/site-packages/yolo_msgs/msg/_mask.py
[0.612s] -- Up-to-date: /root/yolo_ws/install/yolo_msgs/lib/python3.12/site-packages/yolo_msgs/msg/_bounding_box3_d.py
[0.612s] -- Up-to-date: /root/yolo_ws/install/yolo_msgs/lib/python3.12/site-packages/yolo_msgs/msg/_key_point3_d.py
[0.612s] -- Up-to-date: /root/yolo_ws/install/yolo_msgs/lib/python3.12/site-packages/yolo_msgs/msg/_key_point3_d_array.py
[0.612s] -- Up-to-date: /root/yolo_ws/install/yolo_msgs/lib/python3.12/site-packages/yolo_msgs/msg/_bounding_box3_d_s.c
[0.612s] -- Up-to-date: /root/yolo_ws/install/yolo_msgs/lib/python3.12/site-packages/yolo_msgs/msg/_key_point2_d_s.c
[0.612s] -- Up-to-date: /root/yolo_ws/install/yolo_msgs/lib/python3.12/site-packages/yolo_msgs/msg/_bounding_box2_d_s.c
[0.612s] -- Up-to-date: /root/yolo_ws/install/yolo_msgs/lib/python3.12/site-packages/yolo_msgs/msg/_mask_s.c
[0.613s] -- Up-to-date: /root/yolo_ws/install/yolo_msgs/lib/python3.12/site-packages/yolo_msgs/msg/__init__.py
[0.613s] -- Up-to-date: /root/yolo_ws/install/yolo_msgs/lib/python3.12/site-packages/yolo_msgs/msg/_pose2_d_s.c
[0.613s] -- Up-to-date: /root/yolo_ws/install/yolo_msgs/lib/python3.12/site-packages/yolo_msgs/msg/_detection_s.c
[0.613s] -- Up-to-date: /root/yolo_ws/install/yolo_msgs/lib/python3.12/site-packages/yolo_msgs/yolo_msgs_s__rosidl_typesupport_fastrtps_c.so
[0.613s] -- Up-to-date: /root/yolo_ws/install/yolo_msgs/lib/python3.12/site-packages/yolo_msgs/yolo_msgs_s__rosidl_typesupport_introspection_c.so
[0.613s] -- Up-to-date: /root/yolo_ws/install/yolo_msgs/lib/python3.12/site-packages/yolo_msgs/srv
[0.613s] -- Up-to-date: /root/yolo_ws/install/yolo_msgs/lib/python3.12/site-packages/yolo_msgs/srv/_set_classes.py
[0.613s] -- Up-to-date: /root/yolo_ws/install/yolo_msgs/lib/python3.12/site-packages/yolo_msgs/srv/_set_classes_s.c
[0.613s] -- Up-to-date: /root/yolo_ws/install/yolo_msgs/lib/python3.12/site-packages/yolo_msgs/srv/__init__.py
[0.613s] -- Up-to-date: /root/yolo_ws/install/yolo_msgs/lib/python3.12/site-packages/yolo_msgs/_yolo_msgs_s.ep.rosidl_typesupport_fastrtps_c.c
[0.613s] -- Up-to-date: /root/yolo_ws/install/yolo_msgs/lib/python3.12/site-packages/yolo_msgs/yolo_msgs_s__rosidl_typesupport_c.so
[0.613s] -- Up-to-date: /root/yolo_ws/install/yolo_msgs/lib/python3.12/site-packages/yolo_msgs/_yolo_msgs_s.ep.rosidl_typesupport_c.c
[0.613s] -- Up-to-date: /root/yolo_ws/install/yolo_msgs/lib/python3.12/site-packages/yolo_msgs/_yolo_msgs_s.ep.rosidl_typesupport_introspection_c.c
[0.613s] -- Up-to-date: /root/yolo_ws/install/yolo_msgs/lib/python3.12/site-packages/yolo_msgs/__init__.py
[0.645s] Listing '/root/yolo_ws/install/yolo_msgs/lib/python3.12/site-packages/yolo_msgs'...
[0.645s] Listing '/root/yolo_ws/install/yolo_msgs/lib/python3.12/site-packages/yolo_msgs/msg'...
[0.645s] Listing '/root/yolo_ws/install/yolo_msgs/lib/python3.12/site-packages/yolo_msgs/srv'...
[0.650s] -- Up-to-date: /root/yolo_ws/install/yolo_msgs/lib/python3.12/site-packages/yolo_msgs/yolo_msgs_s__rosidl_typesupport_fastrtps_c.so
[0.651s] -- Up-to-date: /root/yolo_ws/install/yolo_msgs/lib/python3.12/site-packages/yolo_msgs/yolo_msgs_s__rosidl_typesupport_introspection_c.so
[0.651s] -- Up-to-date: /root/yolo_ws/install/yolo_msgs/lib/python3.12/site-packages/yolo_msgs/yolo_msgs_s__rosidl_typesupport_c.so
[0.652s] -- Up-to-date: /root/yolo_ws/install/yolo_msgs/lib/libyolo_msgs__rosidl_generator_py.so
[0.652s] -- Up-to-date: /root/yolo_ws/install/yolo_msgs/share/yolo_msgs/msg/Point2D.idl
[0.652s] -- Up-to-date: /root/yolo_ws/install/yolo_msgs/share/yolo_msgs/msg/Vector2.idl
[0.652s] -- Up-to-date: /root/yolo_ws/install/yolo_msgs/share/yolo_msgs/msg/Pose2D.idl
[0.652s] -- Up-to-date: /root/yolo_ws/install/yolo_msgs/share/yolo_msgs/msg/BoundingBox2D.idl
[0.652s] -- Up-to-date: /root/yolo_ws/install/yolo_msgs/share/yolo_msgs/msg/BoundingBox3D.idl
[0.652s] -- Up-to-date: /root/yolo_ws/install/yolo_msgs/share/yolo_msgs/msg/Mask.idl
[0.652s] -- Up-to-date: /root/yolo_ws/install/yolo_msgs/share/yolo_msgs/msg/KeyPoint2D.idl
[0.653s] -- Up-to-date: /root/yolo_ws/install/yolo_msgs/share/yolo_msgs/msg/KeyPoint2DArray.idl
[0.653s] -- Up-to-date: /root/yolo_ws/install/yolo_msgs/share/yolo_msgs/msg/KeyPoint3D.idl
[0.653s] -- Up-to-date: /root/yolo_ws/install/yolo_msgs/share/yolo_msgs/msg/KeyPoint3DArray.idl
[0.653s] -- Up-to-date: /root/yolo_ws/install/yolo_msgs/share/yolo_msgs/msg/Detection.idl
[0.653s] -- Up-to-date: /root/yolo_ws/install/yolo_msgs/share/yolo_msgs/msg/DetectionArray.idl
[0.653s] -- Up-to-date: /root/yolo_ws/install/yolo_msgs/share/yolo_msgs/srv/SetClasses.idl
[0.653s] -- Up-to-date: /root/yolo_ws/install/yolo_msgs/share/yolo_msgs/msg/Point2D.msg
[0.653s] -- Up-to-date: /root/yolo_ws/install/yolo_msgs/share/yolo_msgs/msg/Vector2.msg
[0.653s] -- Up-to-date: /root/yolo_ws/install/yolo_msgs/share/yolo_msgs/msg/Pose2D.msg
[0.653s] -- Up-to-date: /root/yolo_ws/install/yolo_msgs/share/yolo_msgs/msg/BoundingBox2D.msg
[0.653s] -- Up-to-date: /root/yolo_ws/install/yolo_msgs/share/yolo_msgs/msg/BoundingBox3D.msg
[0.653s] -- Up-to-date: /root/yolo_ws/install/yolo_msgs/share/yolo_msgs/msg/Mask.msg
[0.654s] -- Up-to-date: /root/yolo_ws/install/yolo_msgs/share/yolo_msgs/msg/KeyPoint2D.msg
[0.654s] -- Up-to-date: /root/yolo_ws/install/yolo_msgs/share/yolo_msgs/msg/KeyPoint2DArray.msg
[0.654s] -- Up-to-date: /root/yolo_ws/install/yolo_msgs/share/yolo_msgs/msg/KeyPoint3D.msg
[0.654s] -- Up-to-date: /root/yolo_ws/install/yolo_msgs/share/yolo_msgs/msg/KeyPoint3DArray.msg
[0.654s] -- Up-to-date: /root/yolo_ws/install/yolo_msgs/share/yolo_msgs/msg/Detection.msg
[0.654s] -- Up-to-date: /root/yolo_ws/install/yolo_msgs/share/yolo_msgs/msg/DetectionArray.msg
[0.654s] -- Up-to-date: /root/yolo_ws/install/yolo_msgs/share/yolo_msgs/srv/SetClasses.srv
[0.654s] -- Up-to-date: /root/yolo_ws/install/yolo_msgs/share/ament_index/resource_index/package_run_dependencies/yolo_msgs
[0.654s] -- Up-to-date: /root/yolo_ws/install/yolo_msgs/share/ament_index/resource_index/parent_prefix_path/yolo_msgs
[0.654s] -- Up-to-date: /root/yolo_ws/install/yolo_msgs/share/yolo_msgs/environment/ament_prefix_path.sh
[0.654s] -- Up-to-date: /root/yolo_ws/install/yolo_msgs/share/yolo_msgs/environment/ament_prefix_path.dsv
[0.654s] -- Up-to-date: /root/yolo_ws/install/yolo_msgs/share/yolo_msgs/environment/path.sh
[0.654s] -- Up-to-date: /root/yolo_ws/install/yolo_msgs/share/yolo_msgs/environment/path.dsv
[0.655s] -- Up-to-date: /root/yolo_ws/install/yolo_msgs/share/yolo_msgs/local_setup.bash
[0.655s] -- Up-to-date: /root/yolo_ws/install/yolo_msgs/share/yolo_msgs/local_setup.sh
[0.655s] -- Up-to-date: /root/yolo_ws/install/yolo_msgs/share/yolo_msgs/local_setup.zsh
[0.655s] -- Up-to-date: /root/yolo_ws/install/yolo_msgs/share/yolo_msgs/local_setup.dsv
[0.655s] -- Installing: /root/yolo_ws/install/yolo_msgs/share/yolo_msgs/package.dsv
[0.655s] -- Up-to-date: /root/yolo_ws/install/yolo_msgs/share/ament_index/resource_index/packages/yolo_msgs
[0.655s] -- Up-to-date: /root/yolo_ws/install/yolo_msgs/share/yolo_msgs/cmake/export_yolo_msgs__rosidl_generator_cExport.cmake
[0.655s] -- Up-to-date: /root/yolo_ws/install/yolo_msgs/share/yolo_msgs/cmake/export_yolo_msgs__rosidl_generator_cExport-noconfig.cmake
[0.655s] -- Up-to-date: /root/yolo_ws/install/yolo_msgs/share/yolo_msgs/cmake/export_yolo_msgs__rosidl_typesupport_fastrtps_cExport.cmake
[0.655s] -- Up-to-date: /root/yolo_ws/install/yolo_msgs/share/yolo_msgs/cmake/export_yolo_msgs__rosidl_typesupport_fastrtps_cExport-noconfig.cmake
[0.655s] -- Up-to-date: /root/yolo_ws/install/yolo_msgs/share/yolo_msgs/cmake/yolo_msgs__rosidl_typesupport_introspection_cExport.cmake
[0.655s] -- Up-to-date: /root/yolo_ws/install/yolo_msgs/share/yolo_msgs/cmake/yolo_msgs__rosidl_typesupport_introspection_cExport-noconfig.cmake
[0.655s] -- Up-to-date: /root/yolo_ws/install/yolo_msgs/share/yolo_msgs/cmake/yolo_msgs__rosidl_typesupport_cExport.cmake
[0.655s] -- Up-to-date: /root/yolo_ws/install/yolo_msgs/share/yolo_msgs/cmake/yolo_msgs__rosidl_typesupport_cExport-noconfig.cmake
[0.656s] -- Up-to-date: /root/yolo_ws/install/yolo_msgs/share/yolo_msgs/cmake/export_yolo_msgs__rosidl_generator_cppExport.cmake
[0.656s] -- Up-to-date: /root/yolo_ws/install/yolo_msgs/share/yolo_msgs/cmake/export_yolo_msgs__rosidl_typesupport_fastrtps_cppExport.cmake
[0.656s] -- Up-to-date: /root/yolo_ws/install/yolo_msgs/share/yolo_msgs/cmake/export_yolo_msgs__rosidl_typesupport_fastrtps_cppExport-noconfig.cmake
[0.656s] -- Up-to-date: /root/yolo_ws/install/yolo_msgs/share/yolo_msgs/cmake/yolo_msgs__rosidl_typesupport_introspection_cppExport.cmake
[0.656s] -- Up-to-date: /root/yolo_ws/install/yolo_msgs/share/yolo_msgs/cmake/yolo_msgs__rosidl_typesupport_introspection_cppExport-noconfig.cmake
[0.656s] -- Up-to-date: /root/yolo_ws/install/yolo_msgs/share/yolo_msgs/cmake/yolo_msgs__rosidl_typesupport_cppExport.cmake
[0.656s] -- Up-to-date: /root/yolo_ws/install/yolo_msgs/share/yolo_msgs/cmake/yolo_msgs__rosidl_typesupport_cppExport-noconfig.cmake
[0.656s] -- Up-to-date: /root/yolo_ws/install/yolo_msgs/share/yolo_msgs/cmake/export_yolo_msgs__rosidl_generator_pyExport.cmake
[0.656s] -- Up-to-date: /root/yolo_ws/install/yolo_msgs/share/yolo_msgs/cmake/export_yolo_msgs__rosidl_generator_pyExport-noconfig.cmake
[0.656s] -- Up-to-date: /root/yolo_ws/install/yolo_msgs/share/yolo_msgs/cmake/rosidl_cmake-extras.cmake
[0.656s] -- Up-to-date: /root/yolo_ws/install/yolo_msgs/share/yolo_msgs/cmake/ament_cmake_export_dependencies-extras.cmake
[0.656s] -- Up-to-date: /root/yolo_ws/install/yolo_msgs/share/yolo_msgs/cmake/ament_cmake_export_include_directories-extras.cmake
[0.657s] -- Up-to-date: /root/yolo_ws/install/yolo_msgs/share/yolo_msgs/cmake/ament_cmake_export_libraries-extras.cmake
[0.657s] -- Up-to-date: /root/yolo_ws/install/yolo_msgs/share/yolo_msgs/cmake/ament_cmake_export_targets-extras.cmake
[0.657s] -- Up-to-date: /root/yolo_ws/install/yolo_msgs/share/yolo_msgs/cmake/rosidl_cmake_export_typesupport_targets-extras.cmake
[0.657s] -- Up-to-date: /root/yolo_ws/install/yolo_msgs/share/yolo_msgs/cmake/rosidl_cmake_export_typesupport_libraries-extras.cmake
[0.657s] -- Up-to-date: /root/yolo_ws/install/yolo_msgs/share/yolo_msgs/cmake/yolo_msgsConfig.cmake
[0.657s] -- Up-to-date: /root/yolo_ws/install/yolo_msgs/share/yolo_msgs/cmake/yolo_msgsConfig-version.cmake
[0.657s] -- Up-to-date: /root/yolo_ws/install/yolo_msgs/share/yolo_msgs/package.xml
[0.659s] Invoked command in '/root/yolo_ws/build/yolo_msgs' returned '0': CMAKE_PREFIX_PATH=${CMAKE_PREFIX_PATH}:/root/yolo_ws/install/yolo_ros:/root/tiago_ws/install/launch_pal:/opt/ros/jazzy PS1=\[\e]0;\u@\h: \w\a\]${debian_chroot:+($debian_chroot)}\u@\h:\w\$ /usr/bin/cmake --install /root/yolo_ws/build/yolo_msgs
