/root/tiago_ws/install/launch_pal/lib/python3.12/site-packages/launch_pal/include_utils.py
/root/tiago_ws/install/launch_pal/lib/python3.12/site-packages/launch_pal/composition_utils.py
/root/tiago_ws/install/launch_pal/lib/python3.12/site-packages/launch_pal/pal_parameters.py
/root/tiago_ws/install/launch_pal/lib/python3.12/site-packages/launch_pal/arg_utils.py
/root/tiago_ws/install/launch_pal/lib/python3.12/site-packages/launch_pal/param_utils.py
/root/tiago_ws/install/launch_pal/lib/python3.12/site-packages/launch_pal/robot_utils.py
/root/tiago_ws/install/launch_pal/lib/python3.12/site-packages/launch_pal/__init__.py
/root/tiago_ws/install/launch_pal/lib/python3.12/site-packages/launch_pal/actions/__init__.py
/root/tiago_ws/install/launch_pal/lib/python3.12/site-packages/launch_pal/actions/check_public_sim.py
/root/tiago_ws/install/launch_pal/lib/python3.12/site-packages/launch_pal/robot_arguments/robot.py
/root/tiago_ws/install/launch_pal/lib/python3.12/site-packages/launch_pal/robot_arguments/common.py
/root/tiago_ws/install/launch_pal/lib/python3.12/site-packages/launch_pal/robot_arguments/__init__.py
/root/tiago_ws/install/launch_pal/lib/python3.12/site-packages/launch_pal/substitutions/__init__.py
/root/tiago_ws/install/launch_pal/lib/python3.12/site-packages/launch_pal/substitutions/load_file.py
/root/tiago_ws/install/launch_pal/lib/python3.12/site-packages/launch_pal/__pycache__/include_utils.cpython-312.pyc
/root/tiago_ws/install/launch_pal/lib/python3.12/site-packages/launch_pal/__pycache__/composition_utils.cpython-312.pyc
/root/tiago_ws/install/launch_pal/lib/python3.12/site-packages/launch_pal/__pycache__/pal_parameters.cpython-312.pyc
/root/tiago_ws/install/launch_pal/lib/python3.12/site-packages/launch_pal/__pycache__/arg_utils.cpython-312.pyc
/root/tiago_ws/install/launch_pal/lib/python3.12/site-packages/launch_pal/__pycache__/param_utils.cpython-312.pyc
/root/tiago_ws/install/launch_pal/lib/python3.12/site-packages/launch_pal/__pycache__/robot_utils.cpython-312.pyc
/root/tiago_ws/install/launch_pal/lib/python3.12/site-packages/launch_pal/__pycache__/__init__.cpython-312.pyc
/root/tiago_ws/install/launch_pal/lib/python3.12/site-packages/launch_pal/actions/__pycache__/__init__.cpython-312.pyc
/root/tiago_ws/install/launch_pal/lib/python3.12/site-packages/launch_pal/actions/__pycache__/check_public_sim.cpython-312.pyc
/root/tiago_ws/install/launch_pal/lib/python3.12/site-packages/launch_pal/robot_arguments/__pycache__/robot.cpython-312.pyc
/root/tiago_ws/install/launch_pal/lib/python3.12/site-packages/launch_pal/robot_arguments/__pycache__/common.cpython-312.pyc
/root/tiago_ws/install/launch_pal/lib/python3.12/site-packages/launch_pal/robot_arguments/__pycache__/__init__.cpython-312.pyc
/root/tiago_ws/install/launch_pal/lib/python3.12/site-packages/launch_pal/substitutions/__pycache__/__init__.cpython-312.pyc
/root/tiago_ws/install/launch_pal/lib/python3.12/site-packages/launch_pal/substitutions/__pycache__/load_file.cpython-312.pyc
/root/tiago_ws/install/launch_pal/share/ament_index/resource_index/packages/launch_pal
/root/tiago_ws/install/launch_pal/share/launch_pal/package.xml
/root/tiago_ws/install/launch_pal/share/launch_pal/config/robot_configuration.yaml
/root/tiago_ws/install/launch_pal/lib/python3.12/site-packages/launch_pal-0.1.15-py3.12.egg-info/PKG-INFO
/root/tiago_ws/install/launch_pal/lib/python3.12/site-packages/launch_pal-0.1.15-py3.12.egg-info/zip-safe
/root/tiago_ws/install/launch_pal/lib/python3.12/site-packages/launch_pal-0.1.15-py3.12.egg-info/requires.txt
/root/tiago_ws/install/launch_pal/lib/python3.12/site-packages/launch_pal-0.1.15-py3.12.egg-info/SOURCES.txt
/root/tiago_ws/install/launch_pal/lib/python3.12/site-packages/launch_pal-0.1.15-py3.12.egg-info/dependency_links.txt
/root/tiago_ws/install/launch_pal/lib/python3.12/site-packages/launch_pal-0.1.15-py3.12.egg-info/top_level.txt
