-- The C compiler identification is GNU 13.3.0
-- The CXX compiler identification is GNU 13.3.0
-- Detecting C compiler ABI info
-- Detecting C compiler ABI info - done
-- Check for working C compiler: /usr/bin/cc - skipped
-- Detecting C compile features
-- Detecting C compile features - done
-- Detecting CXX compiler ABI info
-- Detecting CXX compiler ABI info - done
-- Check for working CXX compiler: /usr/bin/c++ - skipped
-- Detecting CXX compile features
-- Detecting CXX compile features - done
-- Found ament_cmake_auto: 2.5.4 (/opt/ros/jazzy/share/ament_cmake_auto/cmake)
-- Found Python3: /usr/bin/python3 (found version "3.12.3") found components: Interpreter 
-- Found ament_cmake_gtest: 2.5.4 (/opt/ros/jazzy/share/ament_cmake_gtest/cmake)
-- Found ament_lint_auto: 0.17.2 (/opt/ros/jazzy/share/ament_lint_auto/cmake)
-- Found python_cmake_module: 0.11.1 (/opt/ros/jazzy/share/python_cmake_module/cmake)
-- Found PythonExtra: /usr/bin/python3  
-- Found rosidl_generator_c: 4.6.5 (/opt/ros/jazzy/share/rosidl_generator_c/cmake)
-- Found rosidl_generator_cpp: 4.6.5 (/opt/ros/jazzy/share/rosidl_generator_cpp/cmake)
-- Using all available rosidl_typesupport_c: rosidl_typesupport_fastrtps_c;rosidl_typesupport_introspection_c
-- Using all available rosidl_typesupport_cpp: rosidl_typesupport_fastrtps_cpp;rosidl_typesupport_introspection_cpp
-- Found rmw_implementation_cmake: 7.3.2 (/opt/ros/jazzy/share/rmw_implementation_cmake/cmake)
-- Found rmw_fastrtps_cpp: 8.4.2 (/opt/ros/jazzy/share/rmw_fastrtps_cpp/cmake)
-- Found OpenSSL: /usr/lib/x86_64-linux-gnu/libcrypto.so (found version "3.0.13")  
-- Found FastRTPS: /opt/ros/jazzy/include (Required is at least version "2.13") 
-- Using RMW implementation 'rmw_fastrtps_cpp' as default
-- Found gtest sources under '/opt/ros/jazzy/src/gtest_vendor': C++ tests using 'Google Test' will be built
-- Performing Test CMAKE_HAVE_LIBC_PTHREAD
-- Performing Test CMAKE_HAVE_LIBC_PTHREAD - Success
-- Found Threads: TRUE  
-- Added test 'copyright' to check source files copyright and LICENSE
-- Added test 'cppcheck' to perform static code analysis on C / C++ code
-- Configured cppcheck include dirs: 
-- Configured cppcheck exclude dirs and/or files: 
-- Added test 'cpplint' to check C / C++ code against the Google style
-- Configured cpplint exclude dirs and/or files: 
-- Added test 'flake8' to check Python code syntax and style conventions
-- Configured 'flake8' exclude dirs and/or files: 
-- Added test 'lint_cmake' to check CMake code style
-- Added test 'pep257' to check Python code against some of the docstring style conventions in PEP 257
-- Added test 'uncrustify' to check C / C++ code style
-- Configured uncrustify additional arguments: 
-- Added test 'xmllint' to check XML markup files
-- Configuring done (4.1s)
-- Generating done (0.0s)
-- Build files have been written to: /root/tiago_ws/build/tiago_gazebo
[ 16%] [32mBuilding CXX object gtest/CMakeFiles/gtest_main.dir/src/gtest_main.cc.o[0m
[ 33%] [32mBuilding CXX object gtest/CMakeFiles/gtest.dir/src/gtest-all.cc.o[0m
[ 50%] [32m[1mLinking CXX static library libgtest_main.a[0m
[ 50%] Built target gtest_main
[ 66%] [32m[1mLinking CXX static library libgtest.a[0m
[ 66%] Built target gtest
[ 83%] [32mBuilding CXX object CMakeFiles/tuck_arm_test.dir/test/tuck_arm_test.cpp.o[0m
[100%] [32m[1mLinking CXX executable tuck_arm_test[0m
[100%] Built target tuck_arm_test
-- Install configuration: ""
-- Installing: /root/tiago_ws/install/tiago_gazebo/lib/tiago_gazebo/tuck_arm.py
-- Installing: /root/tiago_ws/install/tiago_gazebo/share/tiago_gazebo/test/tuck_arm_test
-- Set non-toolchain portion of runtime path of "/root/tiago_ws/install/tiago_gazebo/share/tiago_gazebo/test/tuck_arm_test" to ""
-- Installing: /root/tiago_ws/install/tiago_gazebo/share/tiago_gazebo/launch
-- Installing: /root/tiago_ws/install/tiago_gazebo/share/tiago_gazebo/launch/robot_spawn.launch.py
-- Installing: /root/tiago_ws/install/tiago_gazebo/share/tiago_gazebo/launch/tiago_gazebo.launch.py
-- Installing: /root/tiago_ws/install/tiago_gazebo/share/ament_index/resource_index/package_run_dependencies/tiago_gazebo
-- Installing: /root/tiago_ws/install/tiago_gazebo/share/ament_index/resource_index/parent_prefix_path/tiago_gazebo
-- Installing: /root/tiago_ws/install/tiago_gazebo/share/tiago_gazebo/environment/ament_prefix_path.sh
-- Installing: /root/tiago_ws/install/tiago_gazebo/share/tiago_gazebo/environment/ament_prefix_path.dsv
-- Installing: /root/tiago_ws/install/tiago_gazebo/share/tiago_gazebo/environment/path.sh
-- Installing: /root/tiago_ws/install/tiago_gazebo/share/tiago_gazebo/environment/path.dsv
-- Installing: /root/tiago_ws/install/tiago_gazebo/share/tiago_gazebo/local_setup.bash
-- Installing: /root/tiago_ws/install/tiago_gazebo/share/tiago_gazebo/local_setup.sh
-- Installing: /root/tiago_ws/install/tiago_gazebo/share/tiago_gazebo/local_setup.zsh
-- Installing: /root/tiago_ws/install/tiago_gazebo/share/tiago_gazebo/local_setup.dsv
-- Installing: /root/tiago_ws/install/tiago_gazebo/share/tiago_gazebo/package.dsv
-- Installing: /root/tiago_ws/install/tiago_gazebo/share/ament_index/resource_index/packages/tiago_gazebo
-- Installing: /root/tiago_ws/install/tiago_gazebo/share/tiago_gazebo/cmake/tiago_gazeboConfig.cmake
-- Installing: /root/tiago_ws/install/tiago_gazebo/share/tiago_gazebo/cmake/tiago_gazeboConfig-version.cmake
-- Installing: /root/tiago_ws/install/tiago_gazebo/share/tiago_gazebo/package.xml
