[0.136s] DEBUG:colcon:Command line arguments: ['/usr/bin/colcon', 'build']
[0.136s] DEBUG:colcon:Parsed command line arguments: Namespace(log_base=None, log_level=None, verb_name='build', build_base='build', install_base='install', merge_install=False, symlink_install=False, test_result_base=None, continue_on_error=False, executor='parallel', parallel_workers=12, event_handlers=None, ignore_user_meta=False, metas=['./colcon.meta'], base_paths=['.'], packages_ignore=None, packages_ignore_regex=None, paths=None, packages_up_to=None, packages_up_to_regex=None, packages_above=None, packages_above_and_dependencies=None, packages_above_depth=None, packages_select_by_dep=None, packages_skip_by_dep=None, packages_skip_up_to=None, packages_select_build_failed=False, packages_skip_build_finished=False, packages_select_test_failures=False, packages_skip_test_passed=False, packages_select=None, packages_skip=None, packages_select_regex=None, packages_skip_regex=None, packages_start=None, packages_end=None, cmake_args=None, cmake_target=None, cmake_target_skip_unavailable=False, cmake_clean_cache=False, cmake_clean_first=False, cmake_force_configure=False, ament_cmake_args=None, catkin_cmake_args=None, catkin_skip_building_tests=False, mixin_files=None, mixin=None, verb_parser=<colcon_mixin.mixin.mixin_argument.MixinArgumentDecorator object at 0x7dc546a03980>, verb_extension=<colcon_core.verb.build.BuildVerb object at 0x7dc546a03620>, main=<bound method BuildVerb.main of <colcon_core.verb.build.BuildVerb object at 0x7dc546a03620>>, mixin_verb=('build',))
[0.176s] Level 1:colcon.colcon_core.package_discovery:discover_packages(colcon_meta) check parameters
[0.177s] INFO:colcon.colcon_metadata.package_discovery.colcon_meta:Using configuration from '/root/.colcon/metadata/default/Gazebo.meta'
[0.177s] INFO:colcon.colcon_metadata.package_discovery.colcon_meta:Using configuration from '/root/.colcon/metadata/default/fastrtps.meta'
[0.177s] Level 1:colcon.colcon_core.package_discovery:discover_packages(recursive) check parameters
[0.177s] Level 1:colcon.colcon_core.package_discovery:discover_packages(ignore) check parameters
[0.177s] Level 1:colcon.colcon_core.package_discovery:discover_packages(path) check parameters
[0.177s] Level 1:colcon.colcon_core.package_discovery:discover_packages(colcon_meta) discover
[0.177s] Level 1:colcon.colcon_core.package_discovery:discover_packages(recursive) discover
[0.178s] INFO:colcon.colcon_core.package_discovery:Crawling recursively for packages in '/root/yolo_ws'
[0.178s] Level 1:colcon.colcon_core.package_identification:_identify(.) by extensions ['ignore', 'ignore_ament_install']
[0.178s] Level 1:colcon.colcon_core.package_identification:_identify(.) by extension 'ignore'
[0.178s] Level 1:colcon.colcon_core.package_identification:_identify(.) by extension 'ignore_ament_install'
[0.178s] Level 1:colcon.colcon_core.package_identification:_identify(.) by extensions ['colcon_pkg']
[0.178s] Level 1:colcon.colcon_core.package_identification:_identify(.) by extension 'colcon_pkg'
[0.178s] Level 1:colcon.colcon_core.package_identification:_identify(.) by extensions ['colcon_meta']
[0.178s] Level 1:colcon.colcon_core.package_identification:_identify(.) by extension 'colcon_meta'
[0.178s] Level 1:colcon.colcon_core.package_identification:_identify(.) by extensions ['ros']
[0.178s] Level 1:colcon.colcon_core.package_identification:_identify(.) by extension 'ros'
[0.204s] Level 1:colcon.colcon_core.package_identification:_identify(.) by extensions ['cmake', 'python']
[0.204s] Level 1:colcon.colcon_core.package_identification:_identify(.) by extension 'cmake'
[0.204s] Level 1:colcon.colcon_core.package_identification:_identify(.) by extension 'python'
[0.204s] Level 1:colcon.colcon_core.package_identification:_identify(.) by extensions ['python_setup_py']
[0.204s] Level 1:colcon.colcon_core.package_identification:_identify(.) by extension 'python_setup_py'
[0.204s] Level 1:colcon.colcon_core.package_identification:_identify(build) by extensions ['ignore', 'ignore_ament_install']
[0.204s] Level 1:colcon.colcon_core.package_identification:_identify(build) by extension 'ignore'
[0.204s] Level 1:colcon.colcon_core.package_identification:_identify(build) ignored
[0.204s] Level 1:colcon.colcon_core.package_identification:_identify(install) by extensions ['ignore', 'ignore_ament_install']
[0.204s] Level 1:colcon.colcon_core.package_identification:_identify(install) by extension 'ignore'
[0.204s] Level 1:colcon.colcon_core.package_identification:_identify(install) ignored
[0.205s] Level 1:colcon.colcon_core.package_identification:_identify(log) by extensions ['ignore', 'ignore_ament_install']
[0.205s] Level 1:colcon.colcon_core.package_identification:_identify(log) by extension 'ignore'
[0.205s] Level 1:colcon.colcon_core.package_identification:_identify(log) ignored
[0.205s] Level 1:colcon.colcon_core.package_identification:_identify(src) by extensions ['ignore', 'ignore_ament_install']
[0.205s] Level 1:colcon.colcon_core.package_identification:_identify(src) by extension 'ignore'
[0.205s] Level 1:colcon.colcon_core.package_identification:_identify(src) by extension 'ignore_ament_install'
[0.205s] Level 1:colcon.colcon_core.package_identification:_identify(src) by extensions ['colcon_pkg']
[0.205s] Level 1:colcon.colcon_core.package_identification:_identify(src) by extension 'colcon_pkg'
[0.205s] Level 1:colcon.colcon_core.package_identification:_identify(src) by extensions ['colcon_meta']
[0.205s] Level 1:colcon.colcon_core.package_identification:_identify(src) by extension 'colcon_meta'
[0.205s] Level 1:colcon.colcon_core.package_identification:_identify(src) by extensions ['ros']
[0.205s] Level 1:colcon.colcon_core.package_identification:_identify(src) by extension 'ros'
[0.205s] Level 1:colcon.colcon_core.package_identification:_identify(src) by extensions ['cmake', 'python']
[0.205s] Level 1:colcon.colcon_core.package_identification:_identify(src) by extension 'cmake'
[0.205s] Level 1:colcon.colcon_core.package_identification:_identify(src) by extension 'python'
[0.205s] Level 1:colcon.colcon_core.package_identification:_identify(src) by extensions ['python_setup_py']
[0.205s] Level 1:colcon.colcon_core.package_identification:_identify(src) by extension 'python_setup_py'
[0.206s] Level 1:colcon.colcon_core.package_identification:_identify(src/yolo_ros) by extensions ['ignore', 'ignore_ament_install']
[0.206s] Level 1:colcon.colcon_core.package_identification:_identify(src/yolo_ros) by extension 'ignore'
[0.206s] Level 1:colcon.colcon_core.package_identification:_identify(src/yolo_ros) by extension 'ignore_ament_install'
[0.206s] Level 1:colcon.colcon_core.package_identification:_identify(src/yolo_ros) by extensions ['colcon_pkg']
[0.206s] Level 1:colcon.colcon_core.package_identification:_identify(src/yolo_ros) by extension 'colcon_pkg'
[0.206s] Level 1:colcon.colcon_core.package_identification:_identify(src/yolo_ros) by extensions ['colcon_meta']
[0.206s] Level 1:colcon.colcon_core.package_identification:_identify(src/yolo_ros) by extension 'colcon_meta'
[0.206s] Level 1:colcon.colcon_core.package_identification:_identify(src/yolo_ros) by extensions ['ros']
[0.206s] Level 1:colcon.colcon_core.package_identification:_identify(src/yolo_ros) by extension 'ros'
[0.206s] Level 1:colcon.colcon_core.package_identification:_identify(src/yolo_ros) by extensions ['cmake', 'python']
[0.206s] Level 1:colcon.colcon_core.package_identification:_identify(src/yolo_ros) by extension 'cmake'
[0.206s] Level 1:colcon.colcon_core.package_identification:_identify(src/yolo_ros) by extension 'python'
[0.206s] Level 1:colcon.colcon_core.package_identification:_identify(src/yolo_ros) by extensions ['python_setup_py']
[0.206s] Level 1:colcon.colcon_core.package_identification:_identify(src/yolo_ros) by extension 'python_setup_py'
[0.206s] Level 1:colcon.colcon_core.package_identification:_identify(src/yolo_ros/docs) by extensions ['ignore', 'ignore_ament_install']
[0.206s] Level 1:colcon.colcon_core.package_identification:_identify(src/yolo_ros/docs) by extension 'ignore'
[0.206s] Level 1:colcon.colcon_core.package_identification:_identify(src/yolo_ros/docs) by extension 'ignore_ament_install'
[0.206s] Level 1:colcon.colcon_core.package_identification:_identify(src/yolo_ros/docs) by extensions ['colcon_pkg']
[0.207s] Level 1:colcon.colcon_core.package_identification:_identify(src/yolo_ros/docs) by extension 'colcon_pkg'
[0.207s] Level 1:colcon.colcon_core.package_identification:_identify(src/yolo_ros/docs) by extensions ['colcon_meta']
[0.207s] Level 1:colcon.colcon_core.package_identification:_identify(src/yolo_ros/docs) by extension 'colcon_meta'
[0.207s] Level 1:colcon.colcon_core.package_identification:_identify(src/yolo_ros/docs) by extensions ['ros']
[0.207s] Level 1:colcon.colcon_core.package_identification:_identify(src/yolo_ros/docs) by extension 'ros'
[0.207s] Level 1:colcon.colcon_core.package_identification:_identify(src/yolo_ros/docs) by extensions ['cmake', 'python']
[0.207s] Level 1:colcon.colcon_core.package_identification:_identify(src/yolo_ros/docs) by extension 'cmake'
[0.207s] Level 1:colcon.colcon_core.package_identification:_identify(src/yolo_ros/docs) by extension 'python'
[0.207s] Level 1:colcon.colcon_core.package_identification:_identify(src/yolo_ros/docs) by extensions ['python_setup_py']
[0.207s] Level 1:colcon.colcon_core.package_identification:_identify(src/yolo_ros/docs) by extension 'python_setup_py'
[0.207s] Level 1:colcon.colcon_core.package_identification:_identify(src/yolo_ros/yolo_bringup) by extensions ['ignore', 'ignore_ament_install']
[0.207s] Level 1:colcon.colcon_core.package_identification:_identify(src/yolo_ros/yolo_bringup) by extension 'ignore'
[0.207s] Level 1:colcon.colcon_core.package_identification:_identify(src/yolo_ros/yolo_bringup) by extension 'ignore_ament_install'
[0.207s] Level 1:colcon.colcon_core.package_identification:_identify(src/yolo_ros/yolo_bringup) by extensions ['colcon_pkg']
[0.207s] Level 1:colcon.colcon_core.package_identification:_identify(src/yolo_ros/yolo_bringup) by extension 'colcon_pkg'
[0.207s] Level 1:colcon.colcon_core.package_identification:_identify(src/yolo_ros/yolo_bringup) by extensions ['colcon_meta']
[0.207s] Level 1:colcon.colcon_core.package_identification:_identify(src/yolo_ros/yolo_bringup) by extension 'colcon_meta'
[0.207s] Level 1:colcon.colcon_core.package_identification:_identify(src/yolo_ros/yolo_bringup) by extensions ['ros']
[0.207s] Level 1:colcon.colcon_core.package_identification:_identify(src/yolo_ros/yolo_bringup) by extension 'ros'
[0.210s] DEBUG:colcon.colcon_core.package_identification:Package 'src/yolo_ros/yolo_bringup' with type 'ros.ament_cmake' and name 'yolo_bringup'
[0.210s] Level 1:colcon.colcon_core.package_identification:_identify(src/yolo_ros/yolo_msgs) by extensions ['ignore', 'ignore_ament_install']
[0.210s] Level 1:colcon.colcon_core.package_identification:_identify(src/yolo_ros/yolo_msgs) by extension 'ignore'
[0.210s] Level 1:colcon.colcon_core.package_identification:_identify(src/yolo_ros/yolo_msgs) by extension 'ignore_ament_install'
[0.210s] Level 1:colcon.colcon_core.package_identification:_identify(src/yolo_ros/yolo_msgs) by extensions ['colcon_pkg']
[0.210s] Level 1:colcon.colcon_core.package_identification:_identify(src/yolo_ros/yolo_msgs) by extension 'colcon_pkg'
[0.210s] Level 1:colcon.colcon_core.package_identification:_identify(src/yolo_ros/yolo_msgs) by extensions ['colcon_meta']
[0.210s] Level 1:colcon.colcon_core.package_identification:_identify(src/yolo_ros/yolo_msgs) by extension 'colcon_meta'
[0.210s] Level 1:colcon.colcon_core.package_identification:_identify(src/yolo_ros/yolo_msgs) by extensions ['ros']
[0.210s] Level 1:colcon.colcon_core.package_identification:_identify(src/yolo_ros/yolo_msgs) by extension 'ros'
[0.211s] DEBUG:colcon.colcon_core.package_identification:Package 'src/yolo_ros/yolo_msgs' with type 'ros.ament_cmake' and name 'yolo_msgs'
[0.211s] Level 1:colcon.colcon_core.package_identification:_identify(src/yolo_ros/yolo_ros) by extensions ['ignore', 'ignore_ament_install']
[0.211s] Level 1:colcon.colcon_core.package_identification:_identify(src/yolo_ros/yolo_ros) by extension 'ignore'
[0.211s] Level 1:colcon.colcon_core.package_identification:_identify(src/yolo_ros/yolo_ros) by extension 'ignore_ament_install'
[0.211s] Level 1:colcon.colcon_core.package_identification:_identify(src/yolo_ros/yolo_ros) by extensions ['colcon_pkg']
[0.211s] Level 1:colcon.colcon_core.package_identification:_identify(src/yolo_ros/yolo_ros) by extension 'colcon_pkg'
[0.211s] Level 1:colcon.colcon_core.package_identification:_identify(src/yolo_ros/yolo_ros) by extensions ['colcon_meta']
[0.211s] Level 1:colcon.colcon_core.package_identification:_identify(src/yolo_ros/yolo_ros) by extension 'colcon_meta'
[0.211s] Level 1:colcon.colcon_core.package_identification:_identify(src/yolo_ros/yolo_ros) by extensions ['ros']
[0.211s] Level 1:colcon.colcon_core.package_identification:_identify(src/yolo_ros/yolo_ros) by extension 'ros'
[0.212s] DEBUG:colcon.colcon_core.package_identification:Package 'src/yolo_ros/yolo_ros' with type 'ros.ament_python' and name 'yolo_ros'
[0.212s] Level 1:colcon.colcon_core.package_discovery:discover_packages(recursive) using defaults
[0.212s] Level 1:colcon.colcon_core.package_discovery:discover_packages(ignore) discover
[0.212s] Level 1:colcon.colcon_core.package_discovery:discover_packages(ignore) using defaults
[0.212s] Level 1:colcon.colcon_core.package_discovery:discover_packages(path) discover
[0.212s] Level 1:colcon.colcon_core.package_discovery:discover_packages(path) using defaults
[0.230s] Level 5:colcon.colcon_core.verb:set package 'yolo_msgs' build argument 'cmake_args' from command line to 'None'
[0.230s] Level 5:colcon.colcon_core.verb:set package 'yolo_msgs' build argument 'cmake_target' from command line to 'None'
[0.230s] Level 5:colcon.colcon_core.verb:set package 'yolo_msgs' build argument 'cmake_target_skip_unavailable' from command line to 'False'
[0.230s] Level 5:colcon.colcon_core.verb:set package 'yolo_msgs' build argument 'cmake_clean_cache' from command line to 'False'
[0.230s] Level 5:colcon.colcon_core.verb:set package 'yolo_msgs' build argument 'cmake_clean_first' from command line to 'False'
[0.230s] Level 5:colcon.colcon_core.verb:set package 'yolo_msgs' build argument 'cmake_force_configure' from command line to 'False'
[0.230s] Level 5:colcon.colcon_core.verb:set package 'yolo_msgs' build argument 'ament_cmake_args' from command line to 'None'
[0.230s] Level 5:colcon.colcon_core.verb:set package 'yolo_msgs' build argument 'catkin_cmake_args' from command line to 'None'
[0.230s] Level 5:colcon.colcon_core.verb:set package 'yolo_msgs' build argument 'catkin_skip_building_tests' from command line to 'False'
[0.230s] DEBUG:colcon.colcon_core.verb:Building package 'yolo_msgs' with the following arguments: {'ament_cmake_args': None, 'build_base': '/root/yolo_ws/build/yolo_msgs', 'catkin_cmake_args': None, 'catkin_skip_building_tests': False, 'cmake_args': None, 'cmake_clean_cache': False, 'cmake_clean_first': False, 'cmake_force_configure': False, 'cmake_target': None, 'cmake_target_skip_unavailable': False, 'install_base': '/root/yolo_ws/install/yolo_msgs', 'merge_install': False, 'path': '/root/yolo_ws/src/yolo_ros/yolo_msgs', 'symlink_install': False, 'test_result_base': None}
[0.231s] Level 5:colcon.colcon_core.verb:set package 'yolo_ros' build argument 'cmake_args' from command line to 'None'
[0.231s] Level 5:colcon.colcon_core.verb:set package 'yolo_ros' build argument 'cmake_target' from command line to 'None'
[0.231s] Level 5:colcon.colcon_core.verb:set package 'yolo_ros' build argument 'cmake_target_skip_unavailable' from command line to 'False'
[0.231s] Level 5:colcon.colcon_core.verb:set package 'yolo_ros' build argument 'cmake_clean_cache' from command line to 'False'
[0.231s] Level 5:colcon.colcon_core.verb:set package 'yolo_ros' build argument 'cmake_clean_first' from command line to 'False'
[0.231s] Level 5:colcon.colcon_core.verb:set package 'yolo_ros' build argument 'cmake_force_configure' from command line to 'False'
[0.231s] Level 5:colcon.colcon_core.verb:set package 'yolo_ros' build argument 'ament_cmake_args' from command line to 'None'
[0.231s] Level 5:colcon.colcon_core.verb:set package 'yolo_ros' build argument 'catkin_cmake_args' from command line to 'None'
[0.231s] Level 5:colcon.colcon_core.verb:set package 'yolo_ros' build argument 'catkin_skip_building_tests' from command line to 'False'
[0.231s] DEBUG:colcon.colcon_core.verb:Building package 'yolo_ros' with the following arguments: {'ament_cmake_args': None, 'build_base': '/root/yolo_ws/build/yolo_ros', 'catkin_cmake_args': None, 'catkin_skip_building_tests': False, 'cmake_args': None, 'cmake_clean_cache': False, 'cmake_clean_first': False, 'cmake_force_configure': False, 'cmake_target': None, 'cmake_target_skip_unavailable': False, 'install_base': '/root/yolo_ws/install/yolo_ros', 'merge_install': False, 'path': '/root/yolo_ws/src/yolo_ros/yolo_ros', 'symlink_install': False, 'test_result_base': None}
[0.231s] Level 5:colcon.colcon_core.verb:set package 'yolo_bringup' build argument 'cmake_args' from command line to 'None'
[0.231s] Level 5:colcon.colcon_core.verb:set package 'yolo_bringup' build argument 'cmake_target' from command line to 'None'
[0.231s] Level 5:colcon.colcon_core.verb:set package 'yolo_bringup' build argument 'cmake_target_skip_unavailable' from command line to 'False'
[0.231s] Level 5:colcon.colcon_core.verb:set package 'yolo_bringup' build argument 'cmake_clean_cache' from command line to 'False'
[0.231s] Level 5:colcon.colcon_core.verb:set package 'yolo_bringup' build argument 'cmake_clean_first' from command line to 'False'
[0.231s] Level 5:colcon.colcon_core.verb:set package 'yolo_bringup' build argument 'cmake_force_configure' from command line to 'False'
[0.231s] Level 5:colcon.colcon_core.verb:set package 'yolo_bringup' build argument 'ament_cmake_args' from command line to 'None'
[0.231s] Level 5:colcon.colcon_core.verb:set package 'yolo_bringup' build argument 'catkin_cmake_args' from command line to 'None'
[0.231s] Level 5:colcon.colcon_core.verb:set package 'yolo_bringup' build argument 'catkin_skip_building_tests' from command line to 'False'
[0.231s] DEBUG:colcon.colcon_core.verb:Building package 'yolo_bringup' with the following arguments: {'ament_cmake_args': None, 'build_base': '/root/yolo_ws/build/yolo_bringup', 'catkin_cmake_args': None, 'catkin_skip_building_tests': False, 'cmake_args': None, 'cmake_clean_cache': False, 'cmake_clean_first': False, 'cmake_force_configure': False, 'cmake_target': None, 'cmake_target_skip_unavailable': False, 'install_base': '/root/yolo_ws/install/yolo_bringup', 'merge_install': False, 'path': '/root/yolo_ws/src/yolo_ros/yolo_bringup', 'symlink_install': False, 'test_result_base': None}
[0.231s] INFO:colcon.colcon_core.executor:Executing jobs using 'parallel' executor
[0.232s] DEBUG:colcon.colcon_parallel_executor.executor.parallel:run_until_complete
[0.232s] INFO:colcon.colcon_ros.task.ament_cmake.build:Building ROS package in '/root/yolo_ws/src/yolo_ros/yolo_msgs' with build type 'ament_cmake'
[0.232s] INFO:colcon.colcon_cmake.task.cmake.build:Building CMake package in '/root/yolo_ws/src/yolo_ros/yolo_msgs'
[0.235s] INFO:colcon.colcon_core.plugin_system:Skipping extension 'colcon_core.shell.bat': Not used on non-Windows systems
[0.235s] INFO:colcon.colcon_core.shell:Skip shell extension 'powershell' for command environment: Not usable outside of PowerShell
[0.235s] DEBUG:colcon.colcon_core.shell:Skip shell extension 'dsv' for command environment
[0.304s] DEBUG:colcon.colcon_core.event_handler.log_command:Invoking command in '/root/yolo_ws/build/yolo_msgs': CMAKE_PREFIX_PATH=${CMAKE_PREFIX_PATH}:/root/yolo_ws/install/yolo_ros:/root/tiago_ws/install/launch_pal:/opt/ros/jazzy PS1=\[\e]0;\u@\h: \w\a\]${debian_chroot:+($debian_chroot)}\u@\h:\w\$ /usr/bin/cmake --build /root/yolo_ws/build/yolo_msgs -- -j12 -l12
[0.797s] DEBUG:colcon.colcon_core.event_handler.log_command:Invoked command in '/root/yolo_ws/build/yolo_msgs' returned '0': CMAKE_PREFIX_PATH=${CMAKE_PREFIX_PATH}:/root/yolo_ws/install/yolo_ros:/root/tiago_ws/install/launch_pal:/opt/ros/jazzy PS1=\[\e]0;\u@\h: \w\a\]${debian_chroot:+($debian_chroot)}\u@\h:\w\$ /usr/bin/cmake --build /root/yolo_ws/build/yolo_msgs -- -j12 -l12
[0.808s] DEBUG:colcon.colcon_core.event_handler.log_command:Invoking command in '/root/yolo_ws/build/yolo_msgs': CMAKE_PREFIX_PATH=${CMAKE_PREFIX_PATH}:/root/yolo_ws/install/yolo_ros:/root/tiago_ws/install/launch_pal:/opt/ros/jazzy PS1=\[\e]0;\u@\h: \w\a\]${debian_chroot:+($debian_chroot)}\u@\h:\w\$ /usr/bin/cmake --install /root/yolo_ws/build/yolo_msgs
[0.892s] Level 1:colcon.colcon_core.environment:create_environment_scripts_only(yolo_msgs)
[0.892s] DEBUG:colcon.colcon_core.event_handler.log_command:Invoked command in '/root/yolo_ws/build/yolo_msgs' returned '0': CMAKE_PREFIX_PATH=${CMAKE_PREFIX_PATH}:/root/yolo_ws/install/yolo_ros:/root/tiago_ws/install/launch_pal:/opt/ros/jazzy PS1=\[\e]0;\u@\h: \w\a\]${debian_chroot:+($debian_chroot)}\u@\h:\w\$ /usr/bin/cmake --install /root/yolo_ws/build/yolo_msgs
[0.894s] Level 1:colcon.colcon_core.environment:checking '/root/yolo_ws/install/yolo_msgs' for CMake module files
[0.895s] Level 1:colcon.colcon_core.environment:checking '/root/yolo_ws/install/yolo_msgs' for CMake config files
[0.896s] Level 1:colcon.colcon_core.shell:create_environment_hook('yolo_msgs', 'cmake_prefix_path')
[0.896s] INFO:colcon.colcon_core.shell:Creating environment hook '/root/yolo_ws/install/yolo_msgs/share/yolo_msgs/hook/cmake_prefix_path.ps1'
[0.897s] INFO:colcon.colcon_core.shell:Creating environment descriptor '/root/yolo_ws/install/yolo_msgs/share/yolo_msgs/hook/cmake_prefix_path.dsv'
[0.897s] INFO:colcon.colcon_core.shell:Creating environment hook '/root/yolo_ws/install/yolo_msgs/share/yolo_msgs/hook/cmake_prefix_path.sh'
[0.898s] Level 1:colcon.colcon_core.environment:checking '/root/yolo_ws/install/yolo_msgs/lib'
[0.898s] Level 1:colcon.colcon_core.shell:create_environment_hook('yolo_msgs', 'ld_library_path_lib')
[0.898s] INFO:colcon.colcon_core.shell:Creating environment hook '/root/yolo_ws/install/yolo_msgs/share/yolo_msgs/hook/ld_library_path_lib.ps1'
[0.898s] INFO:colcon.colcon_core.shell:Creating environment descriptor '/root/yolo_ws/install/yolo_msgs/share/yolo_msgs/hook/ld_library_path_lib.dsv'
[0.899s] INFO:colcon.colcon_core.shell:Creating environment hook '/root/yolo_ws/install/yolo_msgs/share/yolo_msgs/hook/ld_library_path_lib.sh'
[0.899s] Level 1:colcon.colcon_core.environment:checking '/root/yolo_ws/install/yolo_msgs/bin'
[0.899s] Level 1:colcon.colcon_core.environment:checking '/root/yolo_ws/install/yolo_msgs/lib/pkgconfig/yolo_msgs.pc'
[0.901s] Level 1:colcon.colcon_core.environment:checking '/root/yolo_ws/install/yolo_msgs/lib/python3.12/site-packages'
[0.901s] Level 1:colcon.colcon_core.shell:create_environment_hook('yolo_msgs', 'pythonpath')
[0.901s] INFO:colcon.colcon_core.shell:Creating environment hook '/root/yolo_ws/install/yolo_msgs/share/yolo_msgs/hook/pythonpath.ps1'
[0.901s] INFO:colcon.colcon_core.shell:Creating environment descriptor '/root/yolo_ws/install/yolo_msgs/share/yolo_msgs/hook/pythonpath.dsv'
[0.902s] INFO:colcon.colcon_core.shell:Creating environment hook '/root/yolo_ws/install/yolo_msgs/share/yolo_msgs/hook/pythonpath.sh'
[0.902s] Level 1:colcon.colcon_core.environment:checking '/root/yolo_ws/install/yolo_msgs/bin'
[0.902s] INFO:colcon.colcon_core.shell:Creating package script '/root/yolo_ws/install/yolo_msgs/share/yolo_msgs/package.ps1'
[0.903s] INFO:colcon.colcon_core.shell:Creating package descriptor '/root/yolo_ws/install/yolo_msgs/share/yolo_msgs/package.dsv'
[0.904s] INFO:colcon.colcon_core.shell:Creating package script '/root/yolo_ws/install/yolo_msgs/share/yolo_msgs/package.sh'
[0.904s] INFO:colcon.colcon_core.shell:Creating package script '/root/yolo_ws/install/yolo_msgs/share/yolo_msgs/package.bash'
[0.905s] INFO:colcon.colcon_core.shell:Creating package script '/root/yolo_ws/install/yolo_msgs/share/yolo_msgs/package.zsh'
[0.905s] Level 1:colcon.colcon_core.environment:create_file_with_runtime_dependencies(/root/yolo_ws/install/yolo_msgs/share/colcon-core/packages/yolo_msgs)
[0.906s] Level 1:colcon.colcon_core.environment:create_environment_scripts_only(yolo_msgs)
[0.906s] Level 1:colcon.colcon_core.environment:checking '/root/yolo_ws/install/yolo_msgs' for CMake module files
[0.907s] Level 1:colcon.colcon_core.environment:checking '/root/yolo_ws/install/yolo_msgs' for CMake config files
[0.908s] Level 1:colcon.colcon_core.shell:create_environment_hook('yolo_msgs', 'cmake_prefix_path')
[0.908s] INFO:colcon.colcon_core.shell:Creating environment hook '/root/yolo_ws/install/yolo_msgs/share/yolo_msgs/hook/cmake_prefix_path.ps1'
[0.908s] INFO:colcon.colcon_core.shell:Creating environment descriptor '/root/yolo_ws/install/yolo_msgs/share/yolo_msgs/hook/cmake_prefix_path.dsv'
[0.908s] INFO:colcon.colcon_core.shell:Creating environment hook '/root/yolo_ws/install/yolo_msgs/share/yolo_msgs/hook/cmake_prefix_path.sh'
[0.910s] Level 1:colcon.colcon_core.environment:checking '/root/yolo_ws/install/yolo_msgs/lib'
[0.910s] Level 1:colcon.colcon_core.shell:create_environment_hook('yolo_msgs', 'ld_library_path_lib')
[0.910s] INFO:colcon.colcon_core.shell:Creating environment hook '/root/yolo_ws/install/yolo_msgs/share/yolo_msgs/hook/ld_library_path_lib.ps1'
[0.910s] INFO:colcon.colcon_core.shell:Creating environment descriptor '/root/yolo_ws/install/yolo_msgs/share/yolo_msgs/hook/ld_library_path_lib.dsv'
[0.910s] INFO:colcon.colcon_core.shell:Creating environment hook '/root/yolo_ws/install/yolo_msgs/share/yolo_msgs/hook/ld_library_path_lib.sh'
[0.911s] Level 1:colcon.colcon_core.environment:checking '/root/yolo_ws/install/yolo_msgs/bin'
[0.911s] Level 1:colcon.colcon_core.environment:checking '/root/yolo_ws/install/yolo_msgs/lib/pkgconfig/yolo_msgs.pc'
[0.911s] Level 1:colcon.colcon_core.environment:checking '/root/yolo_ws/install/yolo_msgs/lib/python3.12/site-packages'
[0.911s] Level 1:colcon.colcon_core.shell:create_environment_hook('yolo_msgs', 'pythonpath')
[0.911s] INFO:colcon.colcon_core.shell:Creating environment hook '/root/yolo_ws/install/yolo_msgs/share/yolo_msgs/hook/pythonpath.ps1'
[0.912s] INFO:colcon.colcon_core.shell:Creating environment descriptor '/root/yolo_ws/install/yolo_msgs/share/yolo_msgs/hook/pythonpath.dsv'
[0.912s] INFO:colcon.colcon_core.shell:Creating environment hook '/root/yolo_ws/install/yolo_msgs/share/yolo_msgs/hook/pythonpath.sh'
[0.912s] Level 1:colcon.colcon_core.environment:checking '/root/yolo_ws/install/yolo_msgs/bin'
[0.913s] INFO:colcon.colcon_core.shell:Creating package script '/root/yolo_ws/install/yolo_msgs/share/yolo_msgs/package.ps1'
[0.913s] INFO:colcon.colcon_core.shell:Creating package descriptor '/root/yolo_ws/install/yolo_msgs/share/yolo_msgs/package.dsv'
[0.914s] INFO:colcon.colcon_core.shell:Creating package script '/root/yolo_ws/install/yolo_msgs/share/yolo_msgs/package.sh'
[0.914s] INFO:colcon.colcon_core.shell:Creating package script '/root/yolo_ws/install/yolo_msgs/share/yolo_msgs/package.bash'
[0.914s] INFO:colcon.colcon_core.shell:Creating package script '/root/yolo_ws/install/yolo_msgs/share/yolo_msgs/package.zsh'
[0.915s] Level 1:colcon.colcon_core.environment:create_file_with_runtime_dependencies(/root/yolo_ws/install/yolo_msgs/share/colcon-core/packages/yolo_msgs)
[0.915s] INFO:colcon.colcon_ros.task.ament_python.build:Building ROS package in '/root/yolo_ws/src/yolo_ros/yolo_ros' with build type 'ament_python'
[0.915s] Level 1:colcon.colcon_core.shell:create_environment_hook('yolo_ros', 'ament_prefix_path')
[0.915s] INFO:colcon.colcon_core.shell:Creating environment hook '/root/yolo_ws/install/yolo_ros/share/yolo_ros/hook/ament_prefix_path.ps1'
[0.916s] INFO:colcon.colcon_core.shell:Creating environment descriptor '/root/yolo_ws/install/yolo_ros/share/yolo_ros/hook/ament_prefix_path.dsv'
[0.917s] INFO:colcon.colcon_core.shell:Creating environment hook '/root/yolo_ws/install/yolo_ros/share/yolo_ros/hook/ament_prefix_path.sh'
[0.917s] INFO:colcon.colcon_core.shell:Skip shell extension 'powershell' for command environment: Not usable outside of PowerShell
[0.917s] DEBUG:colcon.colcon_core.shell:Skip shell extension 'dsv' for command environment
[1.163s] INFO:colcon.colcon_core.task.python.build:Building Python package in '/root/yolo_ws/src/yolo_ros/yolo_ros'
[1.163s] INFO:colcon.colcon_core.shell:Skip shell extension 'powershell' for command environment: Not usable outside of PowerShell
[1.163s] DEBUG:colcon.colcon_core.shell:Skip shell extension 'dsv' for command environment
[1.851s] DEBUG:colcon.colcon_core.event_handler.log_command:Invoking command in '/root/yolo_ws/src/yolo_ros/yolo_ros': CMAKE_PREFIX_PATH=/root/yolo_ws/install/yolo_msgs:/root/yolo_ws/install/yolo_bringup:/root/tiago_ws/install/tiago_simulation:/root/tiago_ws/install/tiago_robot:/root/tiago_ws/install/tiago_navigation:/root/tiago_ws/install/tiago_gazebo:/root/tiago_ws/install/tiago_moveit_config:/root/tiago_ws/install/tiago_2dnav:/root/tiago_ws/install/tiago_laser_sensors:/root/tiago_ws/install/tiago_harmonic:/root/tiago_ws/install/tiago_bringup:/root/tiago_ws/install/tiago_description:/root/tiago_ws/install/tiago_controller_configuration:/root/tiago_ws/install/pmb2_robot:/root/tiago_ws/install/pmb2_navigation:/root/tiago_ws/install/pmb2_2dnav:/root/tiago_ws/install/pmb2_laser_sensors:/root/tiago_ws/install/pmb2_bringup:/root/tiago_ws/install/pmb2_description:/root/tiago_ws/install/pmb2_controller_configuration:/root/tiago_ws/install/play_motion2:/root/tiago_ws/install/play_motion2_msgs:/root/tiago_ws/install/pal_hey5:/root/tiago_ws/install/pal_hey5_description:/root/tiago_ws/install/pal_gripper_simulation:/root/tiago_ws/install/pal_gripper:/root/tiago_ws/install/pal_gripper_description:/root/tiago_ws/install/omni_base_robot:/root/tiago_ws/install/omni_base_bringup:/root/tiago_ws/install/omni_base_description:/root/tiago_ws/install/pal_urdf_utils:/root/tiago_ws/install/pal_robotiq_gripper:/root/tiago_ws/install/pal_robotiq_description:/root/tiago_ws/install/pal_robotiq_controller_configuration:/root/tiago_ws/install/pal_maps:/root/tiago_ws/install/pal_hey5_controller_configuration:/root/tiago_ws/install/pal_gripper_controller_configuration:/root/tiago_ws/install/omni_base_controller_configuration:/root/tiago_ws/install/br2_gazebo_worlds:/root/tfm_ws/install/arm_movement:/opt/ros/jazzy/opt/gz_sim_vendor:/opt/ros/jazzy/opt/gz_sensors_vendor:/opt/ros/jazzy/opt/gz_physics_vendor:/opt/ros/jazzy/opt/sdformat_vendor:/opt/ros/jazzy/opt/gz_gui_vendor:/opt/ros/jazzy/opt/gz_transport_vendor:/opt/ros/jazzy/opt/gz_rendering_vendor:/opt/ros/jazzy/opt/gz_plugin_vendor:/opt/ros/jazzy/opt/gz_fuel_tools_vendor:/opt/ros/jazzy/opt/gz_msgs_vendor:/opt/ros/jazzy/opt/gz_common_vendor:/opt/ros/jazzy/opt/gz_math_vendor:/opt/ros/jazzy/opt/gz_utils_vendor:/opt/ros/jazzy/opt/gz_tools_vendor:/opt/ros/jazzy/opt/gz_ogre_next_vendor:/opt/ros/jazzy/opt/gz_dartsim_vendor:/opt/ros/jazzy/opt/gz_cmake_vendor PS1=\[\e]0;\u@\h: \w\a\]${debian_chroot:+($debian_chroot)}\u@\h:\w\$ PYTHONPATH=/root/yolo_ws/build/yolo_ros/prefix_override:/usr/lib/python3/dist-packages/colcon_core/task/python/colcon_distutils_commands:/root/yolo_ws/install/yolo_ros/lib/python3.12/site-packages:/root/yolo_ws/install/yolo_msgs/lib/python3.12/site-packages:/root/yolo_ws/build/yolo_ros:/root/yolo_ws/install/yolo_ros/lib/python3.12/site-packages:/root/tiago_ws/install/tiago_description/lib/python3.12/site-packages:/root/tiago_ws/install/pmb2_description/lib/python3.12/site-packages:/root/tiago_ws/install/play_motion2_msgs/lib/python3.12/site-packages:/root/tiago_ws/install/omni_base_description/lib/python3.12/site-packages:/root/tiago_ws/build/launch_pal:/root/tiago_ws/install/launch_pal/lib/python3.12/site-packages:/opt/ros/jazzy/lib/python3.12/site-packages /usr/bin/python3 -W ignore:setup.py install is deprecated -W ignore:easy_install command is deprecated setup.py egg_info --egg-base ../../../build/yolo_ros build --build-base /root/yolo_ws/build/yolo_ros/build install --record /root/yolo_ws/build/yolo_ros/install.log --single-version-externally-managed install_data
[2.490s] Level 1:colcon.colcon_core.environment:checking '/root/yolo_ws/install/yolo_ros' for CMake module files
[2.491s] DEBUG:colcon.colcon_core.event_handler.log_command:Invoked command in '/root/yolo_ws/src/yolo_ros/yolo_ros' returned '0': CMAKE_PREFIX_PATH=/root/yolo_ws/install/yolo_msgs:/root/yolo_ws/install/yolo_bringup:/root/tiago_ws/install/tiago_simulation:/root/tiago_ws/install/tiago_robot:/root/tiago_ws/install/tiago_navigation:/root/tiago_ws/install/tiago_gazebo:/root/tiago_ws/install/tiago_moveit_config:/root/tiago_ws/install/tiago_2dnav:/root/tiago_ws/install/tiago_laser_sensors:/root/tiago_ws/install/tiago_harmonic:/root/tiago_ws/install/tiago_bringup:/root/tiago_ws/install/tiago_description:/root/tiago_ws/install/tiago_controller_configuration:/root/tiago_ws/install/pmb2_robot:/root/tiago_ws/install/pmb2_navigation:/root/tiago_ws/install/pmb2_2dnav:/root/tiago_ws/install/pmb2_laser_sensors:/root/tiago_ws/install/pmb2_bringup:/root/tiago_ws/install/pmb2_description:/root/tiago_ws/install/pmb2_controller_configuration:/root/tiago_ws/install/play_motion2:/root/tiago_ws/install/play_motion2_msgs:/root/tiago_ws/install/pal_hey5:/root/tiago_ws/install/pal_hey5_description:/root/tiago_ws/install/pal_gripper_simulation:/root/tiago_ws/install/pal_gripper:/root/tiago_ws/install/pal_gripper_description:/root/tiago_ws/install/omni_base_robot:/root/tiago_ws/install/omni_base_bringup:/root/tiago_ws/install/omni_base_description:/root/tiago_ws/install/pal_urdf_utils:/root/tiago_ws/install/pal_robotiq_gripper:/root/tiago_ws/install/pal_robotiq_description:/root/tiago_ws/install/pal_robotiq_controller_configuration:/root/tiago_ws/install/pal_maps:/root/tiago_ws/install/pal_hey5_controller_configuration:/root/tiago_ws/install/pal_gripper_controller_configuration:/root/tiago_ws/install/omni_base_controller_configuration:/root/tiago_ws/install/br2_gazebo_worlds:/root/tfm_ws/install/arm_movement:/opt/ros/jazzy/opt/gz_sim_vendor:/opt/ros/jazzy/opt/gz_sensors_vendor:/opt/ros/jazzy/opt/gz_physics_vendor:/opt/ros/jazzy/opt/sdformat_vendor:/opt/ros/jazzy/opt/gz_gui_vendor:/opt/ros/jazzy/opt/gz_transport_vendor:/opt/ros/jazzy/opt/gz_rendering_vendor:/opt/ros/jazzy/opt/gz_plugin_vendor:/opt/ros/jazzy/opt/gz_fuel_tools_vendor:/opt/ros/jazzy/opt/gz_msgs_vendor:/opt/ros/jazzy/opt/gz_common_vendor:/opt/ros/jazzy/opt/gz_math_vendor:/opt/ros/jazzy/opt/gz_utils_vendor:/opt/ros/jazzy/opt/gz_tools_vendor:/opt/ros/jazzy/opt/gz_ogre_next_vendor:/opt/ros/jazzy/opt/gz_dartsim_vendor:/opt/ros/jazzy/opt/gz_cmake_vendor PS1=\[\e]0;\u@\h: \w\a\]${debian_chroot:+($debian_chroot)}\u@\h:\w\$ PYTHONPATH=/root/yolo_ws/build/yolo_ros/prefix_override:/usr/lib/python3/dist-packages/colcon_core/task/python/colcon_distutils_commands:/root/yolo_ws/install/yolo_ros/lib/python3.12/site-packages:/root/yolo_ws/install/yolo_msgs/lib/python3.12/site-packages:/root/yolo_ws/build/yolo_ros:/root/yolo_ws/install/yolo_ros/lib/python3.12/site-packages:/root/tiago_ws/install/tiago_description/lib/python3.12/site-packages:/root/tiago_ws/install/pmb2_description/lib/python3.12/site-packages:/root/tiago_ws/install/play_motion2_msgs/lib/python3.12/site-packages:/root/tiago_ws/install/omni_base_description/lib/python3.12/site-packages:/root/tiago_ws/build/launch_pal:/root/tiago_ws/install/launch_pal/lib/python3.12/site-packages:/opt/ros/jazzy/lib/python3.12/site-packages /usr/bin/python3 -W ignore:setup.py install is deprecated -W ignore:easy_install command is deprecated setup.py egg_info --egg-base ../../../build/yolo_ros build --build-base /root/yolo_ws/build/yolo_ros/build install --record /root/yolo_ws/build/yolo_ros/install.log --single-version-externally-managed install_data
[2.491s] Level 1:colcon.colcon_core.environment:checking '/root/yolo_ws/install/yolo_ros' for CMake config files
[2.492s] Level 1:colcon.colcon_core.environment:checking '/root/yolo_ws/install/yolo_ros/lib'
[2.492s] Level 1:colcon.colcon_core.environment:checking '/root/yolo_ws/install/yolo_ros/bin'
[2.492s] Level 1:colcon.colcon_core.environment:checking '/root/yolo_ws/install/yolo_ros/lib/pkgconfig/yolo_ros.pc'
[2.493s] Level 1:colcon.colcon_core.environment:checking '/root/yolo_ws/install/yolo_ros/lib/python3.12/site-packages'
[2.493s] Level 1:colcon.colcon_core.shell:create_environment_hook('yolo_ros', 'pythonpath')
[2.493s] INFO:colcon.colcon_core.shell:Creating environment hook '/root/yolo_ws/install/yolo_ros/share/yolo_ros/hook/pythonpath.ps1'
[2.493s] INFO:colcon.colcon_core.shell:Creating environment descriptor '/root/yolo_ws/install/yolo_ros/share/yolo_ros/hook/pythonpath.dsv'
[2.494s] INFO:colcon.colcon_core.shell:Creating environment hook '/root/yolo_ws/install/yolo_ros/share/yolo_ros/hook/pythonpath.sh'
[2.494s] Level 1:colcon.colcon_core.environment:checking '/root/yolo_ws/install/yolo_ros/bin'
[2.494s] Level 1:colcon.colcon_core.environment:create_environment_scripts_only(yolo_ros)
[2.494s] INFO:colcon.colcon_core.shell:Creating package script '/root/yolo_ws/install/yolo_ros/share/yolo_ros/package.ps1'
[2.495s] INFO:colcon.colcon_core.shell:Creating package descriptor '/root/yolo_ws/install/yolo_ros/share/yolo_ros/package.dsv'
[2.495s] INFO:colcon.colcon_core.shell:Creating package script '/root/yolo_ws/install/yolo_ros/share/yolo_ros/package.sh'
[2.495s] INFO:colcon.colcon_core.shell:Creating package script '/root/yolo_ws/install/yolo_ros/share/yolo_ros/package.bash'
[2.496s] INFO:colcon.colcon_core.shell:Creating package script '/root/yolo_ws/install/yolo_ros/share/yolo_ros/package.zsh'
[2.619s] Level 1:colcon.colcon_core.environment:create_file_with_runtime_dependencies(/root/yolo_ws/install/yolo_ros/share/colcon-core/packages/yolo_ros)
[2.620s] INFO:colcon.colcon_ros.task.ament_cmake.build:Building ROS package in '/root/yolo_ws/src/yolo_ros/yolo_bringup' with build type 'ament_cmake'
[2.620s] INFO:colcon.colcon_cmake.task.cmake.build:Building CMake package in '/root/yolo_ws/src/yolo_ros/yolo_bringup'
[2.620s] INFO:colcon.colcon_core.shell:Skip shell extension 'powershell' for command environment: Not usable outside of PowerShell
[2.620s] DEBUG:colcon.colcon_core.shell:Skip shell extension 'dsv' for command environment
[2.638s] DEBUG:colcon.colcon_core.event_handler.log_command:Invoking command in '/root/yolo_ws/build/yolo_bringup': AMENT_PREFIX_PATH=/root/yolo_ws/install/yolo_ros:/root/yolo_ws/install/yolo_bringup:/root/yolo_ws/install/yolo_msgs:/root/tiago_ws/install/tiago_simulation:/root/tiago_ws/install/tiago_robot:/root/tiago_ws/install/tiago_navigation:/root/tiago_ws/install/tiago_gazebo:/root/tiago_ws/install/tiago_moveit_config:/root/tiago_ws/install/tiago_2dnav:/root/tiago_ws/install/tiago_laser_sensors:/root/tiago_ws/install/tiago_harmonic:/root/tiago_ws/install/tiago_bringup:/root/tiago_ws/install/tiago_description:/root/tiago_ws/install/tiago_controller_configuration:/root/tiago_ws/install/pmb2_robot:/root/tiago_ws/install/pmb2_navigation:/root/tiago_ws/install/pmb2_2dnav:/root/tiago_ws/install/pmb2_laser_sensors:/root/tiago_ws/install/pmb2_bringup:/root/tiago_ws/install/pmb2_description:/root/tiago_ws/install/pmb2_controller_configuration:/root/tiago_ws/install/play_motion2:/root/tiago_ws/install/play_motion2_msgs:/root/tiago_ws/install/pal_hey5:/root/tiago_ws/install/pal_hey5_description:/root/tiago_ws/install/pal_gripper_simulation:/root/tiago_ws/install/pal_gripper:/root/tiago_ws/install/pal_gripper_description:/root/tiago_ws/install/omni_base_robot:/root/tiago_ws/install/omni_base_bringup:/root/tiago_ws/install/omni_base_description:/root/tiago_ws/install/pal_urdf_utils:/root/tiago_ws/install/pal_robotiq_gripper:/root/tiago_ws/install/pal_robotiq_description:/root/tiago_ws/install/pal_robotiq_controller_configuration:/root/tiago_ws/install/pal_maps:/root/tiago_ws/install/pal_hey5_controller_configuration:/root/tiago_ws/install/pal_gripper_controller_configuration:/root/tiago_ws/install/omni_base_controller_configuration:/root/tiago_ws/install/launch_pal:/root/tiago_ws/install/br2_gazebo_worlds:/root/tfm_ws/install/arm_movement:/opt/ros/jazzy CMAKE_PREFIX_PATH=/root/yolo_ws/install/yolo_msgs:/root/yolo_ws/install/yolo_bringup:/root/tiago_ws/install/tiago_simulation:/root/tiago_ws/install/tiago_robot:/root/tiago_ws/install/tiago_navigation:/root/tiago_ws/install/tiago_gazebo:/root/tiago_ws/install/tiago_moveit_config:/root/tiago_ws/install/tiago_2dnav:/root/tiago_ws/install/tiago_laser_sensors:/root/tiago_ws/install/tiago_harmonic:/root/tiago_ws/install/tiago_bringup:/root/tiago_ws/install/tiago_description:/root/tiago_ws/install/tiago_controller_configuration:/root/tiago_ws/install/pmb2_robot:/root/tiago_ws/install/pmb2_navigation:/root/tiago_ws/install/pmb2_2dnav:/root/tiago_ws/install/pmb2_laser_sensors:/root/tiago_ws/install/pmb2_bringup:/root/tiago_ws/install/pmb2_description:/root/tiago_ws/install/pmb2_controller_configuration:/root/tiago_ws/install/play_motion2:/root/tiago_ws/install/play_motion2_msgs:/root/tiago_ws/install/pal_hey5:/root/tiago_ws/install/pal_hey5_description:/root/tiago_ws/install/pal_gripper_simulation:/root/tiago_ws/install/pal_gripper:/root/tiago_ws/install/pal_gripper_description:/root/tiago_ws/install/omni_base_robot:/root/tiago_ws/install/omni_base_bringup:/root/tiago_ws/install/omni_base_description:/root/tiago_ws/install/pal_urdf_utils:/root/tiago_ws/install/pal_robotiq_gripper:/root/tiago_ws/install/pal_robotiq_description:/root/tiago_ws/install/pal_robotiq_controller_configuration:/root/tiago_ws/install/pal_maps:/root/tiago_ws/install/pal_hey5_controller_configuration:/root/tiago_ws/install/pal_gripper_controller_configuration:/root/tiago_ws/install/omni_base_controller_configuration:/root/tiago_ws/install/br2_gazebo_worlds:/root/tfm_ws/install/arm_movement:/opt/ros/jazzy/opt/gz_sim_vendor:/opt/ros/jazzy/opt/gz_sensors_vendor:/opt/ros/jazzy/opt/gz_physics_vendor:/opt/ros/jazzy/opt/sdformat_vendor:/opt/ros/jazzy/opt/gz_gui_vendor:/opt/ros/jazzy/opt/gz_transport_vendor:/opt/ros/jazzy/opt/gz_rendering_vendor:/opt/ros/jazzy/opt/gz_plugin_vendor:/opt/ros/jazzy/opt/gz_fuel_tools_vendor:/opt/ros/jazzy/opt/gz_msgs_vendor:/opt/ros/jazzy/opt/gz_common_vendor:/opt/ros/jazzy/opt/gz_math_vendor:/opt/ros/jazzy/opt/gz_utils_vendor:/opt/ros/jazzy/opt/gz_tools_vendor:/opt/ros/jazzy/opt/gz_ogre_next_vendor:/opt/ros/jazzy/opt/gz_dartsim_vendor:/opt/ros/jazzy/opt/gz_cmake_vendor:/root/yolo_ws/install/yolo_ros:/root/tiago_ws/install/launch_pal:/opt/ros/jazzy PS1=\[\e]0;\u@\h: \w\a\]${debian_chroot:+($debian_chroot)}\u@\h:\w\$ PYTHONPATH=/root/yolo_ws/install/yolo_ros/lib/python3.12/site-packages:/root/yolo_ws/install/yolo_msgs/lib/python3.12/site-packages:/root/yolo_ws/build/yolo_ros:/root/tiago_ws/install/tiago_description/lib/python3.12/site-packages:/root/tiago_ws/install/pmb2_description/lib/python3.12/site-packages:/root/tiago_ws/install/play_motion2_msgs/lib/python3.12/site-packages:/root/tiago_ws/install/omni_base_description/lib/python3.12/site-packages:/root/tiago_ws/build/launch_pal:/root/tiago_ws/install/launch_pal/lib/python3.12/site-packages:/opt/ros/jazzy/lib/python3.12/site-packages /usr/bin/cmake --build /root/yolo_ws/build/yolo_bringup -- -j12 -l12
[2.683s] DEBUG:colcon.colcon_core.event_handler.log_command:Invoked command in '/root/yolo_ws/build/yolo_bringup' returned '0': AMENT_PREFIX_PATH=/root/yolo_ws/install/yolo_ros:/root/yolo_ws/install/yolo_bringup:/root/yolo_ws/install/yolo_msgs:/root/tiago_ws/install/tiago_simulation:/root/tiago_ws/install/tiago_robot:/root/tiago_ws/install/tiago_navigation:/root/tiago_ws/install/tiago_gazebo:/root/tiago_ws/install/tiago_moveit_config:/root/tiago_ws/install/tiago_2dnav:/root/tiago_ws/install/tiago_laser_sensors:/root/tiago_ws/install/tiago_harmonic:/root/tiago_ws/install/tiago_bringup:/root/tiago_ws/install/tiago_description:/root/tiago_ws/install/tiago_controller_configuration:/root/tiago_ws/install/pmb2_robot:/root/tiago_ws/install/pmb2_navigation:/root/tiago_ws/install/pmb2_2dnav:/root/tiago_ws/install/pmb2_laser_sensors:/root/tiago_ws/install/pmb2_bringup:/root/tiago_ws/install/pmb2_description:/root/tiago_ws/install/pmb2_controller_configuration:/root/tiago_ws/install/play_motion2:/root/tiago_ws/install/play_motion2_msgs:/root/tiago_ws/install/pal_hey5:/root/tiago_ws/install/pal_hey5_description:/root/tiago_ws/install/pal_gripper_simulation:/root/tiago_ws/install/pal_gripper:/root/tiago_ws/install/pal_gripper_description:/root/tiago_ws/install/omni_base_robot:/root/tiago_ws/install/omni_base_bringup:/root/tiago_ws/install/omni_base_description:/root/tiago_ws/install/pal_urdf_utils:/root/tiago_ws/install/pal_robotiq_gripper:/root/tiago_ws/install/pal_robotiq_description:/root/tiago_ws/install/pal_robotiq_controller_configuration:/root/tiago_ws/install/pal_maps:/root/tiago_ws/install/pal_hey5_controller_configuration:/root/tiago_ws/install/pal_gripper_controller_configuration:/root/tiago_ws/install/omni_base_controller_configuration:/root/tiago_ws/install/launch_pal:/root/tiago_ws/install/br2_gazebo_worlds:/root/tfm_ws/install/arm_movement:/opt/ros/jazzy CMAKE_PREFIX_PATH=/root/yolo_ws/install/yolo_msgs:/root/yolo_ws/install/yolo_bringup:/root/tiago_ws/install/tiago_simulation:/root/tiago_ws/install/tiago_robot:/root/tiago_ws/install/tiago_navigation:/root/tiago_ws/install/tiago_gazebo:/root/tiago_ws/install/tiago_moveit_config:/root/tiago_ws/install/tiago_2dnav:/root/tiago_ws/install/tiago_laser_sensors:/root/tiago_ws/install/tiago_harmonic:/root/tiago_ws/install/tiago_bringup:/root/tiago_ws/install/tiago_description:/root/tiago_ws/install/tiago_controller_configuration:/root/tiago_ws/install/pmb2_robot:/root/tiago_ws/install/pmb2_navigation:/root/tiago_ws/install/pmb2_2dnav:/root/tiago_ws/install/pmb2_laser_sensors:/root/tiago_ws/install/pmb2_bringup:/root/tiago_ws/install/pmb2_description:/root/tiago_ws/install/pmb2_controller_configuration:/root/tiago_ws/install/play_motion2:/root/tiago_ws/install/play_motion2_msgs:/root/tiago_ws/install/pal_hey5:/root/tiago_ws/install/pal_hey5_description:/root/tiago_ws/install/pal_gripper_simulation:/root/tiago_ws/install/pal_gripper:/root/tiago_ws/install/pal_gripper_description:/root/tiago_ws/install/omni_base_robot:/root/tiago_ws/install/omni_base_bringup:/root/tiago_ws/install/omni_base_description:/root/tiago_ws/install/pal_urdf_utils:/root/tiago_ws/install/pal_robotiq_gripper:/root/tiago_ws/install/pal_robotiq_description:/root/tiago_ws/install/pal_robotiq_controller_configuration:/root/tiago_ws/install/pal_maps:/root/tiago_ws/install/pal_hey5_controller_configuration:/root/tiago_ws/install/pal_gripper_controller_configuration:/root/tiago_ws/install/omni_base_controller_configuration:/root/tiago_ws/install/br2_gazebo_worlds:/root/tfm_ws/install/arm_movement:/opt/ros/jazzy/opt/gz_sim_vendor:/opt/ros/jazzy/opt/gz_sensors_vendor:/opt/ros/jazzy/opt/gz_physics_vendor:/opt/ros/jazzy/opt/sdformat_vendor:/opt/ros/jazzy/opt/gz_gui_vendor:/opt/ros/jazzy/opt/gz_transport_vendor:/opt/ros/jazzy/opt/gz_rendering_vendor:/opt/ros/jazzy/opt/gz_plugin_vendor:/opt/ros/jazzy/opt/gz_fuel_tools_vendor:/opt/ros/jazzy/opt/gz_msgs_vendor:/opt/ros/jazzy/opt/gz_common_vendor:/opt/ros/jazzy/opt/gz_math_vendor:/opt/ros/jazzy/opt/gz_utils_vendor:/opt/ros/jazzy/opt/gz_tools_vendor:/opt/ros/jazzy/opt/gz_ogre_next_vendor:/opt/ros/jazzy/opt/gz_dartsim_vendor:/opt/ros/jazzy/opt/gz_cmake_vendor:/root/yolo_ws/install/yolo_ros:/root/tiago_ws/install/launch_pal:/opt/ros/jazzy PS1=\[\e]0;\u@\h: \w\a\]${debian_chroot:+($debian_chroot)}\u@\h:\w\$ PYTHONPATH=/root/yolo_ws/install/yolo_ros/lib/python3.12/site-packages:/root/yolo_ws/install/yolo_msgs/lib/python3.12/site-packages:/root/yolo_ws/build/yolo_ros:/root/tiago_ws/install/tiago_description/lib/python3.12/site-packages:/root/tiago_ws/install/pmb2_description/lib/python3.12/site-packages:/root/tiago_ws/install/play_motion2_msgs/lib/python3.12/site-packages:/root/tiago_ws/install/omni_base_description/lib/python3.12/site-packages:/root/tiago_ws/build/launch_pal:/root/tiago_ws/install/launch_pal/lib/python3.12/site-packages:/opt/ros/jazzy/lib/python3.12/site-packages /usr/bin/cmake --build /root/yolo_ws/build/yolo_bringup -- -j12 -l12
[2.684s] DEBUG:colcon.colcon_core.event_handler.log_command:Invoking command in '/root/yolo_ws/build/yolo_bringup': AMENT_PREFIX_PATH=/root/yolo_ws/install/yolo_ros:/root/yolo_ws/install/yolo_bringup:/root/yolo_ws/install/yolo_msgs:/root/tiago_ws/install/tiago_simulation:/root/tiago_ws/install/tiago_robot:/root/tiago_ws/install/tiago_navigation:/root/tiago_ws/install/tiago_gazebo:/root/tiago_ws/install/tiago_moveit_config:/root/tiago_ws/install/tiago_2dnav:/root/tiago_ws/install/tiago_laser_sensors:/root/tiago_ws/install/tiago_harmonic:/root/tiago_ws/install/tiago_bringup:/root/tiago_ws/install/tiago_description:/root/tiago_ws/install/tiago_controller_configuration:/root/tiago_ws/install/pmb2_robot:/root/tiago_ws/install/pmb2_navigation:/root/tiago_ws/install/pmb2_2dnav:/root/tiago_ws/install/pmb2_laser_sensors:/root/tiago_ws/install/pmb2_bringup:/root/tiago_ws/install/pmb2_description:/root/tiago_ws/install/pmb2_controller_configuration:/root/tiago_ws/install/play_motion2:/root/tiago_ws/install/play_motion2_msgs:/root/tiago_ws/install/pal_hey5:/root/tiago_ws/install/pal_hey5_description:/root/tiago_ws/install/pal_gripper_simulation:/root/tiago_ws/install/pal_gripper:/root/tiago_ws/install/pal_gripper_description:/root/tiago_ws/install/omni_base_robot:/root/tiago_ws/install/omni_base_bringup:/root/tiago_ws/install/omni_base_description:/root/tiago_ws/install/pal_urdf_utils:/root/tiago_ws/install/pal_robotiq_gripper:/root/tiago_ws/install/pal_robotiq_description:/root/tiago_ws/install/pal_robotiq_controller_configuration:/root/tiago_ws/install/pal_maps:/root/tiago_ws/install/pal_hey5_controller_configuration:/root/tiago_ws/install/pal_gripper_controller_configuration:/root/tiago_ws/install/omni_base_controller_configuration:/root/tiago_ws/install/launch_pal:/root/tiago_ws/install/br2_gazebo_worlds:/root/tfm_ws/install/arm_movement:/opt/ros/jazzy CMAKE_PREFIX_PATH=/root/yolo_ws/install/yolo_msgs:/root/yolo_ws/install/yolo_bringup:/root/tiago_ws/install/tiago_simulation:/root/tiago_ws/install/tiago_robot:/root/tiago_ws/install/tiago_navigation:/root/tiago_ws/install/tiago_gazebo:/root/tiago_ws/install/tiago_moveit_config:/root/tiago_ws/install/tiago_2dnav:/root/tiago_ws/install/tiago_laser_sensors:/root/tiago_ws/install/tiago_harmonic:/root/tiago_ws/install/tiago_bringup:/root/tiago_ws/install/tiago_description:/root/tiago_ws/install/tiago_controller_configuration:/root/tiago_ws/install/pmb2_robot:/root/tiago_ws/install/pmb2_navigation:/root/tiago_ws/install/pmb2_2dnav:/root/tiago_ws/install/pmb2_laser_sensors:/root/tiago_ws/install/pmb2_bringup:/root/tiago_ws/install/pmb2_description:/root/tiago_ws/install/pmb2_controller_configuration:/root/tiago_ws/install/play_motion2:/root/tiago_ws/install/play_motion2_msgs:/root/tiago_ws/install/pal_hey5:/root/tiago_ws/install/pal_hey5_description:/root/tiago_ws/install/pal_gripper_simulation:/root/tiago_ws/install/pal_gripper:/root/tiago_ws/install/pal_gripper_description:/root/tiago_ws/install/omni_base_robot:/root/tiago_ws/install/omni_base_bringup:/root/tiago_ws/install/omni_base_description:/root/tiago_ws/install/pal_urdf_utils:/root/tiago_ws/install/pal_robotiq_gripper:/root/tiago_ws/install/pal_robotiq_description:/root/tiago_ws/install/pal_robotiq_controller_configuration:/root/tiago_ws/install/pal_maps:/root/tiago_ws/install/pal_hey5_controller_configuration:/root/tiago_ws/install/pal_gripper_controller_configuration:/root/tiago_ws/install/omni_base_controller_configuration:/root/tiago_ws/install/br2_gazebo_worlds:/root/tfm_ws/install/arm_movement:/opt/ros/jazzy/opt/gz_sim_vendor:/opt/ros/jazzy/opt/gz_sensors_vendor:/opt/ros/jazzy/opt/gz_physics_vendor:/opt/ros/jazzy/opt/sdformat_vendor:/opt/ros/jazzy/opt/gz_gui_vendor:/opt/ros/jazzy/opt/gz_transport_vendor:/opt/ros/jazzy/opt/gz_rendering_vendor:/opt/ros/jazzy/opt/gz_plugin_vendor:/opt/ros/jazzy/opt/gz_fuel_tools_vendor:/opt/ros/jazzy/opt/gz_msgs_vendor:/opt/ros/jazzy/opt/gz_common_vendor:/opt/ros/jazzy/opt/gz_math_vendor:/opt/ros/jazzy/opt/gz_utils_vendor:/opt/ros/jazzy/opt/gz_tools_vendor:/opt/ros/jazzy/opt/gz_ogre_next_vendor:/opt/ros/jazzy/opt/gz_dartsim_vendor:/opt/ros/jazzy/opt/gz_cmake_vendor:/root/yolo_ws/install/yolo_ros:/root/tiago_ws/install/launch_pal:/opt/ros/jazzy PS1=\[\e]0;\u@\h: \w\a\]${debian_chroot:+($debian_chroot)}\u@\h:\w\$ PYTHONPATH=/root/yolo_ws/install/yolo_ros/lib/python3.12/site-packages:/root/yolo_ws/install/yolo_msgs/lib/python3.12/site-packages:/root/yolo_ws/build/yolo_ros:/root/tiago_ws/install/tiago_description/lib/python3.12/site-packages:/root/tiago_ws/install/pmb2_description/lib/python3.12/site-packages:/root/tiago_ws/install/play_motion2_msgs/lib/python3.12/site-packages:/root/tiago_ws/install/omni_base_description/lib/python3.12/site-packages:/root/tiago_ws/build/launch_pal:/root/tiago_ws/install/launch_pal/lib/python3.12/site-packages:/opt/ros/jazzy/lib/python3.12/site-packages /usr/bin/cmake --install /root/yolo_ws/build/yolo_bringup
[2.696s] Level 1:colcon.colcon_core.environment:create_environment_scripts_only(yolo_bringup)
[2.696s] Level 1:colcon.colcon_core.environment:checking '/root/yolo_ws/install/yolo_bringup' for CMake module files
[2.697s] DEBUG:colcon.colcon_core.event_handler.log_command:Invoked command in '/root/yolo_ws/build/yolo_bringup' returned '0': AMENT_PREFIX_PATH=/root/yolo_ws/install/yolo_ros:/root/yolo_ws/install/yolo_bringup:/root/yolo_ws/install/yolo_msgs:/root/tiago_ws/install/tiago_simulation:/root/tiago_ws/install/tiago_robot:/root/tiago_ws/install/tiago_navigation:/root/tiago_ws/install/tiago_gazebo:/root/tiago_ws/install/tiago_moveit_config:/root/tiago_ws/install/tiago_2dnav:/root/tiago_ws/install/tiago_laser_sensors:/root/tiago_ws/install/tiago_harmonic:/root/tiago_ws/install/tiago_bringup:/root/tiago_ws/install/tiago_description:/root/tiago_ws/install/tiago_controller_configuration:/root/tiago_ws/install/pmb2_robot:/root/tiago_ws/install/pmb2_navigation:/root/tiago_ws/install/pmb2_2dnav:/root/tiago_ws/install/pmb2_laser_sensors:/root/tiago_ws/install/pmb2_bringup:/root/tiago_ws/install/pmb2_description:/root/tiago_ws/install/pmb2_controller_configuration:/root/tiago_ws/install/play_motion2:/root/tiago_ws/install/play_motion2_msgs:/root/tiago_ws/install/pal_hey5:/root/tiago_ws/install/pal_hey5_description:/root/tiago_ws/install/pal_gripper_simulation:/root/tiago_ws/install/pal_gripper:/root/tiago_ws/install/pal_gripper_description:/root/tiago_ws/install/omni_base_robot:/root/tiago_ws/install/omni_base_bringup:/root/tiago_ws/install/omni_base_description:/root/tiago_ws/install/pal_urdf_utils:/root/tiago_ws/install/pal_robotiq_gripper:/root/tiago_ws/install/pal_robotiq_description:/root/tiago_ws/install/pal_robotiq_controller_configuration:/root/tiago_ws/install/pal_maps:/root/tiago_ws/install/pal_hey5_controller_configuration:/root/tiago_ws/install/pal_gripper_controller_configuration:/root/tiago_ws/install/omni_base_controller_configuration:/root/tiago_ws/install/launch_pal:/root/tiago_ws/install/br2_gazebo_worlds:/root/tfm_ws/install/arm_movement:/opt/ros/jazzy CMAKE_PREFIX_PATH=/root/yolo_ws/install/yolo_msgs:/root/yolo_ws/install/yolo_bringup:/root/tiago_ws/install/tiago_simulation:/root/tiago_ws/install/tiago_robot:/root/tiago_ws/install/tiago_navigation:/root/tiago_ws/install/tiago_gazebo:/root/tiago_ws/install/tiago_moveit_config:/root/tiago_ws/install/tiago_2dnav:/root/tiago_ws/install/tiago_laser_sensors:/root/tiago_ws/install/tiago_harmonic:/root/tiago_ws/install/tiago_bringup:/root/tiago_ws/install/tiago_description:/root/tiago_ws/install/tiago_controller_configuration:/root/tiago_ws/install/pmb2_robot:/root/tiago_ws/install/pmb2_navigation:/root/tiago_ws/install/pmb2_2dnav:/root/tiago_ws/install/pmb2_laser_sensors:/root/tiago_ws/install/pmb2_bringup:/root/tiago_ws/install/pmb2_description:/root/tiago_ws/install/pmb2_controller_configuration:/root/tiago_ws/install/play_motion2:/root/tiago_ws/install/play_motion2_msgs:/root/tiago_ws/install/pal_hey5:/root/tiago_ws/install/pal_hey5_description:/root/tiago_ws/install/pal_gripper_simulation:/root/tiago_ws/install/pal_gripper:/root/tiago_ws/install/pal_gripper_description:/root/tiago_ws/install/omni_base_robot:/root/tiago_ws/install/omni_base_bringup:/root/tiago_ws/install/omni_base_description:/root/tiago_ws/install/pal_urdf_utils:/root/tiago_ws/install/pal_robotiq_gripper:/root/tiago_ws/install/pal_robotiq_description:/root/tiago_ws/install/pal_robotiq_controller_configuration:/root/tiago_ws/install/pal_maps:/root/tiago_ws/install/pal_hey5_controller_configuration:/root/tiago_ws/install/pal_gripper_controller_configuration:/root/tiago_ws/install/omni_base_controller_configuration:/root/tiago_ws/install/br2_gazebo_worlds:/root/tfm_ws/install/arm_movement:/opt/ros/jazzy/opt/gz_sim_vendor:/opt/ros/jazzy/opt/gz_sensors_vendor:/opt/ros/jazzy/opt/gz_physics_vendor:/opt/ros/jazzy/opt/sdformat_vendor:/opt/ros/jazzy/opt/gz_gui_vendor:/opt/ros/jazzy/opt/gz_transport_vendor:/opt/ros/jazzy/opt/gz_rendering_vendor:/opt/ros/jazzy/opt/gz_plugin_vendor:/opt/ros/jazzy/opt/gz_fuel_tools_vendor:/opt/ros/jazzy/opt/gz_msgs_vendor:/opt/ros/jazzy/opt/gz_common_vendor:/opt/ros/jazzy/opt/gz_math_vendor:/opt/ros/jazzy/opt/gz_utils_vendor:/opt/ros/jazzy/opt/gz_tools_vendor:/opt/ros/jazzy/opt/gz_ogre_next_vendor:/opt/ros/jazzy/opt/gz_dartsim_vendor:/opt/ros/jazzy/opt/gz_cmake_vendor:/root/yolo_ws/install/yolo_ros:/root/tiago_ws/install/launch_pal:/opt/ros/jazzy PS1=\[\e]0;\u@\h: \w\a\]${debian_chroot:+($debian_chroot)}\u@\h:\w\$ PYTHONPATH=/root/yolo_ws/install/yolo_ros/lib/python3.12/site-packages:/root/yolo_ws/install/yolo_msgs/lib/python3.12/site-packages:/root/yolo_ws/build/yolo_ros:/root/tiago_ws/install/tiago_description/lib/python3.12/site-packages:/root/tiago_ws/install/pmb2_description/lib/python3.12/site-packages:/root/tiago_ws/install/play_motion2_msgs/lib/python3.12/site-packages:/root/tiago_ws/install/omni_base_description/lib/python3.12/site-packages:/root/tiago_ws/build/launch_pal:/root/tiago_ws/install/launch_pal/lib/python3.12/site-packages:/opt/ros/jazzy/lib/python3.12/site-packages /usr/bin/cmake --install /root/yolo_ws/build/yolo_bringup
[2.697s] Level 1:colcon.colcon_core.environment:checking '/root/yolo_ws/install/yolo_bringup' for CMake config files
[2.697s] Level 1:colcon.colcon_core.shell:create_environment_hook('yolo_bringup', 'cmake_prefix_path')
[2.697s] INFO:colcon.colcon_core.shell:Creating environment hook '/root/yolo_ws/install/yolo_bringup/share/yolo_bringup/hook/cmake_prefix_path.ps1'
[2.698s] INFO:colcon.colcon_core.shell:Creating environment descriptor '/root/yolo_ws/install/yolo_bringup/share/yolo_bringup/hook/cmake_prefix_path.dsv'
[2.698s] INFO:colcon.colcon_core.shell:Creating environment hook '/root/yolo_ws/install/yolo_bringup/share/yolo_bringup/hook/cmake_prefix_path.sh'
[2.699s] Level 1:colcon.colcon_core.environment:checking '/root/yolo_ws/install/yolo_bringup/bin'
[2.699s] Level 1:colcon.colcon_core.environment:checking '/root/yolo_ws/install/yolo_bringup/lib/pkgconfig/yolo_bringup.pc'
[2.699s] Level 1:colcon.colcon_core.environment:checking '/root/yolo_ws/install/yolo_bringup/lib/python3.12/site-packages'
[2.699s] Level 1:colcon.colcon_core.environment:checking '/root/yolo_ws/install/yolo_bringup/bin'
[2.699s] INFO:colcon.colcon_core.shell:Creating package script '/root/yolo_ws/install/yolo_bringup/share/yolo_bringup/package.ps1'
[2.700s] INFO:colcon.colcon_core.shell:Creating package descriptor '/root/yolo_ws/install/yolo_bringup/share/yolo_bringup/package.dsv'
[2.700s] INFO:colcon.colcon_core.shell:Creating package script '/root/yolo_ws/install/yolo_bringup/share/yolo_bringup/package.sh'
[2.700s] INFO:colcon.colcon_core.shell:Creating package script '/root/yolo_ws/install/yolo_bringup/share/yolo_bringup/package.bash'
[2.701s] INFO:colcon.colcon_core.shell:Creating package script '/root/yolo_ws/install/yolo_bringup/share/yolo_bringup/package.zsh'
[2.701s] Level 1:colcon.colcon_core.environment:create_file_with_runtime_dependencies(/root/yolo_ws/install/yolo_bringup/share/colcon-core/packages/yolo_bringup)
[2.701s] Level 1:colcon.colcon_core.environment:create_environment_scripts_only(yolo_bringup)
[2.701s] Level 1:colcon.colcon_core.environment:checking '/root/yolo_ws/install/yolo_bringup' for CMake module files
[2.702s] Level 1:colcon.colcon_core.environment:checking '/root/yolo_ws/install/yolo_bringup' for CMake config files
[2.702s] Level 1:colcon.colcon_core.shell:create_environment_hook('yolo_bringup', 'cmake_prefix_path')
[2.702s] INFO:colcon.colcon_core.shell:Creating environment hook '/root/yolo_ws/install/yolo_bringup/share/yolo_bringup/hook/cmake_prefix_path.ps1'
[2.703s] INFO:colcon.colcon_core.shell:Creating environment descriptor '/root/yolo_ws/install/yolo_bringup/share/yolo_bringup/hook/cmake_prefix_path.dsv'
[2.703s] INFO:colcon.colcon_core.shell:Creating environment hook '/root/yolo_ws/install/yolo_bringup/share/yolo_bringup/hook/cmake_prefix_path.sh'
[2.703s] Level 1:colcon.colcon_core.environment:checking '/root/yolo_ws/install/yolo_bringup/bin'
[2.704s] Level 1:colcon.colcon_core.environment:checking '/root/yolo_ws/install/yolo_bringup/lib/pkgconfig/yolo_bringup.pc'
[2.704s] Level 1:colcon.colcon_core.environment:checking '/root/yolo_ws/install/yolo_bringup/lib/python3.12/site-packages'
[2.704s] Level 1:colcon.colcon_core.environment:checking '/root/yolo_ws/install/yolo_bringup/bin'
[2.704s] INFO:colcon.colcon_core.shell:Creating package script '/root/yolo_ws/install/yolo_bringup/share/yolo_bringup/package.ps1'
[2.705s] INFO:colcon.colcon_core.shell:Creating package descriptor '/root/yolo_ws/install/yolo_bringup/share/yolo_bringup/package.dsv'
[2.705s] INFO:colcon.colcon_core.shell:Creating package script '/root/yolo_ws/install/yolo_bringup/share/yolo_bringup/package.sh'
[2.705s] INFO:colcon.colcon_core.shell:Creating package script '/root/yolo_ws/install/yolo_bringup/share/yolo_bringup/package.bash'
[2.706s] INFO:colcon.colcon_core.shell:Creating package script '/root/yolo_ws/install/yolo_bringup/share/yolo_bringup/package.zsh'
[2.706s] Level 1:colcon.colcon_core.environment:create_file_with_runtime_dependencies(/root/yolo_ws/install/yolo_bringup/share/colcon-core/packages/yolo_bringup)
[2.706s] DEBUG:colcon.colcon_parallel_executor.executor.parallel:closing loop
[2.706s] DEBUG:colcon.colcon_parallel_executor.executor.parallel:loop closed
[2.706s] DEBUG:colcon.colcon_parallel_executor.executor.parallel:run_until_complete finished with '0'
[2.707s] DEBUG:colcon.colcon_core.event_reactor:joining thread
[2.712s] INFO:colcon.colcon_core.plugin_system:Skipping extension 'colcon_notification.desktop_notification.notify_send': Could not find 'notify-send'
[2.712s] INFO:colcon.colcon_core.plugin_system:Skipping extension 'colcon_notification.desktop_notification.terminal_notifier': Not used on non-Darwin systems
[2.712s] INFO:colcon.colcon_core.plugin_system:Skipping extension 'colcon_notification.desktop_notification.win32': Not used on non-Windows systems
[2.712s] INFO:colcon.colcon_notification.desktop_notification:Sending desktop notification using 'notify2'
[2.718s] DEBUG:colcon.colcon_notification.desktop_notification.notify2:Failed to initialize notify2: org.freedesktop.DBus.Error.ServiceUnknown: The name org.freedesktop.Notifications was not provided by any .service files
[2.719s] DEBUG:colcon.colcon_core.event_reactor:joined thread
[2.719s] INFO:colcon.colcon_core.shell:Creating prefix script '/root/yolo_ws/install/local_setup.ps1'
[2.720s] INFO:colcon.colcon_core.shell:Creating prefix util module '/root/yolo_ws/install/_local_setup_util_ps1.py'
[2.721s] INFO:colcon.colcon_core.shell:Creating prefix chain script '/root/yolo_ws/install/setup.ps1'
[2.724s] INFO:colcon.colcon_core.shell:Creating prefix script '/root/yolo_ws/install/local_setup.sh'
[2.725s] INFO:colcon.colcon_core.shell:Creating prefix util module '/root/yolo_ws/install/_local_setup_util_sh.py'
[2.725s] INFO:colcon.colcon_core.shell:Creating prefix chain script '/root/yolo_ws/install/setup.sh'
[2.729s] INFO:colcon.colcon_core.shell:Creating prefix script '/root/yolo_ws/install/local_setup.bash'
[2.729s] INFO:colcon.colcon_core.shell:Creating prefix chain script '/root/yolo_ws/install/setup.bash'
[2.732s] INFO:colcon.colcon_core.shell:Creating prefix script '/root/yolo_ws/install/local_setup.zsh'
[2.732s] INFO:colcon.colcon_core.shell:Creating prefix chain script '/root/yolo_ws/install/setup.zsh'
