-- The C compiler identification is GNU 13.3.0
-- The CXX compiler identification is GNU 13.3.0
-- Detecting C compiler ABI info
-- Detecting C compiler ABI info - done
-- Check for working C compiler: /usr/bin/cc - skipped
-- Detecting C compile features
-- Detecting C compile features - done
-- Detecting CXX compiler ABI info
-- Detecting CXX compiler ABI info - done
-- Check for working CXX compiler: /usr/bin/c++ - skipped
-- Detecting CXX compile features
-- Detecting CXX compile features - done
-- Found ament_cmake_auto: 2.5.4 (/opt/ros/jazzy/share/ament_cmake_auto/cmake)
-- Found Python3: /usr/bin/python3 (found version "3.12.3") found components: Interpreter 
-- Found rosidl_generator_c: 4.6.5 (/opt/ros/jazzy/share/rosidl_generator_c/cmake)
-- Found rosidl_generator_cpp: 4.6.5 (/opt/ros/jazzy/share/rosidl_generator_cpp/cmake)
-- Using all available rosidl_typesupport_c: rosidl_typesupport_fastrtps_c;rosidl_typesupport_introspection_c
-- Using all available rosidl_typesupport_cpp: rosidl_typesupport_fastrtps_cpp;rosidl_typesupport_introspection_cpp
-- Found rmw_implementation_cmake: 7.3.2 (/opt/ros/jazzy/share/rmw_implementation_cmake/cmake)
-- Found rmw_fastrtps_cpp: 8.4.2 (/opt/ros/jazzy/share/rmw_fastrtps_cpp/cmake)
-- Found OpenSSL: /usr/lib/x86_64-linux-gnu/libcrypto.so (found version "3.0.13")  
-- Found FastRTPS: /opt/ros/jazzy/include (Required is at least version "2.13") 
-- Using RMW implementation 'rmw_fastrtps_cpp' as default
-- Found ament_lint_auto: 0.17.2 (/opt/ros/jazzy/share/ament_lint_auto/cmake)
-- Added test 'copyright' to check source files copyright and LICENSE
-- Added test 'lint_cmake' to check CMake code style
-- Added test 'xmllint' to check XML markup files
-- Configuring done (7.1s)
-- Generating done (0.0s)
-- Build files have been written to: /root/tiago_ws/build/pal_robotiq_gripper
-- Install configuration: ""
-- Installing: /root/tiago_ws/install/pal_robotiq_gripper/share/ament_index/resource_index/package_run_dependencies/pal_robotiq_gripper
-- Installing: /root/tiago_ws/install/pal_robotiq_gripper/share/ament_index/resource_index/parent_prefix_path/pal_robotiq_gripper
-- Installing: /root/tiago_ws/install/pal_robotiq_gripper/share/pal_robotiq_gripper/environment/ament_prefix_path.sh
-- Installing: /root/tiago_ws/install/pal_robotiq_gripper/share/pal_robotiq_gripper/environment/ament_prefix_path.dsv
-- Installing: /root/tiago_ws/install/pal_robotiq_gripper/share/pal_robotiq_gripper/environment/path.sh
-- Installing: /root/tiago_ws/install/pal_robotiq_gripper/share/pal_robotiq_gripper/environment/path.dsv
-- Installing: /root/tiago_ws/install/pal_robotiq_gripper/share/pal_robotiq_gripper/local_setup.bash
-- Installing: /root/tiago_ws/install/pal_robotiq_gripper/share/pal_robotiq_gripper/local_setup.sh
-- Installing: /root/tiago_ws/install/pal_robotiq_gripper/share/pal_robotiq_gripper/local_setup.zsh
-- Installing: /root/tiago_ws/install/pal_robotiq_gripper/share/pal_robotiq_gripper/local_setup.dsv
-- Installing: /root/tiago_ws/install/pal_robotiq_gripper/share/pal_robotiq_gripper/package.dsv
-- Installing: /root/tiago_ws/install/pal_robotiq_gripper/share/ament_index/resource_index/packages/pal_robotiq_gripper
-- Installing: /root/tiago_ws/install/pal_robotiq_gripper/share/pal_robotiq_gripper/cmake/pal_robotiq_gripperConfig.cmake
-- Installing: /root/tiago_ws/install/pal_robotiq_gripper/share/pal_robotiq_gripper/cmake/pal_robotiq_gripperConfig-version.cmake
-- Installing: /root/tiago_ws/install/pal_robotiq_gripper/share/pal_robotiq_gripper/package.xml
