[19.285s] DEBUG:colcon:Command line arguments: ['/usr/bin/colcon', 'build']
[19.286s] DEBUG:colcon:Parsed command line arguments: Namespace(log_base=None, log_level=None, verb_name='build', build_base='build', install_base='install', merge_install=False, symlink_install=False, test_result_base=None, continue_on_error=False, executor='parallel', parallel_workers=12, event_handlers=None, ignore_user_meta=False, metas=['./colcon.meta'], base_paths=['.'], packages_ignore=None, packages_ignore_regex=None, paths=None, packages_up_to=None, packages_up_to_regex=None, packages_above=None, packages_above_and_dependencies=None, packages_above_depth=None, packages_select_by_dep=None, packages_skip_by_dep=None, packages_skip_up_to=None, packages_select_build_failed=False, packages_skip_build_finished=False, packages_select_test_failures=False, packages_skip_test_passed=False, packages_select=None, packages_skip=None, packages_select_regex=None, packages_skip_regex=None, packages_start=None, packages_end=None, cmake_args=None, cmake_target=None, cmake_target_skip_unavailable=False, cmake_clean_cache=False, cmake_clean_first=False, cmake_force_configure=False, ament_cmake_args=None, catkin_cmake_args=None, catkin_skip_building_tests=False, mixin_files=None, mixin=None, verb_parser=<colcon_mixin.mixin.mixin_argument.MixinArgumentDecorator object at 0x7c45eda27b30>, verb_extension=<colcon_core.verb.build.BuildVerb object at 0x7c45eda27560>, main=<bound method BuildVerb.main of <colcon_core.verb.build.BuildVerb object at 0x7c45eda27560>>, mixin_verb=('build',))
[19.830s] Level 1:colcon.colcon_core.package_discovery:discover_packages(colcon_meta) check parameters
[19.841s] INFO:colcon.colcon_metadata.package_discovery.colcon_meta:Using configuration from '/root/.colcon/metadata/default/Gazebo.meta'
[19.843s] INFO:colcon.colcon_metadata.package_discovery.colcon_meta:Using configuration from '/root/.colcon/metadata/default/fastrtps.meta'
[19.843s] Level 1:colcon.colcon_core.package_discovery:discover_packages(recursive) check parameters
[19.843s] Level 1:colcon.colcon_core.package_discovery:discover_packages(ignore) check parameters
[19.843s] Level 1:colcon.colcon_core.package_discovery:discover_packages(path) check parameters
[19.843s] Level 1:colcon.colcon_core.package_discovery:discover_packages(colcon_meta) discover
[19.843s] Level 1:colcon.colcon_core.package_discovery:discover_packages(recursive) discover
[19.843s] INFO:colcon.colcon_core.package_discovery:Crawling recursively for packages in '/root/yolo_ws'
[19.843s] Level 1:colcon.colcon_core.package_identification:_identify(.) by extensions ['ignore', 'ignore_ament_install']
[19.843s] Level 1:colcon.colcon_core.package_identification:_identify(.) by extension 'ignore'
[19.843s] Level 1:colcon.colcon_core.package_identification:_identify(.) by extension 'ignore_ament_install'
[19.843s] Level 1:colcon.colcon_core.package_identification:_identify(.) by extensions ['colcon_pkg']
[19.843s] Level 1:colcon.colcon_core.package_identification:_identify(.) by extension 'colcon_pkg'
[19.844s] Level 1:colcon.colcon_core.package_identification:_identify(.) by extensions ['colcon_meta']
[19.844s] Level 1:colcon.colcon_core.package_identification:_identify(.) by extension 'colcon_meta'
[19.844s] Level 1:colcon.colcon_core.package_identification:_identify(.) by extensions ['ros']
[19.844s] Level 1:colcon.colcon_core.package_identification:_identify(.) by extension 'ros'
[20.003s] Level 1:colcon.colcon_core.package_identification:_identify(.) by extensions ['cmake', 'python']
[20.003s] Level 1:colcon.colcon_core.package_identification:_identify(.) by extension 'cmake'
[20.003s] Level 1:colcon.colcon_core.package_identification:_identify(.) by extension 'python'
[20.003s] Level 1:colcon.colcon_core.package_identification:_identify(.) by extensions ['python_setup_py']
[20.003s] Level 1:colcon.colcon_core.package_identification:_identify(.) by extension 'python_setup_py'
[20.003s] Level 1:colcon.colcon_core.package_identification:_identify(build) by extensions ['ignore', 'ignore_ament_install']
[20.003s] Level 1:colcon.colcon_core.package_identification:_identify(build) by extension 'ignore'
[20.003s] Level 1:colcon.colcon_core.package_identification:_identify(build) ignored
[20.003s] Level 1:colcon.colcon_core.package_identification:_identify(install) by extensions ['ignore', 'ignore_ament_install']
[20.003s] Level 1:colcon.colcon_core.package_identification:_identify(install) by extension 'ignore'
[20.003s] Level 1:colcon.colcon_core.package_identification:_identify(install) ignored
[20.004s] Level 1:colcon.colcon_core.package_identification:_identify(log) by extensions ['ignore', 'ignore_ament_install']
[20.004s] Level 1:colcon.colcon_core.package_identification:_identify(log) by extension 'ignore'
[20.004s] Level 1:colcon.colcon_core.package_identification:_identify(log) ignored
[20.004s] Level 1:colcon.colcon_core.package_identification:_identify(src) by extensions ['ignore', 'ignore_ament_install']
[20.004s] Level 1:colcon.colcon_core.package_identification:_identify(src) by extension 'ignore'
[20.004s] Level 1:colcon.colcon_core.package_identification:_identify(src) by extension 'ignore_ament_install'
[20.004s] Level 1:colcon.colcon_core.package_identification:_identify(src) by extensions ['colcon_pkg']
[20.004s] Level 1:colcon.colcon_core.package_identification:_identify(src) by extension 'colcon_pkg'
[20.004s] Level 1:colcon.colcon_core.package_identification:_identify(src) by extensions ['colcon_meta']
[20.004s] Level 1:colcon.colcon_core.package_identification:_identify(src) by extension 'colcon_meta'
[20.004s] Level 1:colcon.colcon_core.package_identification:_identify(src) by extensions ['ros']
[20.004s] Level 1:colcon.colcon_core.package_identification:_identify(src) by extension 'ros'
[20.004s] Level 1:colcon.colcon_core.package_identification:_identify(src) by extensions ['cmake', 'python']
[20.004s] Level 1:colcon.colcon_core.package_identification:_identify(src) by extension 'cmake'
[20.004s] Level 1:colcon.colcon_core.package_identification:_identify(src) by extension 'python'
[20.004s] Level 1:colcon.colcon_core.package_identification:_identify(src) by extensions ['python_setup_py']
[20.004s] Level 1:colcon.colcon_core.package_identification:_identify(src) by extension 'python_setup_py'
[20.005s] Level 1:colcon.colcon_core.package_identification:_identify(src/yolo_ros) by extensions ['ignore', 'ignore_ament_install']
[20.005s] Level 1:colcon.colcon_core.package_identification:_identify(src/yolo_ros) by extension 'ignore'
[20.005s] Level 1:colcon.colcon_core.package_identification:_identify(src/yolo_ros) by extension 'ignore_ament_install'
[20.005s] Level 1:colcon.colcon_core.package_identification:_identify(src/yolo_ros) by extensions ['colcon_pkg']
[20.005s] Level 1:colcon.colcon_core.package_identification:_identify(src/yolo_ros) by extension 'colcon_pkg'
[20.005s] Level 1:colcon.colcon_core.package_identification:_identify(src/yolo_ros) by extensions ['colcon_meta']
[20.005s] Level 1:colcon.colcon_core.package_identification:_identify(src/yolo_ros) by extension 'colcon_meta'
[20.005s] Level 1:colcon.colcon_core.package_identification:_identify(src/yolo_ros) by extensions ['ros']
[20.005s] Level 1:colcon.colcon_core.package_identification:_identify(src/yolo_ros) by extension 'ros'
[20.005s] Level 1:colcon.colcon_core.package_identification:_identify(src/yolo_ros) by extensions ['cmake', 'python']
[20.005s] Level 1:colcon.colcon_core.package_identification:_identify(src/yolo_ros) by extension 'cmake'
[20.005s] Level 1:colcon.colcon_core.package_identification:_identify(src/yolo_ros) by extension 'python'
[20.005s] Level 1:colcon.colcon_core.package_identification:_identify(src/yolo_ros) by extensions ['python_setup_py']
[20.005s] Level 1:colcon.colcon_core.package_identification:_identify(src/yolo_ros) by extension 'python_setup_py'
[20.038s] Level 1:colcon.colcon_core.package_identification:_identify(src/yolo_ros/docs) by extensions ['ignore', 'ignore_ament_install']
[20.038s] Level 1:colcon.colcon_core.package_identification:_identify(src/yolo_ros/docs) by extension 'ignore'
[20.038s] Level 1:colcon.colcon_core.package_identification:_identify(src/yolo_ros/docs) by extension 'ignore_ament_install'
[20.038s] Level 1:colcon.colcon_core.package_identification:_identify(src/yolo_ros/docs) by extensions ['colcon_pkg']
[20.038s] Level 1:colcon.colcon_core.package_identification:_identify(src/yolo_ros/docs) by extension 'colcon_pkg'
[20.038s] Level 1:colcon.colcon_core.package_identification:_identify(src/yolo_ros/docs) by extensions ['colcon_meta']
[20.038s] Level 1:colcon.colcon_core.package_identification:_identify(src/yolo_ros/docs) by extension 'colcon_meta'
[20.038s] Level 1:colcon.colcon_core.package_identification:_identify(src/yolo_ros/docs) by extensions ['ros']
[20.038s] Level 1:colcon.colcon_core.package_identification:_identify(src/yolo_ros/docs) by extension 'ros'
[20.039s] Level 1:colcon.colcon_core.package_identification:_identify(src/yolo_ros/docs) by extensions ['cmake', 'python']
[20.039s] Level 1:colcon.colcon_core.package_identification:_identify(src/yolo_ros/docs) by extension 'cmake'
[20.039s] Level 1:colcon.colcon_core.package_identification:_identify(src/yolo_ros/docs) by extension 'python'
[20.039s] Level 1:colcon.colcon_core.package_identification:_identify(src/yolo_ros/docs) by extensions ['python_setup_py']
[20.039s] Level 1:colcon.colcon_core.package_identification:_identify(src/yolo_ros/docs) by extension 'python_setup_py'
[20.039s] Level 1:colcon.colcon_core.package_identification:_identify(src/yolo_ros/yolo_bringup) by extensions ['ignore', 'ignore_ament_install']
[20.039s] Level 1:colcon.colcon_core.package_identification:_identify(src/yolo_ros/yolo_bringup) by extension 'ignore'
[20.039s] Level 1:colcon.colcon_core.package_identification:_identify(src/yolo_ros/yolo_bringup) by extension 'ignore_ament_install'
[20.039s] Level 1:colcon.colcon_core.package_identification:_identify(src/yolo_ros/yolo_bringup) by extensions ['colcon_pkg']
[20.039s] Level 1:colcon.colcon_core.package_identification:_identify(src/yolo_ros/yolo_bringup) by extension 'colcon_pkg'
[20.039s] Level 1:colcon.colcon_core.package_identification:_identify(src/yolo_ros/yolo_bringup) by extensions ['colcon_meta']
[20.039s] Level 1:colcon.colcon_core.package_identification:_identify(src/yolo_ros/yolo_bringup) by extension 'colcon_meta'
[20.039s] Level 1:colcon.colcon_core.package_identification:_identify(src/yolo_ros/yolo_bringup) by extensions ['ros']
[20.039s] Level 1:colcon.colcon_core.package_identification:_identify(src/yolo_ros/yolo_bringup) by extension 'ros'
[20.042s] DEBUG:colcon.colcon_core.package_identification:Package 'src/yolo_ros/yolo_bringup' with type 'ros.ament_cmake' and name 'yolo_bringup'
[20.042s] Level 1:colcon.colcon_core.package_identification:_identify(src/yolo_ros/yolo_msgs) by extensions ['ignore', 'ignore_ament_install']
[20.043s] Level 1:colcon.colcon_core.package_identification:_identify(src/yolo_ros/yolo_msgs) by extension 'ignore'
[20.043s] Level 1:colcon.colcon_core.package_identification:_identify(src/yolo_ros/yolo_msgs) by extension 'ignore_ament_install'
[20.043s] Level 1:colcon.colcon_core.package_identification:_identify(src/yolo_ros/yolo_msgs) by extensions ['colcon_pkg']
[20.043s] Level 1:colcon.colcon_core.package_identification:_identify(src/yolo_ros/yolo_msgs) by extension 'colcon_pkg'
[20.043s] Level 1:colcon.colcon_core.package_identification:_identify(src/yolo_ros/yolo_msgs) by extensions ['colcon_meta']
[20.043s] Level 1:colcon.colcon_core.package_identification:_identify(src/yolo_ros/yolo_msgs) by extension 'colcon_meta'
[20.043s] Level 1:colcon.colcon_core.package_identification:_identify(src/yolo_ros/yolo_msgs) by extensions ['ros']
[20.043s] Level 1:colcon.colcon_core.package_identification:_identify(src/yolo_ros/yolo_msgs) by extension 'ros'
[20.044s] DEBUG:colcon.colcon_core.package_identification:Package 'src/yolo_ros/yolo_msgs' with type 'ros.ament_cmake' and name 'yolo_msgs'
[20.044s] Level 1:colcon.colcon_core.package_identification:_identify(src/yolo_ros/yolo_ros) by extensions ['ignore', 'ignore_ament_install']
[20.044s] Level 1:colcon.colcon_core.package_identification:_identify(src/yolo_ros/yolo_ros) by extension 'ignore'
[20.044s] Level 1:colcon.colcon_core.package_identification:_identify(src/yolo_ros/yolo_ros) by extension 'ignore_ament_install'
[20.044s] Level 1:colcon.colcon_core.package_identification:_identify(src/yolo_ros/yolo_ros) by extensions ['colcon_pkg']
[20.044s] Level 1:colcon.colcon_core.package_identification:_identify(src/yolo_ros/yolo_ros) by extension 'colcon_pkg'
[20.044s] Level 1:colcon.colcon_core.package_identification:_identify(src/yolo_ros/yolo_ros) by extensions ['colcon_meta']
[20.044s] Level 1:colcon.colcon_core.package_identification:_identify(src/yolo_ros/yolo_ros) by extension 'colcon_meta'
[20.044s] Level 1:colcon.colcon_core.package_identification:_identify(src/yolo_ros/yolo_ros) by extensions ['ros']
[20.044s] Level 1:colcon.colcon_core.package_identification:_identify(src/yolo_ros/yolo_ros) by extension 'ros'
[20.045s] DEBUG:colcon.colcon_core.package_identification:Package 'src/yolo_ros/yolo_ros' with type 'ros.ament_python' and name 'yolo_ros'
[20.045s] Level 1:colcon.colcon_core.package_discovery:discover_packages(recursive) using defaults
[20.045s] Level 1:colcon.colcon_core.package_discovery:discover_packages(ignore) discover
[20.045s] Level 1:colcon.colcon_core.package_discovery:discover_packages(ignore) using defaults
[20.045s] Level 1:colcon.colcon_core.package_discovery:discover_packages(path) discover
[20.045s] Level 1:colcon.colcon_core.package_discovery:discover_packages(path) using defaults
[20.142s] Level 5:colcon.colcon_core.verb:set package 'yolo_msgs' build argument 'cmake_args' from command line to 'None'
[20.143s] Level 5:colcon.colcon_core.verb:set package 'yolo_msgs' build argument 'cmake_target' from command line to 'None'
[20.143s] Level 5:colcon.colcon_core.verb:set package 'yolo_msgs' build argument 'cmake_target_skip_unavailable' from command line to 'False'
[20.143s] Level 5:colcon.colcon_core.verb:set package 'yolo_msgs' build argument 'cmake_clean_cache' from command line to 'False'
[20.143s] Level 5:colcon.colcon_core.verb:set package 'yolo_msgs' build argument 'cmake_clean_first' from command line to 'False'
[20.143s] Level 5:colcon.colcon_core.verb:set package 'yolo_msgs' build argument 'cmake_force_configure' from command line to 'False'
[20.143s] Level 5:colcon.colcon_core.verb:set package 'yolo_msgs' build argument 'ament_cmake_args' from command line to 'None'
[20.143s] Level 5:colcon.colcon_core.verb:set package 'yolo_msgs' build argument 'catkin_cmake_args' from command line to 'None'
[20.143s] Level 5:colcon.colcon_core.verb:set package 'yolo_msgs' build argument 'catkin_skip_building_tests' from command line to 'False'
[20.143s] DEBUG:colcon.colcon_core.verb:Building package 'yolo_msgs' with the following arguments: {'ament_cmake_args': None, 'build_base': '/root/yolo_ws/build/yolo_msgs', 'catkin_cmake_args': None, 'catkin_skip_building_tests': False, 'cmake_args': None, 'cmake_clean_cache': False, 'cmake_clean_first': False, 'cmake_force_configure': False, 'cmake_target': None, 'cmake_target_skip_unavailable': False, 'install_base': '/root/yolo_ws/install/yolo_msgs', 'merge_install': False, 'path': '/root/yolo_ws/src/yolo_ros/yolo_msgs', 'symlink_install': False, 'test_result_base': None}
[20.143s] Level 5:colcon.colcon_core.verb:set package 'yolo_ros' build argument 'cmake_args' from command line to 'None'
[20.143s] Level 5:colcon.colcon_core.verb:set package 'yolo_ros' build argument 'cmake_target' from command line to 'None'
[20.143s] Level 5:colcon.colcon_core.verb:set package 'yolo_ros' build argument 'cmake_target_skip_unavailable' from command line to 'False'
[20.143s] Level 5:colcon.colcon_core.verb:set package 'yolo_ros' build argument 'cmake_clean_cache' from command line to 'False'
[20.143s] Level 5:colcon.colcon_core.verb:set package 'yolo_ros' build argument 'cmake_clean_first' from command line to 'False'
[20.143s] Level 5:colcon.colcon_core.verb:set package 'yolo_ros' build argument 'cmake_force_configure' from command line to 'False'
[20.143s] Level 5:colcon.colcon_core.verb:set package 'yolo_ros' build argument 'ament_cmake_args' from command line to 'None'
[20.143s] Level 5:colcon.colcon_core.verb:set package 'yolo_ros' build argument 'catkin_cmake_args' from command line to 'None'
[20.143s] Level 5:colcon.colcon_core.verb:set package 'yolo_ros' build argument 'catkin_skip_building_tests' from command line to 'False'
[20.143s] DEBUG:colcon.colcon_core.verb:Building package 'yolo_ros' with the following arguments: {'ament_cmake_args': None, 'build_base': '/root/yolo_ws/build/yolo_ros', 'catkin_cmake_args': None, 'catkin_skip_building_tests': False, 'cmake_args': None, 'cmake_clean_cache': False, 'cmake_clean_first': False, 'cmake_force_configure': False, 'cmake_target': None, 'cmake_target_skip_unavailable': False, 'install_base': '/root/yolo_ws/install/yolo_ros', 'merge_install': False, 'path': '/root/yolo_ws/src/yolo_ros/yolo_ros', 'symlink_install': False, 'test_result_base': None}
[20.143s] Level 5:colcon.colcon_core.verb:set package 'yolo_bringup' build argument 'cmake_args' from command line to 'None'
[20.143s] Level 5:colcon.colcon_core.verb:set package 'yolo_bringup' build argument 'cmake_target' from command line to 'None'
[20.144s] Level 5:colcon.colcon_core.verb:set package 'yolo_bringup' build argument 'cmake_target_skip_unavailable' from command line to 'False'
[20.144s] Level 5:colcon.colcon_core.verb:set package 'yolo_bringup' build argument 'cmake_clean_cache' from command line to 'False'
[20.144s] Level 5:colcon.colcon_core.verb:set package 'yolo_bringup' build argument 'cmake_clean_first' from command line to 'False'
[20.144s] Level 5:colcon.colcon_core.verb:set package 'yolo_bringup' build argument 'cmake_force_configure' from command line to 'False'
[20.144s] Level 5:colcon.colcon_core.verb:set package 'yolo_bringup' build argument 'ament_cmake_args' from command line to 'None'
[20.144s] Level 5:colcon.colcon_core.verb:set package 'yolo_bringup' build argument 'catkin_cmake_args' from command line to 'None'
[20.144s] Level 5:colcon.colcon_core.verb:set package 'yolo_bringup' build argument 'catkin_skip_building_tests' from command line to 'False'
[20.144s] DEBUG:colcon.colcon_core.verb:Building package 'yolo_bringup' with the following arguments: {'ament_cmake_args': None, 'build_base': '/root/yolo_ws/build/yolo_bringup', 'catkin_cmake_args': None, 'catkin_skip_building_tests': False, 'cmake_args': None, 'cmake_clean_cache': False, 'cmake_clean_first': False, 'cmake_force_configure': False, 'cmake_target': None, 'cmake_target_skip_unavailable': False, 'install_base': '/root/yolo_ws/install/yolo_bringup', 'merge_install': False, 'path': '/root/yolo_ws/src/yolo_ros/yolo_bringup', 'symlink_install': False, 'test_result_base': None}
[20.144s] INFO:colcon.colcon_core.executor:Executing jobs using 'parallel' executor
[20.145s] DEBUG:colcon.colcon_parallel_executor.executor.parallel:run_until_complete
[20.145s] INFO:colcon.colcon_ros.task.ament_cmake.build:Building ROS package in '/root/yolo_ws/src/yolo_ros/yolo_msgs' with build type 'ament_cmake'
[20.145s] INFO:colcon.colcon_cmake.task.cmake.build:Building CMake package in '/root/yolo_ws/src/yolo_ros/yolo_msgs'
[20.184s] INFO:colcon.colcon_core.plugin_system:Skipping extension 'colcon_core.shell.bat': Not used on non-Windows systems
[20.184s] INFO:colcon.colcon_core.shell:Skip shell extension 'powershell' for command environment: Not usable outside of PowerShell
[20.184s] DEBUG:colcon.colcon_core.shell:Skip shell extension 'dsv' for command environment
[20.193s] WARNING:colcon.colcon_ros.prefix_path.ament:The path '/root/yolo_ws/install/yolo_bringup' in the environment variable AMENT_PREFIX_PATH doesn't exist
[20.193s] WARNING:colcon.colcon_ros.prefix_path.ament:The path '/root/yolo_ws/install/yolo_ros' in the environment variable AMENT_PREFIX_PATH doesn't exist
[20.193s] WARNING:colcon.colcon_ros.prefix_path.ament:The path '/root/yolo_ws/install/yolo_msgs' in the environment variable AMENT_PREFIX_PATH doesn't exist
[20.511s] WARNING:colcon.colcon_ros.prefix_path.catkin:The path '/root/yolo_ws/install/yolo_bringup' in the environment variable CMAKE_PREFIX_PATH doesn't exist
[20.511s] WARNING:colcon.colcon_ros.prefix_path.catkin:The path '/root/yolo_ws/install/yolo_msgs' in the environment variable CMAKE_PREFIX_PATH doesn't exist
[21.198s] DEBUG:colcon.colcon_core.event_handler.log_command:Invoking command in '/root/yolo_ws/build/yolo_msgs': CMAKE_PREFIX_PATH=${CMAKE_PREFIX_PATH}:/root/yolo_ws/install/yolo_ros:/root/tiago_ws/install/launch_pal:/opt/ros/jazzy PS1=\[\e]0;\u@\h: \w\a\]${debian_chroot:+($debian_chroot)}\u@\h:\w\$ /usr/bin/cmake /root/yolo_ws/src/yolo_ros/yolo_msgs -DCMAKE_INSTALL_PREFIX=/root/yolo_ws/install/yolo_msgs
[28.679s] DEBUG:colcon.colcon_core.event_handler.log_command:Invoked command in '/root/yolo_ws/build/yolo_msgs' returned '0': CMAKE_PREFIX_PATH=${CMAKE_PREFIX_PATH}:/root/yolo_ws/install/yolo_ros:/root/tiago_ws/install/launch_pal:/opt/ros/jazzy PS1=\[\e]0;\u@\h: \w\a\]${debian_chroot:+($debian_chroot)}\u@\h:\w\$ /usr/bin/cmake /root/yolo_ws/src/yolo_ros/yolo_msgs -DCMAKE_INSTALL_PREFIX=/root/yolo_ws/install/yolo_msgs
[28.680s] DEBUG:colcon.colcon_core.event_handler.log_command:Invoking command in '/root/yolo_ws/build/yolo_msgs': CMAKE_PREFIX_PATH=${CMAKE_PREFIX_PATH}:/root/yolo_ws/install/yolo_ros:/root/tiago_ws/install/launch_pal:/opt/ros/jazzy PS1=\[\e]0;\u@\h: \w\a\]${debian_chroot:+($debian_chroot)}\u@\h:\w\$ /usr/bin/cmake --build /root/yolo_ws/build/yolo_msgs -- -j12 -l12
[40.363s] DEBUG:colcon.colcon_core.event_handler.log_command:Invoked command in '/root/yolo_ws/build/yolo_msgs' returned '0': CMAKE_PREFIX_PATH=${CMAKE_PREFIX_PATH}:/root/yolo_ws/install/yolo_ros:/root/tiago_ws/install/launch_pal:/opt/ros/jazzy PS1=\[\e]0;\u@\h: \w\a\]${debian_chroot:+($debian_chroot)}\u@\h:\w\$ /usr/bin/cmake --build /root/yolo_ws/build/yolo_msgs -- -j12 -l12
[40.374s] DEBUG:colcon.colcon_core.event_handler.log_command:Invoking command in '/root/yolo_ws/build/yolo_msgs': CMAKE_PREFIX_PATH=${CMAKE_PREFIX_PATH}:/root/yolo_ws/install/yolo_ros:/root/tiago_ws/install/launch_pal:/opt/ros/jazzy PS1=\[\e]0;\u@\h: \w\a\]${debian_chroot:+($debian_chroot)}\u@\h:\w\$ /usr/bin/cmake --install /root/yolo_ws/build/yolo_msgs
[40.570s] Level 1:colcon.colcon_core.environment:create_environment_scripts_only(yolo_msgs)
[40.571s] DEBUG:colcon.colcon_core.event_handler.log_command:Invoked command in '/root/yolo_ws/build/yolo_msgs' returned '0': CMAKE_PREFIX_PATH=${CMAKE_PREFIX_PATH}:/root/yolo_ws/install/yolo_ros:/root/tiago_ws/install/launch_pal:/opt/ros/jazzy PS1=\[\e]0;\u@\h: \w\a\]${debian_chroot:+($debian_chroot)}\u@\h:\w\$ /usr/bin/cmake --install /root/yolo_ws/build/yolo_msgs
[40.625s] Level 1:colcon.colcon_core.environment:checking '/root/yolo_ws/install/yolo_msgs' for CMake module files
[40.625s] Level 1:colcon.colcon_core.environment:checking '/root/yolo_ws/install/yolo_msgs' for CMake config files
[40.626s] Level 1:colcon.colcon_core.shell:create_environment_hook('yolo_msgs', 'cmake_prefix_path')
[40.627s] INFO:colcon.colcon_core.shell:Creating environment hook '/root/yolo_ws/install/yolo_msgs/share/yolo_msgs/hook/cmake_prefix_path.ps1'
[40.628s] INFO:colcon.colcon_core.shell:Creating environment descriptor '/root/yolo_ws/install/yolo_msgs/share/yolo_msgs/hook/cmake_prefix_path.dsv'
[40.629s] INFO:colcon.colcon_core.shell:Creating environment hook '/root/yolo_ws/install/yolo_msgs/share/yolo_msgs/hook/cmake_prefix_path.sh'
[40.630s] Level 1:colcon.colcon_core.environment:checking '/root/yolo_ws/install/yolo_msgs/lib'
[40.631s] Level 1:colcon.colcon_core.shell:create_environment_hook('yolo_msgs', 'ld_library_path_lib')
[40.631s] INFO:colcon.colcon_core.shell:Creating environment hook '/root/yolo_ws/install/yolo_msgs/share/yolo_msgs/hook/ld_library_path_lib.ps1'
[40.631s] INFO:colcon.colcon_core.shell:Creating environment descriptor '/root/yolo_ws/install/yolo_msgs/share/yolo_msgs/hook/ld_library_path_lib.dsv'
[40.631s] INFO:colcon.colcon_core.shell:Creating environment hook '/root/yolo_ws/install/yolo_msgs/share/yolo_msgs/hook/ld_library_path_lib.sh'
[40.632s] Level 1:colcon.colcon_core.environment:checking '/root/yolo_ws/install/yolo_msgs/bin'
[40.632s] Level 1:colcon.colcon_core.environment:checking '/root/yolo_ws/install/yolo_msgs/lib/pkgconfig/yolo_msgs.pc'
[40.634s] Level 1:colcon.colcon_core.environment:checking '/root/yolo_ws/install/yolo_msgs/lib/python3.12/site-packages'
[40.634s] Level 1:colcon.colcon_core.shell:create_environment_hook('yolo_msgs', 'pythonpath')
[40.634s] INFO:colcon.colcon_core.shell:Creating environment hook '/root/yolo_ws/install/yolo_msgs/share/yolo_msgs/hook/pythonpath.ps1'
[40.634s] INFO:colcon.colcon_core.shell:Creating environment descriptor '/root/yolo_ws/install/yolo_msgs/share/yolo_msgs/hook/pythonpath.dsv'
[40.635s] INFO:colcon.colcon_core.shell:Creating environment hook '/root/yolo_ws/install/yolo_msgs/share/yolo_msgs/hook/pythonpath.sh'
[40.635s] Level 1:colcon.colcon_core.environment:checking '/root/yolo_ws/install/yolo_msgs/bin'
[40.635s] INFO:colcon.colcon_core.shell:Creating package script '/root/yolo_ws/install/yolo_msgs/share/yolo_msgs/package.ps1'
[40.636s] INFO:colcon.colcon_core.shell:Creating package descriptor '/root/yolo_ws/install/yolo_msgs/share/yolo_msgs/package.dsv'
[40.638s] INFO:colcon.colcon_core.shell:Creating package script '/root/yolo_ws/install/yolo_msgs/share/yolo_msgs/package.sh'
[40.639s] INFO:colcon.colcon_core.shell:Creating package script '/root/yolo_ws/install/yolo_msgs/share/yolo_msgs/package.bash'
[40.651s] INFO:colcon.colcon_core.shell:Creating package script '/root/yolo_ws/install/yolo_msgs/share/yolo_msgs/package.zsh'
[40.664s] Level 1:colcon.colcon_core.environment:create_file_with_runtime_dependencies(/root/yolo_ws/install/yolo_msgs/share/colcon-core/packages/yolo_msgs)
[40.665s] Level 1:colcon.colcon_core.environment:create_environment_scripts_only(yolo_msgs)
[40.665s] Level 1:colcon.colcon_core.environment:checking '/root/yolo_ws/install/yolo_msgs' for CMake module files
[40.666s] Level 1:colcon.colcon_core.environment:checking '/root/yolo_ws/install/yolo_msgs' for CMake config files
[40.667s] Level 1:colcon.colcon_core.shell:create_environment_hook('yolo_msgs', 'cmake_prefix_path')
[40.667s] INFO:colcon.colcon_core.shell:Creating environment hook '/root/yolo_ws/install/yolo_msgs/share/yolo_msgs/hook/cmake_prefix_path.ps1'
[40.667s] INFO:colcon.colcon_core.shell:Creating environment descriptor '/root/yolo_ws/install/yolo_msgs/share/yolo_msgs/hook/cmake_prefix_path.dsv'
[40.668s] INFO:colcon.colcon_core.shell:Creating environment hook '/root/yolo_ws/install/yolo_msgs/share/yolo_msgs/hook/cmake_prefix_path.sh'
[40.668s] Level 1:colcon.colcon_core.environment:checking '/root/yolo_ws/install/yolo_msgs/lib'
[40.668s] Level 1:colcon.colcon_core.shell:create_environment_hook('yolo_msgs', 'ld_library_path_lib')
[40.668s] INFO:colcon.colcon_core.shell:Creating environment hook '/root/yolo_ws/install/yolo_msgs/share/yolo_msgs/hook/ld_library_path_lib.ps1'
[40.669s] INFO:colcon.colcon_core.shell:Creating environment descriptor '/root/yolo_ws/install/yolo_msgs/share/yolo_msgs/hook/ld_library_path_lib.dsv'
[40.669s] INFO:colcon.colcon_core.shell:Creating environment hook '/root/yolo_ws/install/yolo_msgs/share/yolo_msgs/hook/ld_library_path_lib.sh'
[40.669s] Level 1:colcon.colcon_core.environment:checking '/root/yolo_ws/install/yolo_msgs/bin'
[40.670s] Level 1:colcon.colcon_core.environment:checking '/root/yolo_ws/install/yolo_msgs/lib/pkgconfig/yolo_msgs.pc'
[40.670s] Level 1:colcon.colcon_core.environment:checking '/root/yolo_ws/install/yolo_msgs/lib/python3.12/site-packages'
[40.670s] Level 1:colcon.colcon_core.shell:create_environment_hook('yolo_msgs', 'pythonpath')
[40.670s] INFO:colcon.colcon_core.shell:Creating environment hook '/root/yolo_ws/install/yolo_msgs/share/yolo_msgs/hook/pythonpath.ps1'
[40.670s] INFO:colcon.colcon_core.shell:Creating environment descriptor '/root/yolo_ws/install/yolo_msgs/share/yolo_msgs/hook/pythonpath.dsv'
[40.671s] INFO:colcon.colcon_core.shell:Creating environment hook '/root/yolo_ws/install/yolo_msgs/share/yolo_msgs/hook/pythonpath.sh'
[40.671s] Level 1:colcon.colcon_core.environment:checking '/root/yolo_ws/install/yolo_msgs/bin'
[40.671s] INFO:colcon.colcon_core.shell:Creating package script '/root/yolo_ws/install/yolo_msgs/share/yolo_msgs/package.ps1'
[40.672s] INFO:colcon.colcon_core.shell:Creating package descriptor '/root/yolo_ws/install/yolo_msgs/share/yolo_msgs/package.dsv'
[40.672s] INFO:colcon.colcon_core.shell:Creating package script '/root/yolo_ws/install/yolo_msgs/share/yolo_msgs/package.sh'
[40.673s] INFO:colcon.colcon_core.shell:Creating package script '/root/yolo_ws/install/yolo_msgs/share/yolo_msgs/package.bash'
[40.673s] INFO:colcon.colcon_core.shell:Creating package script '/root/yolo_ws/install/yolo_msgs/share/yolo_msgs/package.zsh'
[40.673s] Level 1:colcon.colcon_core.environment:create_file_with_runtime_dependencies(/root/yolo_ws/install/yolo_msgs/share/colcon-core/packages/yolo_msgs)
[40.674s] INFO:colcon.colcon_ros.task.ament_python.build:Building ROS package in '/root/yolo_ws/src/yolo_ros/yolo_ros' with build type 'ament_python'
[40.674s] Level 1:colcon.colcon_core.shell:create_environment_hook('yolo_ros', 'ament_prefix_path')
[40.674s] INFO:colcon.colcon_core.shell:Creating environment hook '/root/yolo_ws/install/yolo_ros/share/yolo_ros/hook/ament_prefix_path.ps1'
[40.675s] INFO:colcon.colcon_core.shell:Creating environment descriptor '/root/yolo_ws/install/yolo_ros/share/yolo_ros/hook/ament_prefix_path.dsv'
[40.675s] INFO:colcon.colcon_core.shell:Creating environment hook '/root/yolo_ws/install/yolo_ros/share/yolo_ros/hook/ament_prefix_path.sh'
[40.676s] INFO:colcon.colcon_core.shell:Skip shell extension 'powershell' for command environment: Not usable outside of PowerShell
[40.676s] DEBUG:colcon.colcon_core.shell:Skip shell extension 'dsv' for command environment
[40.932s] INFO:colcon.colcon_core.task.python.build:Building Python package in '/root/yolo_ws/src/yolo_ros/yolo_ros'
[40.932s] INFO:colcon.colcon_core.shell:Skip shell extension 'powershell' for command environment: Not usable outside of PowerShell
[40.932s] DEBUG:colcon.colcon_core.shell:Skip shell extension 'dsv' for command environment
[43.383s] DEBUG:colcon.colcon_core.event_handler.log_command:Invoking command in '/root/yolo_ws/src/yolo_ros/yolo_ros': CMAKE_PREFIX_PATH=/root/yolo_ws/install/yolo_msgs:/root/yolo_ws/install/yolo_bringup:/root/tiago_ws/install/tiago_simulation:/root/tiago_ws/install/tiago_robot:/root/tiago_ws/install/tiago_navigation:/root/tiago_ws/install/tiago_gazebo:/root/tiago_ws/install/tiago_moveit_config:/root/tiago_ws/install/tiago_2dnav:/root/tiago_ws/install/tiago_laser_sensors:/root/tiago_ws/install/tiago_harmonic:/root/tiago_ws/install/tiago_bringup:/root/tiago_ws/install/tiago_description:/root/tiago_ws/install/tiago_controller_configuration:/root/tiago_ws/install/pmb2_robot:/root/tiago_ws/install/pmb2_navigation:/root/tiago_ws/install/pmb2_2dnav:/root/tiago_ws/install/pmb2_laser_sensors:/root/tiago_ws/install/pmb2_bringup:/root/tiago_ws/install/pmb2_description:/root/tiago_ws/install/pmb2_controller_configuration:/root/tiago_ws/install/play_motion2:/root/tiago_ws/install/play_motion2_msgs:/root/tiago_ws/install/pal_hey5:/root/tiago_ws/install/pal_hey5_description:/root/tiago_ws/install/pal_gripper_simulation:/root/tiago_ws/install/pal_gripper:/root/tiago_ws/install/pal_gripper_description:/root/tiago_ws/install/omni_base_robot:/root/tiago_ws/install/omni_base_bringup:/root/tiago_ws/install/omni_base_description:/root/tiago_ws/install/pal_urdf_utils:/root/tiago_ws/install/pal_robotiq_gripper:/root/tiago_ws/install/pal_robotiq_description:/root/tiago_ws/install/pal_robotiq_controller_configuration:/root/tiago_ws/install/pal_maps:/root/tiago_ws/install/pal_hey5_controller_configuration:/root/tiago_ws/install/pal_gripper_controller_configuration:/root/tiago_ws/install/omni_base_controller_configuration:/root/tiago_ws/install/br2_gazebo_worlds:/root/tfm_ws/install/arm_movement:/opt/ros/jazzy/opt/gz_sim_vendor:/opt/ros/jazzy/opt/gz_sensors_vendor:/opt/ros/jazzy/opt/gz_physics_vendor:/opt/ros/jazzy/opt/sdformat_vendor:/opt/ros/jazzy/opt/gz_gui_vendor:/opt/ros/jazzy/opt/gz_transport_vendor:/opt/ros/jazzy/opt/gz_rendering_vendor:/opt/ros/jazzy/opt/gz_plugin_vendor:/opt/ros/jazzy/opt/gz_fuel_tools_vendor:/opt/ros/jazzy/opt/gz_msgs_vendor:/opt/ros/jazzy/opt/gz_common_vendor:/opt/ros/jazzy/opt/gz_math_vendor:/opt/ros/jazzy/opt/gz_utils_vendor:/opt/ros/jazzy/opt/gz_tools_vendor:/opt/ros/jazzy/opt/gz_ogre_next_vendor:/opt/ros/jazzy/opt/gz_dartsim_vendor:/opt/ros/jazzy/opt/gz_cmake_vendor PS1=\[\e]0;\u@\h: \w\a\]${debian_chroot:+($debian_chroot)}\u@\h:\w\$ PYTHONPATH=/root/yolo_ws/build/yolo_ros/prefix_override:/usr/lib/python3/dist-packages/colcon_core/task/python/colcon_distutils_commands:/root/yolo_ws/install/yolo_ros/lib/python3.12/site-packages:/root/yolo_ws/install/yolo_msgs/lib/python3.12/site-packages:/root/yolo_ws/build/yolo_ros:/root/yolo_ws/install/yolo_ros/lib/python3.12/site-packages:/root/tiago_ws/install/tiago_description/lib/python3.12/site-packages:/root/tiago_ws/install/pmb2_description/lib/python3.12/site-packages:/root/tiago_ws/install/play_motion2_msgs/lib/python3.12/site-packages:/root/tiago_ws/install/omni_base_description/lib/python3.12/site-packages:/root/tiago_ws/build/launch_pal:/root/tiago_ws/install/launch_pal/lib/python3.12/site-packages:/opt/ros/jazzy/lib/python3.12/site-packages /usr/bin/python3 -W ignore:setup.py install is deprecated -W ignore:easy_install command is deprecated setup.py egg_info --egg-base ../../../build/yolo_ros build --build-base /root/yolo_ws/build/yolo_ros/build install --record /root/yolo_ws/build/yolo_ros/install.log --single-version-externally-managed install_data
[43.989s] Level 1:colcon.colcon_core.environment:checking '/root/yolo_ws/install/yolo_ros' for CMake module files
[43.989s] DEBUG:colcon.colcon_core.event_handler.log_command:Invoked command in '/root/yolo_ws/src/yolo_ros/yolo_ros' returned '0': CMAKE_PREFIX_PATH=/root/yolo_ws/install/yolo_msgs:/root/yolo_ws/install/yolo_bringup:/root/tiago_ws/install/tiago_simulation:/root/tiago_ws/install/tiago_robot:/root/tiago_ws/install/tiago_navigation:/root/tiago_ws/install/tiago_gazebo:/root/tiago_ws/install/tiago_moveit_config:/root/tiago_ws/install/tiago_2dnav:/root/tiago_ws/install/tiago_laser_sensors:/root/tiago_ws/install/tiago_harmonic:/root/tiago_ws/install/tiago_bringup:/root/tiago_ws/install/tiago_description:/root/tiago_ws/install/tiago_controller_configuration:/root/tiago_ws/install/pmb2_robot:/root/tiago_ws/install/pmb2_navigation:/root/tiago_ws/install/pmb2_2dnav:/root/tiago_ws/install/pmb2_laser_sensors:/root/tiago_ws/install/pmb2_bringup:/root/tiago_ws/install/pmb2_description:/root/tiago_ws/install/pmb2_controller_configuration:/root/tiago_ws/install/play_motion2:/root/tiago_ws/install/play_motion2_msgs:/root/tiago_ws/install/pal_hey5:/root/tiago_ws/install/pal_hey5_description:/root/tiago_ws/install/pal_gripper_simulation:/root/tiago_ws/install/pal_gripper:/root/tiago_ws/install/pal_gripper_description:/root/tiago_ws/install/omni_base_robot:/root/tiago_ws/install/omni_base_bringup:/root/tiago_ws/install/omni_base_description:/root/tiago_ws/install/pal_urdf_utils:/root/tiago_ws/install/pal_robotiq_gripper:/root/tiago_ws/install/pal_robotiq_description:/root/tiago_ws/install/pal_robotiq_controller_configuration:/root/tiago_ws/install/pal_maps:/root/tiago_ws/install/pal_hey5_controller_configuration:/root/tiago_ws/install/pal_gripper_controller_configuration:/root/tiago_ws/install/omni_base_controller_configuration:/root/tiago_ws/install/br2_gazebo_worlds:/root/tfm_ws/install/arm_movement:/opt/ros/jazzy/opt/gz_sim_vendor:/opt/ros/jazzy/opt/gz_sensors_vendor:/opt/ros/jazzy/opt/gz_physics_vendor:/opt/ros/jazzy/opt/sdformat_vendor:/opt/ros/jazzy/opt/gz_gui_vendor:/opt/ros/jazzy/opt/gz_transport_vendor:/opt/ros/jazzy/opt/gz_rendering_vendor:/opt/ros/jazzy/opt/gz_plugin_vendor:/opt/ros/jazzy/opt/gz_fuel_tools_vendor:/opt/ros/jazzy/opt/gz_msgs_vendor:/opt/ros/jazzy/opt/gz_common_vendor:/opt/ros/jazzy/opt/gz_math_vendor:/opt/ros/jazzy/opt/gz_utils_vendor:/opt/ros/jazzy/opt/gz_tools_vendor:/opt/ros/jazzy/opt/gz_ogre_next_vendor:/opt/ros/jazzy/opt/gz_dartsim_vendor:/opt/ros/jazzy/opt/gz_cmake_vendor PS1=\[\e]0;\u@\h: \w\a\]${debian_chroot:+($debian_chroot)}\u@\h:\w\$ PYTHONPATH=/root/yolo_ws/build/yolo_ros/prefix_override:/usr/lib/python3/dist-packages/colcon_core/task/python/colcon_distutils_commands:/root/yolo_ws/install/yolo_ros/lib/python3.12/site-packages:/root/yolo_ws/install/yolo_msgs/lib/python3.12/site-packages:/root/yolo_ws/build/yolo_ros:/root/yolo_ws/install/yolo_ros/lib/python3.12/site-packages:/root/tiago_ws/install/tiago_description/lib/python3.12/site-packages:/root/tiago_ws/install/pmb2_description/lib/python3.12/site-packages:/root/tiago_ws/install/play_motion2_msgs/lib/python3.12/site-packages:/root/tiago_ws/install/omni_base_description/lib/python3.12/site-packages:/root/tiago_ws/build/launch_pal:/root/tiago_ws/install/launch_pal/lib/python3.12/site-packages:/opt/ros/jazzy/lib/python3.12/site-packages /usr/bin/python3 -W ignore:setup.py install is deprecated -W ignore:easy_install command is deprecated setup.py egg_info --egg-base ../../../build/yolo_ros build --build-base /root/yolo_ws/build/yolo_ros/build install --record /root/yolo_ws/build/yolo_ros/install.log --single-version-externally-managed install_data
[43.990s] Level 1:colcon.colcon_core.environment:checking '/root/yolo_ws/install/yolo_ros' for CMake config files
[43.990s] Level 1:colcon.colcon_core.environment:checking '/root/yolo_ws/install/yolo_ros/lib'
[43.990s] Level 1:colcon.colcon_core.environment:checking '/root/yolo_ws/install/yolo_ros/bin'
[43.991s] Level 1:colcon.colcon_core.environment:checking '/root/yolo_ws/install/yolo_ros/lib/pkgconfig/yolo_ros.pc'
[43.991s] Level 1:colcon.colcon_core.environment:checking '/root/yolo_ws/install/yolo_ros/lib/python3.12/site-packages'
[43.991s] Level 1:colcon.colcon_core.shell:create_environment_hook('yolo_ros', 'pythonpath')
[43.991s] INFO:colcon.colcon_core.shell:Creating environment hook '/root/yolo_ws/install/yolo_ros/share/yolo_ros/hook/pythonpath.ps1'
[43.991s] INFO:colcon.colcon_core.shell:Creating environment descriptor '/root/yolo_ws/install/yolo_ros/share/yolo_ros/hook/pythonpath.dsv'
[43.992s] INFO:colcon.colcon_core.shell:Creating environment hook '/root/yolo_ws/install/yolo_ros/share/yolo_ros/hook/pythonpath.sh'
[43.992s] Level 1:colcon.colcon_core.environment:checking '/root/yolo_ws/install/yolo_ros/bin'
[43.992s] Level 1:colcon.colcon_core.environment:create_environment_scripts_only(yolo_ros)
[43.992s] INFO:colcon.colcon_core.shell:Creating package script '/root/yolo_ws/install/yolo_ros/share/yolo_ros/package.ps1'
[43.993s] INFO:colcon.colcon_core.shell:Creating package descriptor '/root/yolo_ws/install/yolo_ros/share/yolo_ros/package.dsv'
[43.993s] INFO:colcon.colcon_core.shell:Creating package script '/root/yolo_ws/install/yolo_ros/share/yolo_ros/package.sh'
[43.994s] INFO:colcon.colcon_core.shell:Creating package script '/root/yolo_ws/install/yolo_ros/share/yolo_ros/package.bash'
[43.994s] INFO:colcon.colcon_core.shell:Creating package script '/root/yolo_ws/install/yolo_ros/share/yolo_ros/package.zsh'
[43.994s] Level 1:colcon.colcon_core.environment:create_file_with_runtime_dependencies(/root/yolo_ws/install/yolo_ros/share/colcon-core/packages/yolo_ros)
[43.994s] INFO:colcon.colcon_ros.task.ament_cmake.build:Building ROS package in '/root/yolo_ws/src/yolo_ros/yolo_bringup' with build type 'ament_cmake'
[43.995s] INFO:colcon.colcon_cmake.task.cmake.build:Building CMake package in '/root/yolo_ws/src/yolo_ros/yolo_bringup'
[43.995s] INFO:colcon.colcon_core.shell:Skip shell extension 'powershell' for command environment: Not usable outside of PowerShell
[43.995s] DEBUG:colcon.colcon_core.shell:Skip shell extension 'dsv' for command environment
[44.012s] DEBUG:colcon.colcon_core.event_handler.log_command:Invoking command in '/root/yolo_ws/build/yolo_bringup': AMENT_PREFIX_PATH=/root/yolo_ws/install/yolo_ros:/root/yolo_ws/install/yolo_bringup:/root/yolo_ws/install/yolo_msgs:/root/tiago_ws/install/tiago_simulation:/root/tiago_ws/install/tiago_robot:/root/tiago_ws/install/tiago_navigation:/root/tiago_ws/install/tiago_gazebo:/root/tiago_ws/install/tiago_moveit_config:/root/tiago_ws/install/tiago_2dnav:/root/tiago_ws/install/tiago_laser_sensors:/root/tiago_ws/install/tiago_harmonic:/root/tiago_ws/install/tiago_bringup:/root/tiago_ws/install/tiago_description:/root/tiago_ws/install/tiago_controller_configuration:/root/tiago_ws/install/pmb2_robot:/root/tiago_ws/install/pmb2_navigation:/root/tiago_ws/install/pmb2_2dnav:/root/tiago_ws/install/pmb2_laser_sensors:/root/tiago_ws/install/pmb2_bringup:/root/tiago_ws/install/pmb2_description:/root/tiago_ws/install/pmb2_controller_configuration:/root/tiago_ws/install/play_motion2:/root/tiago_ws/install/play_motion2_msgs:/root/tiago_ws/install/pal_hey5:/root/tiago_ws/install/pal_hey5_description:/root/tiago_ws/install/pal_gripper_simulation:/root/tiago_ws/install/pal_gripper:/root/tiago_ws/install/pal_gripper_description:/root/tiago_ws/install/omni_base_robot:/root/tiago_ws/install/omni_base_bringup:/root/tiago_ws/install/omni_base_description:/root/tiago_ws/install/pal_urdf_utils:/root/tiago_ws/install/pal_robotiq_gripper:/root/tiago_ws/install/pal_robotiq_description:/root/tiago_ws/install/pal_robotiq_controller_configuration:/root/tiago_ws/install/pal_maps:/root/tiago_ws/install/pal_hey5_controller_configuration:/root/tiago_ws/install/pal_gripper_controller_configuration:/root/tiago_ws/install/omni_base_controller_configuration:/root/tiago_ws/install/launch_pal:/root/tiago_ws/install/br2_gazebo_worlds:/root/tfm_ws/install/arm_movement:/opt/ros/jazzy CMAKE_PREFIX_PATH=/root/yolo_ws/install/yolo_msgs:/root/yolo_ws/install/yolo_bringup:/root/tiago_ws/install/tiago_simulation:/root/tiago_ws/install/tiago_robot:/root/tiago_ws/install/tiago_navigation:/root/tiago_ws/install/tiago_gazebo:/root/tiago_ws/install/tiago_moveit_config:/root/tiago_ws/install/tiago_2dnav:/root/tiago_ws/install/tiago_laser_sensors:/root/tiago_ws/install/tiago_harmonic:/root/tiago_ws/install/tiago_bringup:/root/tiago_ws/install/tiago_description:/root/tiago_ws/install/tiago_controller_configuration:/root/tiago_ws/install/pmb2_robot:/root/tiago_ws/install/pmb2_navigation:/root/tiago_ws/install/pmb2_2dnav:/root/tiago_ws/install/pmb2_laser_sensors:/root/tiago_ws/install/pmb2_bringup:/root/tiago_ws/install/pmb2_description:/root/tiago_ws/install/pmb2_controller_configuration:/root/tiago_ws/install/play_motion2:/root/tiago_ws/install/play_motion2_msgs:/root/tiago_ws/install/pal_hey5:/root/tiago_ws/install/pal_hey5_description:/root/tiago_ws/install/pal_gripper_simulation:/root/tiago_ws/install/pal_gripper:/root/tiago_ws/install/pal_gripper_description:/root/tiago_ws/install/omni_base_robot:/root/tiago_ws/install/omni_base_bringup:/root/tiago_ws/install/omni_base_description:/root/tiago_ws/install/pal_urdf_utils:/root/tiago_ws/install/pal_robotiq_gripper:/root/tiago_ws/install/pal_robotiq_description:/root/tiago_ws/install/pal_robotiq_controller_configuration:/root/tiago_ws/install/pal_maps:/root/tiago_ws/install/pal_hey5_controller_configuration:/root/tiago_ws/install/pal_gripper_controller_configuration:/root/tiago_ws/install/omni_base_controller_configuration:/root/tiago_ws/install/br2_gazebo_worlds:/root/tfm_ws/install/arm_movement:/opt/ros/jazzy/opt/gz_sim_vendor:/opt/ros/jazzy/opt/gz_sensors_vendor:/opt/ros/jazzy/opt/gz_physics_vendor:/opt/ros/jazzy/opt/sdformat_vendor:/opt/ros/jazzy/opt/gz_gui_vendor:/opt/ros/jazzy/opt/gz_transport_vendor:/opt/ros/jazzy/opt/gz_rendering_vendor:/opt/ros/jazzy/opt/gz_plugin_vendor:/opt/ros/jazzy/opt/gz_fuel_tools_vendor:/opt/ros/jazzy/opt/gz_msgs_vendor:/opt/ros/jazzy/opt/gz_common_vendor:/opt/ros/jazzy/opt/gz_math_vendor:/opt/ros/jazzy/opt/gz_utils_vendor:/opt/ros/jazzy/opt/gz_tools_vendor:/opt/ros/jazzy/opt/gz_ogre_next_vendor:/opt/ros/jazzy/opt/gz_dartsim_vendor:/opt/ros/jazzy/opt/gz_cmake_vendor:/root/yolo_ws/install/yolo_ros:/root/tiago_ws/install/launch_pal:/opt/ros/jazzy PS1=\[\e]0;\u@\h: \w\a\]${debian_chroot:+($debian_chroot)}\u@\h:\w\$ PYTHONPATH=/root/yolo_ws/install/yolo_ros/lib/python3.12/site-packages:/root/yolo_ws/install/yolo_msgs/lib/python3.12/site-packages:/root/yolo_ws/build/yolo_ros:/root/tiago_ws/install/tiago_description/lib/python3.12/site-packages:/root/tiago_ws/install/pmb2_description/lib/python3.12/site-packages:/root/tiago_ws/install/play_motion2_msgs/lib/python3.12/site-packages:/root/tiago_ws/install/omni_base_description/lib/python3.12/site-packages:/root/tiago_ws/build/launch_pal:/root/tiago_ws/install/launch_pal/lib/python3.12/site-packages:/opt/ros/jazzy/lib/python3.12/site-packages /usr/bin/cmake /root/yolo_ws/src/yolo_ros/yolo_bringup -DCMAKE_INSTALL_PREFIX=/root/yolo_ws/install/yolo_bringup
[45.291s] DEBUG:colcon.colcon_core.event_handler.log_command:Invoked command in '/root/yolo_ws/build/yolo_bringup' returned '0': AMENT_PREFIX_PATH=/root/yolo_ws/install/yolo_ros:/root/yolo_ws/install/yolo_bringup:/root/yolo_ws/install/yolo_msgs:/root/tiago_ws/install/tiago_simulation:/root/tiago_ws/install/tiago_robot:/root/tiago_ws/install/tiago_navigation:/root/tiago_ws/install/tiago_gazebo:/root/tiago_ws/install/tiago_moveit_config:/root/tiago_ws/install/tiago_2dnav:/root/tiago_ws/install/tiago_laser_sensors:/root/tiago_ws/install/tiago_harmonic:/root/tiago_ws/install/tiago_bringup:/root/tiago_ws/install/tiago_description:/root/tiago_ws/install/tiago_controller_configuration:/root/tiago_ws/install/pmb2_robot:/root/tiago_ws/install/pmb2_navigation:/root/tiago_ws/install/pmb2_2dnav:/root/tiago_ws/install/pmb2_laser_sensors:/root/tiago_ws/install/pmb2_bringup:/root/tiago_ws/install/pmb2_description:/root/tiago_ws/install/pmb2_controller_configuration:/root/tiago_ws/install/play_motion2:/root/tiago_ws/install/play_motion2_msgs:/root/tiago_ws/install/pal_hey5:/root/tiago_ws/install/pal_hey5_description:/root/tiago_ws/install/pal_gripper_simulation:/root/tiago_ws/install/pal_gripper:/root/tiago_ws/install/pal_gripper_description:/root/tiago_ws/install/omni_base_robot:/root/tiago_ws/install/omni_base_bringup:/root/tiago_ws/install/omni_base_description:/root/tiago_ws/install/pal_urdf_utils:/root/tiago_ws/install/pal_robotiq_gripper:/root/tiago_ws/install/pal_robotiq_description:/root/tiago_ws/install/pal_robotiq_controller_configuration:/root/tiago_ws/install/pal_maps:/root/tiago_ws/install/pal_hey5_controller_configuration:/root/tiago_ws/install/pal_gripper_controller_configuration:/root/tiago_ws/install/omni_base_controller_configuration:/root/tiago_ws/install/launch_pal:/root/tiago_ws/install/br2_gazebo_worlds:/root/tfm_ws/install/arm_movement:/opt/ros/jazzy CMAKE_PREFIX_PATH=/root/yolo_ws/install/yolo_msgs:/root/yolo_ws/install/yolo_bringup:/root/tiago_ws/install/tiago_simulation:/root/tiago_ws/install/tiago_robot:/root/tiago_ws/install/tiago_navigation:/root/tiago_ws/install/tiago_gazebo:/root/tiago_ws/install/tiago_moveit_config:/root/tiago_ws/install/tiago_2dnav:/root/tiago_ws/install/tiago_laser_sensors:/root/tiago_ws/install/tiago_harmonic:/root/tiago_ws/install/tiago_bringup:/root/tiago_ws/install/tiago_description:/root/tiago_ws/install/tiago_controller_configuration:/root/tiago_ws/install/pmb2_robot:/root/tiago_ws/install/pmb2_navigation:/root/tiago_ws/install/pmb2_2dnav:/root/tiago_ws/install/pmb2_laser_sensors:/root/tiago_ws/install/pmb2_bringup:/root/tiago_ws/install/pmb2_description:/root/tiago_ws/install/pmb2_controller_configuration:/root/tiago_ws/install/play_motion2:/root/tiago_ws/install/play_motion2_msgs:/root/tiago_ws/install/pal_hey5:/root/tiago_ws/install/pal_hey5_description:/root/tiago_ws/install/pal_gripper_simulation:/root/tiago_ws/install/pal_gripper:/root/tiago_ws/install/pal_gripper_description:/root/tiago_ws/install/omni_base_robot:/root/tiago_ws/install/omni_base_bringup:/root/tiago_ws/install/omni_base_description:/root/tiago_ws/install/pal_urdf_utils:/root/tiago_ws/install/pal_robotiq_gripper:/root/tiago_ws/install/pal_robotiq_description:/root/tiago_ws/install/pal_robotiq_controller_configuration:/root/tiago_ws/install/pal_maps:/root/tiago_ws/install/pal_hey5_controller_configuration:/root/tiago_ws/install/pal_gripper_controller_configuration:/root/tiago_ws/install/omni_base_controller_configuration:/root/tiago_ws/install/br2_gazebo_worlds:/root/tfm_ws/install/arm_movement:/opt/ros/jazzy/opt/gz_sim_vendor:/opt/ros/jazzy/opt/gz_sensors_vendor:/opt/ros/jazzy/opt/gz_physics_vendor:/opt/ros/jazzy/opt/sdformat_vendor:/opt/ros/jazzy/opt/gz_gui_vendor:/opt/ros/jazzy/opt/gz_transport_vendor:/opt/ros/jazzy/opt/gz_rendering_vendor:/opt/ros/jazzy/opt/gz_plugin_vendor:/opt/ros/jazzy/opt/gz_fuel_tools_vendor:/opt/ros/jazzy/opt/gz_msgs_vendor:/opt/ros/jazzy/opt/gz_common_vendor:/opt/ros/jazzy/opt/gz_math_vendor:/opt/ros/jazzy/opt/gz_utils_vendor:/opt/ros/jazzy/opt/gz_tools_vendor:/opt/ros/jazzy/opt/gz_ogre_next_vendor:/opt/ros/jazzy/opt/gz_dartsim_vendor:/opt/ros/jazzy/opt/gz_cmake_vendor:/root/yolo_ws/install/yolo_ros:/root/tiago_ws/install/launch_pal:/opt/ros/jazzy PS1=\[\e]0;\u@\h: \w\a\]${debian_chroot:+($debian_chroot)}\u@\h:\w\$ PYTHONPATH=/root/yolo_ws/install/yolo_ros/lib/python3.12/site-packages:/root/yolo_ws/install/yolo_msgs/lib/python3.12/site-packages:/root/yolo_ws/build/yolo_ros:/root/tiago_ws/install/tiago_description/lib/python3.12/site-packages:/root/tiago_ws/install/pmb2_description/lib/python3.12/site-packages:/root/tiago_ws/install/play_motion2_msgs/lib/python3.12/site-packages:/root/tiago_ws/install/omni_base_description/lib/python3.12/site-packages:/root/tiago_ws/build/launch_pal:/root/tiago_ws/install/launch_pal/lib/python3.12/site-packages:/opt/ros/jazzy/lib/python3.12/site-packages /usr/bin/cmake /root/yolo_ws/src/yolo_ros/yolo_bringup -DCMAKE_INSTALL_PREFIX=/root/yolo_ws/install/yolo_bringup
[45.292s] DEBUG:colcon.colcon_core.event_handler.log_command:Invoking command in '/root/yolo_ws/build/yolo_bringup': AMENT_PREFIX_PATH=/root/yolo_ws/install/yolo_ros:/root/yolo_ws/install/yolo_bringup:/root/yolo_ws/install/yolo_msgs:/root/tiago_ws/install/tiago_simulation:/root/tiago_ws/install/tiago_robot:/root/tiago_ws/install/tiago_navigation:/root/tiago_ws/install/tiago_gazebo:/root/tiago_ws/install/tiago_moveit_config:/root/tiago_ws/install/tiago_2dnav:/root/tiago_ws/install/tiago_laser_sensors:/root/tiago_ws/install/tiago_harmonic:/root/tiago_ws/install/tiago_bringup:/root/tiago_ws/install/tiago_description:/root/tiago_ws/install/tiago_controller_configuration:/root/tiago_ws/install/pmb2_robot:/root/tiago_ws/install/pmb2_navigation:/root/tiago_ws/install/pmb2_2dnav:/root/tiago_ws/install/pmb2_laser_sensors:/root/tiago_ws/install/pmb2_bringup:/root/tiago_ws/install/pmb2_description:/root/tiago_ws/install/pmb2_controller_configuration:/root/tiago_ws/install/play_motion2:/root/tiago_ws/install/play_motion2_msgs:/root/tiago_ws/install/pal_hey5:/root/tiago_ws/install/pal_hey5_description:/root/tiago_ws/install/pal_gripper_simulation:/root/tiago_ws/install/pal_gripper:/root/tiago_ws/install/pal_gripper_description:/root/tiago_ws/install/omni_base_robot:/root/tiago_ws/install/omni_base_bringup:/root/tiago_ws/install/omni_base_description:/root/tiago_ws/install/pal_urdf_utils:/root/tiago_ws/install/pal_robotiq_gripper:/root/tiago_ws/install/pal_robotiq_description:/root/tiago_ws/install/pal_robotiq_controller_configuration:/root/tiago_ws/install/pal_maps:/root/tiago_ws/install/pal_hey5_controller_configuration:/root/tiago_ws/install/pal_gripper_controller_configuration:/root/tiago_ws/install/omni_base_controller_configuration:/root/tiago_ws/install/launch_pal:/root/tiago_ws/install/br2_gazebo_worlds:/root/tfm_ws/install/arm_movement:/opt/ros/jazzy CMAKE_PREFIX_PATH=/root/yolo_ws/install/yolo_msgs:/root/yolo_ws/install/yolo_bringup:/root/tiago_ws/install/tiago_simulation:/root/tiago_ws/install/tiago_robot:/root/tiago_ws/install/tiago_navigation:/root/tiago_ws/install/tiago_gazebo:/root/tiago_ws/install/tiago_moveit_config:/root/tiago_ws/install/tiago_2dnav:/root/tiago_ws/install/tiago_laser_sensors:/root/tiago_ws/install/tiago_harmonic:/root/tiago_ws/install/tiago_bringup:/root/tiago_ws/install/tiago_description:/root/tiago_ws/install/tiago_controller_configuration:/root/tiago_ws/install/pmb2_robot:/root/tiago_ws/install/pmb2_navigation:/root/tiago_ws/install/pmb2_2dnav:/root/tiago_ws/install/pmb2_laser_sensors:/root/tiago_ws/install/pmb2_bringup:/root/tiago_ws/install/pmb2_description:/root/tiago_ws/install/pmb2_controller_configuration:/root/tiago_ws/install/play_motion2:/root/tiago_ws/install/play_motion2_msgs:/root/tiago_ws/install/pal_hey5:/root/tiago_ws/install/pal_hey5_description:/root/tiago_ws/install/pal_gripper_simulation:/root/tiago_ws/install/pal_gripper:/root/tiago_ws/install/pal_gripper_description:/root/tiago_ws/install/omni_base_robot:/root/tiago_ws/install/omni_base_bringup:/root/tiago_ws/install/omni_base_description:/root/tiago_ws/install/pal_urdf_utils:/root/tiago_ws/install/pal_robotiq_gripper:/root/tiago_ws/install/pal_robotiq_description:/root/tiago_ws/install/pal_robotiq_controller_configuration:/root/tiago_ws/install/pal_maps:/root/tiago_ws/install/pal_hey5_controller_configuration:/root/tiago_ws/install/pal_gripper_controller_configuration:/root/tiago_ws/install/omni_base_controller_configuration:/root/tiago_ws/install/br2_gazebo_worlds:/root/tfm_ws/install/arm_movement:/opt/ros/jazzy/opt/gz_sim_vendor:/opt/ros/jazzy/opt/gz_sensors_vendor:/opt/ros/jazzy/opt/gz_physics_vendor:/opt/ros/jazzy/opt/sdformat_vendor:/opt/ros/jazzy/opt/gz_gui_vendor:/opt/ros/jazzy/opt/gz_transport_vendor:/opt/ros/jazzy/opt/gz_rendering_vendor:/opt/ros/jazzy/opt/gz_plugin_vendor:/opt/ros/jazzy/opt/gz_fuel_tools_vendor:/opt/ros/jazzy/opt/gz_msgs_vendor:/opt/ros/jazzy/opt/gz_common_vendor:/opt/ros/jazzy/opt/gz_math_vendor:/opt/ros/jazzy/opt/gz_utils_vendor:/opt/ros/jazzy/opt/gz_tools_vendor:/opt/ros/jazzy/opt/gz_ogre_next_vendor:/opt/ros/jazzy/opt/gz_dartsim_vendor:/opt/ros/jazzy/opt/gz_cmake_vendor:/root/yolo_ws/install/yolo_ros:/root/tiago_ws/install/launch_pal:/opt/ros/jazzy PS1=\[\e]0;\u@\h: \w\a\]${debian_chroot:+($debian_chroot)}\u@\h:\w\$ PYTHONPATH=/root/yolo_ws/install/yolo_ros/lib/python3.12/site-packages:/root/yolo_ws/install/yolo_msgs/lib/python3.12/site-packages:/root/yolo_ws/build/yolo_ros:/root/tiago_ws/install/tiago_description/lib/python3.12/site-packages:/root/tiago_ws/install/pmb2_description/lib/python3.12/site-packages:/root/tiago_ws/install/play_motion2_msgs/lib/python3.12/site-packages:/root/tiago_ws/install/omni_base_description/lib/python3.12/site-packages:/root/tiago_ws/build/launch_pal:/root/tiago_ws/install/launch_pal/lib/python3.12/site-packages:/opt/ros/jazzy/lib/python3.12/site-packages /usr/bin/cmake --build /root/yolo_ws/build/yolo_bringup -- -j12 -l12
[45.337s] DEBUG:colcon.colcon_core.event_handler.log_command:Invoked command in '/root/yolo_ws/build/yolo_bringup' returned '0': AMENT_PREFIX_PATH=/root/yolo_ws/install/yolo_ros:/root/yolo_ws/install/yolo_bringup:/root/yolo_ws/install/yolo_msgs:/root/tiago_ws/install/tiago_simulation:/root/tiago_ws/install/tiago_robot:/root/tiago_ws/install/tiago_navigation:/root/tiago_ws/install/tiago_gazebo:/root/tiago_ws/install/tiago_moveit_config:/root/tiago_ws/install/tiago_2dnav:/root/tiago_ws/install/tiago_laser_sensors:/root/tiago_ws/install/tiago_harmonic:/root/tiago_ws/install/tiago_bringup:/root/tiago_ws/install/tiago_description:/root/tiago_ws/install/tiago_controller_configuration:/root/tiago_ws/install/pmb2_robot:/root/tiago_ws/install/pmb2_navigation:/root/tiago_ws/install/pmb2_2dnav:/root/tiago_ws/install/pmb2_laser_sensors:/root/tiago_ws/install/pmb2_bringup:/root/tiago_ws/install/pmb2_description:/root/tiago_ws/install/pmb2_controller_configuration:/root/tiago_ws/install/play_motion2:/root/tiago_ws/install/play_motion2_msgs:/root/tiago_ws/install/pal_hey5:/root/tiago_ws/install/pal_hey5_description:/root/tiago_ws/install/pal_gripper_simulation:/root/tiago_ws/install/pal_gripper:/root/tiago_ws/install/pal_gripper_description:/root/tiago_ws/install/omni_base_robot:/root/tiago_ws/install/omni_base_bringup:/root/tiago_ws/install/omni_base_description:/root/tiago_ws/install/pal_urdf_utils:/root/tiago_ws/install/pal_robotiq_gripper:/root/tiago_ws/install/pal_robotiq_description:/root/tiago_ws/install/pal_robotiq_controller_configuration:/root/tiago_ws/install/pal_maps:/root/tiago_ws/install/pal_hey5_controller_configuration:/root/tiago_ws/install/pal_gripper_controller_configuration:/root/tiago_ws/install/omni_base_controller_configuration:/root/tiago_ws/install/launch_pal:/root/tiago_ws/install/br2_gazebo_worlds:/root/tfm_ws/install/arm_movement:/opt/ros/jazzy CMAKE_PREFIX_PATH=/root/yolo_ws/install/yolo_msgs:/root/yolo_ws/install/yolo_bringup:/root/tiago_ws/install/tiago_simulation:/root/tiago_ws/install/tiago_robot:/root/tiago_ws/install/tiago_navigation:/root/tiago_ws/install/tiago_gazebo:/root/tiago_ws/install/tiago_moveit_config:/root/tiago_ws/install/tiago_2dnav:/root/tiago_ws/install/tiago_laser_sensors:/root/tiago_ws/install/tiago_harmonic:/root/tiago_ws/install/tiago_bringup:/root/tiago_ws/install/tiago_description:/root/tiago_ws/install/tiago_controller_configuration:/root/tiago_ws/install/pmb2_robot:/root/tiago_ws/install/pmb2_navigation:/root/tiago_ws/install/pmb2_2dnav:/root/tiago_ws/install/pmb2_laser_sensors:/root/tiago_ws/install/pmb2_bringup:/root/tiago_ws/install/pmb2_description:/root/tiago_ws/install/pmb2_controller_configuration:/root/tiago_ws/install/play_motion2:/root/tiago_ws/install/play_motion2_msgs:/root/tiago_ws/install/pal_hey5:/root/tiago_ws/install/pal_hey5_description:/root/tiago_ws/install/pal_gripper_simulation:/root/tiago_ws/install/pal_gripper:/root/tiago_ws/install/pal_gripper_description:/root/tiago_ws/install/omni_base_robot:/root/tiago_ws/install/omni_base_bringup:/root/tiago_ws/install/omni_base_description:/root/tiago_ws/install/pal_urdf_utils:/root/tiago_ws/install/pal_robotiq_gripper:/root/tiago_ws/install/pal_robotiq_description:/root/tiago_ws/install/pal_robotiq_controller_configuration:/root/tiago_ws/install/pal_maps:/root/tiago_ws/install/pal_hey5_controller_configuration:/root/tiago_ws/install/pal_gripper_controller_configuration:/root/tiago_ws/install/omni_base_controller_configuration:/root/tiago_ws/install/br2_gazebo_worlds:/root/tfm_ws/install/arm_movement:/opt/ros/jazzy/opt/gz_sim_vendor:/opt/ros/jazzy/opt/gz_sensors_vendor:/opt/ros/jazzy/opt/gz_physics_vendor:/opt/ros/jazzy/opt/sdformat_vendor:/opt/ros/jazzy/opt/gz_gui_vendor:/opt/ros/jazzy/opt/gz_transport_vendor:/opt/ros/jazzy/opt/gz_rendering_vendor:/opt/ros/jazzy/opt/gz_plugin_vendor:/opt/ros/jazzy/opt/gz_fuel_tools_vendor:/opt/ros/jazzy/opt/gz_msgs_vendor:/opt/ros/jazzy/opt/gz_common_vendor:/opt/ros/jazzy/opt/gz_math_vendor:/opt/ros/jazzy/opt/gz_utils_vendor:/opt/ros/jazzy/opt/gz_tools_vendor:/opt/ros/jazzy/opt/gz_ogre_next_vendor:/opt/ros/jazzy/opt/gz_dartsim_vendor:/opt/ros/jazzy/opt/gz_cmake_vendor:/root/yolo_ws/install/yolo_ros:/root/tiago_ws/install/launch_pal:/opt/ros/jazzy PS1=\[\e]0;\u@\h: \w\a\]${debian_chroot:+($debian_chroot)}\u@\h:\w\$ PYTHONPATH=/root/yolo_ws/install/yolo_ros/lib/python3.12/site-packages:/root/yolo_ws/install/yolo_msgs/lib/python3.12/site-packages:/root/yolo_ws/build/yolo_ros:/root/tiago_ws/install/tiago_description/lib/python3.12/site-packages:/root/tiago_ws/install/pmb2_description/lib/python3.12/site-packages:/root/tiago_ws/install/play_motion2_msgs/lib/python3.12/site-packages:/root/tiago_ws/install/omni_base_description/lib/python3.12/site-packages:/root/tiago_ws/build/launch_pal:/root/tiago_ws/install/launch_pal/lib/python3.12/site-packages:/opt/ros/jazzy/lib/python3.12/site-packages /usr/bin/cmake --build /root/yolo_ws/build/yolo_bringup -- -j12 -l12
[45.338s] DEBUG:colcon.colcon_core.event_handler.log_command:Invoking command in '/root/yolo_ws/build/yolo_bringup': AMENT_PREFIX_PATH=/root/yolo_ws/install/yolo_ros:/root/yolo_ws/install/yolo_bringup:/root/yolo_ws/install/yolo_msgs:/root/tiago_ws/install/tiago_simulation:/root/tiago_ws/install/tiago_robot:/root/tiago_ws/install/tiago_navigation:/root/tiago_ws/install/tiago_gazebo:/root/tiago_ws/install/tiago_moveit_config:/root/tiago_ws/install/tiago_2dnav:/root/tiago_ws/install/tiago_laser_sensors:/root/tiago_ws/install/tiago_harmonic:/root/tiago_ws/install/tiago_bringup:/root/tiago_ws/install/tiago_description:/root/tiago_ws/install/tiago_controller_configuration:/root/tiago_ws/install/pmb2_robot:/root/tiago_ws/install/pmb2_navigation:/root/tiago_ws/install/pmb2_2dnav:/root/tiago_ws/install/pmb2_laser_sensors:/root/tiago_ws/install/pmb2_bringup:/root/tiago_ws/install/pmb2_description:/root/tiago_ws/install/pmb2_controller_configuration:/root/tiago_ws/install/play_motion2:/root/tiago_ws/install/play_motion2_msgs:/root/tiago_ws/install/pal_hey5:/root/tiago_ws/install/pal_hey5_description:/root/tiago_ws/install/pal_gripper_simulation:/root/tiago_ws/install/pal_gripper:/root/tiago_ws/install/pal_gripper_description:/root/tiago_ws/install/omni_base_robot:/root/tiago_ws/install/omni_base_bringup:/root/tiago_ws/install/omni_base_description:/root/tiago_ws/install/pal_urdf_utils:/root/tiago_ws/install/pal_robotiq_gripper:/root/tiago_ws/install/pal_robotiq_description:/root/tiago_ws/install/pal_robotiq_controller_configuration:/root/tiago_ws/install/pal_maps:/root/tiago_ws/install/pal_hey5_controller_configuration:/root/tiago_ws/install/pal_gripper_controller_configuration:/root/tiago_ws/install/omni_base_controller_configuration:/root/tiago_ws/install/launch_pal:/root/tiago_ws/install/br2_gazebo_worlds:/root/tfm_ws/install/arm_movement:/opt/ros/jazzy CMAKE_PREFIX_PATH=/root/yolo_ws/install/yolo_msgs:/root/yolo_ws/install/yolo_bringup:/root/tiago_ws/install/tiago_simulation:/root/tiago_ws/install/tiago_robot:/root/tiago_ws/install/tiago_navigation:/root/tiago_ws/install/tiago_gazebo:/root/tiago_ws/install/tiago_moveit_config:/root/tiago_ws/install/tiago_2dnav:/root/tiago_ws/install/tiago_laser_sensors:/root/tiago_ws/install/tiago_harmonic:/root/tiago_ws/install/tiago_bringup:/root/tiago_ws/install/tiago_description:/root/tiago_ws/install/tiago_controller_configuration:/root/tiago_ws/install/pmb2_robot:/root/tiago_ws/install/pmb2_navigation:/root/tiago_ws/install/pmb2_2dnav:/root/tiago_ws/install/pmb2_laser_sensors:/root/tiago_ws/install/pmb2_bringup:/root/tiago_ws/install/pmb2_description:/root/tiago_ws/install/pmb2_controller_configuration:/root/tiago_ws/install/play_motion2:/root/tiago_ws/install/play_motion2_msgs:/root/tiago_ws/install/pal_hey5:/root/tiago_ws/install/pal_hey5_description:/root/tiago_ws/install/pal_gripper_simulation:/root/tiago_ws/install/pal_gripper:/root/tiago_ws/install/pal_gripper_description:/root/tiago_ws/install/omni_base_robot:/root/tiago_ws/install/omni_base_bringup:/root/tiago_ws/install/omni_base_description:/root/tiago_ws/install/pal_urdf_utils:/root/tiago_ws/install/pal_robotiq_gripper:/root/tiago_ws/install/pal_robotiq_description:/root/tiago_ws/install/pal_robotiq_controller_configuration:/root/tiago_ws/install/pal_maps:/root/tiago_ws/install/pal_hey5_controller_configuration:/root/tiago_ws/install/pal_gripper_controller_configuration:/root/tiago_ws/install/omni_base_controller_configuration:/root/tiago_ws/install/br2_gazebo_worlds:/root/tfm_ws/install/arm_movement:/opt/ros/jazzy/opt/gz_sim_vendor:/opt/ros/jazzy/opt/gz_sensors_vendor:/opt/ros/jazzy/opt/gz_physics_vendor:/opt/ros/jazzy/opt/sdformat_vendor:/opt/ros/jazzy/opt/gz_gui_vendor:/opt/ros/jazzy/opt/gz_transport_vendor:/opt/ros/jazzy/opt/gz_rendering_vendor:/opt/ros/jazzy/opt/gz_plugin_vendor:/opt/ros/jazzy/opt/gz_fuel_tools_vendor:/opt/ros/jazzy/opt/gz_msgs_vendor:/opt/ros/jazzy/opt/gz_common_vendor:/opt/ros/jazzy/opt/gz_math_vendor:/opt/ros/jazzy/opt/gz_utils_vendor:/opt/ros/jazzy/opt/gz_tools_vendor:/opt/ros/jazzy/opt/gz_ogre_next_vendor:/opt/ros/jazzy/opt/gz_dartsim_vendor:/opt/ros/jazzy/opt/gz_cmake_vendor:/root/yolo_ws/install/yolo_ros:/root/tiago_ws/install/launch_pal:/opt/ros/jazzy PS1=\[\e]0;\u@\h: \w\a\]${debian_chroot:+($debian_chroot)}\u@\h:\w\$ PYTHONPATH=/root/yolo_ws/install/yolo_ros/lib/python3.12/site-packages:/root/yolo_ws/install/yolo_msgs/lib/python3.12/site-packages:/root/yolo_ws/build/yolo_ros:/root/tiago_ws/install/tiago_description/lib/python3.12/site-packages:/root/tiago_ws/install/pmb2_description/lib/python3.12/site-packages:/root/tiago_ws/install/play_motion2_msgs/lib/python3.12/site-packages:/root/tiago_ws/install/omni_base_description/lib/python3.12/site-packages:/root/tiago_ws/build/launch_pal:/root/tiago_ws/install/launch_pal/lib/python3.12/site-packages:/opt/ros/jazzy/lib/python3.12/site-packages /usr/bin/cmake --install /root/yolo_ws/build/yolo_bringup
[45.355s] Level 1:colcon.colcon_core.environment:create_environment_scripts_only(yolo_bringup)
[45.355s] Level 1:colcon.colcon_core.environment:checking '/root/yolo_ws/install/yolo_bringup' for CMake module files
[45.356s] DEBUG:colcon.colcon_core.event_handler.log_command:Invoked command in '/root/yolo_ws/build/yolo_bringup' returned '0': AMENT_PREFIX_PATH=/root/yolo_ws/install/yolo_ros:/root/yolo_ws/install/yolo_bringup:/root/yolo_ws/install/yolo_msgs:/root/tiago_ws/install/tiago_simulation:/root/tiago_ws/install/tiago_robot:/root/tiago_ws/install/tiago_navigation:/root/tiago_ws/install/tiago_gazebo:/root/tiago_ws/install/tiago_moveit_config:/root/tiago_ws/install/tiago_2dnav:/root/tiago_ws/install/tiago_laser_sensors:/root/tiago_ws/install/tiago_harmonic:/root/tiago_ws/install/tiago_bringup:/root/tiago_ws/install/tiago_description:/root/tiago_ws/install/tiago_controller_configuration:/root/tiago_ws/install/pmb2_robot:/root/tiago_ws/install/pmb2_navigation:/root/tiago_ws/install/pmb2_2dnav:/root/tiago_ws/install/pmb2_laser_sensors:/root/tiago_ws/install/pmb2_bringup:/root/tiago_ws/install/pmb2_description:/root/tiago_ws/install/pmb2_controller_configuration:/root/tiago_ws/install/play_motion2:/root/tiago_ws/install/play_motion2_msgs:/root/tiago_ws/install/pal_hey5:/root/tiago_ws/install/pal_hey5_description:/root/tiago_ws/install/pal_gripper_simulation:/root/tiago_ws/install/pal_gripper:/root/tiago_ws/install/pal_gripper_description:/root/tiago_ws/install/omni_base_robot:/root/tiago_ws/install/omni_base_bringup:/root/tiago_ws/install/omni_base_description:/root/tiago_ws/install/pal_urdf_utils:/root/tiago_ws/install/pal_robotiq_gripper:/root/tiago_ws/install/pal_robotiq_description:/root/tiago_ws/install/pal_robotiq_controller_configuration:/root/tiago_ws/install/pal_maps:/root/tiago_ws/install/pal_hey5_controller_configuration:/root/tiago_ws/install/pal_gripper_controller_configuration:/root/tiago_ws/install/omni_base_controller_configuration:/root/tiago_ws/install/launch_pal:/root/tiago_ws/install/br2_gazebo_worlds:/root/tfm_ws/install/arm_movement:/opt/ros/jazzy CMAKE_PREFIX_PATH=/root/yolo_ws/install/yolo_msgs:/root/yolo_ws/install/yolo_bringup:/root/tiago_ws/install/tiago_simulation:/root/tiago_ws/install/tiago_robot:/root/tiago_ws/install/tiago_navigation:/root/tiago_ws/install/tiago_gazebo:/root/tiago_ws/install/tiago_moveit_config:/root/tiago_ws/install/tiago_2dnav:/root/tiago_ws/install/tiago_laser_sensors:/root/tiago_ws/install/tiago_harmonic:/root/tiago_ws/install/tiago_bringup:/root/tiago_ws/install/tiago_description:/root/tiago_ws/install/tiago_controller_configuration:/root/tiago_ws/install/pmb2_robot:/root/tiago_ws/install/pmb2_navigation:/root/tiago_ws/install/pmb2_2dnav:/root/tiago_ws/install/pmb2_laser_sensors:/root/tiago_ws/install/pmb2_bringup:/root/tiago_ws/install/pmb2_description:/root/tiago_ws/install/pmb2_controller_configuration:/root/tiago_ws/install/play_motion2:/root/tiago_ws/install/play_motion2_msgs:/root/tiago_ws/install/pal_hey5:/root/tiago_ws/install/pal_hey5_description:/root/tiago_ws/install/pal_gripper_simulation:/root/tiago_ws/install/pal_gripper:/root/tiago_ws/install/pal_gripper_description:/root/tiago_ws/install/omni_base_robot:/root/tiago_ws/install/omni_base_bringup:/root/tiago_ws/install/omni_base_description:/root/tiago_ws/install/pal_urdf_utils:/root/tiago_ws/install/pal_robotiq_gripper:/root/tiago_ws/install/pal_robotiq_description:/root/tiago_ws/install/pal_robotiq_controller_configuration:/root/tiago_ws/install/pal_maps:/root/tiago_ws/install/pal_hey5_controller_configuration:/root/tiago_ws/install/pal_gripper_controller_configuration:/root/tiago_ws/install/omni_base_controller_configuration:/root/tiago_ws/install/br2_gazebo_worlds:/root/tfm_ws/install/arm_movement:/opt/ros/jazzy/opt/gz_sim_vendor:/opt/ros/jazzy/opt/gz_sensors_vendor:/opt/ros/jazzy/opt/gz_physics_vendor:/opt/ros/jazzy/opt/sdformat_vendor:/opt/ros/jazzy/opt/gz_gui_vendor:/opt/ros/jazzy/opt/gz_transport_vendor:/opt/ros/jazzy/opt/gz_rendering_vendor:/opt/ros/jazzy/opt/gz_plugin_vendor:/opt/ros/jazzy/opt/gz_fuel_tools_vendor:/opt/ros/jazzy/opt/gz_msgs_vendor:/opt/ros/jazzy/opt/gz_common_vendor:/opt/ros/jazzy/opt/gz_math_vendor:/opt/ros/jazzy/opt/gz_utils_vendor:/opt/ros/jazzy/opt/gz_tools_vendor:/opt/ros/jazzy/opt/gz_ogre_next_vendor:/opt/ros/jazzy/opt/gz_dartsim_vendor:/opt/ros/jazzy/opt/gz_cmake_vendor:/root/yolo_ws/install/yolo_ros:/root/tiago_ws/install/launch_pal:/opt/ros/jazzy PS1=\[\e]0;\u@\h: \w\a\]${debian_chroot:+($debian_chroot)}\u@\h:\w\$ PYTHONPATH=/root/yolo_ws/install/yolo_ros/lib/python3.12/site-packages:/root/yolo_ws/install/yolo_msgs/lib/python3.12/site-packages:/root/yolo_ws/build/yolo_ros:/root/tiago_ws/install/tiago_description/lib/python3.12/site-packages:/root/tiago_ws/install/pmb2_description/lib/python3.12/site-packages:/root/tiago_ws/install/play_motion2_msgs/lib/python3.12/site-packages:/root/tiago_ws/install/omni_base_description/lib/python3.12/site-packages:/root/tiago_ws/build/launch_pal:/root/tiago_ws/install/launch_pal/lib/python3.12/site-packages:/opt/ros/jazzy/lib/python3.12/site-packages /usr/bin/cmake --install /root/yolo_ws/build/yolo_bringup
[45.356s] Level 1:colcon.colcon_core.environment:checking '/root/yolo_ws/install/yolo_bringup' for CMake config files
[45.356s] Level 1:colcon.colcon_core.shell:create_environment_hook('yolo_bringup', 'cmake_prefix_path')
[45.356s] INFO:colcon.colcon_core.shell:Creating environment hook '/root/yolo_ws/install/yolo_bringup/share/yolo_bringup/hook/cmake_prefix_path.ps1'
[45.357s] INFO:colcon.colcon_core.shell:Creating environment descriptor '/root/yolo_ws/install/yolo_bringup/share/yolo_bringup/hook/cmake_prefix_path.dsv'
[45.357s] INFO:colcon.colcon_core.shell:Creating environment hook '/root/yolo_ws/install/yolo_bringup/share/yolo_bringup/hook/cmake_prefix_path.sh'
[45.358s] Level 1:colcon.colcon_core.environment:checking '/root/yolo_ws/install/yolo_bringup/bin'
[45.358s] Level 1:colcon.colcon_core.environment:checking '/root/yolo_ws/install/yolo_bringup/lib/pkgconfig/yolo_bringup.pc'
[45.358s] Level 1:colcon.colcon_core.environment:checking '/root/yolo_ws/install/yolo_bringup/lib/python3.12/site-packages'
[45.358s] Level 1:colcon.colcon_core.environment:checking '/root/yolo_ws/install/yolo_bringup/bin'
[45.358s] INFO:colcon.colcon_core.shell:Creating package script '/root/yolo_ws/install/yolo_bringup/share/yolo_bringup/package.ps1'
[45.359s] INFO:colcon.colcon_core.shell:Creating package descriptor '/root/yolo_ws/install/yolo_bringup/share/yolo_bringup/package.dsv'
[45.359s] INFO:colcon.colcon_core.shell:Creating package script '/root/yolo_ws/install/yolo_bringup/share/yolo_bringup/package.sh'
[45.359s] INFO:colcon.colcon_core.shell:Creating package script '/root/yolo_ws/install/yolo_bringup/share/yolo_bringup/package.bash'
[45.360s] INFO:colcon.colcon_core.shell:Creating package script '/root/yolo_ws/install/yolo_bringup/share/yolo_bringup/package.zsh'
[45.360s] Level 1:colcon.colcon_core.environment:create_file_with_runtime_dependencies(/root/yolo_ws/install/yolo_bringup/share/colcon-core/packages/yolo_bringup)
[45.360s] Level 1:colcon.colcon_core.environment:create_environment_scripts_only(yolo_bringup)
[45.360s] Level 1:colcon.colcon_core.environment:checking '/root/yolo_ws/install/yolo_bringup' for CMake module files
[45.361s] Level 1:colcon.colcon_core.environment:checking '/root/yolo_ws/install/yolo_bringup' for CMake config files
[45.361s] Level 1:colcon.colcon_core.shell:create_environment_hook('yolo_bringup', 'cmake_prefix_path')
[45.361s] INFO:colcon.colcon_core.shell:Creating environment hook '/root/yolo_ws/install/yolo_bringup/share/yolo_bringup/hook/cmake_prefix_path.ps1'
[45.362s] INFO:colcon.colcon_core.shell:Creating environment descriptor '/root/yolo_ws/install/yolo_bringup/share/yolo_bringup/hook/cmake_prefix_path.dsv'
[45.362s] INFO:colcon.colcon_core.shell:Creating environment hook '/root/yolo_ws/install/yolo_bringup/share/yolo_bringup/hook/cmake_prefix_path.sh'
[45.362s] Level 1:colcon.colcon_core.environment:checking '/root/yolo_ws/install/yolo_bringup/bin'
[45.363s] Level 1:colcon.colcon_core.environment:checking '/root/yolo_ws/install/yolo_bringup/lib/pkgconfig/yolo_bringup.pc'
[45.363s] Level 1:colcon.colcon_core.environment:checking '/root/yolo_ws/install/yolo_bringup/lib/python3.12/site-packages'
[45.363s] Level 1:colcon.colcon_core.environment:checking '/root/yolo_ws/install/yolo_bringup/bin'
[45.363s] INFO:colcon.colcon_core.shell:Creating package script '/root/yolo_ws/install/yolo_bringup/share/yolo_bringup/package.ps1'
[45.364s] INFO:colcon.colcon_core.shell:Creating package descriptor '/root/yolo_ws/install/yolo_bringup/share/yolo_bringup/package.dsv'
[45.364s] INFO:colcon.colcon_core.shell:Creating package script '/root/yolo_ws/install/yolo_bringup/share/yolo_bringup/package.sh'
[45.364s] INFO:colcon.colcon_core.shell:Creating package script '/root/yolo_ws/install/yolo_bringup/share/yolo_bringup/package.bash'
[45.365s] INFO:colcon.colcon_core.shell:Creating package script '/root/yolo_ws/install/yolo_bringup/share/yolo_bringup/package.zsh'
[45.365s] Level 1:colcon.colcon_core.environment:create_file_with_runtime_dependencies(/root/yolo_ws/install/yolo_bringup/share/colcon-core/packages/yolo_bringup)
[45.365s] DEBUG:colcon.colcon_parallel_executor.executor.parallel:closing loop
[45.366s] DEBUG:colcon.colcon_parallel_executor.executor.parallel:loop closed
[45.366s] DEBUG:colcon.colcon_parallel_executor.executor.parallel:run_until_complete finished with '0'
[45.366s] DEBUG:colcon.colcon_core.event_reactor:joining thread
[45.827s] INFO:colcon.colcon_core.plugin_system:Skipping extension 'colcon_notification.desktop_notification.notify_send': Could not find 'notify-send'
[45.827s] INFO:colcon.colcon_core.plugin_system:Skipping extension 'colcon_notification.desktop_notification.terminal_notifier': Not used on non-Darwin systems
[45.827s] INFO:colcon.colcon_core.plugin_system:Skipping extension 'colcon_notification.desktop_notification.win32': Not used on non-Windows systems
[45.827s] INFO:colcon.colcon_notification.desktop_notification:Sending desktop notification using 'notify2'
[47.076s] DEBUG:colcon.colcon_notification.desktop_notification.notify2:Failed to initialize notify2: org.freedesktop.DBus.Error.ServiceUnknown: The name org.freedesktop.Notifications was not provided by any .service files
[47.076s] DEBUG:colcon.colcon_core.event_reactor:joined thread
[47.077s] INFO:colcon.colcon_core.shell:Creating prefix script '/root/yolo_ws/install/local_setup.ps1'
[47.078s] INFO:colcon.colcon_core.shell:Creating prefix util module '/root/yolo_ws/install/_local_setup_util_ps1.py'
[47.081s] INFO:colcon.colcon_core.shell:Creating prefix chain script '/root/yolo_ws/install/setup.ps1'
[47.084s] INFO:colcon.colcon_core.shell:Creating prefix script '/root/yolo_ws/install/local_setup.sh'
[47.085s] INFO:colcon.colcon_core.shell:Creating prefix util module '/root/yolo_ws/install/_local_setup_util_sh.py'
[47.086s] INFO:colcon.colcon_core.shell:Creating prefix chain script '/root/yolo_ws/install/setup.sh'
[47.089s] INFO:colcon.colcon_core.shell:Creating prefix script '/root/yolo_ws/install/local_setup.bash'
[47.090s] INFO:colcon.colcon_core.shell:Creating prefix chain script '/root/yolo_ws/install/setup.bash'
[47.093s] INFO:colcon.colcon_core.shell:Creating prefix script '/root/yolo_ws/install/local_setup.zsh'
[47.093s] INFO:colcon.colcon_core.shell:Creating prefix chain script '/root/yolo_ws/install/setup.zsh'
