[0.636s] DEBUG:colcon:Command line arguments: ['/usr/bin/colcon', 'build']
[0.636s] DEBUG:colcon:Parsed command line arguments: Namespace(log_base=None, log_level=None, verb_name='build', build_base='build', install_base='install', merge_install=False, symlink_install=False, test_result_base=None, continue_on_error=False, executor='parallel', parallel_workers=12, event_handlers=None, ignore_user_meta=False, metas=['./colcon.meta'], base_paths=['.'], packages_ignore=None, packages_ignore_regex=None, paths=None, packages_up_to=None, packages_up_to_regex=None, packages_above=None, packages_above_and_dependencies=None, packages_above_depth=None, packages_select_by_dep=None, packages_skip_by_dep=None, packages_skip_up_to=None, packages_select_build_failed=False, packages_skip_build_finished=False, packages_select_test_failures=False, packages_skip_test_passed=False, packages_select=None, packages_skip=None, packages_select_regex=None, packages_skip_regex=None, packages_start=None, packages_end=None, cmake_args=None, cmake_target=None, cmake_target_skip_unavailable=False, cmake_clean_cache=False, cmake_clean_first=False, cmake_force_configure=False, ament_cmake_args=None, catkin_cmake_args=None, catkin_skip_building_tests=False, mixin_files=None, mixin=None, verb_parser=<colcon_mixin.mixin.mixin_argument.MixinArgumentDecorator object at 0x7cf26b6fbf50>, verb_extension=<colcon_core.verb.build.BuildVerb object at 0x7cf26b6fb7d0>, main=<bound method BuildVerb.main of <colcon_core.verb.build.BuildVerb object at 0x7cf26b6fb7d0>>, mixin_verb=('build',))
[0.899s] Level 1:colcon.colcon_core.package_discovery:discover_packages(colcon_meta) check parameters
[0.919s] INFO:colcon.colcon_metadata.package_discovery.colcon_meta:Using configuration from '/root/.colcon/metadata/default/Gazebo.meta'
[0.920s] INFO:colcon.colcon_metadata.package_discovery.colcon_meta:Using configuration from '/root/.colcon/metadata/default/fastrtps.meta'
[0.920s] Level 1:colcon.colcon_core.package_discovery:discover_packages(recursive) check parameters
[0.920s] Level 1:colcon.colcon_core.package_discovery:discover_packages(ignore) check parameters
[0.920s] Level 1:colcon.colcon_core.package_discovery:discover_packages(path) check parameters
[0.920s] Level 1:colcon.colcon_core.package_discovery:discover_packages(colcon_meta) discover
[0.920s] Level 1:colcon.colcon_core.package_discovery:discover_packages(recursive) discover
[0.920s] INFO:colcon.colcon_core.package_discovery:Crawling recursively for packages in '/root/tfm_ws'
[0.920s] Level 1:colcon.colcon_core.package_identification:_identify(.) by extensions ['ignore', 'ignore_ament_install']
[0.920s] Level 1:colcon.colcon_core.package_identification:_identify(.) by extension 'ignore'
[0.920s] Level 1:colcon.colcon_core.package_identification:_identify(.) by extension 'ignore_ament_install'
[0.920s] Level 1:colcon.colcon_core.package_identification:_identify(.) by extensions ['colcon_pkg']
[0.920s] Level 1:colcon.colcon_core.package_identification:_identify(.) by extension 'colcon_pkg'
[0.921s] Level 1:colcon.colcon_core.package_identification:_identify(.) by extensions ['colcon_meta']
[0.921s] Level 1:colcon.colcon_core.package_identification:_identify(.) by extension 'colcon_meta'
[0.921s] Level 1:colcon.colcon_core.package_identification:_identify(.) by extensions ['ros']
[0.921s] Level 1:colcon.colcon_core.package_identification:_identify(.) by extension 'ros'
[0.949s] Level 1:colcon.colcon_core.package_identification:_identify(.) by extensions ['cmake', 'python']
[0.949s] Level 1:colcon.colcon_core.package_identification:_identify(.) by extension 'cmake'
[0.949s] Level 1:colcon.colcon_core.package_identification:_identify(.) by extension 'python'
[0.949s] Level 1:colcon.colcon_core.package_identification:_identify(.) by extensions ['python_setup_py']
[0.950s] Level 1:colcon.colcon_core.package_identification:_identify(.) by extension 'python_setup_py'
[0.950s] Level 1:colcon.colcon_core.package_identification:_identify(build) by extensions ['ignore', 'ignore_ament_install']
[0.950s] Level 1:colcon.colcon_core.package_identification:_identify(build) by extension 'ignore'
[0.950s] Level 1:colcon.colcon_core.package_identification:_identify(build) ignored
[0.950s] Level 1:colcon.colcon_core.package_identification:_identify(install) by extensions ['ignore', 'ignore_ament_install']
[0.950s] Level 1:colcon.colcon_core.package_identification:_identify(install) by extension 'ignore'
[0.950s] Level 1:colcon.colcon_core.package_identification:_identify(install) ignored
[0.950s] Level 1:colcon.colcon_core.package_identification:_identify(log) by extensions ['ignore', 'ignore_ament_install']
[0.950s] Level 1:colcon.colcon_core.package_identification:_identify(log) by extension 'ignore'
[0.950s] Level 1:colcon.colcon_core.package_identification:_identify(log) ignored
[0.950s] Level 1:colcon.colcon_core.package_identification:_identify(src) by extensions ['ignore', 'ignore_ament_install']
[0.950s] Level 1:colcon.colcon_core.package_identification:_identify(src) by extension 'ignore'
[0.950s] Level 1:colcon.colcon_core.package_identification:_identify(src) by extension 'ignore_ament_install'
[0.951s] Level 1:colcon.colcon_core.package_identification:_identify(src) by extensions ['colcon_pkg']
[0.951s] Level 1:colcon.colcon_core.package_identification:_identify(src) by extension 'colcon_pkg'
[0.951s] Level 1:colcon.colcon_core.package_identification:_identify(src) by extensions ['colcon_meta']
[0.951s] Level 1:colcon.colcon_core.package_identification:_identify(src) by extension 'colcon_meta'
[0.951s] Level 1:colcon.colcon_core.package_identification:_identify(src) by extensions ['ros']
[0.951s] Level 1:colcon.colcon_core.package_identification:_identify(src) by extension 'ros'
[0.951s] Level 1:colcon.colcon_core.package_identification:_identify(src) by extensions ['cmake', 'python']
[0.951s] Level 1:colcon.colcon_core.package_identification:_identify(src) by extension 'cmake'
[0.951s] Level 1:colcon.colcon_core.package_identification:_identify(src) by extension 'python'
[0.951s] Level 1:colcon.colcon_core.package_identification:_identify(src) by extensions ['python_setup_py']
[0.951s] Level 1:colcon.colcon_core.package_identification:_identify(src) by extension 'python_setup_py'
[0.951s] Level 1:colcon.colcon_core.package_identification:_identify(src/arm_movement) by extensions ['ignore', 'ignore_ament_install']
[0.951s] Level 1:colcon.colcon_core.package_identification:_identify(src/arm_movement) by extension 'ignore'
[0.951s] Level 1:colcon.colcon_core.package_identification:_identify(src/arm_movement) by extension 'ignore_ament_install'
[0.951s] Level 1:colcon.colcon_core.package_identification:_identify(src/arm_movement) by extensions ['colcon_pkg']
[0.951s] Level 1:colcon.colcon_core.package_identification:_identify(src/arm_movement) by extension 'colcon_pkg'
[0.951s] Level 1:colcon.colcon_core.package_identification:_identify(src/arm_movement) by extensions ['colcon_meta']
[0.951s] Level 1:colcon.colcon_core.package_identification:_identify(src/arm_movement) by extension 'colcon_meta'
[0.951s] Level 1:colcon.colcon_core.package_identification:_identify(src/arm_movement) by extensions ['ros']
[0.952s] Level 1:colcon.colcon_core.package_identification:_identify(src/arm_movement) by extension 'ros'
[0.967s] DEBUG:colcon.colcon_core.package_identification:Package 'src/arm_movement' with type 'ros.ament_cmake' and name 'arm_movement'
[0.967s] Level 1:colcon.colcon_core.package_discovery:discover_packages(recursive) using defaults
[0.967s] Level 1:colcon.colcon_core.package_discovery:discover_packages(ignore) discover
[0.967s] Level 1:colcon.colcon_core.package_discovery:discover_packages(ignore) using defaults
[0.967s] Level 1:colcon.colcon_core.package_discovery:discover_packages(path) discover
[0.967s] Level 1:colcon.colcon_core.package_discovery:discover_packages(path) using defaults
[1.042s] Level 5:colcon.colcon_core.verb:set package 'arm_movement' build argument 'cmake_args' from command line to 'None'
[1.042s] Level 5:colcon.colcon_core.verb:set package 'arm_movement' build argument 'cmake_target' from command line to 'None'
[1.042s] Level 5:colcon.colcon_core.verb:set package 'arm_movement' build argument 'cmake_target_skip_unavailable' from command line to 'False'
[1.042s] Level 5:colcon.colcon_core.verb:set package 'arm_movement' build argument 'cmake_clean_cache' from command line to 'False'
[1.042s] Level 5:colcon.colcon_core.verb:set package 'arm_movement' build argument 'cmake_clean_first' from command line to 'False'
[1.042s] Level 5:colcon.colcon_core.verb:set package 'arm_movement' build argument 'cmake_force_configure' from command line to 'False'
[1.042s] Level 5:colcon.colcon_core.verb:set package 'arm_movement' build argument 'ament_cmake_args' from command line to 'None'
[1.042s] Level 5:colcon.colcon_core.verb:set package 'arm_movement' build argument 'catkin_cmake_args' from command line to 'None'
[1.042s] Level 5:colcon.colcon_core.verb:set package 'arm_movement' build argument 'catkin_skip_building_tests' from command line to 'False'
[1.042s] DEBUG:colcon.colcon_core.verb:Building package 'arm_movement' with the following arguments: {'ament_cmake_args': None, 'build_base': '/root/tfm_ws/build/arm_movement', 'catkin_cmake_args': None, 'catkin_skip_building_tests': False, 'cmake_args': None, 'cmake_clean_cache': False, 'cmake_clean_first': False, 'cmake_force_configure': False, 'cmake_target': None, 'cmake_target_skip_unavailable': False, 'install_base': '/root/tfm_ws/install/arm_movement', 'merge_install': False, 'path': '/root/tfm_ws/src/arm_movement', 'symlink_install': False, 'test_result_base': None}
[1.042s] INFO:colcon.colcon_core.executor:Executing jobs using 'parallel' executor
[1.043s] DEBUG:colcon.colcon_parallel_executor.executor.parallel:run_until_complete
[1.043s] INFO:colcon.colcon_ros.task.ament_cmake.build:Building ROS package in '/root/tfm_ws/src/arm_movement' with build type 'ament_cmake'
[1.043s] INFO:colcon.colcon_cmake.task.cmake.build:Building CMake package in '/root/tfm_ws/src/arm_movement'
[1.050s] INFO:colcon.colcon_core.plugin_system:Skipping extension 'colcon_core.shell.bat': Not used on non-Windows systems
[1.050s] INFO:colcon.colcon_core.shell:Skip shell extension 'powershell' for command environment: Not usable outside of PowerShell
[1.050s] DEBUG:colcon.colcon_core.shell:Skip shell extension 'dsv' for command environment
[1.052s] WARNING:colcon.colcon_core.prefix_path.colcon:The path '/root/mtc_ws/install' in the environment variable COLCON_PREFIX_PATH doesn't exist
[1.052s] WARNING:colcon.colcon_ros.prefix_path.ament:The path '/root/tfm_ws/install/arm_movement' in the environment variable AMENT_PREFIX_PATH doesn't exist
[1.320s] WARNING:colcon.colcon_ros.prefix_path.ament:The path '/root/mtc_ws/install/moveit_task_constructor_visualization' in the environment variable AMENT_PREFIX_PATH doesn't exist
[1.320s] WARNING:colcon.colcon_ros.prefix_path.ament:The path '/root/mtc_ws/install/moveit_task_constructor_demo' in the environment variable AMENT_PREFIX_PATH doesn't exist
[1.320s] WARNING:colcon.colcon_ros.prefix_path.ament:The path '/root/mtc_ws/install/moveit_task_constructor_capabilities' in the environment variable AMENT_PREFIX_PATH doesn't exist
[1.320s] WARNING:colcon.colcon_ros.prefix_path.ament:The path '/root/mtc_ws/install/moveit_task_constructor_core' in the environment variable AMENT_PREFIX_PATH doesn't exist
[1.320s] WARNING:colcon.colcon_ros.prefix_path.ament:The path '/root/mtc_ws/install/rviz_marker_tools' in the environment variable AMENT_PREFIX_PATH doesn't exist
[1.320s] WARNING:colcon.colcon_ros.prefix_path.ament:The path '/root/mtc_ws/install/moveit_task_constructor_msgs' in the environment variable AMENT_PREFIX_PATH doesn't exist
[1.320s] WARNING:colcon.colcon_ros.prefix_path.catkin:The path '/root/tfm_ws/install/arm_movement' in the environment variable CMAKE_PREFIX_PATH doesn't exist
[1.321s] WARNING:colcon.colcon_ros.prefix_path.catkin:The path '/root/mtc_ws/install/moveit_task_constructor_visualization' in the environment variable CMAKE_PREFIX_PATH doesn't exist
[1.321s] WARNING:colcon.colcon_ros.prefix_path.catkin:The path '/root/mtc_ws/install/moveit_task_constructor_demo' in the environment variable CMAKE_PREFIX_PATH doesn't exist
[1.321s] WARNING:colcon.colcon_ros.prefix_path.catkin:The path '/root/mtc_ws/install/moveit_task_constructor_capabilities' in the environment variable CMAKE_PREFIX_PATH doesn't exist
[1.321s] WARNING:colcon.colcon_ros.prefix_path.catkin:The path '/root/mtc_ws/install/moveit_task_constructor_core' in the environment variable CMAKE_PREFIX_PATH doesn't exist
[1.321s] WARNING:colcon.colcon_ros.prefix_path.catkin:The path '/root/mtc_ws/install/rviz_marker_tools' in the environment variable CMAKE_PREFIX_PATH doesn't exist
[1.321s] WARNING:colcon.colcon_ros.prefix_path.catkin:The path '/root/mtc_ws/install/moveit_task_constructor_msgs' in the environment variable CMAKE_PREFIX_PATH doesn't exist
[1.357s] DEBUG:colcon.colcon_core.event_handler.log_command:Invoking command in '/root/tfm_ws/build/arm_movement': CMAKE_PREFIX_PATH=${CMAKE_PREFIX_PATH}:/root/yolo_ws/install/yolo_ros:/root/tiago_ws/install/launch_pal:/opt/ros/jazzy /usr/bin/cmake /root/tfm_ws/src/arm_movement -DCMAKE_INSTALL_PREFIX=/root/tfm_ws/install/arm_movement
[11.914s] DEBUG:colcon.colcon_core.event_handler.log_command:Invoked command in '/root/tfm_ws/build/arm_movement' returned '0': CMAKE_PREFIX_PATH=${CMAKE_PREFIX_PATH}:/root/yolo_ws/install/yolo_ros:/root/tiago_ws/install/launch_pal:/opt/ros/jazzy /usr/bin/cmake /root/tfm_ws/src/arm_movement -DCMAKE_INSTALL_PREFIX=/root/tfm_ws/install/arm_movement
[11.915s] DEBUG:colcon.colcon_core.event_handler.log_command:Invoking command in '/root/tfm_ws/build/arm_movement': CMAKE_PREFIX_PATH=${CMAKE_PREFIX_PATH}:/root/yolo_ws/install/yolo_ros:/root/tiago_ws/install/launch_pal:/opt/ros/jazzy /usr/bin/cmake --build /root/tfm_ws/build/arm_movement -- -j12 -l12
[31.949s] DEBUG:colcon.colcon_core.event_handler.log_command:Invoked command in '/root/tfm_ws/build/arm_movement' returned '0': CMAKE_PREFIX_PATH=${CMAKE_PREFIX_PATH}:/root/yolo_ws/install/yolo_ros:/root/tiago_ws/install/launch_pal:/opt/ros/jazzy /usr/bin/cmake --build /root/tfm_ws/build/arm_movement -- -j12 -l12
[31.960s] DEBUG:colcon.colcon_core.event_handler.log_command:Invoking command in '/root/tfm_ws/build/arm_movement': CMAKE_PREFIX_PATH=${CMAKE_PREFIX_PATH}:/root/yolo_ws/install/yolo_ros:/root/tiago_ws/install/launch_pal:/opt/ros/jazzy /usr/bin/cmake --install /root/tfm_ws/build/arm_movement
[31.978s] Level 1:colcon.colcon_core.environment:create_environment_scripts_only(arm_movement)
[31.978s] DEBUG:colcon.colcon_core.event_handler.log_command:Invoked command in '/root/tfm_ws/build/arm_movement' returned '0': CMAKE_PREFIX_PATH=${CMAKE_PREFIX_PATH}:/root/yolo_ws/install/yolo_ros:/root/tiago_ws/install/launch_pal:/opt/ros/jazzy /usr/bin/cmake --install /root/tfm_ws/build/arm_movement
[32.071s] Level 1:colcon.colcon_core.environment:checking '/root/tfm_ws/install/arm_movement' for CMake module files
[32.071s] Level 1:colcon.colcon_core.environment:checking '/root/tfm_ws/install/arm_movement' for CMake config files
[32.071s] Level 1:colcon.colcon_core.shell:create_environment_hook('arm_movement', 'cmake_prefix_path')
[32.072s] INFO:colcon.colcon_core.shell:Creating environment hook '/root/tfm_ws/install/arm_movement/share/arm_movement/hook/cmake_prefix_path.ps1'
[32.073s] INFO:colcon.colcon_core.shell:Creating environment descriptor '/root/tfm_ws/install/arm_movement/share/arm_movement/hook/cmake_prefix_path.dsv'
[32.075s] INFO:colcon.colcon_core.shell:Creating environment hook '/root/tfm_ws/install/arm_movement/share/arm_movement/hook/cmake_prefix_path.sh'
[32.076s] Level 1:colcon.colcon_core.environment:checking '/root/tfm_ws/install/arm_movement/lib'
[32.076s] Level 1:colcon.colcon_core.environment:checking '/root/tfm_ws/install/arm_movement/bin'
[32.076s] Level 1:colcon.colcon_core.environment:checking '/root/tfm_ws/install/arm_movement/lib/pkgconfig/arm_movement.pc'
[32.078s] Level 1:colcon.colcon_core.environment:checking '/root/tfm_ws/install/arm_movement/lib/python3.12/site-packages'
[32.078s] Level 1:colcon.colcon_core.environment:checking '/root/tfm_ws/install/arm_movement/bin'
[32.079s] INFO:colcon.colcon_core.shell:Creating package script '/root/tfm_ws/install/arm_movement/share/arm_movement/package.ps1'
[32.079s] INFO:colcon.colcon_core.shell:Creating package descriptor '/root/tfm_ws/install/arm_movement/share/arm_movement/package.dsv'
[32.080s] INFO:colcon.colcon_core.shell:Creating package script '/root/tfm_ws/install/arm_movement/share/arm_movement/package.sh'
[32.081s] INFO:colcon.colcon_core.shell:Creating package script '/root/tfm_ws/install/arm_movement/share/arm_movement/package.bash'
[32.097s] INFO:colcon.colcon_core.shell:Creating package script '/root/tfm_ws/install/arm_movement/share/arm_movement/package.zsh'
[32.110s] Level 1:colcon.colcon_core.environment:create_file_with_runtime_dependencies(/root/tfm_ws/install/arm_movement/share/colcon-core/packages/arm_movement)
[32.110s] Level 1:colcon.colcon_core.environment:create_environment_scripts_only(arm_movement)
[32.111s] Level 1:colcon.colcon_core.environment:checking '/root/tfm_ws/install/arm_movement' for CMake module files
[32.111s] Level 1:colcon.colcon_core.environment:checking '/root/tfm_ws/install/arm_movement' for CMake config files
[32.111s] Level 1:colcon.colcon_core.shell:create_environment_hook('arm_movement', 'cmake_prefix_path')
[32.112s] INFO:colcon.colcon_core.shell:Creating environment hook '/root/tfm_ws/install/arm_movement/share/arm_movement/hook/cmake_prefix_path.ps1'
[32.112s] INFO:colcon.colcon_core.shell:Creating environment descriptor '/root/tfm_ws/install/arm_movement/share/arm_movement/hook/cmake_prefix_path.dsv'
[32.112s] INFO:colcon.colcon_core.shell:Creating environment hook '/root/tfm_ws/install/arm_movement/share/arm_movement/hook/cmake_prefix_path.sh'
[32.113s] Level 1:colcon.colcon_core.environment:checking '/root/tfm_ws/install/arm_movement/lib'
[32.113s] Level 1:colcon.colcon_core.environment:checking '/root/tfm_ws/install/arm_movement/bin'
[32.113s] Level 1:colcon.colcon_core.environment:checking '/root/tfm_ws/install/arm_movement/lib/pkgconfig/arm_movement.pc'
[32.113s] Level 1:colcon.colcon_core.environment:checking '/root/tfm_ws/install/arm_movement/lib/python3.12/site-packages'
[32.113s] Level 1:colcon.colcon_core.environment:checking '/root/tfm_ws/install/arm_movement/bin'
[32.113s] INFO:colcon.colcon_core.shell:Creating package script '/root/tfm_ws/install/arm_movement/share/arm_movement/package.ps1'
[32.114s] INFO:colcon.colcon_core.shell:Creating package descriptor '/root/tfm_ws/install/arm_movement/share/arm_movement/package.dsv'
[32.114s] INFO:colcon.colcon_core.shell:Creating package script '/root/tfm_ws/install/arm_movement/share/arm_movement/package.sh'
[32.115s] INFO:colcon.colcon_core.shell:Creating package script '/root/tfm_ws/install/arm_movement/share/arm_movement/package.bash'
[32.115s] INFO:colcon.colcon_core.shell:Creating package script '/root/tfm_ws/install/arm_movement/share/arm_movement/package.zsh'
[32.115s] Level 1:colcon.colcon_core.environment:create_file_with_runtime_dependencies(/root/tfm_ws/install/arm_movement/share/colcon-core/packages/arm_movement)
[32.116s] DEBUG:colcon.colcon_parallel_executor.executor.parallel:closing loop
[32.116s] DEBUG:colcon.colcon_parallel_executor.executor.parallel:loop closed
[32.116s] DEBUG:colcon.colcon_parallel_executor.executor.parallel:run_until_complete finished with '0'
[32.116s] DEBUG:colcon.colcon_core.event_reactor:joining thread
[32.189s] INFO:colcon.colcon_core.plugin_system:Skipping extension 'colcon_notification.desktop_notification.notify_send': Could not find 'notify-send'
[32.189s] INFO:colcon.colcon_core.plugin_system:Skipping extension 'colcon_notification.desktop_notification.terminal_notifier': Not used on non-Darwin systems
[32.189s] INFO:colcon.colcon_core.plugin_system:Skipping extension 'colcon_notification.desktop_notification.win32': Not used on non-Windows systems
[32.189s] INFO:colcon.colcon_notification.desktop_notification:Sending desktop notification using 'notify2'
[32.196s] DEBUG:colcon.colcon_notification.desktop_notification.notify2:Failed to initialize notify2: org.freedesktop.DBus.Error.ServiceUnknown: The name org.freedesktop.Notifications was not provided by any .service files
[32.196s] DEBUG:colcon.colcon_core.event_reactor:joined thread
[32.196s] INFO:colcon.colcon_core.shell:Creating prefix script '/root/tfm_ws/install/local_setup.ps1'
[32.199s] INFO:colcon.colcon_core.shell:Creating prefix util module '/root/tfm_ws/install/_local_setup_util_ps1.py'
[32.200s] INFO:colcon.colcon_core.shell:Creating prefix chain script '/root/tfm_ws/install/setup.ps1'
[32.204s] INFO:colcon.colcon_core.shell:Creating prefix script '/root/tfm_ws/install/local_setup.sh'
[32.205s] INFO:colcon.colcon_core.shell:Creating prefix util module '/root/tfm_ws/install/_local_setup_util_sh.py'
[32.205s] INFO:colcon.colcon_core.shell:Creating prefix chain script '/root/tfm_ws/install/setup.sh'
[32.209s] INFO:colcon.colcon_core.shell:Creating prefix script '/root/tfm_ws/install/local_setup.bash'
[32.210s] INFO:colcon.colcon_core.shell:Creating prefix chain script '/root/tfm_ws/install/setup.bash'
[32.213s] INFO:colcon.colcon_core.shell:Creating prefix script '/root/tfm_ws/install/local_setup.zsh'
[32.224s] INFO:colcon.colcon_core.shell:Creating prefix chain script '/root/tfm_ws/install/setup.zsh'
