[1.691s] Invoking command in '/root/tiago_ws/src/launch_pal': PYTHONPATH=/root/tiago_ws/build/launch_pal/prefix_override:/usr/lib/python3/dist-packages/colcon_core/task/python/colcon_distutils_commands:/root/tiago_ws/install/launch_pal/lib/python3.12/site-packages:${PYTHONPATH} /usr/bin/python3 -W ignore:setup.py install is deprecated -W ignore:easy_install command is deprecated setup.py egg_info --egg-base ../../build/launch_pal build --build-base /root/tiago_ws/build/launch_pal/build install --record /root/tiago_ws/build/launch_pal/install.log --single-version-externally-managed install_data
[5.540s] running egg_info
[5.541s] creating ../../build/launch_pal/launch_pal.egg-info
[5.541s] writing ../../build/launch_pal/launch_pal.egg-info/PKG-INFO
[5.541s] writing dependency_links to ../../build/launch_pal/launch_pal.egg-info/dependency_links.txt
[5.541s] writing requirements to ../../build/launch_pal/launch_pal.egg-info/requires.txt
[5.542s] writing top-level names to ../../build/launch_pal/launch_pal.egg-info/top_level.txt
[5.542s] writing manifest file '../../build/launch_pal/launch_pal.egg-info/SOURCES.txt'
[5.542s] reading manifest file '../../build/launch_pal/launch_pal.egg-info/SOURCES.txt'
[5.542s] adding license file 'LICENSE'
[5.542s] writing manifest file '../../build/launch_pal/launch_pal.egg-info/SOURCES.txt'
[5.542s] running build
[5.543s] running build_py
[5.543s] creating /root/tiago_ws/build/launch_pal/build
[5.543s] creating /root/tiago_ws/build/launch_pal/build/lib
[5.543s] creating /root/tiago_ws/build/launch_pal/build/lib/launch_pal
[5.543s] copying launch_pal/include_utils.py -> /root/tiago_ws/build/launch_pal/build/lib/launch_pal
[5.543s] copying launch_pal/composition_utils.py -> /root/tiago_ws/build/launch_pal/build/lib/launch_pal
[5.544s] copying launch_pal/pal_parameters.py -> /root/tiago_ws/build/launch_pal/build/lib/launch_pal
[5.544s] copying launch_pal/arg_utils.py -> /root/tiago_ws/build/launch_pal/build/lib/launch_pal
[5.544s] copying launch_pal/param_utils.py -> /root/tiago_ws/build/launch_pal/build/lib/launch_pal
[5.544s] copying launch_pal/robot_utils.py -> /root/tiago_ws/build/launch_pal/build/lib/launch_pal
[5.544s] copying launch_pal/__init__.py -> /root/tiago_ws/build/launch_pal/build/lib/launch_pal
[5.545s] creating /root/tiago_ws/build/launch_pal/build/lib/launch_pal/actions
[5.545s] copying launch_pal/actions/__init__.py -> /root/tiago_ws/build/launch_pal/build/lib/launch_pal/actions
[5.545s] copying launch_pal/actions/check_public_sim.py -> /root/tiago_ws/build/launch_pal/build/lib/launch_pal/actions
[5.546s] creating /root/tiago_ws/build/launch_pal/build/lib/launch_pal/robot_arguments
[5.546s] copying launch_pal/robot_arguments/robot.py -> /root/tiago_ws/build/launch_pal/build/lib/launch_pal/robot_arguments
[5.546s] copying launch_pal/robot_arguments/common.py -> /root/tiago_ws/build/launch_pal/build/lib/launch_pal/robot_arguments
[5.547s] copying launch_pal/robot_arguments/__init__.py -> /root/tiago_ws/build/launch_pal/build/lib/launch_pal/robot_arguments
[5.547s] creating /root/tiago_ws/build/launch_pal/build/lib/launch_pal/substitutions
[5.547s] copying launch_pal/substitutions/__init__.py -> /root/tiago_ws/build/launch_pal/build/lib/launch_pal/substitutions
[5.547s] copying launch_pal/substitutions/load_file.py -> /root/tiago_ws/build/launch_pal/build/lib/launch_pal/substitutions
[5.548s] running install
[5.548s] running install_lib
[5.548s] creating /root/tiago_ws/install/launch_pal/lib/python3.12/site-packages/launch_pal
[5.549s] copying /root/tiago_ws/build/launch_pal/build/lib/launch_pal/include_utils.py -> /root/tiago_ws/install/launch_pal/lib/python3.12/site-packages/launch_pal
[5.549s] copying /root/tiago_ws/build/launch_pal/build/lib/launch_pal/composition_utils.py -> /root/tiago_ws/install/launch_pal/lib/python3.12/site-packages/launch_pal
[5.549s] copying /root/tiago_ws/build/launch_pal/build/lib/launch_pal/pal_parameters.py -> /root/tiago_ws/install/launch_pal/lib/python3.12/site-packages/launch_pal
[5.549s] creating /root/tiago_ws/install/launch_pal/lib/python3.12/site-packages/launch_pal/actions
[5.550s] copying /root/tiago_ws/build/launch_pal/build/lib/launch_pal/actions/__init__.py -> /root/tiago_ws/install/launch_pal/lib/python3.12/site-packages/launch_pal/actions
[5.550s] copying /root/tiago_ws/build/launch_pal/build/lib/launch_pal/actions/check_public_sim.py -> /root/tiago_ws/install/launch_pal/lib/python3.12/site-packages/launch_pal/actions
[5.550s] copying /root/tiago_ws/build/launch_pal/build/lib/launch_pal/arg_utils.py -> /root/tiago_ws/install/launch_pal/lib/python3.12/site-packages/launch_pal
[5.550s] copying /root/tiago_ws/build/launch_pal/build/lib/launch_pal/param_utils.py -> /root/tiago_ws/install/launch_pal/lib/python3.12/site-packages/launch_pal
[5.551s] creating /root/tiago_ws/install/launch_pal/lib/python3.12/site-packages/launch_pal/robot_arguments
[5.551s] copying /root/tiago_ws/build/launch_pal/build/lib/launch_pal/robot_arguments/robot.py -> /root/tiago_ws/install/launch_pal/lib/python3.12/site-packages/launch_pal/robot_arguments
[5.551s] copying /root/tiago_ws/build/launch_pal/build/lib/launch_pal/robot_arguments/common.py -> /root/tiago_ws/install/launch_pal/lib/python3.12/site-packages/launch_pal/robot_arguments
[5.551s] copying /root/tiago_ws/build/launch_pal/build/lib/launch_pal/robot_arguments/__init__.py -> /root/tiago_ws/install/launch_pal/lib/python3.12/site-packages/launch_pal/robot_arguments
[5.552s] copying /root/tiago_ws/build/launch_pal/build/lib/launch_pal/robot_utils.py -> /root/tiago_ws/install/launch_pal/lib/python3.12/site-packages/launch_pal
[5.552s] copying /root/tiago_ws/build/launch_pal/build/lib/launch_pal/__init__.py -> /root/tiago_ws/install/launch_pal/lib/python3.12/site-packages/launch_pal
[5.552s] creating /root/tiago_ws/install/launch_pal/lib/python3.12/site-packages/launch_pal/substitutions
[5.552s] copying /root/tiago_ws/build/launch_pal/build/lib/launch_pal/substitutions/__init__.py -> /root/tiago_ws/install/launch_pal/lib/python3.12/site-packages/launch_pal/substitutions
[5.553s] copying /root/tiago_ws/build/launch_pal/build/lib/launch_pal/substitutions/load_file.py -> /root/tiago_ws/install/launch_pal/lib/python3.12/site-packages/launch_pal/substitutions
[5.555s] byte-compiling /root/tiago_ws/install/launch_pal/lib/python3.12/site-packages/launch_pal/include_utils.py to include_utils.cpython-312.pyc
[5.555s] byte-compiling /root/tiago_ws/install/launch_pal/lib/python3.12/site-packages/launch_pal/composition_utils.py to composition_utils.cpython-312.pyc
[5.557s] byte-compiling /root/tiago_ws/install/launch_pal/lib/python3.12/site-packages/launch_pal/pal_parameters.py to pal_parameters.cpython-312.pyc
[5.559s] byte-compiling /root/tiago_ws/install/launch_pal/lib/python3.12/site-packages/launch_pal/actions/__init__.py to __init__.cpython-312.pyc
[5.559s] byte-compiling /root/tiago_ws/install/launch_pal/lib/python3.12/site-packages/launch_pal/actions/check_public_sim.py to check_public_sim.cpython-312.pyc
[5.559s] byte-compiling /root/tiago_ws/install/launch_pal/lib/python3.12/site-packages/launch_pal/arg_utils.py to arg_utils.cpython-312.pyc
[5.559s] byte-compiling /root/tiago_ws/install/launch_pal/lib/python3.12/site-packages/launch_pal/param_utils.py to param_utils.cpython-312.pyc
[5.559s] byte-compiling /root/tiago_ws/install/launch_pal/lib/python3.12/site-packages/launch_pal/robot_arguments/robot.py to robot.cpython-312.pyc
[5.560s] byte-compiling /root/tiago_ws/install/launch_pal/lib/python3.12/site-packages/launch_pal/robot_arguments/common.py to common.cpython-312.pyc
[5.560s] byte-compiling /root/tiago_ws/install/launch_pal/lib/python3.12/site-packages/launch_pal/robot_arguments/__init__.py to __init__.cpython-312.pyc
[5.560s] byte-compiling /root/tiago_ws/install/launch_pal/lib/python3.12/site-packages/launch_pal/robot_utils.py to robot_utils.cpython-312.pyc
[5.560s] byte-compiling /root/tiago_ws/install/launch_pal/lib/python3.12/site-packages/launch_pal/__init__.py to __init__.cpython-312.pyc
[5.560s] byte-compiling /root/tiago_ws/install/launch_pal/lib/python3.12/site-packages/launch_pal/substitutions/__init__.py to __init__.cpython-312.pyc
[5.561s] byte-compiling /root/tiago_ws/install/launch_pal/lib/python3.12/site-packages/launch_pal/substitutions/load_file.py to load_file.cpython-312.pyc
[5.561s] running install_data
[5.561s] creating /root/tiago_ws/install/launch_pal/share/ament_index
[5.561s] creating /root/tiago_ws/install/launch_pal/share/ament_index/resource_index
[5.561s] creating /root/tiago_ws/install/launch_pal/share/ament_index/resource_index/packages
[5.562s] copying resource/launch_pal -> /root/tiago_ws/install/launch_pal/share/ament_index/resource_index/packages
[5.562s] copying package.xml -> /root/tiago_ws/install/launch_pal/share/launch_pal
[5.562s] creating /root/tiago_ws/install/launch_pal/share/launch_pal/config
[5.562s] copying config/robot_configuration.yaml -> /root/tiago_ws/install/launch_pal/share/launch_pal/config
[5.562s] running install_egg_info
[5.563s] Copying ../../build/launch_pal/launch_pal.egg-info to /root/tiago_ws/install/launch_pal/lib/python3.12/site-packages/launch_pal-0.1.15-py3.12.egg-info
[5.563s] running install_scripts
[5.563s] writing list of installed files to '/root/tiago_ws/build/launch_pal/install.log'
[5.570s] Invoked command in '/root/tiago_ws/src/launch_pal' returned '0': PYTHONPATH=/root/tiago_ws/build/launch_pal/prefix_override:/usr/lib/python3/dist-packages/colcon_core/task/python/colcon_distutils_commands:/root/tiago_ws/install/launch_pal/lib/python3.12/site-packages:${PYTHONPATH} /usr/bin/python3 -W ignore:setup.py install is deprecated -W ignore:easy_install command is deprecated setup.py egg_info --egg-base ../../build/launch_pal build --build-base /root/tiago_ws/build/launch_pal/build install --record /root/tiago_ws/build/launch_pal/install.log --single-version-externally-managed install_data
