-- The C compiler identification is GNU 13.3.0
-- The CXX compiler identification is GNU 13.3.0
-- Detecting C compiler ABI info
-- Detecting C compiler ABI info - done
-- Check for working C compiler: /usr/bin/cc - skipped
-- Detecting C compile features
-- Detecting C compile features - done
-- Detecting CXX compiler ABI info
-- Detecting CXX compiler ABI info - done
-- Check for working CXX compiler: /usr/bin/c++ - skipped
-- Detecting CXX compile features
-- Detecting CXX compile features - done
-- Found ament_cmake: 2.5.4 (/opt/ros/jazzy/share/ament_cmake/cmake)
-- Found Python3: /usr/bin/python3 (found version "3.12.3") found components: Interpreter 
-- Found moveit_ros_planning_interface: 2.12.3 (/opt/ros/jazzy/share/moveit_ros_planning_interface/cmake)
-- Found Boost: /usr/lib/x86_64-linux-gnu/cmake/Boost-1.83.0/BoostConfig.cmake (found version "1.83.0") found components: date_time filesystem program_options system thread 
-- Found rosidl_generator_c: 4.6.5 (/opt/ros/jazzy/share/rosidl_generator_c/cmake)
-- Found rosidl_generator_cpp: 4.6.5 (/opt/ros/jazzy/share/rosidl_generator_cpp/cmake)
-- Using all available rosidl_typesupport_c: rosidl_typesupport_fastrtps_c;rosidl_typesupport_introspection_c
-- Using all available rosidl_typesupport_cpp: rosidl_typesupport_fastrtps_cpp;rosidl_typesupport_introspection_cpp
-- Found Boost: /usr/lib/x86_64-linux-gnu/cmake/Boost-1.83.0/BoostConfig.cmake (found version "1.83.0") found components: chrono date_time filesystem iostreams program_options regex serialization system thread 
-- Found parameter_traits: 0.4.0 (/opt/ros/jazzy/share/parameter_traits/cmake)
-- Found rmw_implementation_cmake: 7.3.2 (/opt/ros/jazzy/share/rmw_implementation_cmake/cmake)
-- Found rmw_fastrtps_cpp: 8.4.2 (/opt/ros/jazzy/share/rmw_fastrtps_cpp/cmake)
-- Found OpenSSL: /usr/lib/x86_64-linux-gnu/libcrypto.so (found version "3.0.13")  
-- Found FastRTPS: /opt/ros/jazzy/include (Required is at least version "2.13") 
-- Using RMW implementation 'rmw_fastrtps_cpp' as default
-- Found rclcpp_lifecycle: 28.1.9 (/opt/ros/jazzy/share/rclcpp_lifecycle/cmake)
-- Found Boost: /usr/lib/x86_64-linux-gnu/cmake/Boost-1.83.0/BoostConfig.cmake (found version "1.83.0") found components: filesystem 
-- Found Eigen3: TRUE (found version "3.4.0") 
-- Ensuring Eigen3 include directory is part of orocos-kdl CMake target
-- Found Boost: /usr/lib/x86_64-linux-gnu/cmake/Boost-1.83.0/BoostConfig.cmake (found version "1.83.0") found components: system filesystem date_time program_options thread chrono 
-- Found Boost: /usr/lib/x86_64-linux-gnu/cmake/Boost-1.83.0/BoostConfig.cmake (found version "1.83.0") found components: thread system filesystem regex date_time program_options 
-- Found Boost: /usr/lib/x86_64-linux-gnu/cmake/Boost-1.83.0/BoostConfig.cmake (found version "1.83.0") found components: system filesystem date_time program_options thread 
-- Found control_msgs: 5.4.0 (/opt/ros/jazzy/share/control_msgs/cmake)
-- Found yolo_msgs: 4.2.0 (/root/yolo_ws/install/yolo_msgs/share/yolo_msgs/cmake)
-- Found ament_lint_auto: 0.17.2 (/opt/ros/jazzy/share/ament_lint_auto/cmake)
-- Added test 'cppcheck' to perform static code analysis on C / C++ code
-- Configured cppcheck include dirs: 
-- Configured cppcheck exclude dirs and/or files: 
-- Added test 'lint_cmake' to check CMake code style
-- Added test 'uncrustify' to check C / C++ code style
-- Configured uncrustify additional arguments: 
-- Added test 'xmllint' to check XML markup files
-- Configuring done (9.9s)
-- Generating done (0.2s)
-- Build files have been written to: /root/tfm_ws/build/arm_movement
[ 50%] [32mBuilding CXX object CMakeFiles/mani_yolo.dir/src/mani_yolo.cpp.o[0m
[01m[K/root/tfm_ws/src/arm_movement/src/mani_yolo.cpp:[m[K In function ‘[01m[Kmoveit_msgs::msg::AttachedCollisionObject[01;32m[K grab_object[m[K(const rclcpp::Logger&, moveit::planning_interface::MoveGroupInterface&, moveit::planning_interface::PlanningSceneInterface&, std::string, moveit::planning_interface::MoveGroupInterface&, double, double, double, const std::string&, const OffsetsManipulation&)[m[K’:
[01m[K/root/tfm_ws/src/arm_movement/src/mani_yolo.cpp:352:17:[m[K [01;35m[Kwarning: [m[Kconverting to ‘[01m[Kmoveit_msgs::msg::AttachedCollisionObject[m[K’ {aka ‘[01m[Kmoveit_msgs::msg::AttachedCollisionObject_<std::allocator<void> >[m[K’} from initializer list would use explicit constructor ‘[01m[Kmoveit_msgs::msg::AttachedCollisionObject_<ContainerAllocator>::[01;32m[KAttachedCollisionObject_[m[K(rosidl_runtime_cpp::MessageInitialization) [35m[K[with ContainerAllocator = std::allocator<void>][m[K[m[K’
  352 |         return {[01;35m[K}[m[K;
      |                 [01;35m[K^[m[K
[01m[K/root/tfm_ws/src/arm_movement/src/mani_yolo.cpp:352:17:[m[K [01;36m[Knote: [m[Kin C++11 and above a default constructor can be explicit
[100%] [32m[1mLinking CXX executable mani_yolo[0m
[100%] Built target mani_yolo
-- Install configuration: ""
-- Installing: /root/tfm_ws/install/arm_movement/lib/arm_movement/mani_yolo
-- Set non-toolchain portion of runtime path of "/root/tfm_ws/install/arm_movement/lib/arm_movement/mani_yolo" to ""
-- Installing: /root/tfm_ws/install/arm_movement/share/ament_index/resource_index/package_run_dependencies/arm_movement
-- Installing: /root/tfm_ws/install/arm_movement/share/ament_index/resource_index/parent_prefix_path/arm_movement
-- Installing: /root/tfm_ws/install/arm_movement/share/arm_movement/environment/ament_prefix_path.sh
-- Installing: /root/tfm_ws/install/arm_movement/share/arm_movement/environment/ament_prefix_path.dsv
-- Installing: /root/tfm_ws/install/arm_movement/share/arm_movement/environment/path.sh
-- Installing: /root/tfm_ws/install/arm_movement/share/arm_movement/environment/path.dsv
-- Installing: /root/tfm_ws/install/arm_movement/share/arm_movement/local_setup.bash
-- Installing: /root/tfm_ws/install/arm_movement/share/arm_movement/local_setup.sh
-- Installing: /root/tfm_ws/install/arm_movement/share/arm_movement/local_setup.zsh
-- Installing: /root/tfm_ws/install/arm_movement/share/arm_movement/local_setup.dsv
-- Installing: /root/tfm_ws/install/arm_movement/share/arm_movement/package.dsv
-- Installing: /root/tfm_ws/install/arm_movement/share/ament_index/resource_index/packages/arm_movement
-- Installing: /root/tfm_ws/install/arm_movement/share/arm_movement/cmake/arm_movementConfig.cmake
-- Installing: /root/tfm_ws/install/arm_movement/share/arm_movement/cmake/arm_movementConfig-version.cmake
-- Installing: /root/tfm_ws/install/arm_movement/share/arm_movement/package.xml
