[0.445s] Invoking command in '/root/tiago_ws/build/play_motion2_msgs': CMAKE_PREFIX_PATH=${CMAKE_PREFIX_PATH}:/root/yolo_ws/install/yolo_ros:/root/tiago_ws/install/launch_pal:/opt/ros/jazzy /usr/bin/cmake /root/tiago_ws/src/play_motion2/play_motion2_msgs -DCMAKE_INSTALL_PREFIX=/root/tiago_ws/install/play_motion2_msgs
[2.052s] -- The C compiler identification is GNU 13.3.0
[2.244s] -- The CXX compiler identification is GNU 13.3.0
[2.299s] -- Detecting C compiler ABI info
[2.706s] -- Detecting C compiler ABI info - done
[2.729s] -- Check for working C compiler: /usr/bin/cc - skipped
[2.731s] -- Detecting C compile features
[2.744s] -- Detecting C compile features - done
[2.771s] -- Detecting CXX compiler ABI info
[3.120s] -- Detecting CXX compiler ABI info - done
[3.146s] -- Check for working CXX compiler: /usr/bin/c++ - skipped
[3.146s] -- Detecting CXX compile features
[3.146s] -- Detecting CXX compile features - done
[3.471s] -- Found ament_cmake: 2.5.4 (/opt/ros/jazzy/share/ament_cmake/cmake)
[4.097s] -- Found Python3: /usr/bin/python3 (found version "3.12.3") found components: Interpreter 
[5.015s] -- Found builtin_interfaces: 2.0.2 (/opt/ros/jazzy/share/builtin_interfaces/cmake)
[5.497s] -- Found rosidl_generator_c: 4.6.5 (/opt/ros/jazzy/share/rosidl_generator_c/cmake)
[5.628s] -- Found rosidl_generator_cpp: 4.6.5 (/opt/ros/jazzy/share/rosidl_generator_cpp/cmake)
[6.026s] -- Using all available rosidl_typesupport_c: rosidl_typesupport_fastrtps_c;rosidl_typesupport_introspection_c
[6.424s] -- Using all available rosidl_typesupport_cpp: rosidl_typesupport_fastrtps_cpp;rosidl_typesupport_introspection_cpp
[6.576s] -- Found rosidl_default_generators: 1.6.0 (/opt/ros/jazzy/share/rosidl_default_generators/cmake)
[6.729s] -- Found rosidl_adapter: 4.6.5 (/opt/ros/jazzy/share/rosidl_adapter/cmake)
[9.227s] -- Found ament_cmake_cppcheck: 0.17.2 (/opt/ros/jazzy/share/ament_cmake_cppcheck/cmake)
[9.248s] -- Found ament_cmake_cpplint: 0.17.2 (/opt/ros/jazzy/share/ament_cmake_cpplint/cmake)
[9.269s] -- Found ament_cmake_uncrustify: 0.17.2 (/opt/ros/jazzy/share/ament_cmake_uncrustify/cmake)
[9.341s] -- Found ament_cmake_ros: 0.12.0 (/opt/ros/jazzy/share/ament_cmake_ros/cmake)
[11.126s] -- Using all available rosidl_typesupport_c: rosidl_typesupport_fastrtps_c;rosidl_typesupport_introspection_c
[11.609s] -- Using all available rosidl_typesupport_cpp: rosidl_typesupport_fastrtps_cpp;rosidl_typesupport_introspection_cpp
[11.625s] -- Found python_cmake_module: 0.11.1 (/opt/ros/jazzy/share/python_cmake_module/cmake)
[11.852s] -- Found PythonExtra: /usr/bin/python3  
[13.236s] -- Found Python3: /usr/bin/python3 (found version "3.12.3") found components: Interpreter Development NumPy Development.Module Development.Embed 
[13.343s] -- Found ament_cmake_flake8: 0.17.2 (/opt/ros/jazzy/share/ament_cmake_flake8/cmake)
[13.358s] -- Found ament_cmake_pep257: 0.17.2 (/opt/ros/jazzy/share/ament_cmake_pep257/cmake)
[13.577s] -- Configuring done (13.0s)
[13.763s] -- Generating done (0.1s)
[13.804s] -- Build files have been written to: /root/tiago_ws/build/play_motion2_msgs
[13.826s] Invoked command in '/root/tiago_ws/build/play_motion2_msgs' returned '0': CMAKE_PREFIX_PATH=${CMAKE_PREFIX_PATH}:/root/yolo_ws/install/yolo_ros:/root/tiago_ws/install/launch_pal:/opt/ros/jazzy /usr/bin/cmake /root/tiago_ws/src/play_motion2/play_motion2_msgs -DCMAKE_INSTALL_PREFIX=/root/tiago_ws/install/play_motion2_msgs
[13.829s] Invoking command in '/root/tiago_ws/build/play_motion2_msgs': CMAKE_PREFIX_PATH=${CMAKE_PREFIX_PATH}:/root/yolo_ws/install/yolo_ros:/root/tiago_ws/install/launch_pal:/opt/ros/jazzy /usr/bin/cmake --build /root/tiago_ws/build/play_motion2_msgs -- -j12 -l12
[13.933s] [  1%] [34m[1mGenerating type hashes for ROS interfaces[0m
[13.950s] [  1%] Built target ament_cmake_python_copy_play_motion2_msgs
[14.465s] running egg_info
[14.467s] creating play_motion2_msgs.egg-info
[14.514s] writing play_motion2_msgs.egg-info/PKG-INFO
[14.515s] writing dependency_links to play_motion2_msgs.egg-info/dependency_links.txt
[14.515s] writing top-level names to play_motion2_msgs.egg-info/top_level.txt
[14.515s] writing manifest file 'play_motion2_msgs.egg-info/SOURCES.txt'
[14.656s] reading manifest file 'play_motion2_msgs.egg-info/SOURCES.txt'
[14.661s] writing manifest file 'play_motion2_msgs.egg-info/SOURCES.txt'
[14.708s] [  1%] Built target ament_cmake_python_build_play_motion2_msgs_egg
[14.885s] [  1%] Built target play_motion2_msgs__rosidl_generator_type_description
[14.904s] [  2%] [34m[1mGenerating C code for ROS interfaces[0m
[14.928s] [  3%] [34m[1mGenerating C++ code for ROS interfaces[0m
[16.887s] [  3%] Built target play_motion2_msgs__cpp
[17.227s] [  4%] [32mBuilding C object CMakeFiles/play_motion2_msgs__rosidl_generator_c.dir/rosidl_generator_c/play_motion2_msgs/action/detail/play_motion2__description.c.o[0m
[17.227s] [  5%] [32mBuilding C object CMakeFiles/play_motion2_msgs__rosidl_generator_c.dir/rosidl_generator_c/play_motion2_msgs/action/detail/play_motion2__type_support.c.o[0m
[17.227s] [  6%] [32mBuilding C object CMakeFiles/play_motion2_msgs__rosidl_generator_c.dir/rosidl_generator_c/play_motion2_msgs/action/detail/play_motion2__functions.c.o[0m
[17.232s] [  7%] [32mBuilding C object CMakeFiles/play_motion2_msgs__rosidl_generator_c.dir/rosidl_generator_c/play_motion2_msgs/msg/detail/motion__type_support.c.o[0m
[17.233s] [  8%] [32mBuilding C object CMakeFiles/play_motion2_msgs__rosidl_generator_c.dir/rosidl_generator_c/play_motion2_msgs/msg/detail/motion__description.c.o[0m
[17.234s] [  9%] [32mBuilding C object CMakeFiles/play_motion2_msgs__rosidl_generator_c.dir/rosidl_generator_c/play_motion2_msgs/msg/detail/motion__functions.c.o[0m
[17.236s] [ 10%] [32mBuilding C object CMakeFiles/play_motion2_msgs__rosidl_generator_c.dir/rosidl_generator_c/play_motion2_msgs/srv/detail/add_motion__description.c.o[0m
[17.238s] [ 11%] [32mBuilding C object CMakeFiles/play_motion2_msgs__rosidl_generator_c.dir/rosidl_generator_c/play_motion2_msgs/srv/detail/add_motion__functions.c.o[0m
[17.240s] [ 12%] [32mBuilding C object CMakeFiles/play_motion2_msgs__rosidl_generator_c.dir/rosidl_generator_c/play_motion2_msgs/srv/detail/add_motion__type_support.c.o[0m
[17.977s] [ 13%] [32mBuilding C object CMakeFiles/play_motion2_msgs__rosidl_generator_c.dir/rosidl_generator_c/play_motion2_msgs/srv/detail/get_motion_info__type_support.c.o[0m
[17.979s] [ 15%] [32mBuilding C object CMakeFiles/play_motion2_msgs__rosidl_generator_c.dir/rosidl_generator_c/play_motion2_msgs/srv/detail/get_motion_info__description.c.o[0m
[17.979s] [ 15%] [32mBuilding C object CMakeFiles/play_motion2_msgs__rosidl_generator_c.dir/rosidl_generator_c/play_motion2_msgs/srv/detail/is_motion_ready__description.c.o[0m
[17.980s] [ 17%] [32mBuilding C object CMakeFiles/play_motion2_msgs__rosidl_generator_c.dir/rosidl_generator_c/play_motion2_msgs/srv/detail/get_motion_info__functions.c.o[0m
[18.058s] [ 18%] [32mBuilding C object CMakeFiles/play_motion2_msgs__rosidl_generator_c.dir/rosidl_generator_c/play_motion2_msgs/srv/detail/is_motion_ready__functions.c.o[0m
[18.072s] [ 19%] [32mBuilding C object CMakeFiles/play_motion2_msgs__rosidl_generator_c.dir/rosidl_generator_c/play_motion2_msgs/srv/detail/is_motion_ready__type_support.c.o[0m
[18.080s] [ 20%] [32mBuilding C object CMakeFiles/play_motion2_msgs__rosidl_generator_c.dir/rosidl_generator_c/play_motion2_msgs/srv/detail/list_motions__description.c.o[0m
[18.094s] [ 21%] [32mBuilding C object CMakeFiles/play_motion2_msgs__rosidl_generator_c.dir/rosidl_generator_c/play_motion2_msgs/srv/detail/list_motions__functions.c.o[0m
[18.170s] [ 22%] [32mBuilding C object CMakeFiles/play_motion2_msgs__rosidl_generator_c.dir/rosidl_generator_c/play_motion2_msgs/srv/detail/list_motions__type_support.c.o[0m
[18.359s] [ 23%] [32mBuilding C object CMakeFiles/play_motion2_msgs__rosidl_generator_c.dir/rosidl_generator_c/play_motion2_msgs/srv/detail/remove_motion__description.c.o[0m
[18.366s] [ 24%] [32mBuilding C object CMakeFiles/play_motion2_msgs__rosidl_generator_c.dir/rosidl_generator_c/play_motion2_msgs/srv/detail/remove_motion__functions.c.o[0m
[18.369s] [ 25%] [32mBuilding C object CMakeFiles/play_motion2_msgs__rosidl_generator_c.dir/rosidl_generator_c/play_motion2_msgs/srv/detail/remove_motion__type_support.c.o[0m
[18.580s] [ 26%] [32m[1mLinking C shared library libplay_motion2_msgs__rosidl_generator_c.so[0m
[18.664s] [ 26%] Built target play_motion2_msgs__rosidl_generator_c
[18.683s] [ 27%] [34m[1mGenerating C++ introspection for ROS interfaces[0m
[18.683s] [ 30%] [34m[1mGenerating C introspection for ROS interfaces[0m
[18.683s] [ 30%] [34m[1mGenerating C++ type support for eProsima Fast-RTPS[0m
[18.683s] [ 30%] [34m[1mGenerating C type support for eProsima Fast-RTPS[0m
[18.687s] [ 31%] [34m[1mGenerating C++ type support dispatch for ROS interfaces[0m
[18.687s] [ 32%] [34m[1mGenerating C type support dispatch for ROS interfaces[0m
[19.787s] [ 34%] [32mBuilding CXX object CMakeFiles/play_motion2_msgs__rosidl_typesupport_c.dir/rosidl_typesupport_c/play_motion2_msgs/msg/motion__type_support.cpp.o[0m
[19.791s] [ 35%] [32mBuilding CXX object CMakeFiles/play_motion2_msgs__rosidl_typesupport_c.dir/rosidl_typesupport_c/play_motion2_msgs/srv/is_motion_ready__type_support.cpp.o[0m
[19.791s] [ 36%] [32mBuilding CXX object CMakeFiles/play_motion2_msgs__rosidl_typesupport_c.dir/rosidl_typesupport_c/play_motion2_msgs/action/play_motion2__type_support.cpp.o[0m
[19.791s] [ 37%] [32mBuilding CXX object CMakeFiles/play_motion2_msgs__rosidl_typesupport_c.dir/rosidl_typesupport_c/play_motion2_msgs/srv/get_motion_info__type_support.cpp.o[0m
[19.793s] [ 38%] [32mBuilding CXX object CMakeFiles/play_motion2_msgs__rosidl_typesupport_c.dir/rosidl_typesupport_c/play_motion2_msgs/srv/list_motions__type_support.cpp.o[0m
[19.802s] [ 39%] [32mBuilding CXX object CMakeFiles/play_motion2_msgs__rosidl_typesupport_c.dir/rosidl_typesupport_c/play_motion2_msgs/srv/add_motion__type_support.cpp.o[0m
[19.804s] [ 40%] [32mBuilding CXX object CMakeFiles/play_motion2_msgs__rosidl_typesupport_c.dir/rosidl_typesupport_c/play_motion2_msgs/srv/remove_motion__type_support.cpp.o[0m
[20.032s] [ 41%] [32m[1mLinking CXX shared library libplay_motion2_msgs__rosidl_typesupport_c.so[0m
[20.041s] [ 42%] [32mBuilding CXX object CMakeFiles/play_motion2_msgs__rosidl_typesupport_cpp.dir/rosidl_typesupport_cpp/play_motion2_msgs/srv/add_motion__type_support.cpp.o[0m
[20.043s] [ 44%] [32mBuilding CXX object CMakeFiles/play_motion2_msgs__rosidl_typesupport_cpp.dir/rosidl_typesupport_cpp/play_motion2_msgs/srv/get_motion_info__type_support.cpp.o[0m
[20.043s] [ 44%] [32mBuilding CXX object CMakeFiles/play_motion2_msgs__rosidl_typesupport_cpp.dir/rosidl_typesupport_cpp/play_motion2_msgs/msg/motion__type_support.cpp.o[0m
[20.048s] [ 45%] [32mBuilding CXX object CMakeFiles/play_motion2_msgs__rosidl_typesupport_cpp.dir/rosidl_typesupport_cpp/play_motion2_msgs/srv/list_motions__type_support.cpp.o[0m
[20.048s] [ 46%] [32mBuilding CXX object CMakeFiles/play_motion2_msgs__rosidl_typesupport_cpp.dir/rosidl_typesupport_cpp/play_motion2_msgs/action/play_motion2__type_support.cpp.o[0m
[20.052s] [ 47%] [32mBuilding CXX object CMakeFiles/play_motion2_msgs__rosidl_typesupport_cpp.dir/rosidl_typesupport_cpp/play_motion2_msgs/srv/is_motion_ready__type_support.cpp.o[0m
[20.058s] [ 48%] [32mBuilding CXX object CMakeFiles/play_motion2_msgs__rosidl_typesupport_cpp.dir/rosidl_typesupport_cpp/play_motion2_msgs/srv/remove_motion__type_support.cpp.o[0m
[20.138s] [ 48%] Built target play_motion2_msgs__rosidl_typesupport_c
[20.311s] [ 50%] [32mBuilding CXX object CMakeFiles/play_motion2_msgs__rosidl_typesupport_introspection_cpp.dir/rosidl_typesupport_introspection_cpp/play_motion2_msgs/msg/detail/motion__type_support.cpp.o[0m
[20.313s] [ 51%] [32mBuilding CXX object CMakeFiles/play_motion2_msgs__rosidl_typesupport_introspection_cpp.dir/rosidl_typesupport_introspection_cpp/play_motion2_msgs/action/detail/play_motion2__type_support.cpp.o[0m
[20.569s] [ 52%] [32mBuilding C object CMakeFiles/play_motion2_msgs__rosidl_typesupport_introspection_c.dir/rosidl_typesupport_introspection_c/play_motion2_msgs/action/detail/play_motion2__type_support.c.o[0m
[21.243s] [ 53%] [32mBuilding C object CMakeFiles/play_motion2_msgs__rosidl_typesupport_introspection_c.dir/rosidl_typesupport_introspection_c/play_motion2_msgs/msg/detail/motion__type_support.c.o[0m
[21.357s] [ 54%] [32mBuilding C object CMakeFiles/play_motion2_msgs__rosidl_typesupport_introspection_c.dir/rosidl_typesupport_introspection_c/play_motion2_msgs/srv/detail/add_motion__type_support.c.o[0m
[21.374s] [ 55%] [32mBuilding CXX object CMakeFiles/play_motion2_msgs__rosidl_typesupport_fastrtps_cpp.dir/rosidl_typesupport_fastrtps_cpp/play_motion2_msgs/action/detail/dds_fastrtps/play_motion2__type_support.cpp.o[0m
[21.513s] [ 56%] [32mBuilding C object CMakeFiles/play_motion2_msgs__rosidl_typesupport_introspection_c.dir/rosidl_typesupport_introspection_c/play_motion2_msgs/srv/detail/get_motion_info__type_support.c.o[0m
[21.682s] [ 57%] [32mBuilding CXX object CMakeFiles/play_motion2_msgs__rosidl_typesupport_fastrtps_cpp.dir/rosidl_typesupport_fastrtps_cpp/play_motion2_msgs/msg/detail/dds_fastrtps/motion__type_support.cpp.o[0m
[21.721s] [ 58%] [32mBuilding CXX object CMakeFiles/play_motion2_msgs__rosidl_typesupport_fastrtps_c.dir/rosidl_typesupport_fastrtps_c/play_motion2_msgs/action/detail/play_motion2__type_support_c.cpp.o[0m
[21.752s] [ 59%] [32mBuilding C object CMakeFiles/play_motion2_msgs__rosidl_typesupport_introspection_c.dir/rosidl_typesupport_introspection_c/play_motion2_msgs/srv/detail/is_motion_ready__type_support.c.o[0m
[21.752s] [ 60%] [32mBuilding CXX object CMakeFiles/play_motion2_msgs__rosidl_typesupport_fastrtps_cpp.dir/rosidl_typesupport_fastrtps_cpp/play_motion2_msgs/srv/detail/dds_fastrtps/add_motion__type_support.cpp.o[0m
[21.779s] [ 61%] [32mBuilding CXX object CMakeFiles/play_motion2_msgs__rosidl_typesupport_introspection_cpp.dir/rosidl_typesupport_introspection_cpp/play_motion2_msgs/srv/detail/add_motion__type_support.cpp.o[0m
[21.804s] [ 62%] [32mBuilding CXX object CMakeFiles/play_motion2_msgs__rosidl_typesupport_fastrtps_c.dir/rosidl_typesupport_fastrtps_c/play_motion2_msgs/msg/detail/motion__type_support_c.cpp.o[0m
[21.884s] [ 63%] [32mBuilding C object CMakeFiles/play_motion2_msgs__rosidl_typesupport_introspection_c.dir/rosidl_typesupport_introspection_c/play_motion2_msgs/srv/detail/list_motions__type_support.c.o[0m
[21.884s] [ 64%] [32mBuilding CXX object CMakeFiles/play_motion2_msgs__rosidl_typesupport_introspection_cpp.dir/rosidl_typesupport_introspection_cpp/play_motion2_msgs/srv/detail/get_motion_info__type_support.cpp.o[0m
[21.899s] [ 65%] [32mBuilding CXX object CMakeFiles/play_motion2_msgs__rosidl_typesupport_introspection_cpp.dir/rosidl_typesupport_introspection_cpp/play_motion2_msgs/srv/detail/is_motion_ready__type_support.cpp.o[0m
[21.997s] [ 67%] [32mBuilding CXX object CMakeFiles/play_motion2_msgs__rosidl_typesupport_fastrtps_c.dir/rosidl_typesupport_fastrtps_c/play_motion2_msgs/srv/detail/add_motion__type_support_c.cpp.o[0m
[22.015s] [ 68%] [32mBuilding C object CMakeFiles/play_motion2_msgs__rosidl_typesupport_introspection_c.dir/rosidl_typesupport_introspection_c/play_motion2_msgs/srv/detail/remove_motion__type_support.c.o[0m
[22.164s] [ 69%] [32m[1mLinking C shared library libplay_motion2_msgs__rosidl_typesupport_introspection_c.so[0m
[22.264s] [ 69%] Built target play_motion2_msgs__rosidl_typesupport_introspection_c
[22.287s] [ 70%] [32mBuilding CXX object CMakeFiles/play_motion2_msgs__rosidl_typesupport_introspection_cpp.dir/rosidl_typesupport_introspection_cpp/play_motion2_msgs/srv/detail/list_motions__type_support.cpp.o[0m
[22.460s] [ 71%] [32m[1mLinking CXX shared library libplay_motion2_msgs__rosidl_typesupport_cpp.so[0m
[22.593s] [ 72%] [32mBuilding CXX object CMakeFiles/play_motion2_msgs__rosidl_typesupport_fastrtps_cpp.dir/rosidl_typesupport_fastrtps_cpp/play_motion2_msgs/srv/detail/dds_fastrtps/get_motion_info__type_support.cpp.o[0m
[22.841s] [ 72%] Built target play_motion2_msgs__rosidl_typesupport_cpp
[22.874s] [ 73%] [32mBuilding CXX object CMakeFiles/play_motion2_msgs__rosidl_typesupport_fastrtps_cpp.dir/rosidl_typesupport_fastrtps_cpp/play_motion2_msgs/srv/detail/dds_fastrtps/is_motion_ready__type_support.cpp.o[0m
[22.955s] [ 74%] [32mBuilding CXX object CMakeFiles/play_motion2_msgs__rosidl_typesupport_fastrtps_c.dir/rosidl_typesupport_fastrtps_c/play_motion2_msgs/srv/detail/get_motion_info__type_support_c.cpp.o[0m
[23.042s] [ 76%] [32mBuilding CXX object CMakeFiles/play_motion2_msgs__rosidl_typesupport_fastrtps_c.dir/rosidl_typesupport_fastrtps_c/play_motion2_msgs/srv/detail/list_motions__type_support_c.cpp.o[0m
[23.042s] [ 76%] [32mBuilding CXX object CMakeFiles/play_motion2_msgs__rosidl_typesupport_fastrtps_c.dir/rosidl_typesupport_fastrtps_c/play_motion2_msgs/srv/detail/is_motion_ready__type_support_c.cpp.o[0m
[23.072s] [ 77%] [32mBuilding CXX object CMakeFiles/play_motion2_msgs__rosidl_typesupport_fastrtps_c.dir/rosidl_typesupport_fastrtps_c/play_motion2_msgs/srv/detail/remove_motion__type_support_c.cpp.o[0m
[23.660s] [ 78%] [32mBuilding CXX object CMakeFiles/play_motion2_msgs__rosidl_typesupport_fastrtps_cpp.dir/rosidl_typesupport_fastrtps_cpp/play_motion2_msgs/srv/detail/dds_fastrtps/list_motions__type_support.cpp.o[0m
[23.662s] [ 79%] [32mBuilding CXX object CMakeFiles/play_motion2_msgs__rosidl_typesupport_introspection_cpp.dir/rosidl_typesupport_introspection_cpp/play_motion2_msgs/srv/detail/remove_motion__type_support.cpp.o[0m
[23.664s] [ 80%] [32mBuilding CXX object CMakeFiles/play_motion2_msgs__rosidl_typesupport_fastrtps_cpp.dir/rosidl_typesupport_fastrtps_cpp/play_motion2_msgs/srv/detail/dds_fastrtps/remove_motion__type_support.cpp.o[0m
[24.098s] [ 81%] [32m[1mLinking CXX shared library libplay_motion2_msgs__rosidl_typesupport_fastrtps_c.so[0m
[24.252s] [ 81%] Built target play_motion2_msgs__rosidl_typesupport_fastrtps_c
[24.443s] [ 82%] [32m[1mLinking CXX shared library libplay_motion2_msgs__rosidl_typesupport_introspection_cpp.so[0m
[24.598s] [ 82%] Built target play_motion2_msgs__rosidl_typesupport_introspection_cpp
[24.824s] [ 84%] [32m[1mLinking CXX shared library libplay_motion2_msgs__rosidl_typesupport_fastrtps_cpp.so[0m
[24.970s] [ 84%] Built target play_motion2_msgs__rosidl_typesupport_fastrtps_cpp
[25.008s] [ 84%] Built target play_motion2_msgs
[25.043s] [ 85%] [34m[1mGenerating Python code for ROS interfaces[0m
[27.754s] [ 85%] Built target play_motion2_msgs__py
[27.791s] [ 86%] [32mBuilding C object CMakeFiles/play_motion2_msgs__rosidl_generator_py.dir/rosidl_generator_py/play_motion2_msgs/msg/_motion_s.c.o[0m
[27.792s] [ 87%] [32mBuilding C object CMakeFiles/play_motion2_msgs__rosidl_generator_py.dir/rosidl_generator_py/play_motion2_msgs/srv/_get_motion_info_s.c.o[0m
[27.792s] [ 88%] [32mBuilding C object CMakeFiles/play_motion2_msgs__rosidl_generator_py.dir/rosidl_generator_py/play_motion2_msgs/srv/_add_motion_s.c.o[0m
[27.792s] [ 89%] [32mBuilding C object CMakeFiles/play_motion2_msgs__rosidl_generator_py.dir/rosidl_generator_py/play_motion2_msgs/srv/_list_motions_s.c.o[0m
[27.793s] [ 90%] [32mBuilding C object CMakeFiles/play_motion2_msgs__rosidl_generator_py.dir/rosidl_generator_py/play_motion2_msgs/action/_play_motion2_s.c.o[0m
[27.797s] [ 91%] [32mBuilding C object CMakeFiles/play_motion2_msgs__rosidl_generator_py.dir/rosidl_generator_py/play_motion2_msgs/srv/_remove_motion_s.c.o[0m
[27.797s] [ 92%] [32mBuilding C object CMakeFiles/play_motion2_msgs__rosidl_generator_py.dir/rosidl_generator_py/play_motion2_msgs/srv/_is_motion_ready_s.c.o[0m
[28.412s] [ 93%] [32m[1mLinking C shared library libplay_motion2_msgs__rosidl_generator_py.so[0m
[28.492s] [ 93%] Built target play_motion2_msgs__rosidl_generator_py
[28.529s] [ 94%] [32mBuilding C object CMakeFiles/play_motion2_msgs_s__rosidl_typesupport_introspection_c.dir/rosidl_generator_py/play_motion2_msgs/_play_motion2_msgs_s.ep.rosidl_typesupport_introspection_c.c.o[0m
[28.530s] [ 95%] [32mBuilding C object CMakeFiles/play_motion2_msgs_s__rosidl_typesupport_fastrtps_c.dir/rosidl_generator_py/play_motion2_msgs/_play_motion2_msgs_s.ep.rosidl_typesupport_fastrtps_c.c.o[0m
[28.532s] [ 96%] [32mBuilding C object CMakeFiles/play_motion2_msgs_s__rosidl_typesupport_c.dir/rosidl_generator_py/play_motion2_msgs/_play_motion2_msgs_s.ep.rosidl_typesupport_c.c.o[0m
[28.822s] [ 97%] [32m[1mLinking C shared module rosidl_generator_py/play_motion2_msgs/play_motion2_msgs_s__rosidl_typesupport_introspection_c.so[0m
[28.826s] [ 98%] [32m[1mLinking C shared module rosidl_generator_py/play_motion2_msgs/play_motion2_msgs_s__rosidl_typesupport_c.so[0m
[28.829s] [100%] [32m[1mLinking C shared module rosidl_generator_py/play_motion2_msgs/play_motion2_msgs_s__rosidl_typesupport_fastrtps_c.so[0m
[28.881s] [100%] Built target play_motion2_msgs_s__rosidl_typesupport_introspection_c
[28.884s] [100%] Built target play_motion2_msgs_s__rosidl_typesupport_c
[28.890s] [100%] Built target play_motion2_msgs_s__rosidl_typesupport_fastrtps_c
[28.913s] Invoked command in '/root/tiago_ws/build/play_motion2_msgs' returned '0': CMAKE_PREFIX_PATH=${CMAKE_PREFIX_PATH}:/root/yolo_ws/install/yolo_ros:/root/tiago_ws/install/launch_pal:/opt/ros/jazzy /usr/bin/cmake --build /root/tiago_ws/build/play_motion2_msgs -- -j12 -l12
[28.915s] Invoking command in '/root/tiago_ws/build/play_motion2_msgs': CMAKE_PREFIX_PATH=${CMAKE_PREFIX_PATH}:/root/yolo_ws/install/yolo_ros:/root/tiago_ws/install/launch_pal:/opt/ros/jazzy /usr/bin/cmake --install /root/tiago_ws/build/play_motion2_msgs
[28.926s] -- Install configuration: ""
[28.926s] -- Installing: /root/tiago_ws/install/play_motion2_msgs/share/ament_index/resource_index/rosidl_interfaces/play_motion2_msgs
[28.927s] -- Installing: /root/tiago_ws/install/play_motion2_msgs/share/play_motion2_msgs/action/PlayMotion2.json
[28.927s] -- Installing: /root/tiago_ws/install/play_motion2_msgs/share/play_motion2_msgs/msg/Motion.json
[28.927s] -- Installing: /root/tiago_ws/install/play_motion2_msgs/share/play_motion2_msgs/srv/AddMotion.json
[28.927s] -- Installing: /root/tiago_ws/install/play_motion2_msgs/share/play_motion2_msgs/srv/GetMotionInfo.json
[28.927s] -- Installing: /root/tiago_ws/install/play_motion2_msgs/share/play_motion2_msgs/srv/IsMotionReady.json
[28.928s] -- Installing: /root/tiago_ws/install/play_motion2_msgs/share/play_motion2_msgs/srv/ListMotions.json
[28.928s] -- Installing: /root/tiago_ws/install/play_motion2_msgs/share/play_motion2_msgs/srv/RemoveMotion.json
[28.928s] -- Installing: /root/tiago_ws/install/play_motion2_msgs/include/play_motion2_msgs/play_motion2_msgs
[28.928s] -- Installing: /root/tiago_ws/install/play_motion2_msgs/include/play_motion2_msgs/play_motion2_msgs/msg
[28.928s] -- Installing: /root/tiago_ws/install/play_motion2_msgs/include/play_motion2_msgs/play_motion2_msgs/msg/detail
[28.928s] -- Installing: /root/tiago_ws/install/play_motion2_msgs/include/play_motion2_msgs/play_motion2_msgs/msg/detail/motion__description.c
[28.928s] -- Installing: /root/tiago_ws/install/play_motion2_msgs/include/play_motion2_msgs/play_motion2_msgs/msg/detail/motion__type_support.h
[28.929s] -- Installing: /root/tiago_ws/install/play_motion2_msgs/include/play_motion2_msgs/play_motion2_msgs/msg/detail/motion__struct.h
[28.929s] -- Installing: /root/tiago_ws/install/play_motion2_msgs/include/play_motion2_msgs/play_motion2_msgs/msg/detail/motion__type_support.c
[28.929s] -- Installing: /root/tiago_ws/install/play_motion2_msgs/include/play_motion2_msgs/play_motion2_msgs/msg/detail/motion__functions.h
[28.929s] -- Installing: /root/tiago_ws/install/play_motion2_msgs/include/play_motion2_msgs/play_motion2_msgs/msg/detail/motion__functions.c
[28.929s] -- Installing: /root/tiago_ws/install/play_motion2_msgs/include/play_motion2_msgs/play_motion2_msgs/msg/motion.h
[28.929s] -- Installing: /root/tiago_ws/install/play_motion2_msgs/include/play_motion2_msgs/play_motion2_msgs/msg/rosidl_generator_c__visibility_control.h
[28.929s] -- Installing: /root/tiago_ws/install/play_motion2_msgs/include/play_motion2_msgs/play_motion2_msgs/srv
[28.930s] -- Installing: /root/tiago_ws/install/play_motion2_msgs/include/play_motion2_msgs/play_motion2_msgs/srv/remove_motion.h
[28.930s] -- Installing: /root/tiago_ws/install/play_motion2_msgs/include/play_motion2_msgs/play_motion2_msgs/srv/detail
[28.930s] -- Installing: /root/tiago_ws/install/play_motion2_msgs/include/play_motion2_msgs/play_motion2_msgs/srv/detail/list_motions__functions.c
[28.930s] -- Installing: /root/tiago_ws/install/play_motion2_msgs/include/play_motion2_msgs/play_motion2_msgs/srv/detail/remove_motion__type_support.c
[28.930s] -- Installing: /root/tiago_ws/install/play_motion2_msgs/include/play_motion2_msgs/play_motion2_msgs/srv/detail/is_motion_ready__type_support.h
[28.930s] -- Installing: /root/tiago_ws/install/play_motion2_msgs/include/play_motion2_msgs/play_motion2_msgs/srv/detail/add_motion__functions.h
[28.930s] -- Installing: /root/tiago_ws/install/play_motion2_msgs/include/play_motion2_msgs/play_motion2_msgs/srv/detail/add_motion__struct.h
[28.930s] -- Installing: /root/tiago_ws/install/play_motion2_msgs/include/play_motion2_msgs/play_motion2_msgs/srv/detail/is_motion_ready__type_support.c
[28.930s] -- Installing: /root/tiago_ws/install/play_motion2_msgs/include/play_motion2_msgs/play_motion2_msgs/srv/detail/list_motions__functions.h
[28.931s] -- Installing: /root/tiago_ws/install/play_motion2_msgs/include/play_motion2_msgs/play_motion2_msgs/srv/detail/add_motion__functions.c
[28.931s] -- Installing: /root/tiago_ws/install/play_motion2_msgs/include/play_motion2_msgs/play_motion2_msgs/srv/detail/remove_motion__struct.h
[28.931s] -- Installing: /root/tiago_ws/install/play_motion2_msgs/include/play_motion2_msgs/play_motion2_msgs/srv/detail/list_motions__type_support.c
[28.931s] -- Installing: /root/tiago_ws/install/play_motion2_msgs/include/play_motion2_msgs/play_motion2_msgs/srv/detail/list_motions__struct.h
[28.931s] -- Installing: /root/tiago_ws/install/play_motion2_msgs/include/play_motion2_msgs/play_motion2_msgs/srv/detail/is_motion_ready__functions.h
[28.931s] -- Installing: /root/tiago_ws/install/play_motion2_msgs/include/play_motion2_msgs/play_motion2_msgs/srv/detail/remove_motion__functions.h
[28.932s] -- Installing: /root/tiago_ws/install/play_motion2_msgs/include/play_motion2_msgs/play_motion2_msgs/srv/detail/get_motion_info__type_support.h
[28.932s] -- Installing: /root/tiago_ws/install/play_motion2_msgs/include/play_motion2_msgs/play_motion2_msgs/srv/detail/remove_motion__type_support.h
[28.932s] -- Installing: /root/tiago_ws/install/play_motion2_msgs/include/play_motion2_msgs/play_motion2_msgs/srv/detail/add_motion__type_support.h
[28.932s] -- Installing: /root/tiago_ws/install/play_motion2_msgs/include/play_motion2_msgs/play_motion2_msgs/srv/detail/get_motion_info__functions.h
[28.932s] -- Installing: /root/tiago_ws/install/play_motion2_msgs/include/play_motion2_msgs/play_motion2_msgs/srv/detail/is_motion_ready__description.c
[28.932s] -- Installing: /root/tiago_ws/install/play_motion2_msgs/include/play_motion2_msgs/play_motion2_msgs/srv/detail/get_motion_info__struct.h
[28.933s] -- Installing: /root/tiago_ws/install/play_motion2_msgs/include/play_motion2_msgs/play_motion2_msgs/srv/detail/list_motions__description.c
[28.933s] -- Installing: /root/tiago_ws/install/play_motion2_msgs/include/play_motion2_msgs/play_motion2_msgs/srv/detail/get_motion_info__type_support.c
[28.933s] -- Installing: /root/tiago_ws/install/play_motion2_msgs/include/play_motion2_msgs/play_motion2_msgs/srv/detail/remove_motion__functions.c
[28.933s] -- Installing: /root/tiago_ws/install/play_motion2_msgs/include/play_motion2_msgs/play_motion2_msgs/srv/detail/is_motion_ready__functions.c
[28.933s] -- Installing: /root/tiago_ws/install/play_motion2_msgs/include/play_motion2_msgs/play_motion2_msgs/srv/detail/get_motion_info__functions.c
[28.933s] -- Installing: /root/tiago_ws/install/play_motion2_msgs/include/play_motion2_msgs/play_motion2_msgs/srv/detail/add_motion__type_support.c
[28.933s] -- Installing: /root/tiago_ws/install/play_motion2_msgs/include/play_motion2_msgs/play_motion2_msgs/srv/detail/get_motion_info__description.c
[28.934s] -- Installing: /root/tiago_ws/install/play_motion2_msgs/include/play_motion2_msgs/play_motion2_msgs/srv/detail/is_motion_ready__struct.h
[28.934s] -- Installing: /root/tiago_ws/install/play_motion2_msgs/include/play_motion2_msgs/play_motion2_msgs/srv/detail/remove_motion__description.c
[28.934s] -- Installing: /root/tiago_ws/install/play_motion2_msgs/include/play_motion2_msgs/play_motion2_msgs/srv/detail/add_motion__description.c
[28.934s] -- Installing: /root/tiago_ws/install/play_motion2_msgs/include/play_motion2_msgs/play_motion2_msgs/srv/detail/list_motions__type_support.h
[28.934s] -- Installing: /root/tiago_ws/install/play_motion2_msgs/include/play_motion2_msgs/play_motion2_msgs/srv/get_motion_info.h
[28.935s] -- Installing: /root/tiago_ws/install/play_motion2_msgs/include/play_motion2_msgs/play_motion2_msgs/srv/is_motion_ready.h
[28.935s] -- Installing: /root/tiago_ws/install/play_motion2_msgs/include/play_motion2_msgs/play_motion2_msgs/srv/list_motions.h
[28.935s] -- Installing: /root/tiago_ws/install/play_motion2_msgs/include/play_motion2_msgs/play_motion2_msgs/srv/add_motion.h
[28.935s] -- Installing: /root/tiago_ws/install/play_motion2_msgs/include/play_motion2_msgs/play_motion2_msgs/action
[28.935s] -- Installing: /root/tiago_ws/install/play_motion2_msgs/include/play_motion2_msgs/play_motion2_msgs/action/detail
[28.936s] -- Installing: /root/tiago_ws/install/play_motion2_msgs/include/play_motion2_msgs/play_motion2_msgs/action/detail/play_motion2__description.c
[28.936s] -- Installing: /root/tiago_ws/install/play_motion2_msgs/include/play_motion2_msgs/play_motion2_msgs/action/detail/play_motion2__type_support.h
[28.936s] -- Installing: /root/tiago_ws/install/play_motion2_msgs/include/play_motion2_msgs/play_motion2_msgs/action/detail/play_motion2__type_support.c
[28.936s] -- Installing: /root/tiago_ws/install/play_motion2_msgs/include/play_motion2_msgs/play_motion2_msgs/action/detail/play_motion2__functions.c
[28.936s] -- Installing: /root/tiago_ws/install/play_motion2_msgs/include/play_motion2_msgs/play_motion2_msgs/action/detail/play_motion2__struct.h
[28.937s] -- Installing: /root/tiago_ws/install/play_motion2_msgs/include/play_motion2_msgs/play_motion2_msgs/action/detail/play_motion2__functions.h
[28.937s] -- Installing: /root/tiago_ws/install/play_motion2_msgs/include/play_motion2_msgs/play_motion2_msgs/action/play_motion2.h
[28.938s] -- Installing: /root/tiago_ws/install/play_motion2_msgs/share/play_motion2_msgs/environment/library_path.sh
[28.938s] -- Installing: /root/tiago_ws/install/play_motion2_msgs/share/play_motion2_msgs/environment/library_path.dsv
[28.938s] -- Installing: /root/tiago_ws/install/play_motion2_msgs/lib/libplay_motion2_msgs__rosidl_generator_c.so
[28.943s] -- Set non-toolchain portion of runtime path of "/root/tiago_ws/install/play_motion2_msgs/lib/libplay_motion2_msgs__rosidl_generator_c.so" to ""
[28.943s] -- Up-to-date: /root/tiago_ws/install/play_motion2_msgs/include/play_motion2_msgs/play_motion2_msgs
[28.943s] -- Up-to-date: /root/tiago_ws/install/play_motion2_msgs/include/play_motion2_msgs/play_motion2_msgs/msg
[28.943s] -- Installing: /root/tiago_ws/install/play_motion2_msgs/include/play_motion2_msgs/play_motion2_msgs/msg/rosidl_typesupport_fastrtps_c__visibility_control.h
[28.944s] -- Up-to-date: /root/tiago_ws/install/play_motion2_msgs/include/play_motion2_msgs/play_motion2_msgs/msg/detail
[28.944s] -- Installing: /root/tiago_ws/install/play_motion2_msgs/include/play_motion2_msgs/play_motion2_msgs/msg/detail/motion__rosidl_typesupport_fastrtps_c.h
[28.944s] -- Up-to-date: /root/tiago_ws/install/play_motion2_msgs/include/play_motion2_msgs/play_motion2_msgs/srv
[28.944s] -- Up-to-date: /root/tiago_ws/install/play_motion2_msgs/include/play_motion2_msgs/play_motion2_msgs/srv/detail
[28.944s] -- Installing: /root/tiago_ws/install/play_motion2_msgs/include/play_motion2_msgs/play_motion2_msgs/srv/detail/is_motion_ready__rosidl_typesupport_fastrtps_c.h
[28.944s] -- Installing: /root/tiago_ws/install/play_motion2_msgs/include/play_motion2_msgs/play_motion2_msgs/srv/detail/get_motion_info__rosidl_typesupport_fastrtps_c.h
[28.944s] -- Installing: /root/tiago_ws/install/play_motion2_msgs/include/play_motion2_msgs/play_motion2_msgs/srv/detail/remove_motion__rosidl_typesupport_fastrtps_c.h
[28.945s] -- Installing: /root/tiago_ws/install/play_motion2_msgs/include/play_motion2_msgs/play_motion2_msgs/srv/detail/add_motion__rosidl_typesupport_fastrtps_c.h
[28.945s] -- Installing: /root/tiago_ws/install/play_motion2_msgs/include/play_motion2_msgs/play_motion2_msgs/srv/detail/list_motions__rosidl_typesupport_fastrtps_c.h
[28.945s] -- Up-to-date: /root/tiago_ws/install/play_motion2_msgs/include/play_motion2_msgs/play_motion2_msgs/action
[28.945s] -- Up-to-date: /root/tiago_ws/install/play_motion2_msgs/include/play_motion2_msgs/play_motion2_msgs/action/detail
[28.945s] -- Installing: /root/tiago_ws/install/play_motion2_msgs/include/play_motion2_msgs/play_motion2_msgs/action/detail/play_motion2__rosidl_typesupport_fastrtps_c.h
[28.945s] -- Installing: /root/tiago_ws/install/play_motion2_msgs/lib/libplay_motion2_msgs__rosidl_typesupport_fastrtps_c.so
[28.945s] -- Set non-toolchain portion of runtime path of "/root/tiago_ws/install/play_motion2_msgs/lib/libplay_motion2_msgs__rosidl_typesupport_fastrtps_c.so" to ""
[28.945s] -- Up-to-date: /root/tiago_ws/install/play_motion2_msgs/include/play_motion2_msgs/play_motion2_msgs
[28.946s] -- Up-to-date: /root/tiago_ws/install/play_motion2_msgs/include/play_motion2_msgs/play_motion2_msgs/msg
[28.946s] -- Installing: /root/tiago_ws/install/play_motion2_msgs/include/play_motion2_msgs/play_motion2_msgs/msg/motion.hpp
[28.946s] -- Installing: /root/tiago_ws/install/play_motion2_msgs/include/play_motion2_msgs/play_motion2_msgs/msg/rosidl_generator_cpp__visibility_control.hpp
[28.946s] -- Up-to-date: /root/tiago_ws/install/play_motion2_msgs/include/play_motion2_msgs/play_motion2_msgs/msg/detail
[28.946s] -- Installing: /root/tiago_ws/install/play_motion2_msgs/include/play_motion2_msgs/play_motion2_msgs/msg/detail/motion__struct.hpp
[28.946s] -- Installing: /root/tiago_ws/install/play_motion2_msgs/include/play_motion2_msgs/play_motion2_msgs/msg/detail/motion__builder.hpp
[28.946s] -- Installing: /root/tiago_ws/install/play_motion2_msgs/include/play_motion2_msgs/play_motion2_msgs/msg/detail/motion__type_support.hpp
[28.947s] -- Installing: /root/tiago_ws/install/play_motion2_msgs/include/play_motion2_msgs/play_motion2_msgs/msg/detail/motion__traits.hpp
[28.948s] -- Up-to-date: /root/tiago_ws/install/play_motion2_msgs/include/play_motion2_msgs/play_motion2_msgs/srv
[28.948s] -- Installing: /root/tiago_ws/install/play_motion2_msgs/include/play_motion2_msgs/play_motion2_msgs/srv/add_motion.hpp
[28.948s] -- Up-to-date: /root/tiago_ws/install/play_motion2_msgs/include/play_motion2_msgs/play_motion2_msgs/srv/detail
[28.948s] -- Installing: /root/tiago_ws/install/play_motion2_msgs/include/play_motion2_msgs/play_motion2_msgs/srv/detail/list_motions__type_support.hpp
[28.948s] -- Installing: /root/tiago_ws/install/play_motion2_msgs/include/play_motion2_msgs/play_motion2_msgs/srv/detail/get_motion_info__traits.hpp
[28.949s] -- Installing: /root/tiago_ws/install/play_motion2_msgs/include/play_motion2_msgs/play_motion2_msgs/srv/detail/get_motion_info__struct.hpp
[28.949s] -- Installing: /root/tiago_ws/install/play_motion2_msgs/include/play_motion2_msgs/play_motion2_msgs/srv/detail/list_motions__struct.hpp
[28.949s] -- Installing: /root/tiago_ws/install/play_motion2_msgs/include/play_motion2_msgs/play_motion2_msgs/srv/detail/add_motion__struct.hpp
[28.949s] -- Installing: /root/tiago_ws/install/play_motion2_msgs/include/play_motion2_msgs/play_motion2_msgs/srv/detail/is_motion_ready__builder.hpp
[28.949s] -- Installing: /root/tiago_ws/install/play_motion2_msgs/include/play_motion2_msgs/play_motion2_msgs/srv/detail/add_motion__traits.hpp
[28.949s] -- Installing: /root/tiago_ws/install/play_motion2_msgs/include/play_motion2_msgs/play_motion2_msgs/srv/detail/remove_motion__struct.hpp
[28.949s] -- Installing: /root/tiago_ws/install/play_motion2_msgs/include/play_motion2_msgs/play_motion2_msgs/srv/detail/get_motion_info__type_support.hpp
[28.949s] -- Installing: /root/tiago_ws/install/play_motion2_msgs/include/play_motion2_msgs/play_motion2_msgs/srv/detail/get_motion_info__builder.hpp
[28.949s] -- Installing: /root/tiago_ws/install/play_motion2_msgs/include/play_motion2_msgs/play_motion2_msgs/srv/detail/remove_motion__traits.hpp
[28.949s] -- Installing: /root/tiago_ws/install/play_motion2_msgs/include/play_motion2_msgs/play_motion2_msgs/srv/detail/is_motion_ready__struct.hpp
[28.950s] -- Installing: /root/tiago_ws/install/play_motion2_msgs/include/play_motion2_msgs/play_motion2_msgs/srv/detail/add_motion__type_support.hpp
[28.950s] -- Installing: /root/tiago_ws/install/play_motion2_msgs/include/play_motion2_msgs/play_motion2_msgs/srv/detail/remove_motion__type_support.hpp
[28.950s] -- Installing: /root/tiago_ws/install/play_motion2_msgs/include/play_motion2_msgs/play_motion2_msgs/srv/detail/is_motion_ready__type_support.hpp
[28.950s] -- Installing: /root/tiago_ws/install/play_motion2_msgs/include/play_motion2_msgs/play_motion2_msgs/srv/detail/list_motions__traits.hpp
[28.950s] -- Installing: /root/tiago_ws/install/play_motion2_msgs/include/play_motion2_msgs/play_motion2_msgs/srv/detail/is_motion_ready__traits.hpp
[28.950s] -- Installing: /root/tiago_ws/install/play_motion2_msgs/include/play_motion2_msgs/play_motion2_msgs/srv/detail/add_motion__builder.hpp
[28.950s] -- Installing: /root/tiago_ws/install/play_motion2_msgs/include/play_motion2_msgs/play_motion2_msgs/srv/detail/list_motions__builder.hpp
[28.950s] -- Installing: /root/tiago_ws/install/play_motion2_msgs/include/play_motion2_msgs/play_motion2_msgs/srv/detail/remove_motion__builder.hpp
[28.950s] -- Installing: /root/tiago_ws/install/play_motion2_msgs/include/play_motion2_msgs/play_motion2_msgs/srv/list_motions.hpp
[28.950s] -- Installing: /root/tiago_ws/install/play_motion2_msgs/include/play_motion2_msgs/play_motion2_msgs/srv/get_motion_info.hpp
[28.950s] -- Installing: /root/tiago_ws/install/play_motion2_msgs/include/play_motion2_msgs/play_motion2_msgs/srv/remove_motion.hpp
[28.950s] -- Installing: /root/tiago_ws/install/play_motion2_msgs/include/play_motion2_msgs/play_motion2_msgs/srv/is_motion_ready.hpp
[28.951s] -- Up-to-date: /root/tiago_ws/install/play_motion2_msgs/include/play_motion2_msgs/play_motion2_msgs/action
[28.951s] -- Up-to-date: /root/tiago_ws/install/play_motion2_msgs/include/play_motion2_msgs/play_motion2_msgs/action/detail
[28.951s] -- Installing: /root/tiago_ws/install/play_motion2_msgs/include/play_motion2_msgs/play_motion2_msgs/action/detail/play_motion2__builder.hpp
[28.951s] -- Installing: /root/tiago_ws/install/play_motion2_msgs/include/play_motion2_msgs/play_motion2_msgs/action/detail/play_motion2__struct.hpp
[28.951s] -- Installing: /root/tiago_ws/install/play_motion2_msgs/include/play_motion2_msgs/play_motion2_msgs/action/detail/play_motion2__type_support.hpp
[28.951s] -- Installing: /root/tiago_ws/install/play_motion2_msgs/include/play_motion2_msgs/play_motion2_msgs/action/detail/play_motion2__traits.hpp
[28.951s] -- Installing: /root/tiago_ws/install/play_motion2_msgs/include/play_motion2_msgs/play_motion2_msgs/action/play_motion2.hpp
[28.951s] -- Up-to-date: /root/tiago_ws/install/play_motion2_msgs/include/play_motion2_msgs/play_motion2_msgs
[28.951s] -- Up-to-date: /root/tiago_ws/install/play_motion2_msgs/include/play_motion2_msgs/play_motion2_msgs/msg
[28.951s] -- Installing: /root/tiago_ws/install/play_motion2_msgs/include/play_motion2_msgs/play_motion2_msgs/msg/rosidl_typesupport_fastrtps_cpp__visibility_control.h
[28.951s] -- Up-to-date: /root/tiago_ws/install/play_motion2_msgs/include/play_motion2_msgs/play_motion2_msgs/msg/detail
[28.952s] -- Installing: /root/tiago_ws/install/play_motion2_msgs/include/play_motion2_msgs/play_motion2_msgs/msg/detail/dds_fastrtps
[28.952s] -- Installing: /root/tiago_ws/install/play_motion2_msgs/include/play_motion2_msgs/play_motion2_msgs/msg/detail/motion__rosidl_typesupport_fastrtps_cpp.hpp
[28.952s] -- Up-to-date: /root/tiago_ws/install/play_motion2_msgs/include/play_motion2_msgs/play_motion2_msgs/srv
[28.952s] -- Up-to-date: /root/tiago_ws/install/play_motion2_msgs/include/play_motion2_msgs/play_motion2_msgs/srv/detail
[28.952s] -- Installing: /root/tiago_ws/install/play_motion2_msgs/include/play_motion2_msgs/play_motion2_msgs/srv/detail/dds_fastrtps
[28.952s] -- Installing: /root/tiago_ws/install/play_motion2_msgs/include/play_motion2_msgs/play_motion2_msgs/srv/detail/remove_motion__rosidl_typesupport_fastrtps_cpp.hpp
[28.953s] -- Installing: /root/tiago_ws/install/play_motion2_msgs/include/play_motion2_msgs/play_motion2_msgs/srv/detail/get_motion_info__rosidl_typesupport_fastrtps_cpp.hpp
[28.953s] -- Installing: /root/tiago_ws/install/play_motion2_msgs/include/play_motion2_msgs/play_motion2_msgs/srv/detail/is_motion_ready__rosidl_typesupport_fastrtps_cpp.hpp
[28.953s] -- Installing: /root/tiago_ws/install/play_motion2_msgs/include/play_motion2_msgs/play_motion2_msgs/srv/detail/list_motions__rosidl_typesupport_fastrtps_cpp.hpp
[28.953s] -- Installing: /root/tiago_ws/install/play_motion2_msgs/include/play_motion2_msgs/play_motion2_msgs/srv/detail/add_motion__rosidl_typesupport_fastrtps_cpp.hpp
[28.953s] -- Up-to-date: /root/tiago_ws/install/play_motion2_msgs/include/play_motion2_msgs/play_motion2_msgs/action
[28.953s] -- Up-to-date: /root/tiago_ws/install/play_motion2_msgs/include/play_motion2_msgs/play_motion2_msgs/action/detail
[28.953s] -- Installing: /root/tiago_ws/install/play_motion2_msgs/include/play_motion2_msgs/play_motion2_msgs/action/detail/dds_fastrtps
[28.953s] -- Installing: /root/tiago_ws/install/play_motion2_msgs/include/play_motion2_msgs/play_motion2_msgs/action/detail/play_motion2__rosidl_typesupport_fastrtps_cpp.hpp
[28.953s] -- Installing: /root/tiago_ws/install/play_motion2_msgs/lib/libplay_motion2_msgs__rosidl_typesupport_fastrtps_cpp.so
[28.954s] -- Set non-toolchain portion of runtime path of "/root/tiago_ws/install/play_motion2_msgs/lib/libplay_motion2_msgs__rosidl_typesupport_fastrtps_cpp.so" to ""
[28.954s] -- Up-to-date: /root/tiago_ws/install/play_motion2_msgs/include/play_motion2_msgs/play_motion2_msgs
[28.954s] -- Up-to-date: /root/tiago_ws/install/play_motion2_msgs/include/play_motion2_msgs/play_motion2_msgs/msg
[28.954s] -- Up-to-date: /root/tiago_ws/install/play_motion2_msgs/include/play_motion2_msgs/play_motion2_msgs/msg/detail
[28.955s] -- Installing: /root/tiago_ws/install/play_motion2_msgs/include/play_motion2_msgs/play_motion2_msgs/msg/detail/motion__rosidl_typesupport_introspection_c.h
[28.955s] -- Installing: /root/tiago_ws/install/play_motion2_msgs/include/play_motion2_msgs/play_motion2_msgs/msg/detail/motion__type_support.c
[28.955s] -- Installing: /root/tiago_ws/install/play_motion2_msgs/include/play_motion2_msgs/play_motion2_msgs/msg/rosidl_typesupport_introspection_c__visibility_control.h
[28.955s] -- Up-to-date: /root/tiago_ws/install/play_motion2_msgs/include/play_motion2_msgs/play_motion2_msgs/srv
[28.955s] -- Up-to-date: /root/tiago_ws/install/play_motion2_msgs/include/play_motion2_msgs/play_motion2_msgs/srv/detail
[28.955s] -- Installing: /root/tiago_ws/install/play_motion2_msgs/include/play_motion2_msgs/play_motion2_msgs/srv/detail/is_motion_ready__rosidl_typesupport_introspection_c.h
[28.955s] -- Installing: /root/tiago_ws/install/play_motion2_msgs/include/play_motion2_msgs/play_motion2_msgs/srv/detail/remove_motion__type_support.c
[28.955s] -- Installing: /root/tiago_ws/install/play_motion2_msgs/include/play_motion2_msgs/play_motion2_msgs/srv/detail/is_motion_ready__type_support.c
[28.956s] -- Installing: /root/tiago_ws/install/play_motion2_msgs/include/play_motion2_msgs/play_motion2_msgs/srv/detail/list_motions__rosidl_typesupport_introspection_c.h
[28.956s] -- Installing: /root/tiago_ws/install/play_motion2_msgs/include/play_motion2_msgs/play_motion2_msgs/srv/detail/list_motions__type_support.c
[28.956s] -- Installing: /root/tiago_ws/install/play_motion2_msgs/include/play_motion2_msgs/play_motion2_msgs/srv/detail/remove_motion__rosidl_typesupport_introspection_c.h
[28.956s] -- Installing: /root/tiago_ws/install/play_motion2_msgs/include/play_motion2_msgs/play_motion2_msgs/srv/detail/get_motion_info__type_support.c
[28.956s] -- Installing: /root/tiago_ws/install/play_motion2_msgs/include/play_motion2_msgs/play_motion2_msgs/srv/detail/add_motion__type_support.c
[28.956s] -- Installing: /root/tiago_ws/install/play_motion2_msgs/include/play_motion2_msgs/play_motion2_msgs/srv/detail/get_motion_info__rosidl_typesupport_introspection_c.h
[28.956s] -- Installing: /root/tiago_ws/install/play_motion2_msgs/include/play_motion2_msgs/play_motion2_msgs/srv/detail/add_motion__rosidl_typesupport_introspection_c.h
[28.957s] -- Up-to-date: /root/tiago_ws/install/play_motion2_msgs/include/play_motion2_msgs/play_motion2_msgs/action
[28.957s] -- Up-to-date: /root/tiago_ws/install/play_motion2_msgs/include/play_motion2_msgs/play_motion2_msgs/action/detail
[28.957s] -- Installing: /root/tiago_ws/install/play_motion2_msgs/include/play_motion2_msgs/play_motion2_msgs/action/detail/play_motion2__rosidl_typesupport_introspection_c.h
[28.957s] -- Installing: /root/tiago_ws/install/play_motion2_msgs/include/play_motion2_msgs/play_motion2_msgs/action/detail/play_motion2__type_support.c
[28.957s] -- Installing: /root/tiago_ws/install/play_motion2_msgs/lib/libplay_motion2_msgs__rosidl_typesupport_introspection_c.so
[28.958s] -- Set non-toolchain portion of runtime path of "/root/tiago_ws/install/play_motion2_msgs/lib/libplay_motion2_msgs__rosidl_typesupport_introspection_c.so" to ""
[28.958s] -- Installing: /root/tiago_ws/install/play_motion2_msgs/lib/libplay_motion2_msgs__rosidl_typesupport_c.so
[28.958s] -- Set non-toolchain portion of runtime path of "/root/tiago_ws/install/play_motion2_msgs/lib/libplay_motion2_msgs__rosidl_typesupport_c.so" to ""
[28.959s] -- Up-to-date: /root/tiago_ws/install/play_motion2_msgs/include/play_motion2_msgs/play_motion2_msgs
[28.959s] -- Up-to-date: /root/tiago_ws/install/play_motion2_msgs/include/play_motion2_msgs/play_motion2_msgs/msg
[28.959s] -- Up-to-date: /root/tiago_ws/install/play_motion2_msgs/include/play_motion2_msgs/play_motion2_msgs/msg/detail
[28.959s] -- Installing: /root/tiago_ws/install/play_motion2_msgs/include/play_motion2_msgs/play_motion2_msgs/msg/detail/motion__type_support.cpp
[28.959s] -- Installing: /root/tiago_ws/install/play_motion2_msgs/include/play_motion2_msgs/play_motion2_msgs/msg/detail/motion__rosidl_typesupport_introspection_cpp.hpp
[28.959s] -- Up-to-date: /root/tiago_ws/install/play_motion2_msgs/include/play_motion2_msgs/play_motion2_msgs/srv
[28.959s] -- Up-to-date: /root/tiago_ws/install/play_motion2_msgs/include/play_motion2_msgs/play_motion2_msgs/srv/detail
[28.959s] -- Installing: /root/tiago_ws/install/play_motion2_msgs/include/play_motion2_msgs/play_motion2_msgs/srv/detail/list_motions__rosidl_typesupport_introspection_cpp.hpp
[28.959s] -- Installing: /root/tiago_ws/install/play_motion2_msgs/include/play_motion2_msgs/play_motion2_msgs/srv/detail/remove_motion__rosidl_typesupport_introspection_cpp.hpp
[28.960s] -- Installing: /root/tiago_ws/install/play_motion2_msgs/include/play_motion2_msgs/play_motion2_msgs/srv/detail/is_motion_ready__type_support.cpp
[28.960s] -- Installing: /root/tiago_ws/install/play_motion2_msgs/include/play_motion2_msgs/play_motion2_msgs/srv/detail/remove_motion__type_support.cpp
[28.960s] -- Installing: /root/tiago_ws/install/play_motion2_msgs/include/play_motion2_msgs/play_motion2_msgs/srv/detail/list_motions__type_support.cpp
[28.960s] -- Installing: /root/tiago_ws/install/play_motion2_msgs/include/play_motion2_msgs/play_motion2_msgs/srv/detail/get_motion_info__type_support.cpp
[28.960s] -- Installing: /root/tiago_ws/install/play_motion2_msgs/include/play_motion2_msgs/play_motion2_msgs/srv/detail/add_motion__rosidl_typesupport_introspection_cpp.hpp
[28.960s] -- Installing: /root/tiago_ws/install/play_motion2_msgs/include/play_motion2_msgs/play_motion2_msgs/srv/detail/get_motion_info__rosidl_typesupport_introspection_cpp.hpp
[28.960s] -- Installing: /root/tiago_ws/install/play_motion2_msgs/include/play_motion2_msgs/play_motion2_msgs/srv/detail/add_motion__type_support.cpp
[28.961s] -- Installing: /root/tiago_ws/install/play_motion2_msgs/include/play_motion2_msgs/play_motion2_msgs/srv/detail/is_motion_ready__rosidl_typesupport_introspection_cpp.hpp
[28.961s] -- Up-to-date: /root/tiago_ws/install/play_motion2_msgs/include/play_motion2_msgs/play_motion2_msgs/action
[28.961s] -- Up-to-date: /root/tiago_ws/install/play_motion2_msgs/include/play_motion2_msgs/play_motion2_msgs/action/detail
[28.961s] -- Installing: /root/tiago_ws/install/play_motion2_msgs/include/play_motion2_msgs/play_motion2_msgs/action/detail/play_motion2__rosidl_typesupport_introspection_cpp.hpp
[28.961s] -- Installing: /root/tiago_ws/install/play_motion2_msgs/include/play_motion2_msgs/play_motion2_msgs/action/detail/play_motion2__type_support.cpp
[28.961s] -- Installing: /root/tiago_ws/install/play_motion2_msgs/lib/libplay_motion2_msgs__rosidl_typesupport_introspection_cpp.so
[28.963s] -- Set non-toolchain portion of runtime path of "/root/tiago_ws/install/play_motion2_msgs/lib/libplay_motion2_msgs__rosidl_typesupport_introspection_cpp.so" to ""
[28.963s] -- Installing: /root/tiago_ws/install/play_motion2_msgs/lib/libplay_motion2_msgs__rosidl_typesupport_cpp.so
[28.964s] -- Set non-toolchain portion of runtime path of "/root/tiago_ws/install/play_motion2_msgs/lib/libplay_motion2_msgs__rosidl_typesupport_cpp.so" to ""
[28.964s] -- Installing: /root/tiago_ws/install/play_motion2_msgs/share/play_motion2_msgs/environment/pythonpath.sh
[28.964s] -- Installing: /root/tiago_ws/install/play_motion2_msgs/share/play_motion2_msgs/environment/pythonpath.dsv
[28.964s] -- Installing: /root/tiago_ws/install/play_motion2_msgs/lib/python3.12/site-packages/play_motion2_msgs-1.5.1-py3.12.egg-info
[28.964s] -- Installing: /root/tiago_ws/install/play_motion2_msgs/lib/python3.12/site-packages/play_motion2_msgs-1.5.1-py3.12.egg-info/PKG-INFO
[28.964s] -- Installing: /root/tiago_ws/install/play_motion2_msgs/lib/python3.12/site-packages/play_motion2_msgs-1.5.1-py3.12.egg-info/SOURCES.txt
[28.964s] -- Installing: /root/tiago_ws/install/play_motion2_msgs/lib/python3.12/site-packages/play_motion2_msgs-1.5.1-py3.12.egg-info/dependency_links.txt
[28.964s] -- Installing: /root/tiago_ws/install/play_motion2_msgs/lib/python3.12/site-packages/play_motion2_msgs-1.5.1-py3.12.egg-info/top_level.txt
[28.965s] -- Installing: /root/tiago_ws/install/play_motion2_msgs/lib/python3.12/site-packages/play_motion2_msgs
[28.965s] -- Installing: /root/tiago_ws/install/play_motion2_msgs/lib/python3.12/site-packages/play_motion2_msgs/msg
[28.965s] -- Installing: /root/tiago_ws/install/play_motion2_msgs/lib/python3.12/site-packages/play_motion2_msgs/msg/_motion_s.c
[28.965s] -- Installing: /root/tiago_ws/install/play_motion2_msgs/lib/python3.12/site-packages/play_motion2_msgs/msg/_motion.py
[28.965s] -- Installing: /root/tiago_ws/install/play_motion2_msgs/lib/python3.12/site-packages/play_motion2_msgs/msg/__init__.py
[28.965s] -- Installing: /root/tiago_ws/install/play_motion2_msgs/lib/python3.12/site-packages/play_motion2_msgs/srv
[28.965s] -- Installing: /root/tiago_ws/install/play_motion2_msgs/lib/python3.12/site-packages/play_motion2_msgs/srv/_remove_motion_s.c
[28.965s] -- Installing: /root/tiago_ws/install/play_motion2_msgs/lib/python3.12/site-packages/play_motion2_msgs/srv/_add_motion.py
[28.965s] -- Installing: /root/tiago_ws/install/play_motion2_msgs/lib/python3.12/site-packages/play_motion2_msgs/srv/_get_motion_info_s.c
[28.966s] -- Installing: /root/tiago_ws/install/play_motion2_msgs/lib/python3.12/site-packages/play_motion2_msgs/srv/_list_motions.py
[28.966s] -- Installing: /root/tiago_ws/install/play_motion2_msgs/lib/python3.12/site-packages/play_motion2_msgs/srv/_get_motion_info.py
[28.966s] -- Installing: /root/tiago_ws/install/play_motion2_msgs/lib/python3.12/site-packages/play_motion2_msgs/srv/_list_motions_s.c
[28.966s] -- Installing: /root/tiago_ws/install/play_motion2_msgs/lib/python3.12/site-packages/play_motion2_msgs/srv/_is_motion_ready_s.c
[28.966s] -- Installing: /root/tiago_ws/install/play_motion2_msgs/lib/python3.12/site-packages/play_motion2_msgs/srv/_is_motion_ready.py
[28.966s] -- Installing: /root/tiago_ws/install/play_motion2_msgs/lib/python3.12/site-packages/play_motion2_msgs/srv/_remove_motion.py
[28.967s] -- Installing: /root/tiago_ws/install/play_motion2_msgs/lib/python3.12/site-packages/play_motion2_msgs/srv/__init__.py
[28.967s] -- Installing: /root/tiago_ws/install/play_motion2_msgs/lib/python3.12/site-packages/play_motion2_msgs/srv/_add_motion_s.c
[28.967s] -- Installing: /root/tiago_ws/install/play_motion2_msgs/lib/python3.12/site-packages/play_motion2_msgs/_play_motion2_msgs_s.ep.rosidl_typesupport_fastrtps_c.c
[28.967s] -- Installing: /root/tiago_ws/install/play_motion2_msgs/lib/python3.12/site-packages/play_motion2_msgs/play_motion2_msgs_s__rosidl_typesupport_introspection_c.so
[28.967s] -- Installing: /root/tiago_ws/install/play_motion2_msgs/lib/python3.12/site-packages/play_motion2_msgs/_play_motion2_msgs_s.ep.rosidl_typesupport_c.c
[28.968s] -- Installing: /root/tiago_ws/install/play_motion2_msgs/lib/python3.12/site-packages/play_motion2_msgs/play_motion2_msgs_s__rosidl_typesupport_fastrtps_c.so
[28.968s] -- Installing: /root/tiago_ws/install/play_motion2_msgs/lib/python3.12/site-packages/play_motion2_msgs/action
[28.968s] -- Installing: /root/tiago_ws/install/play_motion2_msgs/lib/python3.12/site-packages/play_motion2_msgs/action/_play_motion2_s.c
[28.968s] -- Installing: /root/tiago_ws/install/play_motion2_msgs/lib/python3.12/site-packages/play_motion2_msgs/action/_play_motion2.py
[28.968s] -- Installing: /root/tiago_ws/install/play_motion2_msgs/lib/python3.12/site-packages/play_motion2_msgs/action/__init__.py
[28.969s] -- Installing: /root/tiago_ws/install/play_motion2_msgs/lib/python3.12/site-packages/play_motion2_msgs/play_motion2_msgs_s__rosidl_typesupport_c.so
[28.971s] -- Installing: /root/tiago_ws/install/play_motion2_msgs/lib/python3.12/site-packages/play_motion2_msgs/__init__.py
[28.971s] -- Installing: /root/tiago_ws/install/play_motion2_msgs/lib/python3.12/site-packages/play_motion2_msgs/_play_motion2_msgs_s.ep.rosidl_typesupport_introspection_c.c
[29.074s] Listing '/root/tiago_ws/install/play_motion2_msgs/lib/python3.12/site-packages/play_motion2_msgs'...
[29.074s] Compiling '/root/tiago_ws/install/play_motion2_msgs/lib/python3.12/site-packages/play_motion2_msgs/__init__.py'...
[29.074s] Listing '/root/tiago_ws/install/play_motion2_msgs/lib/python3.12/site-packages/play_motion2_msgs/action'...
[29.075s] Compiling '/root/tiago_ws/install/play_motion2_msgs/lib/python3.12/site-packages/play_motion2_msgs/action/__init__.py'...
[29.075s] Compiling '/root/tiago_ws/install/play_motion2_msgs/lib/python3.12/site-packages/play_motion2_msgs/action/_play_motion2.py'...
[29.075s] Listing '/root/tiago_ws/install/play_motion2_msgs/lib/python3.12/site-packages/play_motion2_msgs/msg'...
[29.075s] Compiling '/root/tiago_ws/install/play_motion2_msgs/lib/python3.12/site-packages/play_motion2_msgs/msg/__init__.py'...
[29.075s] Compiling '/root/tiago_ws/install/play_motion2_msgs/lib/python3.12/site-packages/play_motion2_msgs/msg/_motion.py'...
[29.075s] Listing '/root/tiago_ws/install/play_motion2_msgs/lib/python3.12/site-packages/play_motion2_msgs/srv'...
[29.075s] Compiling '/root/tiago_ws/install/play_motion2_msgs/lib/python3.12/site-packages/play_motion2_msgs/srv/__init__.py'...
[29.075s] Compiling '/root/tiago_ws/install/play_motion2_msgs/lib/python3.12/site-packages/play_motion2_msgs/srv/_add_motion.py'...
[29.075s] Compiling '/root/tiago_ws/install/play_motion2_msgs/lib/python3.12/site-packages/play_motion2_msgs/srv/_get_motion_info.py'...
[29.075s] Compiling '/root/tiago_ws/install/play_motion2_msgs/lib/python3.12/site-packages/play_motion2_msgs/srv/_is_motion_ready.py'...
[29.075s] Compiling '/root/tiago_ws/install/play_motion2_msgs/lib/python3.12/site-packages/play_motion2_msgs/srv/_list_motions.py'...
[29.075s] Compiling '/root/tiago_ws/install/play_motion2_msgs/lib/python3.12/site-packages/play_motion2_msgs/srv/_remove_motion.py'...
[29.082s] -- Installing: /root/tiago_ws/install/play_motion2_msgs/lib/python3.12/site-packages/play_motion2_msgs/play_motion2_msgs_s__rosidl_typesupport_fastrtps_c.so
[29.082s] -- Set non-toolchain portion of runtime path of "/root/tiago_ws/install/play_motion2_msgs/lib/python3.12/site-packages/play_motion2_msgs/play_motion2_msgs_s__rosidl_typesupport_fastrtps_c.so" to ""
[29.083s] -- Installing: /root/tiago_ws/install/play_motion2_msgs/lib/python3.12/site-packages/play_motion2_msgs/play_motion2_msgs_s__rosidl_typesupport_introspection_c.so
[29.083s] -- Set non-toolchain portion of runtime path of "/root/tiago_ws/install/play_motion2_msgs/lib/python3.12/site-packages/play_motion2_msgs/play_motion2_msgs_s__rosidl_typesupport_introspection_c.so" to ""
[29.084s] -- Installing: /root/tiago_ws/install/play_motion2_msgs/lib/python3.12/site-packages/play_motion2_msgs/play_motion2_msgs_s__rosidl_typesupport_c.so
[29.084s] -- Set non-toolchain portion of runtime path of "/root/tiago_ws/install/play_motion2_msgs/lib/python3.12/site-packages/play_motion2_msgs/play_motion2_msgs_s__rosidl_typesupport_c.so" to ""
[29.084s] -- Installing: /root/tiago_ws/install/play_motion2_msgs/lib/libplay_motion2_msgs__rosidl_generator_py.so
[29.085s] -- Set non-toolchain portion of runtime path of "/root/tiago_ws/install/play_motion2_msgs/lib/libplay_motion2_msgs__rosidl_generator_py.so" to ""
[29.085s] -- Installing: /root/tiago_ws/install/play_motion2_msgs/share/play_motion2_msgs/action/PlayMotion2.idl
[29.085s] -- Installing: /root/tiago_ws/install/play_motion2_msgs/share/play_motion2_msgs/msg/Motion.idl
[29.085s] -- Installing: /root/tiago_ws/install/play_motion2_msgs/share/play_motion2_msgs/srv/AddMotion.idl
[29.086s] -- Installing: /root/tiago_ws/install/play_motion2_msgs/share/play_motion2_msgs/srv/GetMotionInfo.idl
[29.086s] -- Installing: /root/tiago_ws/install/play_motion2_msgs/share/play_motion2_msgs/srv/IsMotionReady.idl
[29.086s] -- Installing: /root/tiago_ws/install/play_motion2_msgs/share/play_motion2_msgs/srv/ListMotions.idl
[29.086s] -- Installing: /root/tiago_ws/install/play_motion2_msgs/share/play_motion2_msgs/srv/RemoveMotion.idl
[29.086s] -- Installing: /root/tiago_ws/install/play_motion2_msgs/share/play_motion2_msgs/action/PlayMotion2.action
[29.087s] -- Installing: /root/tiago_ws/install/play_motion2_msgs/share/play_motion2_msgs/msg/Motion.msg
[29.087s] -- Installing: /root/tiago_ws/install/play_motion2_msgs/share/play_motion2_msgs/srv/AddMotion.srv
[29.087s] -- Installing: /root/tiago_ws/install/play_motion2_msgs/share/play_motion2_msgs/srv/GetMotionInfo.srv
[29.087s] -- Installing: /root/tiago_ws/install/play_motion2_msgs/share/play_motion2_msgs/srv/IsMotionReady.srv
[29.087s] -- Installing: /root/tiago_ws/install/play_motion2_msgs/share/play_motion2_msgs/srv/ListMotions.srv
[29.088s] -- Installing: /root/tiago_ws/install/play_motion2_msgs/share/play_motion2_msgs/srv/RemoveMotion.srv
[29.088s] -- Installing: /root/tiago_ws/install/play_motion2_msgs/share/ament_index/resource_index/package_run_dependencies/play_motion2_msgs
[29.088s] -- Installing: /root/tiago_ws/install/play_motion2_msgs/share/ament_index/resource_index/parent_prefix_path/play_motion2_msgs
[29.088s] -- Installing: /root/tiago_ws/install/play_motion2_msgs/share/play_motion2_msgs/environment/ament_prefix_path.sh
[29.088s] -- Installing: /root/tiago_ws/install/play_motion2_msgs/share/play_motion2_msgs/environment/ament_prefix_path.dsv
[29.089s] -- Installing: /root/tiago_ws/install/play_motion2_msgs/share/play_motion2_msgs/environment/path.sh
[29.089s] -- Installing: /root/tiago_ws/install/play_motion2_msgs/share/play_motion2_msgs/environment/path.dsv
[29.089s] -- Installing: /root/tiago_ws/install/play_motion2_msgs/share/play_motion2_msgs/local_setup.bash
[29.089s] -- Installing: /root/tiago_ws/install/play_motion2_msgs/share/play_motion2_msgs/local_setup.sh
[29.090s] -- Installing: /root/tiago_ws/install/play_motion2_msgs/share/play_motion2_msgs/local_setup.zsh
[29.090s] -- Installing: /root/tiago_ws/install/play_motion2_msgs/share/play_motion2_msgs/local_setup.dsv
[29.090s] -- Installing: /root/tiago_ws/install/play_motion2_msgs/share/play_motion2_msgs/package.dsv
[29.090s] -- Installing: /root/tiago_ws/install/play_motion2_msgs/share/ament_index/resource_index/packages/play_motion2_msgs
[29.091s] -- Installing: /root/tiago_ws/install/play_motion2_msgs/share/play_motion2_msgs/cmake/export_play_motion2_msgs__rosidl_generator_cExport.cmake
[29.091s] -- Installing: /root/tiago_ws/install/play_motion2_msgs/share/play_motion2_msgs/cmake/export_play_motion2_msgs__rosidl_generator_cExport-noconfig.cmake
[29.091s] -- Installing: /root/tiago_ws/install/play_motion2_msgs/share/play_motion2_msgs/cmake/export_play_motion2_msgs__rosidl_typesupport_fastrtps_cExport.cmake
[29.092s] -- Installing: /root/tiago_ws/install/play_motion2_msgs/share/play_motion2_msgs/cmake/export_play_motion2_msgs__rosidl_typesupport_fastrtps_cExport-noconfig.cmake
[29.092s] -- Installing: /root/tiago_ws/install/play_motion2_msgs/share/play_motion2_msgs/cmake/export_play_motion2_msgs__rosidl_generator_cppExport.cmake
[29.092s] -- Installing: /root/tiago_ws/install/play_motion2_msgs/share/play_motion2_msgs/cmake/export_play_motion2_msgs__rosidl_typesupport_fastrtps_cppExport.cmake
[29.092s] -- Installing: /root/tiago_ws/install/play_motion2_msgs/share/play_motion2_msgs/cmake/export_play_motion2_msgs__rosidl_typesupport_fastrtps_cppExport-noconfig.cmake
[29.092s] -- Installing: /root/tiago_ws/install/play_motion2_msgs/share/play_motion2_msgs/cmake/play_motion2_msgs__rosidl_typesupport_introspection_cExport.cmake
[29.093s] -- Installing: /root/tiago_ws/install/play_motion2_msgs/share/play_motion2_msgs/cmake/play_motion2_msgs__rosidl_typesupport_introspection_cExport-noconfig.cmake
[29.093s] -- Installing: /root/tiago_ws/install/play_motion2_msgs/share/play_motion2_msgs/cmake/play_motion2_msgs__rosidl_typesupport_cExport.cmake
[29.093s] -- Installing: /root/tiago_ws/install/play_motion2_msgs/share/play_motion2_msgs/cmake/play_motion2_msgs__rosidl_typesupport_cExport-noconfig.cmake
[29.093s] -- Installing: /root/tiago_ws/install/play_motion2_msgs/share/play_motion2_msgs/cmake/play_motion2_msgs__rosidl_typesupport_introspection_cppExport.cmake
[29.093s] -- Installing: /root/tiago_ws/install/play_motion2_msgs/share/play_motion2_msgs/cmake/play_motion2_msgs__rosidl_typesupport_introspection_cppExport-noconfig.cmake
[29.094s] -- Installing: /root/tiago_ws/install/play_motion2_msgs/share/play_motion2_msgs/cmake/play_motion2_msgs__rosidl_typesupport_cppExport.cmake
[29.094s] -- Installing: /root/tiago_ws/install/play_motion2_msgs/share/play_motion2_msgs/cmake/play_motion2_msgs__rosidl_typesupport_cppExport-noconfig.cmake
[29.094s] -- Installing: /root/tiago_ws/install/play_motion2_msgs/share/play_motion2_msgs/cmake/export_play_motion2_msgs__rosidl_generator_pyExport.cmake
[29.094s] -- Installing: /root/tiago_ws/install/play_motion2_msgs/share/play_motion2_msgs/cmake/export_play_motion2_msgs__rosidl_generator_pyExport-noconfig.cmake
[29.095s] -- Installing: /root/tiago_ws/install/play_motion2_msgs/share/play_motion2_msgs/cmake/rosidl_cmake-extras.cmake
[29.095s] -- Installing: /root/tiago_ws/install/play_motion2_msgs/share/play_motion2_msgs/cmake/ament_cmake_export_dependencies-extras.cmake
[29.095s] -- Installing: /root/tiago_ws/install/play_motion2_msgs/share/play_motion2_msgs/cmake/ament_cmake_export_include_directories-extras.cmake
[29.095s] -- Installing: /root/tiago_ws/install/play_motion2_msgs/share/play_motion2_msgs/cmake/ament_cmake_export_libraries-extras.cmake
[29.096s] -- Installing: /root/tiago_ws/install/play_motion2_msgs/share/play_motion2_msgs/cmake/ament_cmake_export_targets-extras.cmake
[29.096s] -- Installing: /root/tiago_ws/install/play_motion2_msgs/share/play_motion2_msgs/cmake/rosidl_cmake_export_typesupport_targets-extras.cmake
[29.096s] -- Installing: /root/tiago_ws/install/play_motion2_msgs/share/play_motion2_msgs/cmake/rosidl_cmake_export_typesupport_libraries-extras.cmake
[29.097s] -- Installing: /root/tiago_ws/install/play_motion2_msgs/share/play_motion2_msgs/cmake/play_motion2_msgsConfig.cmake
[29.097s] -- Installing: /root/tiago_ws/install/play_motion2_msgs/share/play_motion2_msgs/cmake/play_motion2_msgsConfig-version.cmake
[29.097s] -- Installing: /root/tiago_ws/install/play_motion2_msgs/share/play_motion2_msgs/package.xml
[29.105s] Invoked command in '/root/tiago_ws/build/play_motion2_msgs' returned '0': CMAKE_PREFIX_PATH=${CMAKE_PREFIX_PATH}:/root/yolo_ws/install/yolo_ros:/root/tiago_ws/install/launch_pal:/opt/ros/jazzy /usr/bin/cmake --install /root/tiago_ws/build/play_motion2_msgs
